<?xml version="1.0" encoding="UTF-8"?>
<testsuites name="SmokeSuite" time="322" tests="12" failures="0" errors="0">
   <testsuite name="SmokeSuite" tests="12" failures="0" errors="0" time="322" timestamp="2019-05-04 11:57:05" hostname="Kumar.nagendra - HMECL001948.happiestminds.com" id="Test Suites/SmokeSuite">
      <properties>
         <property name="deviceName" value=""/>
         <property name="devicePlatform" value=""/>
         <property name="logFolder" value="C:\\New-Bugzilla-Application\\New_Bugzilla-UI-V2\\Reports\\SmokeSuite\\20190504_115703"/>
         <property name="logFiles" value="C:\\New-Bugzilla-Application\\New_Bugzilla-UI-V2\\Reports\\SmokeSuite\\20190504_115703\\execution0.log"/>
         <property name="attachments" value=""/>
         <property name="hostName" value="Kumar.nagendra - HMECL001948.happiestminds.com"/>
         <property name="os" value="Windows 10 64bit"/>
         <property name="katalonVersion" value="5.3.0.1"/>
         <property name="browser" value="Chrome 73.0.3683.103"/>
         <property name="hostAddress" value="10.95.75.221"/>
         <property name="sessionId" value="e5e20271bb532f853644bc501229b9a3"/>
         <property name="seleniumVersion" value="3.7.1"/>
         <property name="proxyInformation" value="ProxyInformation{proxyOption=NO_PROXY, proxyServerType=HTTP, password=, proxyServerAddress=, proxyServerPort=0}"/>
         <property name="platform" value="Windows 10"/>
      </properties>
      <testcase name="Test Cases/Login/Bugzilla-LoginPage-Loads" classname="Test Cases/Login/Bugzilla-LoginPage-Loads" status="PASSED">
         <system-out><![CDATA[2019-05-04 11:57:06 - [TEST_CASE][PASSED] - Test Cases/Login/Bugzilla-LoginPage-Loads: Test Cases/Login/Bugzilla-LoginPage-Loads

2019-05-04 11:57:06 - [TEST_STEP][PASSED] - openBrowser: Browser is opened with url: ''

2019-05-04 11:57:09 - [MESSAGE][PASSED] - Browser is opened with url: ''

2019-05-04 11:57:09 - [TEST_STEP][PASSED] - navigateToUrl: Navigate to 'https://le-bugsui.staging.corp.arista.io/dashboard' successfully

2019-05-04 11:57:24 - [MESSAGE][PASSED] - Navigate to 'https://le-bugsui.staging.corp.arista.io/dashboard' successfully

2019-05-04 11:57:24 - [TEST_STEP][PASSED] - delay: Delayed 4 second(s)

2019-05-04 11:57:28 - [MESSAGE][PASSED] - Delayed 4 second(s)

2019-05-04 11:57:28 - [TEST_STEP][PASSED] - maximizeWindow: Current window maximized

2019-05-04 11:57:28 - [MESSAGE][PASSED] - Current window maximized

2019-05-04 11:57:28 - [TEST_STEP][PASSED] - delay: Delayed 2 second(s)

2019-05-04 11:57:30 - [MESSAGE][PASSED] - Delayed 2 second(s)

2019-05-04 11:57:30 - [TEST_STEP][PASSED] - verifyElementPresent: Object 'Object Repository/Page_BugsUI/input_username' is present

2019-05-04 11:57:30 - [MESSAGE][WARNING] - Timeout '0' is invalid. Using default page load timeout: '30'

2019-05-04 11:57:30 - [MESSAGE][PASSED] - Object 'Object Repository/Page_BugsUI/input_username' is present

2019-05-04 11:57:30 - [TEST_STEP][PASSED] - verifyElementPresent: Object 'Object Repository/Page_BugsUI/input_password' is present

2019-05-04 11:57:30 - [MESSAGE][WARNING] - Timeout '0' is invalid. Using default page load timeout: '30'

2019-05-04 11:57:30 - [MESSAGE][PASSED] - Object 'Object Repository/Page_BugsUI/input_password' is present

2019-05-04 11:57:30 - [TEST_STEP][PASSED] - verifyElementPresent: Object 'Object Repository/Page_BugsUI/checkbox_RememberMe' is present

2019-05-04 11:57:30 - [MESSAGE][WARNING] - Timeout '0' is invalid. Using default page load timeout: '30'

2019-05-04 11:57:30 - [MESSAGE][PASSED] - Object 'Object Repository/Page_BugsUI/checkbox_RememberMe' is present

2019-05-04 11:57:30 - [TEST_STEP][PASSED] - Statement - If (com.kms.katalon.core.webui.keyword.WebUiBuiltInKeywords.getText(com.kms.katalon.core.testobject.ObjectRepository.findTestObject(Page_BugsUI/label_rememberMe)).equals("Remember me")): null

2019-05-04 11:57:30 - [MESSAGE][PASSED] - Text of object 'Object Repository/Page_BugsUI/label_rememberMe' is: 'Remember me'

2019-05-04 11:57:30 - [TEST_STEP][PASSED] - Statement - assert true: null

2019-05-04 11:57:30 - [TEST_STEP][PASSED] - Statement - If (com.kms.katalon.core.webui.keyword.WebUiBuiltInKeywords.verifyElementNotClickable(com.kms.katalon.core.testobject.ObjectRepository.findTestObject(Page_BugsUI/button_Login))): null

2019-05-04 11:57:31 - [MESSAGE][PASSED] - Object 'Object Repository/Page_BugsUI/button_Login' is NOT clickable

2019-05-04 11:57:31 - [TEST_STEP][PASSED] - Statement - assert true: null

2019-05-04 11:57:31 - [TEST_STEP][PASSED] - closeBrowser: Browser is closed

2019-05-04 11:57:31 - [MESSAGE][PASSED] - Browser is closed]]></system-out>
         <system-err><![CDATA[]]></system-err>
      </testcase>
      <testcase name="Test Cases/Login/Valid_Login" classname="Test Cases/Login/Valid_Login" status="PASSED">
         <system-out><![CDATA[2019-05-04 11:57:31 - [TEST_CASE][PASSED] - Test Cases/Login/Valid_Login: Test Cases/Login/Valid_Login

2019-05-04 11:57:32 - [TEST_STEP][PASSED] - openBrowser: Browser is opened with url: ''

2019-05-04 11:57:33 - [MESSAGE][PASSED] - Browser is opened with url: ''

2019-05-04 11:57:33 - [TEST_STEP][PASSED] - navigateToUrl: Navigate to 'https://le-bugsui.staging.corp.arista.io/dashboard' successfully

2019-05-04 11:57:48 - [MESSAGE][PASSED] - Navigate to 'https://le-bugsui.staging.corp.arista.io/dashboard' successfully

2019-05-04 11:57:48 - [TEST_STEP][PASSED] - delay: Delayed 5 second(s)

2019-05-04 11:57:53 - [MESSAGE][PASSED] - Delayed 5 second(s)

2019-05-04 11:57:53 - [TEST_STEP][PASSED] - maximizeWindow: Current window maximized

2019-05-04 11:57:53 - [MESSAGE][PASSED] - Current window maximized

2019-05-04 11:57:53 - [TEST_STEP][PASSED] - delay: Delayed 2 second(s)

2019-05-04 11:57:55 - [MESSAGE][PASSED] - Delayed 2 second(s)

2019-05-04 11:57:55 - [TEST_STEP][PASSED] - setText: Text 'knagendra-ext' is set on object 'Object Repository/Page_BugsUI/input_username'

2019-05-04 11:57:55 - [MESSAGE][PASSED] - Text 'knagendra-ext' is set on object 'Object Repository/Page_BugsUI/input_username'

2019-05-04 11:57:55 - [TEST_STEP][PASSED] - setText: Text 'Kum1!@#$%^&*()ar' is set on object 'Object Repository/Page_BugsUI/input_password'

2019-05-04 11:57:56 - [MESSAGE][PASSED] - Text 'Kum1!@#$%^&*()ar' is set on object 'Object Repository/Page_BugsUI/input_password'

2019-05-04 11:57:56 - [TEST_STEP][PASSED] - Statement - If (com.kms.katalon.core.webui.keyword.WebUiBuiltInKeywords.verifyElementClickable(com.kms.katalon.core.testobject.ObjectRepository.findTestObject(Page_BugsUI/button_Login))): Object: 'Object Repository/Page_BugsUI/button_Login' is clicked on

2019-05-04 11:57:56 - [MESSAGE][PASSED] - Object 'Object Repository/Page_BugsUI/button_Login' is clickable

2019-05-04 11:57:56 - [TEST_STEP][PASSED] - click: Object: 'Object Repository/Page_BugsUI/button_Login' is clicked on

2019-05-04 11:57:56 - [MESSAGE][PASSED] - Object: 'Object Repository/Page_BugsUI/button_Login' is clicked on

2019-05-04 11:57:56 - [TEST_STEP][PASSED] - delay: Delayed 3 second(s)

2019-05-04 11:57:59 - [MESSAGE][PASSED] - Delayed 3 second(s)

2019-05-04 11:57:59 - [TEST_STEP][PASSED] - Statement - If (com.kms.katalon.core.webui.keyword.WebUiBuiltInKeywords.verifyElementPresent(com.kms.katalon.core.testobject.ObjectRepository.findTestObject(Page_BugsUI Dashboard/span_Dashboard), 0)): null

2019-05-04 11:57:59 - [MESSAGE][WARNING] - Timeout '0' is invalid. Using default page load timeout: '30'

2019-05-04 11:57:59 - [MESSAGE][PASSED] - Object 'Object Repository/Page_BugsUI Dashboard/span_Dashboard' is present

2019-05-04 11:57:59 - [TEST_STEP][PASSED] - Statement - assert true: null

2019-05-04 11:57:59 - [TEST_STEP][PASSED] - closeBrowser: Browser is closed

2019-05-04 11:58:00 - [MESSAGE][PASSED] - Browser is closed]]></system-out>
         <system-err><![CDATA[]]></system-err>
      </testcase>
      <testcase name="Test Cases/Add_Product/AddProductFields_verification" classname="Test Cases/Add_Product/AddProductFields_verification" status="PASSED">
         <system-out><![CDATA[2019-05-04 11:58:00 - [TEST_CASE][PASSED] - Test Cases/Add_Product/AddProductFields_verification: Test Cases/Add_Product/AddProductFields_verification

2019-05-04 11:58:00 - [TEST_STEP][PASSED] - openBrowser: Browser is opened with url: ''

2019-05-04 11:58:02 - [MESSAGE][PASSED] - Browser is opened with url: ''

2019-05-04 11:58:02 - [TEST_STEP][PASSED] - navigateToUrl: Navigate to 'https://le-bugsui.staging.corp.arista.io/dashboard' successfully

2019-05-04 11:58:15 - [MESSAGE][PASSED] - Navigate to 'https://le-bugsui.staging.corp.arista.io/dashboard' successfully

2019-05-04 11:58:15 - [TEST_STEP][PASSED] - delay: Delayed 3 second(s)

2019-05-04 11:58:18 - [MESSAGE][PASSED] - Delayed 3 second(s)

2019-05-04 11:58:18 - [TEST_STEP][PASSED] - reusable.loginBugZillaUI.login: reusable.loginBugZillaUI.login is PASSED

2019-05-04 11:58:18 - [MESSAGE][PASSED] - Current window maximized

2019-05-04 11:58:18 - [MESSAGE][PASSED] - Text 'knagendra-ext' is set on object 'Object Repository/Page_BugsUI/input_username'

2019-05-04 11:58:18 - [MESSAGE][PASSED] - Text 'Kum1!@#$%^&*()ar' is set on object 'Object Repository/Page_BugsUI/input_password'

2019-05-04 11:58:18 - [MESSAGE][PASSED] - Object 'Object Repository/Page_BugsUI/button_Login' is clickable

2019-05-04 11:58:18 - [MESSAGE][PASSED] - Object: 'Object Repository/Page_BugsUI/button_Login' is clicked on

2019-05-04 11:58:18 - [MESSAGE][PASSED] - reusable.loginBugZillaUI.login is PASSED

2019-05-04 11:58:18 - [TEST_STEP][PASSED] - delay: Delayed 6 second(s)

2019-05-04 11:58:24 - [MESSAGE][PASSED] - Delayed 6 second(s)

2019-05-04 11:58:24 - [TEST_STEP][PASSED] - Statement - If (com.kms.katalon.core.webui.keyword.WebUiBuiltInKeywords.verifyElementPresent(com.kms.katalon.core.testobject.ObjectRepository.findTestObject(Page_BugsUI Dashboard/span_Dashboard), 0)): Object: 'Object Repository/Page_BugsUI Dashboard/a_Add' is clicked on

2019-05-04 11:58:24 - [MESSAGE][WARNING] - Timeout '0' is invalid. Using default page load timeout: '30'

2019-05-04 11:58:24 - [MESSAGE][PASSED] - Object 'Object Repository/Page_BugsUI Dashboard/span_Dashboard' is present

2019-05-04 11:58:24 - [TEST_STEP][PASSED] - Statement - If (com.kms.katalon.core.webui.keyword.WebUiBuiltInKeywords.verifyElementPresent(com.kms.katalon.core.testobject.ObjectRepository.findTestObject(Page_BugsUI Dashboard/button_Product), 10)): Object: 'Object Repository/Page_BugsUI Dashboard/a_Add' is clicked on

2019-05-04 11:58:24 - [MESSAGE][PASSED] - Object 'Object Repository/Page_BugsUI Dashboard/button_Product' is present

2019-05-04 11:58:24 - [TEST_STEP][PASSED] - click: Object: 'Object Repository/Page_BugsUI Dashboard/button_Product' is clicked on

2019-05-04 11:58:24 - [MESSAGE][PASSED] - Object: 'Object Repository/Page_BugsUI Dashboard/button_Product' is clicked on

2019-05-04 11:58:24 - [TEST_STEP][PASSED] - delay: Delayed 2 second(s)

2019-05-04 11:58:26 - [MESSAGE][PASSED] - Delayed 2 second(s)

2019-05-04 11:58:26 - [TEST_STEP][PASSED] - Statement - If (com.kms.katalon.core.webui.keyword.WebUiBuiltInKeywords.verifyElementPresent(com.kms.katalon.core.testobject.ObjectRepository.findTestObject(Page_BugsUI Dashboard/a_Add), 5)): Object: 'Object Repository/Page_BugsUI Dashboard/a_Add' is clicked on

2019-05-04 11:58:27 - [MESSAGE][PASSED] - Object 'Object Repository/Page_BugsUI Dashboard/a_Add' is present

2019-05-04 11:58:27 - [TEST_STEP][PASSED] - click: Object: 'Object Repository/Page_BugsUI Dashboard/a_Add' is clicked on

2019-05-04 11:58:27 - [MESSAGE][PASSED] - Object: 'Object Repository/Page_BugsUI Dashboard/a_Add' is clicked on

2019-05-04 11:58:27 - [TEST_STEP][PASSED] - delay: Delayed 3 second(s)

2019-05-04 11:58:30 - [MESSAGE][PASSED] - Delayed 3 second(s)

2019-05-04 11:58:30 - [TEST_STEP][PASSED] - Statement - If (com.kms.katalon.core.webui.keyword.WebUiBuiltInKeywords.verifyElementPresent(com.kms.katalon.core.testobject.ObjectRepository.findTestObject(Page_BugsUI Add Product/span_Add Product), 0)): null

2019-05-04 11:58:30 - [MESSAGE][WARNING] - Timeout '0' is invalid. Using default page load timeout: '30'

2019-05-04 11:58:30 - [MESSAGE][PASSED] - Object 'Object Repository/Page_BugsUI Add Product/span_Add Product' is present

2019-05-04 11:58:30 - [TEST_STEP][PASSED] - Statement - assert true: null

2019-05-04 11:58:30 - [TEST_STEP][PASSED] - verifyElementPresent: Object 'Object Repository/Page_BugsUI Add Product/div_Choose Classification' is present

2019-05-04 11:58:30 - [MESSAGE][PASSED] - Object 'Object Repository/Page_BugsUI Add Product/div_Choose Classification' is present

2019-05-04 11:58:30 - [TEST_STEP][PASSED] - verifyElementPresent: Object 'Object Repository/Page_BugsUI Add Product/input_name' is present

2019-05-04 11:58:30 - [MESSAGE][PASSED] - Object 'Object Repository/Page_BugsUI Add Product/input_name' is present

2019-05-04 11:58:30 - [TEST_STEP][PASSED] - verifyElementPresent: Object 'Object Repository/Page_BugsUI Add Product/textarea_description' is present

2019-05-04 11:58:30 - [MESSAGE][PASSED] - Object 'Object Repository/Page_BugsUI Add Product/textarea_description' is present

2019-05-04 11:58:30 - [TEST_STEP][PASSED] - verifyElementPresent: Object 'Object Repository/Page_BugsUI Add Product/checkbox_closedForBugEntry' is present

2019-05-04 11:58:30 - [MESSAGE][PASSED] - Object 'Object Repository/Page_BugsUI Add Product/checkbox_closedForBugEntry' is present

2019-05-04 11:58:30 - [TEST_STEP][PASSED] - verifyElementPresent: Object 'Object Repository/Page_BugsUI Add Product/input_version' is present

2019-05-04 11:58:30 - [MESSAGE][PASSED] - Object 'Object Repository/Page_BugsUI Add Product/input_version' is present

2019-05-04 11:58:30 - [TEST_STEP][PASSED] - verifyElementPresent: Object 'Object Repository/Page_BugsUI Add Product/input_component' is present

2019-05-04 11:58:30 - [MESSAGE][PASSED] - Object 'Object Repository/Page_BugsUI Add Product/input_component' is present

2019-05-04 11:58:30 - [TEST_STEP][PASSED] - verifyElementPresent: Object 'Object Repository/Page_BugsUI Add Product/div_Choose Assignee' is present

2019-05-04 11:58:30 - [MESSAGE][PASSED] - Object 'Object Repository/Page_BugsUI Add Product/div_Choose Assignee' is present

2019-05-04 11:58:30 - [TEST_STEP][PASSED] - Statement - If (com.kms.katalon.core.webui.keyword.WebUiBuiltInKeywords.verifyElementNotClickable(com.kms.katalon.core.testobject.ObjectRepository.findTestObject(Page_BugsUI Add Product/AddProduct_button))): null

2019-05-04 11:58:30 - [MESSAGE][PASSED] - Object 'Object Repository/Page_BugsUI Add Product/AddProduct_button' is NOT clickable

2019-05-04 11:58:30 - [TEST_STEP][PASSED] - Statement - assert true: null

2019-05-04 11:58:30 - [TEST_STEP][PASSED] - click: Object: 'Object Repository/Page_BugsUI Add Product/div_Choose Classification' is clicked on

2019-05-04 11:58:30 - [MESSAGE][PASSED] - Object: 'Object Repository/Page_BugsUI Add Product/div_Choose Classification' is clicked on

2019-05-04 11:58:30 - [TEST_STEP][PASSED] - delay: Delayed 2 second(s)

2019-05-04 11:58:32 - [MESSAGE][PASSED] - Delayed 2 second(s)

2019-05-04 11:58:32 - [TEST_STEP][PASSED] - click: Object: 'Object Repository/Page_BugsUI Add Product/span_Software' is clicked on

2019-05-04 11:58:32 - [MESSAGE][PASSED] - Object: 'Object Repository/Page_BugsUI Add Product/span_Software' is clicked on

2019-05-04 11:58:32 - [TEST_STEP][PASSED] - setText: Text '1-Automation-testing' is set on object 'Object Repository/Page_BugsUI Add Product/input_name'

2019-05-04 11:58:33 - [MESSAGE][PASSED] - Text '1-Automation-testing' is set on object 'Object Repository/Page_BugsUI Add Product/input_name'

2019-05-04 11:58:33 - [TEST_STEP][PASSED] - setText: Text '1-Automation-testing Description' is set on object 'Object Repository/Page_BugsUI Add Product/textarea_description'

2019-05-04 11:58:33 - [MESSAGE][PASSED] - Text '1-Automation-testing Description' is set on object 'Object Repository/Page_BugsUI Add Product/textarea_description'

2019-05-04 11:58:33 - [TEST_STEP][PASSED] - setText: Text '1' is set on object 'Object Repository/Page_BugsUI Add Product/input_version'

2019-05-04 11:58:33 - [MESSAGE][PASSED] - Text '1' is set on object 'Object Repository/Page_BugsUI Add Product/input_version'

2019-05-04 11:58:33 - [TEST_STEP][PASSED] - Statement - If (com.kms.katalon.core.webui.keyword.WebUiBuiltInKeywords.verifyElementNotClickable(com.kms.katalon.core.testobject.ObjectRepository.findTestObject(Page_BugsUI Add Product/AddProduct_button))): null

2019-05-04 11:58:33 - [MESSAGE][PASSED] - Object 'Object Repository/Page_BugsUI Add Product/AddProduct_button' is NOT clickable

2019-05-04 11:58:33 - [TEST_STEP][PASSED] - Statement - assert true: null

2019-05-04 11:58:33 - [TEST_STEP][PASSED] - setText: Text 'kumar nagendra' is set on object 'Object Repository/Page_BugsUI Add Product/defaultAssigne_inputbox'

2019-05-04 11:58:34 - [MESSAGE][PASSED] - Text 'kumar nagendra' is set on object 'Object Repository/Page_BugsUI Add Product/defaultAssigne_inputbox'

2019-05-04 11:58:34 - [TEST_STEP][PASSED] - click: Object: 'Object Repository/Page_BugsUI Add Product/span_kumar.nagendra' is clicked on

2019-05-04 11:58:35 - [MESSAGE][PASSED] - Object: 'Object Repository/Page_BugsUI Add Product/span_kumar.nagendra' is clicked on

2019-05-04 11:58:35 - [TEST_STEP][PASSED] - delay: Delayed 2 second(s)

2019-05-04 11:58:37 - [MESSAGE][PASSED] - Delayed 2 second(s)

2019-05-04 11:58:37 - [TEST_STEP][PASSED] - Statement - If (com.kms.katalon.core.webui.keyword.WebUiBuiltInKeywords.verifyElementClickable(com.kms.katalon.core.testobject.ObjectRepository.findTestObject(Page_BugsUI Add Product/AddProduct_button))): null

2019-05-04 11:58:37 - [MESSAGE][PASSED] - Object 'Object Repository/Page_BugsUI Add Product/AddProduct_button' is clickable

2019-05-04 11:58:37 - [TEST_STEP][PASSED] - Statement - assert true: null

2019-05-04 11:58:37 - [TEST_STEP][PASSED] - setText: Text 'Auto-1' is set on object 'Object Repository/Page_BugsUI Add Product/input_component'

2019-05-04 11:58:38 - [MESSAGE][PASSED] - Text 'Auto-1' is set on object 'Object Repository/Page_BugsUI Add Product/input_component'

2019-05-04 11:58:38 - [TEST_STEP][PASSED] - verifyElementPresent: Object 'Object Repository/Page_BugsUI Add Product/componentDescription' is present

2019-05-04 11:58:38 - [MESSAGE][PASSED] - Object 'Object Repository/Page_BugsUI Add Product/componentDescription' is present

2019-05-04 11:58:38 - [TEST_STEP][PASSED] - Statement - If (com.kms.katalon.core.webui.keyword.WebUiBuiltInKeywords.verifyElementNotClickable(com.kms.katalon.core.testobject.ObjectRepository.findTestObject(Page_BugsUI Add Product/AddProduct_button))): null

2019-05-04 11:58:38 - [MESSAGE][PASSED] - Object 'Object Repository/Page_BugsUI Add Product/AddProduct_button' is NOT clickable

2019-05-04 11:58:38 - [TEST_STEP][PASSED] - Statement - assert true: null

2019-05-04 11:58:38 - [TEST_STEP][PASSED] - setText: Text 'Auto-1 description' is set on object 'Object Repository/Page_BugsUI Add Product/componentDescription'

2019-05-04 11:58:38 - [MESSAGE][PASSED] - Text 'Auto-1 description' is set on object 'Object Repository/Page_BugsUI Add Product/componentDescription'

2019-05-04 11:58:38 - [TEST_STEP][PASSED] - Statement - If (com.kms.katalon.core.webui.keyword.WebUiBuiltInKeywords.verifyElementClickable(com.kms.katalon.core.testobject.ObjectRepository.findTestObject(Page_BugsUI Add Product/AddProduct_button))): null

2019-05-04 11:58:38 - [MESSAGE][PASSED] - Object 'Object Repository/Page_BugsUI Add Product/AddProduct_button' is clickable

2019-05-04 11:58:38 - [TEST_STEP][PASSED] - Statement - assert true: null

2019-05-04 11:58:38 - [TEST_STEP][PASSED] - clearText: Text of object 'Object Repository/Page_BugsUI Add Product/input_name' is cleared

2019-05-04 11:58:38 - [MESSAGE][PASSED] - Text of object 'Object Repository/Page_BugsUI Add Product/input_name' is cleared

2019-05-04 11:58:38 - [TEST_STEP][PASSED] - setText: Text 'BugsUITest' is set on object 'Object Repository/Page_BugsUI Add Product/input_name'

2019-05-04 11:58:38 - [MESSAGE][PASSED] - Text 'BugsUITest' is set on object 'Object Repository/Page_BugsUI Add Product/input_name'

2019-05-04 11:58:38 - [TEST_STEP][PASSED] - click: Object: 'Object Repository/Page_BugsUI Add Product/AddProduct_button' is clicked on

2019-05-04 11:58:39 - [MESSAGE][PASSED] - Object: 'Object Repository/Page_BugsUI Add Product/AddProduct_button' is clicked on

2019-05-04 11:58:39 - [TEST_STEP][PASSED] - delay: Delayed 4 second(s)

2019-05-04 11:58:43 - [MESSAGE][PASSED] - Delayed 4 second(s)

2019-05-04 11:58:43 - [TEST_STEP][PASSED] - verifyElementPresent: Object 'Object Repository/Page_BugsUI Add Product/div_Product BugsUITest already' is present

2019-05-04 11:58:43 - [MESSAGE][PASSED] - Object 'Object Repository/Page_BugsUI Add Product/div_Product BugsUITest already' is present

2019-05-04 11:58:43 - [TEST_STEP][PASSED] - Statement - text = com.kms.katalon.core.webui.keyword.WebUiBuiltInKeywords.getText(com.kms.katalon.core.testobject.ObjectRepository.findTestObject(Page_BugsUI Add Product/div_Product BugsUITest already)): Text of object 'Object Repository/Page_BugsUI Add Product/div_Product BugsUITest already' is: 'Product BugsUITest already exists.'

2019-05-04 11:58:43 - [MESSAGE][PASSED] - Text of object 'Object Repository/Page_BugsUI Add Product/div_Product BugsUITest already' is: 'Product BugsUITest already exists.'

2019-05-04 11:58:43 - [TEST_STEP][PASSED] - Statement - If (text.equals("Product BugsUITest already exists.")): null

2019-05-04 11:58:43 - [TEST_STEP][PASSED] - Statement - assert true: null

2019-05-04 11:58:43 - [TEST_STEP][PASSED] - clearText: Text of object 'Object Repository/Page_BugsUI Add Product/input_name' is cleared

2019-05-04 11:58:43 - [MESSAGE][PASSED] - Text of object 'Object Repository/Page_BugsUI Add Product/input_name' is cleared

2019-05-04 11:58:43 - [TEST_STEP][PASSED] - setText: Text '1-Automation-testing' is set on object 'Object Repository/Page_BugsUI Add Product/input_name'

2019-05-04 11:58:43 - [MESSAGE][PASSED] - Text '1-Automation-testing' is set on object 'Object Repository/Page_BugsUI Add Product/input_name'

2019-05-04 11:58:43 - [TEST_STEP][PASSED] - click: Object: 'Object Repository/Page_BugsUI Add Product/AddProduct_button' is clicked on

2019-05-04 11:58:43 - [MESSAGE][PASSED] - Object: 'Object Repository/Page_BugsUI Add Product/AddProduct_button' is clicked on

2019-05-04 11:58:43 - [TEST_STEP][PASSED] - delay: Delayed 3 second(s)

2019-05-04 11:58:46 - [MESSAGE][PASSED] - Delayed 3 second(s)

2019-05-04 11:58:46 - [TEST_STEP][PASSED] - verifyElementPresent: Object 'Object Repository/Page_BugsUI Add Product/div_Product_added_success' is present

2019-05-04 11:58:46 - [MESSAGE][PASSED] - Object 'Object Repository/Page_BugsUI Add Product/div_Product_added_success' is present

2019-05-04 11:58:46 - [TEST_STEP][PASSED] - Statement - successMsg = com.kms.katalon.core.webui.keyword.WebUiBuiltInKeywords.getText(com.kms.katalon.core.testobject.ObjectRepository.findTestObject(Page_BugsUI Add Product/div_Product_added_success)): Text of object 'Object Repository/Page_BugsUI Add Product/div_Product_added_success' is: 'Product has been added successfully.'

2019-05-04 11:58:46 - [MESSAGE][PASSED] - Text of object 'Object Repository/Page_BugsUI Add Product/div_Product_added_success' is: 'Product has been added successfully.'

2019-05-04 11:58:46 - [TEST_STEP][PASSED] - Statement - If (successMsg.equals("Product has been added successfully.")): null

2019-05-04 11:58:46 - [TEST_STEP][PASSED] - Statement - assert true: null

2019-05-04 11:58:46 - [TEST_STEP][PASSED] - delay: Delayed 1 second(s)

2019-05-04 11:58:47 - [MESSAGE][PASSED] - Delayed 1 second(s)]]></system-out>
         <system-err><![CDATA[]]></system-err>
      </testcase>
      <testcase name="Test Cases/Add_Product/AddedProductAvailability" classname="Test Cases/Add_Product/AddedProductAvailability" status="PASSED">
         <system-out><![CDATA[2019-05-04 11:58:47 - [TEST_CASE][PASSED] - Test Cases/Add_Product/AddedProductAvailability: Test Cases/Add_Product/AddedProductAvailability

2019-05-04 11:58:48 - [TEST_STEP][PASSED] - delay: Delayed 3 second(s)

2019-05-04 11:58:51 - [MESSAGE][PASSED] - Delayed 3 second(s)

2019-05-04 11:58:51 - [TEST_STEP][PASSED] - Statement - If (com.kms.katalon.core.webui.keyword.WebUiBuiltInKeywords.verifyElementPresent(com.kms.katalon.core.testobject.ObjectRepository.findTestObject(Page_BugsUI Dashboard/a_New Bug), 0)): Object: 'Object Repository/Page_BugsUI Dashboard/a_New Bug' is clicked on

2019-05-04 11:58:51 - [MESSAGE][WARNING] - Timeout '0' is invalid. Using default page load timeout: '30'

2019-05-04 11:58:51 - [MESSAGE][PASSED] - Object 'Object Repository/Page_BugsUI Dashboard/a_New Bug' is present

2019-05-04 11:58:51 - [TEST_STEP][PASSED] - click: Object: 'Object Repository/Page_BugsUI Dashboard/a_New Bug' is clicked on

2019-05-04 11:58:51 - [MESSAGE][PASSED] - Object: 'Object Repository/Page_BugsUI Dashboard/a_New Bug' is clicked on

2019-05-04 11:58:51 - [TEST_STEP][PASSED] - delay: Delayed 3 second(s)

2019-05-04 11:58:54 - [MESSAGE][PASSED] - Delayed 3 second(s)

2019-05-04 11:58:54 - [TEST_STEP][PASSED] - verifyElementPresent: Object 'Object Repository/Page_BugsUI New Bug/span_Raise New Bug' is present

2019-05-04 11:58:54 - [MESSAGE][WARNING] - Timeout '0' is invalid. Using default page load timeout: '30'

2019-05-04 11:58:55 - [MESSAGE][PASSED] - Object 'Object Repository/Page_BugsUI New Bug/span_Raise New Bug' is present

2019-05-04 11:58:55 - [TEST_STEP][PASSED] - setText: Text 'Software' is set on object 'Object Repository/Page_BugsUI New Bug/div_Choose Classification'

2019-05-04 11:58:56 - [MESSAGE][PASSED] - Text 'Software' is set on object 'Object Repository/Page_BugsUI New Bug/div_Choose Classification'

2019-05-04 11:58:56 - [TEST_STEP][PASSED] - delay: Delayed 2 second(s)

2019-05-04 11:58:58 - [MESSAGE][PASSED] - Delayed 2 second(s)

2019-05-04 11:58:58 - [TEST_STEP][PASSED] - click: Object: 'Object Repository/Page_BugsUI New Bug/span_Software' is clicked on

2019-05-04 11:58:58 - [MESSAGE][PASSED] - Object: 'Object Repository/Page_BugsUI New Bug/span_Software' is clicked on

2019-05-04 11:58:58 - [TEST_STEP][PASSED] - setText: Text '1-Automation-testing' is set on object 'Object Repository/Page_BugsUI New Bug/div_Choose Package'

2019-05-04 11:58:58 - [MESSAGE][PASSED] - Text '1-Automation-testing' is set on object 'Object Repository/Page_BugsUI New Bug/div_Choose Package'

2019-05-04 11:58:58 - [TEST_STEP][PASSED] - Statement - If (com.kms.katalon.core.webui.keyword.WebUiBuiltInKeywords.verifyElementPresent(com.kms.katalon.core.testobject.ObjectRepository.findTestObject(Page_BugsUI New Bug/span_1-Automation-testing), 0)): null

2019-05-04 11:58:58 - [MESSAGE][WARNING] - Timeout '0' is invalid. Using default page load timeout: '30'

2019-05-04 11:58:59 - [MESSAGE][PASSED] - Object 'Object Repository/Page_BugsUI New Bug/span_1-Automation-testing' is present

2019-05-04 11:58:59 - [TEST_STEP][PASSED] - click: Object: 'Object Repository/Page_BugsUI New Bug/span_1-Automation-testing' is clicked on

2019-05-04 11:58:59 - [MESSAGE][PASSED] - Object: 'Object Repository/Page_BugsUI New Bug/span_1-Automation-testing' is clicked on

2019-05-04 11:58:59 - [TEST_STEP][PASSED] - Statement - assert true: null

2019-05-04 11:58:59 - [TEST_STEP][PASSED] - delay: Delayed 3 second(s)

2019-05-04 11:59:02 - [MESSAGE][PASSED] - Delayed 3 second(s)]]></system-out>
         <system-err><![CDATA[]]></system-err>
      </testcase>
      <testcase name="Test Cases/Add_Product/Delete_added_product" classname="Test Cases/Add_Product/Delete_added_product" status="PASSED">
         <system-out><![CDATA[2019-05-04 11:59:02 - [TEST_CASE][PASSED] - Test Cases/Add_Product/Delete_added_product: Test Cases/Add_Product/Delete_added_product

2019-05-04 11:59:03 - [TEST_STEP][PASSED] - Statement - If (com.kms.katalon.core.webui.keyword.WebUiBuiltInKeywords.verifyElementPresent(com.kms.katalon.core.testobject.ObjectRepository.findTestObject(Page_BugsUI Dashboard/button_Product), 10)): Object: 'Object Repository/Page_BugsUI Dashboard/a_Edit' is clicked on

2019-05-04 11:59:03 - [MESSAGE][PASSED] - Object 'Object Repository/Page_BugsUI Dashboard/button_Product' is present

2019-05-04 11:59:03 - [TEST_STEP][PASSED] - click: Object: 'Object Repository/Page_BugsUI Dashboard/button_Product' is clicked on

2019-05-04 11:59:03 - [MESSAGE][PASSED] - Object: 'Object Repository/Page_BugsUI Dashboard/button_Product' is clicked on

2019-05-04 11:59:03 - [TEST_STEP][PASSED] - delay: Delayed 2 second(s)

2019-05-04 11:59:05 - [MESSAGE][PASSED] - Delayed 2 second(s)

2019-05-04 11:59:05 - [TEST_STEP][PASSED] - Statement - If (com.kms.katalon.core.webui.keyword.WebUiBuiltInKeywords.verifyElementPresent(com.kms.katalon.core.testobject.ObjectRepository.findTestObject(Page_BugsUI Dashboard/a_Edit), 5)): Object: 'Object Repository/Page_BugsUI Dashboard/a_Edit' is clicked on

2019-05-04 11:59:05 - [MESSAGE][PASSED] - Object 'Object Repository/Page_BugsUI Dashboard/a_Edit' is present

2019-05-04 11:59:05 - [TEST_STEP][PASSED] - click: Object: 'Object Repository/Page_BugsUI Dashboard/a_Edit' is clicked on

2019-05-04 11:59:05 - [MESSAGE][PASSED] - Object: 'Object Repository/Page_BugsUI Dashboard/a_Edit' is clicked on

2019-05-04 11:59:05 - [TEST_STEP][PASSED] - delay: Delayed 2 second(s)

2019-05-04 11:59:07 - [MESSAGE][PASSED] - Delayed 2 second(s)

2019-05-04 11:59:07 - [TEST_STEP][PASSED] - acceptAlert: Alert accepted

2019-05-04 11:59:07 - [MESSAGE][PASSED] - Alert accepted

2019-05-04 11:59:07 - [TEST_STEP][PASSED] - delay: Delayed 2 second(s)

2019-05-04 11:59:09 - [MESSAGE][PASSED] - Delayed 2 second(s)

2019-05-04 11:59:09 - [TEST_STEP][PASSED] - verifyElementPresent: Object 'Object Repository/Page_BugsUI Edit Product/span_Edit Product' is present

2019-05-04 11:59:09 - [MESSAGE][WARNING] - Timeout '0' is invalid. Using default page load timeout: '30'

2019-05-04 11:59:09 - [MESSAGE][PASSED] - Object 'Object Repository/Page_BugsUI Edit Product/span_Edit Product' is present

2019-05-04 11:59:09 - [TEST_STEP][PASSED] - setText: Text 'Software' is set on object 'Object Repository/Page_BugsUI Edit Product/div_Choose Classification'

2019-05-04 11:59:10 - [MESSAGE][PASSED] - Text 'Software' is set on object 'Object Repository/Page_BugsUI Edit Product/div_Choose Classification'

2019-05-04 11:59:10 - [TEST_STEP][PASSED] - delay: Delayed 2 second(s)

2019-05-04 11:59:12 - [MESSAGE][PASSED] - Delayed 2 second(s)

2019-05-04 11:59:12 - [TEST_STEP][PASSED] - click: Object: 'Object Repository/Page_BugsUI Edit Product/span_Software' is clicked on

2019-05-04 11:59:12 - [MESSAGE][PASSED] - Object: 'Object Repository/Page_BugsUI Edit Product/span_Software' is clicked on

2019-05-04 11:59:12 - [TEST_STEP][PASSED] - setText: Text '1-Automation-testing' is set on object 'Object Repository/Page_BugsUI Edit Product/div_Choose Product'

2019-05-04 11:59:12 - [MESSAGE][PASSED] - Text '1-Automation-testing' is set on object 'Object Repository/Page_BugsUI Edit Product/div_Choose Product'

2019-05-04 11:59:12 - [TEST_STEP][PASSED] - delay: Delayed 2 second(s)

2019-05-04 11:59:14 - [MESSAGE][PASSED] - Delayed 2 second(s)

2019-05-04 11:59:14 - [TEST_STEP][PASSED] - click: Object: 'Object Repository/Page_BugsUI Edit Product/span_1-Automation-testing' is clicked on

2019-05-04 11:59:14 - [MESSAGE][PASSED] - Object: 'Object Repository/Page_BugsUI Edit Product/span_1-Automation-testing' is clicked on

2019-05-04 11:59:14 - [TEST_STEP][PASSED] - scrollToElement: Scroll to object 'Object Repository/Page_BugsUI Edit Product/button_Delete Product' successfully

2019-05-04 11:59:15 - [MESSAGE][PASSED] - Scroll to object 'Object Repository/Page_BugsUI Edit Product/button_Delete Product' successfully

2019-05-04 11:59:15 - [TEST_STEP][PASSED] - Statement - If (com.kms.katalon.core.webui.keyword.WebUiBuiltInKeywords.verifyElementPresent(com.kms.katalon.core.testobject.ObjectRepository.findTestObject(Page_BugsUI Edit Product/button_Delete Product), 0)): Object: 'Object Repository/Page_BugsUI Edit Product/button_Delete Product' is clicked on

2019-05-04 11:59:15 - [MESSAGE][WARNING] - Timeout '0' is invalid. Using default page load timeout: '30'

2019-05-04 11:59:15 - [MESSAGE][PASSED] - Object 'Object Repository/Page_BugsUI Edit Product/button_Delete Product' is present

2019-05-04 11:59:15 - [TEST_STEP][PASSED] - delay: Delayed 5 second(s)

2019-05-04 11:59:20 - [MESSAGE][PASSED] - Delayed 5 second(s)

2019-05-04 11:59:20 - [TEST_STEP][PASSED] - Statement - If (com.kms.katalon.core.webui.keyword.WebUiBuiltInKeywords.verifyElementClickable(com.kms.katalon.core.testobject.ObjectRepository.findTestObject(Page_BugsUI Edit Product/button_Delete Product))): Object: 'Object Repository/Page_BugsUI Edit Product/button_Delete Product' is clicked on

2019-05-04 11:59:20 - [MESSAGE][PASSED] - Object 'Object Repository/Page_BugsUI Edit Product/button_Delete Product' is clickable

2019-05-04 11:59:20 - [TEST_STEP][PASSED] - click: Object: 'Object Repository/Page_BugsUI Edit Product/button_Delete Product' is clicked on

2019-05-04 11:59:20 - [MESSAGE][PASSED] - Object: 'Object Repository/Page_BugsUI Edit Product/button_Delete Product' is clicked on

2019-05-04 11:59:20 - [TEST_STEP][PASSED] - delay: Delayed 3 second(s)

2019-05-04 11:59:23 - [MESSAGE][PASSED] - Delayed 3 second(s)

2019-05-04 11:59:23 - [TEST_STEP][PASSED] - Statement - If (com.kms.katalon.core.webui.keyword.WebUiBuiltInKeywords.verifyElementPresent(com.kms.katalon.core.testobject.ObjectRepository.findTestObject(Page_BugsUI Edit Product/confirmDeleteProduct_popup), 0)): Object: 'Object Repository/Page_BugsUI Edit Product/button_No' is clicked on

2019-05-04 11:59:23 - [MESSAGE][WARNING] - Timeout '0' is invalid. Using default page load timeout: '30'

2019-05-04 11:59:23 - [MESSAGE][PASSED] - Object 'Object Repository/Page_BugsUI Edit Product/confirmDeleteProduct_popup' is present

2019-05-04 11:59:23 - [TEST_STEP][PASSED] - Statement - If (com.kms.katalon.core.webui.keyword.WebUiBuiltInKeywords.verifyElementPresent(com.kms.katalon.core.testobject.ObjectRepository.findTestObject(Page_BugsUI Edit Product/button_No), 0)): Object: 'Object Repository/Page_BugsUI Edit Product/button_No' is clicked on

2019-05-04 11:59:23 - [MESSAGE][WARNING] - Timeout '0' is invalid. Using default page load timeout: '30'

2019-05-04 11:59:23 - [MESSAGE][PASSED] - Object 'Object Repository/Page_BugsUI Edit Product/button_No' is present

2019-05-04 11:59:23 - [TEST_STEP][PASSED] - click: Object: 'Object Repository/Page_BugsUI Edit Product/button_No' is clicked on

2019-05-04 11:59:23 - [MESSAGE][PASSED] - Object: 'Object Repository/Page_BugsUI Edit Product/button_No' is clicked on

2019-05-04 11:59:23 - [TEST_STEP][PASSED] - delay: Delayed 3 second(s)

2019-05-04 11:59:26 - [MESSAGE][PASSED] - Delayed 3 second(s)

2019-05-04 11:59:26 - [TEST_STEP][PASSED] - verifyElementPresent: Object 'Object Repository/Page_BugsUI Edit Product/button_Delete Product' is present

2019-05-04 11:59:26 - [MESSAGE][WARNING] - Timeout '0' is invalid. Using default page load timeout: '30'

2019-05-04 11:59:26 - [MESSAGE][PASSED] - Object 'Object Repository/Page_BugsUI Edit Product/button_Delete Product' is present

2019-05-04 11:59:26 - [TEST_STEP][PASSED] - click: Object: 'Object Repository/Page_BugsUI Edit Product/button_Delete Product' is clicked on

2019-05-04 11:59:26 - [MESSAGE][PASSED] - Object: 'Object Repository/Page_BugsUI Edit Product/button_Delete Product' is clicked on

2019-05-04 11:59:26 - [TEST_STEP][PASSED] - delay: Delayed 3 second(s)

2019-05-04 11:59:29 - [MESSAGE][PASSED] - Delayed 3 second(s)

2019-05-04 11:59:29 - [TEST_STEP][PASSED] - Statement - If (com.kms.katalon.core.webui.keyword.WebUiBuiltInKeywords.verifyElementPresent(com.kms.katalon.core.testobject.ObjectRepository.findTestObject(Page_BugsUI Edit Product/confirmDeleteProduct_popup), 0)): Object: 'Object Repository/Page_BugsUI Edit Product/button_deleteProduct_Yes' is clicked on

2019-05-04 11:59:29 - [MESSAGE][WARNING] - Timeout '0' is invalid. Using default page load timeout: '30'

2019-05-04 11:59:29 - [MESSAGE][PASSED] - Object 'Object Repository/Page_BugsUI Edit Product/confirmDeleteProduct_popup' is present

2019-05-04 11:59:29 - [TEST_STEP][PASSED] - Statement - If (com.kms.katalon.core.webui.keyword.WebUiBuiltInKeywords.verifyElementPresent(com.kms.katalon.core.testobject.ObjectRepository.findTestObject(Page_BugsUI Edit Product/button_deleteProduct_Yes), 0)): Object: 'Object Repository/Page_BugsUI Edit Product/button_deleteProduct_Yes' is clicked on

2019-05-04 11:59:29 - [MESSAGE][WARNING] - Timeout '0' is invalid. Using default page load timeout: '30'

2019-05-04 11:59:29 - [MESSAGE][PASSED] - Object 'Object Repository/Page_BugsUI Edit Product/button_deleteProduct_Yes' is present

2019-05-04 11:59:29 - [TEST_STEP][PASSED] - click: Object: 'Object Repository/Page_BugsUI Edit Product/button_deleteProduct_Yes' is clicked on

2019-05-04 11:59:29 - [MESSAGE][PASSED] - Object: 'Object Repository/Page_BugsUI Edit Product/button_deleteProduct_Yes' is clicked on

2019-05-04 11:59:29 - [TEST_STEP][PASSED] - delay: Delayed 3 second(s)

2019-05-04 11:59:32 - [MESSAGE][PASSED] - Delayed 3 second(s)

2019-05-04 11:59:32 - [TEST_STEP][PASSED] - Statement - If (com.kms.katalon.core.webui.keyword.WebUiBuiltInKeywords.verifyElementPresent(com.kms.katalon.core.testobject.ObjectRepository.findTestObject(Page_BugsUI Edit Product/div_Product has been deleted), 0)): null

2019-05-04 11:59:32 - [MESSAGE][WARNING] - Timeout '0' is invalid. Using default page load timeout: '30'

2019-05-04 11:59:32 - [MESSAGE][PASSED] - Object 'Object Repository/Page_BugsUI Edit Product/div_Product has been deleted' is present

2019-05-04 11:59:32 - [TEST_STEP][PASSED] - Statement - text = com.kms.katalon.core.webui.keyword.WebUiBuiltInKeywords.getText(com.kms.katalon.core.testobject.ObjectRepository.findTestObject(Page_BugsUI Edit Product/div_Product has been deleted)): Text of object 'Object Repository/Page_BugsUI Edit Product/div_Product has been deleted' is: 'Product has been deleted successfully.'

2019-05-04 11:59:32 - [MESSAGE][PASSED] - Text of object 'Object Repository/Page_BugsUI Edit Product/div_Product has been deleted' is: 'Product has been deleted successfully.'

2019-05-04 11:59:32 - [TEST_STEP][PASSED] - Statement - If (text.equals("Product has been deleted successfully.")): null

2019-05-04 11:59:32 - [TEST_STEP][PASSED] - Statement - assert true: null

2019-05-04 11:59:32 - [TEST_STEP][PASSED] - closeBrowser: Browser is closed

2019-05-04 11:59:33 - [MESSAGE][PASSED] - Browser is closed]]></system-out>
         <system-err><![CDATA[]]></system-err>
      </testcase>
      <testcase name="Test Cases/Edit_Product/Edit_product_fields" classname="Test Cases/Edit_Product/Edit_product_fields" status="PASSED">
         <system-out><![CDATA[2019-05-04 11:59:33 - [TEST_CASE][PASSED] - Test Cases/Edit_Product/Edit_product_fields: Test Cases/Edit_Product/Edit_product_fields

2019-05-04 11:59:34 - [TEST_STEP][PASSED] - openBrowser: Browser is opened with url: ''

2019-05-04 11:59:35 - [MESSAGE][PASSED] - Browser is opened with url: ''

2019-05-04 11:59:35 - [TEST_STEP][PASSED] - navigateToUrl: Navigate to 'https://le-bugsui.staging.corp.arista.io/dashboard' successfully

2019-05-04 11:59:49 - [MESSAGE][PASSED] - Navigate to 'https://le-bugsui.staging.corp.arista.io/dashboard' successfully

2019-05-04 11:59:49 - [TEST_STEP][PASSED] - delay: Delayed 3 second(s)

2019-05-04 11:59:52 - [MESSAGE][PASSED] - Delayed 3 second(s)

2019-05-04 11:59:52 - [TEST_STEP][PASSED] - reusable.loginBugZillaUI.login: reusable.loginBugZillaUI.login is PASSED

2019-05-04 11:59:52 - [MESSAGE][PASSED] - Current window maximized

2019-05-04 11:59:52 - [MESSAGE][PASSED] - Text 'knagendra-ext' is set on object 'Object Repository/Page_BugsUI/input_username'

2019-05-04 11:59:52 - [MESSAGE][PASSED] - Text 'Kum1!@#$%^&*()ar' is set on object 'Object Repository/Page_BugsUI/input_password'

2019-05-04 11:59:53 - [MESSAGE][PASSED] - Object 'Object Repository/Page_BugsUI/button_Login' is clickable

2019-05-04 11:59:53 - [MESSAGE][PASSED] - Object: 'Object Repository/Page_BugsUI/button_Login' is clicked on

2019-05-04 11:59:53 - [MESSAGE][PASSED] - reusable.loginBugZillaUI.login is PASSED

2019-05-04 11:59:53 - [TEST_STEP][PASSED] - delay: Delayed 6 second(s)

2019-05-04 11:59:59 - [MESSAGE][PASSED] - Delayed 6 second(s)

2019-05-04 11:59:59 - [TEST_STEP][PASSED] - Statement - If (com.kms.katalon.core.webui.keyword.WebUiBuiltInKeywords.verifyElementPresent(com.kms.katalon.core.testobject.ObjectRepository.findTestObject(Page_BugsUI Dashboard/span_Dashboard), 0)): Object: 'Object Repository/Page_BugsUI Dashboard/a_Edit' is clicked on

2019-05-04 11:59:59 - [MESSAGE][WARNING] - Timeout '0' is invalid. Using default page load timeout: '30'

2019-05-04 11:59:59 - [MESSAGE][PASSED] - Object 'Object Repository/Page_BugsUI Dashboard/span_Dashboard' is present

2019-05-04 11:59:59 - [TEST_STEP][PASSED] - Statement - If (com.kms.katalon.core.webui.keyword.WebUiBuiltInKeywords.verifyElementPresent(com.kms.katalon.core.testobject.ObjectRepository.findTestObject(Page_BugsUI Dashboard/button_Product), 10)): Object: 'Object Repository/Page_BugsUI Dashboard/a_Edit' is clicked on

2019-05-04 11:59:59 - [MESSAGE][PASSED] - Object 'Object Repository/Page_BugsUI Dashboard/button_Product' is present

2019-05-04 11:59:59 - [TEST_STEP][PASSED] - click: Object: 'Object Repository/Page_BugsUI Dashboard/button_Product' is clicked on

2019-05-04 11:59:59 - [MESSAGE][PASSED] - Object: 'Object Repository/Page_BugsUI Dashboard/button_Product' is clicked on

2019-05-04 11:59:59 - [TEST_STEP][PASSED] - delay: Delayed 2 second(s)

2019-05-04 12:00:01 - [MESSAGE][PASSED] - Delayed 2 second(s)

2019-05-04 12:00:01 - [TEST_STEP][PASSED] - Statement - If (com.kms.katalon.core.webui.keyword.WebUiBuiltInKeywords.verifyElementPresent(com.kms.katalon.core.testobject.ObjectRepository.findTestObject(Page_BugsUI Dashboard/a_Edit), 5)): Object: 'Object Repository/Page_BugsUI Dashboard/a_Edit' is clicked on

2019-05-04 12:00:01 - [MESSAGE][PASSED] - Object 'Object Repository/Page_BugsUI Dashboard/a_Edit' is present

2019-05-04 12:00:01 - [TEST_STEP][PASSED] - click: Object: 'Object Repository/Page_BugsUI Dashboard/a_Edit' is clicked on

2019-05-04 12:00:01 - [MESSAGE][PASSED] - Object: 'Object Repository/Page_BugsUI Dashboard/a_Edit' is clicked on

2019-05-04 12:00:01 - [TEST_STEP][PASSED] - verifyElementPresent: Object 'Object Repository/Page_BugsUI Edit Product/span_Edit Product' is present

2019-05-04 12:00:01 - [MESSAGE][WARNING] - Timeout '0' is invalid. Using default page load timeout: '30'

2019-05-04 12:00:03 - [MESSAGE][PASSED] - Object 'Object Repository/Page_BugsUI Edit Product/span_Edit Product' is present

2019-05-04 12:00:03 - [TEST_STEP][PASSED] - reusable.editPage.selectProduct: reusable.editPage.selectProduct is PASSED

2019-05-04 12:00:04 - [MESSAGE][PASSED] - Text 'Software' is set on object 'Object Repository/Page_BugsUI Edit Product/div_Choose Classification'

2019-05-04 12:00:06 - [MESSAGE][PASSED] - Delayed 2 second(s)

2019-05-04 12:00:06 - [MESSAGE][PASSED] - Object: 'Object Repository/Page_BugsUI Edit Product/span_Software' is clicked on

2019-05-04 12:00:06 - [MESSAGE][PASSED] - Text '1-Auto-edit' is set on object 'Object Repository/Page_BugsUI Edit Product/div_Choose Product'

2019-05-04 12:00:08 - [MESSAGE][PASSED] - Delayed 2 second(s)

2019-05-04 12:00:08 - [MESSAGE][PASSED] - Object: 'Object Repository/Page_BugsUI Edit Product/span_1-Auto-edit' is clicked on

2019-05-04 12:00:10 - [MESSAGE][PASSED] - Delayed 2 second(s)

2019-05-04 12:00:10 - [MESSAGE][PASSED] - reusable.editPage.selectProduct is PASSED

2019-05-04 12:00:10 - [TEST_STEP][PASSED] - verifyElementPresent: Object 'Object Repository/Page_BugsUI Edit Product/input_newName' is present

2019-05-04 12:00:10 - [MESSAGE][WARNING] - Timeout '0' is invalid. Using default page load timeout: '30'

2019-05-04 12:00:10 - [MESSAGE][PASSED] - Object 'Object Repository/Page_BugsUI Edit Product/input_newName' is present

2019-05-04 12:00:10 - [TEST_STEP][PASSED] - verifyElementPresent: Object 'Object Repository/Page_BugsUI Edit Product/textarea_description' is present

2019-05-04 12:00:10 - [MESSAGE][WARNING] - Timeout '0' is invalid. Using default page load timeout: '30'

2019-05-04 12:00:11 - [MESSAGE][PASSED] - Object 'Object Repository/Page_BugsUI Edit Product/textarea_description' is present

2019-05-04 12:00:11 - [TEST_STEP][PASSED] - verifyElementPresent: Object 'Object Repository/Page_BugsUI Edit Product/div_closed_for_bug_entry' is present

2019-05-04 12:00:11 - [MESSAGE][WARNING] - Timeout '0' is invalid. Using default page load timeout: '30'

2019-05-04 12:00:11 - [MESSAGE][PASSED] - Object 'Object Repository/Page_BugsUI Edit Product/div_closed_for_bug_entry' is present

2019-05-04 12:00:11 - [TEST_STEP][PASSED] - Statement - If (com.kms.katalon.core.webui.keyword.WebUiBuiltInKeywords.verifyElementNotClickable(com.kms.katalon.core.testobject.ObjectRepository.findTestObject(Page_BugsUI Edit Product/button_update_product))): null

2019-05-04 12:00:11 - [MESSAGE][PASSED] - Object 'Object Repository/Page_BugsUI Edit Product/button_update_product' is NOT clickable

2019-05-04 12:00:11 - [TEST_STEP][PASSED] - Statement - assert true: null

2019-05-04 12:00:11 - [TEST_STEP][PASSED] - scrollToElement: Scroll to object 'Object Repository/Page_BugsUI Edit Product/button_Delete Product' successfully

2019-05-04 12:00:11 - [MESSAGE][PASSED] - Scroll to object 'Object Repository/Page_BugsUI Edit Product/button_Delete Product' successfully

2019-05-04 12:00:11 - [TEST_STEP][PASSED] - verifyElementPresent: Object 'Object Repository/Page_BugsUI Edit Product/div_Component Information' is present

2019-05-04 12:00:11 - [MESSAGE][WARNING] - Timeout '0' is invalid. Using default page load timeout: '30'

2019-05-04 12:00:11 - [MESSAGE][PASSED] - Object 'Object Repository/Page_BugsUI Edit Product/div_Component Information' is present

2019-05-04 12:00:11 - [TEST_STEP][PASSED] - verifyElementPresent: Object 'Object Repository/Page_BugsUI Edit Product/button_Refresh components' is present

2019-05-04 12:00:11 - [MESSAGE][WARNING] - Timeout '0' is invalid. Using default page load timeout: '30'

2019-05-04 12:00:11 - [MESSAGE][PASSED] - Object 'Object Repository/Page_BugsUI Edit Product/button_Refresh components' is present

2019-05-04 12:00:11 - [TEST_STEP][PASSED] - verifyElementPresent: Object 'Object Repository/Page_BugsUI Edit Product/button_AddNewRow_Component' is present

2019-05-04 12:00:11 - [MESSAGE][WARNING] - Timeout '0' is invalid. Using default page load timeout: '30'

2019-05-04 12:00:11 - [MESSAGE][PASSED] - Object 'Object Repository/Page_BugsUI Edit Product/button_AddNewRow_Component' is present

2019-05-04 12:00:11 - [TEST_STEP][PASSED] - verifyElementPresent: Object 'Object Repository/Page_BugsUI Edit Product/span_Version Information' is present

2019-05-04 12:00:11 - [MESSAGE][WARNING] - Timeout '0' is invalid. Using default page load timeout: '30'

2019-05-04 12:00:11 - [MESSAGE][PASSED] - Object 'Object Repository/Page_BugsUI Edit Product/span_Version Information' is present

2019-05-04 12:00:11 - [TEST_STEP][PASSED] - verifyElementPresent: Object 'Object Repository/Page_BugsUI Edit Product/button_Refresh versions' is present

2019-05-04 12:00:11 - [MESSAGE][WARNING] - Timeout '0' is invalid. Using default page load timeout: '30'

2019-05-04 12:00:11 - [MESSAGE][PASSED] - Object 'Object Repository/Page_BugsUI Edit Product/button_Refresh versions' is present

2019-05-04 12:00:11 - [TEST_STEP][PASSED] - verifyElementPresent: Object 'Object Repository/Page_BugsUI Edit Product/button_AddNewRow_version' is present

2019-05-04 12:00:11 - [MESSAGE][WARNING] - Timeout '0' is invalid. Using default page load timeout: '30'

2019-05-04 12:00:11 - [MESSAGE][PASSED] - Object 'Object Repository/Page_BugsUI Edit Product/button_AddNewRow_version' is present

2019-05-04 12:00:11 - [TEST_STEP][PASSED] - delay: Delayed 2 second(s)

2019-05-04 12:00:13 - [MESSAGE][PASSED] - Delayed 2 second(s)]]></system-out>
         <system-err><![CDATA[]]></system-err>
      </testcase>
      <testcase name="Test Cases/Edit_Product/verify_values_prepopulated" classname="Test Cases/Edit_Product/verify_values_prepopulated" status="PASSED">
         <system-out><![CDATA[2019-05-04 12:00:13 - [TEST_CASE][PASSED] - Test Cases/Edit_Product/verify_values_prepopulated: Test Cases/Edit_Product/verify_values_prepopulated

2019-05-04 12:00:13 - [TEST_STEP][PASSED] - scrollToElement: Scroll to object 'Object Repository/Page_BugsUI Edit Product/input_newName' successfully

2019-05-04 12:00:13 - [MESSAGE][PASSED] - Scroll to object 'Object Repository/Page_BugsUI Edit Product/input_newName' successfully

2019-05-04 12:00:13 - [TEST_STEP][PASSED] - Statement - productName = com.kms.katalon.core.webui.keyword.WebUiBuiltInKeywords.getAttribute(com.kms.katalon.core.testobject.ObjectRepository.findTestObject(Page_BugsUI Edit Product/input_newName), "value"): Attribute 'value' of object 'Object Repository/Page_BugsUI Edit Product/input_newName' is: '1-Auto-edit'

2019-05-04 12:00:13 - [MESSAGE][PASSED] - Attribute 'value' of object 'Object Repository/Page_BugsUI Edit Product/input_newName' is: '1-Auto-edit'

2019-05-04 12:00:13 - [TEST_STEP][PASSED] - Statement - productDescription = com.kms.katalon.core.webui.keyword.WebUiBuiltInKeywords.getAttribute(com.kms.katalon.core.testobject.ObjectRepository.findTestObject(Page_BugsUI Edit Product/textarea_description), "value"): Attribute 'value' of object 'Object Repository/Page_BugsUI Edit Product/textarea_description' is: 'Product for Automation'

2019-05-04 12:00:13 - [MESSAGE][PASSED] - Attribute 'value' of object 'Object Repository/Page_BugsUI Edit Product/textarea_description' is: 'Product for Automation'

2019-05-04 12:00:13 - [TEST_STEP][PASSED] - Statement - If (productName.equals("1-Auto-edit")): null

2019-05-04 12:00:13 - [TEST_STEP][PASSED] - Statement - assert true: null

2019-05-04 12:00:13 - [TEST_STEP][PASSED] - Statement - If (!(productDescription.isEmpty())): null

2019-05-04 12:00:13 - [TEST_STEP][PASSED] - Statement - assert true: null

2019-05-04 12:00:13 - [TEST_STEP][PASSED] - verifyElementNotClickable: Object 'Object Repository/Page_BugsUI Edit Product/unknown_Component' is NOT clickable

2019-05-04 12:00:13 - [MESSAGE][PASSED] - Object 'Object Repository/Page_BugsUI Edit Product/unknown_Component' is NOT clickable

2019-05-04 12:00:13 - [TEST_STEP][PASSED] - Statement - unkownComponentName = com.kms.katalon.core.webui.keyword.WebUiBuiltInKeywords.getAttribute(com.kms.katalon.core.testobject.ObjectRepository.findTestObject(Page_BugsUI Edit Product/unknown_Component), "value"): Attribute 'value' of object 'Object Repository/Page_BugsUI Edit Product/unknown_Component' is: 'Unknown'

2019-05-04 12:00:13 - [MESSAGE][PASSED] - Attribute 'value' of object 'Object Repository/Page_BugsUI Edit Product/unknown_Component' is: 'Unknown'

2019-05-04 12:00:13 - [TEST_STEP][PASSED] - Statement - If (unkownComponentName.equals("Unknown")): null

2019-05-04 12:00:13 - [TEST_STEP][PASSED] - Statement - assert true: null

2019-05-04 12:00:13 - [TEST_STEP][PASSED] - Statement - unkownComponentDesc = com.kms.katalon.core.webui.keyword.WebUiBuiltInKeywords.getAttribute(com.kms.katalon.core.testobject.ObjectRepository.findTestObject(Page_BugsUI Edit Product/unkown_description), "value"): Attribute 'value' of object 'Object Repository/Page_BugsUI Edit Product/unkown_description' is: 'unknown'

2019-05-04 12:00:13 - [MESSAGE][PASSED] - Attribute 'value' of object 'Object Repository/Page_BugsUI Edit Product/unkown_description' is: 'unknown'

2019-05-04 12:00:13 - [TEST_STEP][PASSED] - Statement - unkownComponentDefaultAsignee = com.kms.katalon.core.webui.keyword.WebUiBuiltInKeywords.getAttribute(com.kms.katalon.core.testobject.ObjectRepository.findTestObject(Page_BugsUI Edit Product/unkown_defaultAssignee), "value"): Attribute 'value' of object 'Object Repository/Page_BugsUI Edit Product/unkown_defaultAssignee' is: 'kumar.nagendra@happiestminds.com'

2019-05-04 12:00:13 - [MESSAGE][PASSED] - Attribute 'value' of object 'Object Repository/Page_BugsUI Edit Product/unkown_defaultAssignee' is: 'kumar.nagendra@happiestminds.com'

2019-05-04 12:00:13 - [TEST_STEP][PASSED] - Statement - If (!(unkownComponentDesc.isEmpty()) && !(unkownComponentDefaultAsignee.isEmpty())): null

2019-05-04 12:00:13 - [TEST_STEP][PASSED] - Statement - assert true: null

2019-05-04 12:00:13 - [TEST_STEP][PASSED] - delay: Delayed 2 second(s)

2019-05-04 12:00:15 - [MESSAGE][PASSED] - Delayed 2 second(s)]]></system-out>
         <system-err><![CDATA[]]></system-err>
      </testcase>
      <testcase name="Test Cases/Edit_Product/default_UnknownComponent" classname="Test Cases/Edit_Product/default_UnknownComponent" status="PASSED">
         <system-out><![CDATA[2019-05-04 12:00:15 - [TEST_CASE][PASSED] - Test Cases/Edit_Product/default_UnknownComponent: Test Cases/Edit_Product/default_UnknownComponent

2019-05-04 12:00:16 - [TEST_STEP][PASSED] - Statement - If (com.kms.katalon.core.webui.keyword.WebUiBuiltInKeywords.verifyElementPresent(com.kms.katalon.core.testobject.ObjectRepository.findTestObject(Page_BugsUI Edit Product/delete_icon_unknownCompnent), 0)): Object: 'Object Repository/Page_BugsUI Edit Product/delete_icon_unknownCompnent' is clicked on

2019-05-04 12:00:16 - [MESSAGE][WARNING] - Timeout '0' is invalid. Using default page load timeout: '30'

2019-05-04 12:00:16 - [MESSAGE][PASSED] - Object 'Object Repository/Page_BugsUI Edit Product/delete_icon_unknownCompnent' is present

2019-05-04 12:00:16 - [TEST_STEP][PASSED] - click: Object: 'Object Repository/Page_BugsUI Edit Product/delete_icon_unknownCompnent' is clicked on

2019-05-04 12:00:16 - [MESSAGE][PASSED] - Object: 'Object Repository/Page_BugsUI Edit Product/delete_icon_unknownCompnent' is clicked on

2019-05-04 12:00:16 - [TEST_STEP][PASSED] - delay: Delayed 2 second(s)

2019-05-04 12:00:18 - [MESSAGE][PASSED] - Delayed 2 second(s)

2019-05-04 12:00:18 - [TEST_STEP][PASSED] - Statement - If (com.kms.katalon.core.webui.keyword.WebUiBuiltInKeywords.verifyElementPresent(com.kms.katalon.core.testobject.ObjectRepository.findTestObject(Page_BugsUI Edit Product/confirmDeleteProduct_popup), 0)): Object: 'Object Repository/Page_BugsUI Edit Product/button_component_Yes' is clicked on

2019-05-04 12:00:18 - [MESSAGE][WARNING] - Timeout '0' is invalid. Using default page load timeout: '30'

2019-05-04 12:00:18 - [MESSAGE][PASSED] - Object 'Object Repository/Page_BugsUI Edit Product/confirmDeleteProduct_popup' is present

2019-05-04 12:00:18 - [TEST_STEP][PASSED] - Statement - If (com.kms.katalon.core.webui.keyword.WebUiBuiltInKeywords.verifyElementPresent(com.kms.katalon.core.testobject.ObjectRepository.findTestObject(Page_BugsUI Edit Product/button_component_Yes), 0)): Object: 'Object Repository/Page_BugsUI Edit Product/button_component_Yes' is clicked on

2019-05-04 12:00:18 - [MESSAGE][WARNING] - Timeout '0' is invalid. Using default page load timeout: '30'

2019-05-04 12:00:18 - [MESSAGE][PASSED] - Object 'Object Repository/Page_BugsUI Edit Product/button_component_Yes' is present

2019-05-04 12:00:18 - [TEST_STEP][PASSED] - click: Object: 'Object Repository/Page_BugsUI Edit Product/button_component_Yes' is clicked on

2019-05-04 12:00:18 - [MESSAGE][PASSED] - Object: 'Object Repository/Page_BugsUI Edit Product/button_component_Yes' is clicked on

2019-05-04 12:00:18 - [TEST_STEP][PASSED] - delay: Delayed 2 second(s)

2019-05-04 12:00:20 - [MESSAGE][PASSED] - Delayed 2 second(s)

2019-05-04 12:00:20 - [TEST_STEP][PASSED] - Statement - If (com.kms.katalon.core.webui.keyword.WebUiBuiltInKeywords.verifyElementPresent(com.kms.katalon.core.testobject.ObjectRepository.findTestObject(Page_BugsUI Edit Product/div_Product_atleast_1_component), 0)): null

2019-05-04 12:00:20 - [MESSAGE][WARNING] - Timeout '0' is invalid. Using default page load timeout: '30'

2019-05-04 12:00:20 - [MESSAGE][PASSED] - Object 'Object Repository/Page_BugsUI Edit Product/div_Product_atleast_1_component' is present

2019-05-04 12:00:20 - [TEST_STEP][PASSED] - Statement - warningMessage = com.kms.katalon.core.webui.keyword.WebUiBuiltInKeywords.getText(com.kms.katalon.core.testobject.ObjectRepository.findTestObject(Page_BugsUI Edit Product/div_Product_atleast_1_component)): Text of object 'Object Repository/Page_BugsUI Edit Product/div_Product_atleast_1_component' is: 'Product must have at least 1 component.'

2019-05-04 12:00:20 - [MESSAGE][PASSED] - Text of object 'Object Repository/Page_BugsUI Edit Product/div_Product_atleast_1_component' is: 'Product must have at least 1 component.'

2019-05-04 12:00:20 - [TEST_STEP][PASSED] - Statement - If (warningMessage.equals("Product must have at least 1 component.")): null

2019-05-04 12:00:20 - [TEST_STEP][PASSED] - Statement - assert true: null

2019-05-04 12:00:20 - [TEST_STEP][PASSED] - delay: Delayed 3 second(s)

2019-05-04 12:00:23 - [MESSAGE][PASSED] - Delayed 3 second(s)

2019-05-04 12:00:23 - [TEST_STEP][PASSED] - Statement - If (com.kms.katalon.core.webui.keyword.WebUiBuiltInKeywords.verifyElementPresent(com.kms.katalon.core.testobject.ObjectRepository.findTestObject(Page_BugsUI Edit Product/update_icon_unknownComponent), 0)): null

2019-05-04 12:00:23 - [MESSAGE][WARNING] - Timeout '0' is invalid. Using default page load timeout: '30'

2019-05-04 12:00:23 - [MESSAGE][PASSED] - Object 'Object Repository/Page_BugsUI Edit Product/update_icon_unknownComponent' is present

2019-05-04 12:00:23 - [TEST_STEP][PASSED] - click: Object: 'Object Repository/Page_BugsUI Edit Product/update_icon_unknownComponent' is clicked on

2019-05-04 12:00:24 - [MESSAGE][PASSED] - Object: 'Object Repository/Page_BugsUI Edit Product/update_icon_unknownComponent' is clicked on

2019-05-04 12:00:24 - [TEST_STEP][PASSED] - Statement - If (com.kms.katalon.core.webui.keyword.WebUiBuiltInKeywords.verifyElementPresent(com.kms.katalon.core.testobject.ObjectRepository.findTestObject(Page_BugsUI Edit Product/div_Nothing to update), 0)): null

2019-05-04 12:00:24 - [MESSAGE][WARNING] - Timeout '0' is invalid. Using default page load timeout: '30'

2019-05-04 12:00:24 - [MESSAGE][PASSED] - Object 'Object Repository/Page_BugsUI Edit Product/div_Nothing to update' is present

2019-05-04 12:00:24 - [TEST_STEP][PASSED] - Statement - nothingToUpdate = com.kms.katalon.core.webui.keyword.WebUiBuiltInKeywords.getText(com.kms.katalon.core.testobject.ObjectRepository.findTestObject(Page_BugsUI Edit Product/div_Nothing to update)): Text of object 'Object Repository/Page_BugsUI Edit Product/div_Nothing to update' is: 'Nothing to update.'

2019-05-04 12:00:24 - [MESSAGE][PASSED] - Text of object 'Object Repository/Page_BugsUI Edit Product/div_Nothing to update' is: 'Nothing to update.'

2019-05-04 12:00:24 - [TEST_STEP][PASSED] - Statement - If (nothingToUpdate.equals("Nothing to update.")): null

2019-05-04 12:00:24 - [TEST_STEP][PASSED] - Statement - assert true: null

2019-05-04 12:00:24 - [TEST_STEP][PASSED] - clearText: Text of object 'Object Repository/Page_BugsUI Edit Product/unkown_description' is cleared

2019-05-04 12:00:24 - [MESSAGE][PASSED] - Text of object 'Object Repository/Page_BugsUI Edit Product/unkown_description' is cleared

2019-05-04 12:00:24 - [TEST_STEP][PASSED] - setText: Text 'unknown1234' is set on object 'Object Repository/Page_BugsUI Edit Product/unkown_description'

2019-05-04 12:00:24 - [MESSAGE][PASSED] - Text 'unknown1234' is set on object 'Object Repository/Page_BugsUI Edit Product/unkown_description'

2019-05-04 12:00:24 - [TEST_STEP][PASSED] - clearText: Text of object 'Object Repository/Page_BugsUI Edit Product/unkown_defaultAssignee' is cleared

2019-05-04 12:00:24 - [MESSAGE][PASSED] - Text of object 'Object Repository/Page_BugsUI Edit Product/unkown_defaultAssignee' is cleared

2019-05-04 12:00:24 - [TEST_STEP][PASSED] - setText: Text 'divya.r@happiestminds.com' is set on object 'Object Repository/Page_BugsUI Edit Product/unkown_defaultAssignee'

2019-05-04 12:00:24 - [MESSAGE][PASSED] - Text 'divya.r@happiestminds.com' is set on object 'Object Repository/Page_BugsUI Edit Product/unkown_defaultAssignee'

2019-05-04 12:00:24 - [TEST_STEP][PASSED] - click: Object: 'Object Repository/Page_BugsUI Edit Product/update_icon_unknownComponent' is clicked on

2019-05-04 12:00:24 - [MESSAGE][PASSED] - Object: 'Object Repository/Page_BugsUI Edit Product/update_icon_unknownComponent' is clicked on

2019-05-04 12:00:24 - [TEST_STEP][PASSED] - Statement - If (com.kms.katalon.core.webui.keyword.WebUiBuiltInKeywords.verifyElementPresent(com.kms.katalon.core.testobject.ObjectRepository.findTestObject(Page_BugsUI Edit Product/div_Component has been updated), 0)): null

2019-05-04 12:00:24 - [MESSAGE][WARNING] - Timeout '0' is invalid. Using default page load timeout: '30'

2019-05-04 12:00:25 - [MESSAGE][PASSED] - Object 'Object Repository/Page_BugsUI Edit Product/div_Component has been updated' is present

2019-05-04 12:00:25 - [TEST_STEP][PASSED] - Statement - componentUpdatedMsg = com.kms.katalon.core.webui.keyword.WebUiBuiltInKeywords.getText(com.kms.katalon.core.testobject.ObjectRepository.findTestObject(Page_BugsUI Edit Product/div_Component has been updated)): Text of object 'Object Repository/Page_BugsUI Edit Product/div_Component has been updated' is: 'Component has been updated successfully.'

2019-05-04 12:00:26 - [MESSAGE][PASSED] - Text of object 'Object Repository/Page_BugsUI Edit Product/div_Component has been updated' is: 'Component has been updated successfully.'

2019-05-04 12:00:26 - [TEST_STEP][PASSED] - Statement - If (componentUpdatedMsg.equals("Component has been updated successfully.")): null

2019-05-04 12:00:26 - [TEST_STEP][PASSED] - Statement - assert true: null

2019-05-04 12:00:26 - [TEST_STEP][PASSED] - delay: Delayed 4 second(s)

2019-05-04 12:00:30 - [MESSAGE][PASSED] - Delayed 4 second(s)

2019-05-04 12:00:30 - [TEST_STEP][PASSED] - reusable.editPage.resetUnkownComponent: reusable.editPage.resetUnkownComponent is PASSED

2019-05-04 12:00:30 - [MESSAGE][PASSED] - Text of object 'Object Repository/Page_BugsUI Edit Product/unkown_description' is cleared

2019-05-04 12:00:30 - [MESSAGE][PASSED] - Text 'unknown' is set on object 'Object Repository/Page_BugsUI Edit Product/unkown_description'

2019-05-04 12:00:30 - [MESSAGE][PASSED] - Text of object 'Object Repository/Page_BugsUI Edit Product/unkown_defaultAssignee' is cleared

2019-05-04 12:00:30 - [MESSAGE][PASSED] - Text 'kumar.nagendra@happiestminds.com' is set on object 'Object Repository/Page_BugsUI Edit Product/unkown_defaultAssignee'

2019-05-04 12:00:30 - [MESSAGE][PASSED] - Object: 'Object Repository/Page_BugsUI Edit Product/update_icon_unknownComponent' is clicked on

2019-05-04 12:00:32 - [MESSAGE][PASSED] - Delayed 2 second(s)

2019-05-04 12:00:32 - [MESSAGE][PASSED] - reusable.editPage.resetUnkownComponent is PASSED

2019-05-04 12:00:32 - [TEST_STEP][PASSED] - delay: Delayed 3 second(s)

2019-05-04 12:00:35 - [MESSAGE][PASSED] - Delayed 3 second(s)]]></system-out>
         <system-err><![CDATA[]]></system-err>
      </testcase>
      <testcase name="Test Cases/Edit_Product/component_section" classname="Test Cases/Edit_Product/component_section" status="PASSED">
         <system-out><![CDATA[2019-05-04 12:00:35 - [TEST_CASE][PASSED] - Test Cases/Edit_Product/component_section: Test Cases/Edit_Product/component_section

2019-05-04 12:00:36 - [TEST_STEP][PASSED] - Statement - If (com.kms.katalon.core.webui.keyword.WebUiBuiltInKeywords.verifyElementPresent(com.kms.katalon.core.testobject.ObjectRepository.findTestObject(Page_BugsUI Edit Product/button_AddNewRow_Component), 0)): Object: 'Object Repository/Page_BugsUI Edit Product/button_AddNewRow_Component' is clicked on

2019-05-04 12:00:36 - [MESSAGE][WARNING] - Timeout '0' is invalid. Using default page load timeout: '30'

2019-05-04 12:00:36 - [MESSAGE][PASSED] - Object 'Object Repository/Page_BugsUI Edit Product/button_AddNewRow_Component' is present

2019-05-04 12:00:36 - [TEST_STEP][PASSED] - click: Object: 'Object Repository/Page_BugsUI Edit Product/button_AddNewRow_Component' is clicked on

2019-05-04 12:00:36 - [MESSAGE][PASSED] - Object: 'Object Repository/Page_BugsUI Edit Product/button_AddNewRow_Component' is clicked on

2019-05-04 12:00:36 - [TEST_STEP][PASSED] - setText: Text 'C1 description' is set on object 'Object Repository/Page_BugsUI Edit Product/unkown_description'

2019-05-04 12:00:36 - [MESSAGE][PASSED] - Text 'C1 description' is set on object 'Object Repository/Page_BugsUI Edit Product/unkown_description'

2019-05-04 12:00:36 - [TEST_STEP][PASSED] - Statement - If (com.kms.katalon.core.webui.keyword.WebUiBuiltInKeywords.verifyElementPresent(com.kms.katalon.core.testobject.ObjectRepository.findTestObject(Page_BugsUI Edit Product/button_Add_component), 0)): Object: 'Object Repository/Page_BugsUI Edit Product/button_Add_component' is clicked on

2019-05-04 12:00:36 - [MESSAGE][WARNING] - Timeout '0' is invalid. Using default page load timeout: '30'

2019-05-04 12:00:36 - [MESSAGE][PASSED] - Object 'Object Repository/Page_BugsUI Edit Product/button_Add_component' is present

2019-05-04 12:00:36 - [TEST_STEP][PASSED] - click: Object: 'Object Repository/Page_BugsUI Edit Product/button_Add_component' is clicked on

2019-05-04 12:00:36 - [MESSAGE][PASSED] - Object: 'Object Repository/Page_BugsUI Edit Product/button_Add_component' is clicked on

2019-05-04 12:00:36 - [TEST_STEP][PASSED] - Statement - If (com.kms.katalon.core.webui.keyword.WebUiBuiltInKeywords.verifyElementPresent(com.kms.katalon.core.testobject.ObjectRepository.findTestObject(Page_BugsUI Edit Product/div_Name_Email_required), 0)): null

2019-05-04 12:00:36 - [MESSAGE][WARNING] - Timeout '0' is invalid. Using default page load timeout: '30'

2019-05-04 12:00:37 - [MESSAGE][PASSED] - Object 'Object Repository/Page_BugsUI Edit Product/div_Name_Email_required' is present

2019-05-04 12:00:37 - [TEST_STEP][PASSED] - Statement - componentNameEmailReqMsg = com.kms.katalon.core.webui.keyword.WebUiBuiltInKeywords.getText(com.kms.katalon.core.testobject.ObjectRepository.findTestObject(Page_BugsUI Edit Product/div_Name_Email_required)): Text of object 'Object Repository/Page_BugsUI Edit Product/div_Name_Email_required' is: 'Name is required, Email is required'

2019-05-04 12:00:37 - [MESSAGE][PASSED] - Text of object 'Object Repository/Page_BugsUI Edit Product/div_Name_Email_required' is: 'Name is required, Email is required'

2019-05-04 12:00:37 - [TEST_STEP][PASSED] - Statement - If (componentNameEmailReqMsg.equals("Name is required, Email is required")): null

2019-05-04 12:00:37 - [TEST_STEP][PASSED] - Statement - assert true: null

2019-05-04 12:00:37 - [TEST_STEP][PASSED] - delay: Delayed 2 second(s)

2019-05-04 12:00:39 - [MESSAGE][PASSED] - Delayed 2 second(s)

2019-05-04 12:00:39 - [TEST_STEP][PASSED] - setText: Text 'C1' is set on object 'Object Repository/Page_BugsUI Edit Product/unknown_Component'

2019-05-04 12:00:40 - [MESSAGE][PASSED] - Text 'C1' is set on object 'Object Repository/Page_BugsUI Edit Product/unknown_Component'

2019-05-04 12:00:40 - [TEST_STEP][PASSED] - setText: Text 'kumar.nagendra@happiestminds.com' is set on object 'Object Repository/Page_BugsUI Edit Product/unkown_defaultAssignee'

2019-05-04 12:00:40 - [MESSAGE][PASSED] - Text 'kumar.nagendra@happiestminds.com' is set on object 'Object Repository/Page_BugsUI Edit Product/unkown_defaultAssignee'

2019-05-04 12:00:40 - [TEST_STEP][PASSED] - Statement - If (com.kms.katalon.core.webui.keyword.WebUiBuiltInKeywords.verifyElementPresent(com.kms.katalon.core.testobject.ObjectRepository.findTestObject(Page_BugsUI Edit Product/button_Add_component), 0)): Object: 'Object Repository/Page_BugsUI Edit Product/button_Add_component' is clicked on

2019-05-04 12:00:40 - [MESSAGE][WARNING] - Timeout '0' is invalid. Using default page load timeout: '30'

2019-05-04 12:00:40 - [MESSAGE][PASSED] - Object 'Object Repository/Page_BugsUI Edit Product/button_Add_component' is present

2019-05-04 12:00:40 - [TEST_STEP][PASSED] - click: Object: 'Object Repository/Page_BugsUI Edit Product/button_Add_component' is clicked on

2019-05-04 12:00:40 - [MESSAGE][PASSED] - Object: 'Object Repository/Page_BugsUI Edit Product/button_Add_component' is clicked on

2019-05-04 12:00:40 - [TEST_STEP][PASSED] - Statement - If (com.kms.katalon.core.webui.keyword.WebUiBuiltInKeywords.verifyElementPresent(com.kms.katalon.core.testobject.ObjectRepository.findTestObject(Page_BugsUI Edit Product/div_Component_added), 0)): null

2019-05-04 12:00:40 - [MESSAGE][WARNING] - Timeout '0' is invalid. Using default page load timeout: '30'

2019-05-04 12:00:41 - [MESSAGE][PASSED] - Object 'Object Repository/Page_BugsUI Edit Product/div_Component_added' is present

2019-05-04 12:00:41 - [TEST_STEP][PASSED] - Statement - componentAddedSuccessMsg = com.kms.katalon.core.webui.keyword.WebUiBuiltInKeywords.getText(com.kms.katalon.core.testobject.ObjectRepository.findTestObject(Page_BugsUI Edit Product/div_Component_added)): Text of object 'Object Repository/Page_BugsUI Edit Product/div_Component_added' is: 'Component has been added successfully.'

2019-05-04 12:00:41 - [MESSAGE][PASSED] - Text of object 'Object Repository/Page_BugsUI Edit Product/div_Component_added' is: 'Component has been added successfully.'

2019-05-04 12:00:41 - [TEST_STEP][PASSED] - Statement - If (componentAddedSuccessMsg.equals("Component has been added successfully.")): null

2019-05-04 12:00:41 - [TEST_STEP][PASSED] - Statement - assert true: null

2019-05-04 12:00:41 - [TEST_STEP][PASSED] - delay: Delayed 3 second(s)

2019-05-04 12:00:44 - [MESSAGE][PASSED] - Delayed 3 second(s)

2019-05-04 12:00:44 - [TEST_STEP][PASSED] - Statement - compName = com.kms.katalon.core.webui.keyword.WebUiBuiltInKeywords.getAttribute(com.kms.katalon.core.testobject.ObjectRepository.findTestObject(Page_BugsUI Edit Product/unknown_Component), "value"): Attribute 'value' of object 'Object Repository/Page_BugsUI Edit Product/unknown_Component' is: 'C1'

2019-05-04 12:00:44 - [MESSAGE][PASSED] - Attribute 'value' of object 'Object Repository/Page_BugsUI Edit Product/unknown_Component' is: 'C1'

2019-05-04 12:00:44 - [TEST_STEP][PASSED] - Statement - If (compName.equals("C1")): null

2019-05-04 12:00:44 - [TEST_STEP][PASSED] - Statement - assert true: null

2019-05-04 12:00:44 - [TEST_STEP][PASSED] - delay: Delayed 3 second(s)

2019-05-04 12:00:47 - [MESSAGE][PASSED] - Delayed 3 second(s)

2019-05-04 12:00:47 - [TEST_STEP][PASSED] - Statement - If (com.kms.katalon.core.webui.keyword.WebUiBuiltInKeywords.verifyElementPresent(com.kms.katalon.core.testobject.ObjectRepository.findTestObject(Page_BugsUI Edit Product/delete_icon_unknownCompnent), 0)): Object: 'Object Repository/Page_BugsUI Edit Product/delete_icon_unknownCompnent' is clicked on

2019-05-04 12:00:47 - [MESSAGE][WARNING] - Timeout '0' is invalid. Using default page load timeout: '30'

2019-05-04 12:00:47 - [MESSAGE][PASSED] - Object 'Object Repository/Page_BugsUI Edit Product/delete_icon_unknownCompnent' is present

2019-05-04 12:00:47 - [TEST_STEP][PASSED] - click: Object: 'Object Repository/Page_BugsUI Edit Product/delete_icon_unknownCompnent' is clicked on

2019-05-04 12:00:48 - [MESSAGE][PASSED] - Object: 'Object Repository/Page_BugsUI Edit Product/delete_icon_unknownCompnent' is clicked on

2019-05-04 12:00:48 - [TEST_STEP][PASSED] - reusable.editPage.deleteComponent: reusable.editPage.deleteComponent is PASSED

2019-05-04 12:00:48 - [MESSAGE][WARNING] - Timeout '0' is invalid. Using default page load timeout: '30'

2019-05-04 12:00:48 - [MESSAGE][PASSED] - Object 'Object Repository/Page_BugsUI Edit Product/confirmDeleteProduct_popup' is present

2019-05-04 12:00:48 - [MESSAGE][WARNING] - Timeout '0' is invalid. Using default page load timeout: '30'

2019-05-04 12:00:48 - [MESSAGE][PASSED] - Object 'Object Repository/Page_BugsUI Edit Product/button_component_Yes' is present

2019-05-04 12:00:48 - [MESSAGE][PASSED] - Object: 'Object Repository/Page_BugsUI Edit Product/button_component_Yes' is clicked on

2019-05-04 12:00:48 - [MESSAGE][PASSED] - reusable.editPage.deleteComponent is PASSED

2019-05-04 12:00:48 - [TEST_STEP][PASSED] - Statement - If (com.kms.katalon.core.webui.keyword.WebUiBuiltInKeywords.verifyElementPresent(com.kms.katalon.core.testobject.ObjectRepository.findTestObject(Page_BugsUI Edit Product/div_Component_deleted), 0)): null

2019-05-04 12:00:48 - [MESSAGE][WARNING] - Timeout '0' is invalid. Using default page load timeout: '30'

2019-05-04 12:00:49 - [MESSAGE][PASSED] - Object 'Object Repository/Page_BugsUI Edit Product/div_Component_deleted' is present

2019-05-04 12:00:49 - [TEST_STEP][PASSED] - Statement - componentDeletedSuccessMsg = com.kms.katalon.core.webui.keyword.WebUiBuiltInKeywords.getText(com.kms.katalon.core.testobject.ObjectRepository.findTestObject(Page_BugsUI Edit Product/div_Component_deleted)): Text of object 'Object Repository/Page_BugsUI Edit Product/div_Component_deleted' is: 'Component has been deleted successfully.'

2019-05-04 12:00:49 - [MESSAGE][PASSED] - Text of object 'Object Repository/Page_BugsUI Edit Product/div_Component_deleted' is: 'Component has been deleted successfully.'

2019-05-04 12:00:49 - [TEST_STEP][PASSED] - Statement - If (componentDeletedSuccessMsg.equals("Component has been deleted successfully.")): null

2019-05-04 12:00:49 - [TEST_STEP][PASSED] - Statement - assert true: null

2019-05-04 12:00:49 - [TEST_STEP][PASSED] - delay: Delayed 2 second(s)

2019-05-04 12:00:51 - [MESSAGE][PASSED] - Delayed 2 second(s)

2019-05-04 12:00:51 - [TEST_STEP][PASSED] - Statement - If (!(com.kms.katalon.core.webui.keyword.WebUiBuiltInKeywords.getAttribute(com.kms.katalon.core.testobject.ObjectRepository.findTestObject(Page_BugsUI Edit Product/unknown_Component), "value").equals("C1"))): null

2019-05-04 12:00:51 - [MESSAGE][PASSED] - Attribute 'value' of object 'Object Repository/Page_BugsUI Edit Product/unknown_Component' is: 'Unknown'

2019-05-04 12:00:51 - [TEST_STEP][PASSED] - Statement - assert true: null

2019-05-04 12:00:51 - [TEST_STEP][PASSED] - delay: Delayed 3 second(s)

2019-05-04 12:00:54 - [MESSAGE][PASSED] - Delayed 3 second(s)]]></system-out>
         <system-err><![CDATA[]]></system-err>
      </testcase>
      <testcase name="Test Cases/Edit_Product/version_section" classname="Test Cases/Edit_Product/version_section" status="PASSED">
         <system-out><![CDATA[2019-05-04 12:00:54 - [TEST_CASE][PASSED] - Test Cases/Edit_Product/version_section: Test Cases/Edit_Product/version_section

2019-05-04 12:00:54 - [TEST_STEP][PASSED] - Statement - If (com.kms.katalon.core.webui.keyword.WebUiBuiltInKeywords.verifyElementPresent(com.kms.katalon.core.testobject.ObjectRepository.findTestObject(Page_BugsUI Edit Product/delete_icon_version), 0)): Object: 'Object Repository/Page_BugsUI Edit Product/delete_icon_version' is clicked on

2019-05-04 12:00:55 - [MESSAGE][WARNING] - Timeout '0' is invalid. Using default page load timeout: '30'

2019-05-04 12:00:55 - [MESSAGE][PASSED] - Object 'Object Repository/Page_BugsUI Edit Product/delete_icon_version' is present

2019-05-04 12:00:55 - [TEST_STEP][PASSED] - click: Object: 'Object Repository/Page_BugsUI Edit Product/delete_icon_version' is clicked on

2019-05-04 12:00:55 - [MESSAGE][PASSED] - Object: 'Object Repository/Page_BugsUI Edit Product/delete_icon_version' is clicked on

2019-05-04 12:00:55 - [TEST_STEP][PASSED] - delay: Delayed 2 second(s)

2019-05-04 12:00:57 - [MESSAGE][PASSED] - Delayed 2 second(s)

2019-05-04 12:00:57 - [TEST_STEP][PASSED] - reusable.editPage.deleteVersion: reusable.editPage.deleteVersion is PASSED

2019-05-04 12:00:57 - [MESSAGE][WARNING] - Timeout '0' is invalid. Using default page load timeout: '30'

2019-05-04 12:00:57 - [MESSAGE][PASSED] - Object 'Object Repository/Page_BugsUI Edit Product/confirmDeleteProduct_popup' is present

2019-05-04 12:00:57 - [MESSAGE][WARNING] - Timeout '0' is invalid. Using default page load timeout: '30'

2019-05-04 12:00:57 - [MESSAGE][PASSED] - Object 'Object Repository/Page_BugsUI Edit Product/button_version_Yes' is present

2019-05-04 12:00:57 - [MESSAGE][PASSED] - Object: 'Object Repository/Page_BugsUI Edit Product/button_version_Yes' is clicked on

2019-05-04 12:00:57 - [MESSAGE][PASSED] - reusable.editPage.deleteVersion is PASSED

2019-05-04 12:00:57 - [TEST_STEP][PASSED] - delay: Delayed 2 second(s)

2019-05-04 12:00:59 - [MESSAGE][PASSED] - Delayed 2 second(s)

2019-05-04 12:00:59 - [TEST_STEP][PASSED] - Statement - If (com.kms.katalon.core.webui.keyword.WebUiBuiltInKeywords.verifyElementPresent(com.kms.katalon.core.testobject.ObjectRepository.findTestObject(Page_BugsUI Edit Product/div_Product_atleast_1_version), 0)): null

2019-05-04 12:00:59 - [MESSAGE][WARNING] - Timeout '0' is invalid. Using default page load timeout: '30'

2019-05-04 12:00:59 - [MESSAGE][PASSED] - Object 'Object Repository/Page_BugsUI Edit Product/div_Product_atleast_1_version' is present

2019-05-04 12:00:59 - [TEST_STEP][PASSED] - Statement - warningMessage = com.kms.katalon.core.webui.keyword.WebUiBuiltInKeywords.getText(com.kms.katalon.core.testobject.ObjectRepository.findTestObject(Page_BugsUI Edit Product/div_Product_atleast_1_version)): Text of object 'Object Repository/Page_BugsUI Edit Product/div_Product_atleast_1_version' is: 'Product must have atleast 1 version.'

2019-05-04 12:00:59 - [MESSAGE][PASSED] - Text of object 'Object Repository/Page_BugsUI Edit Product/div_Product_atleast_1_version' is: 'Product must have atleast 1 version.'

2019-05-04 12:00:59 - [TEST_STEP][PASSED] - Statement - If (warningMessage.equals("Product must have atleast 1 version.")): null

2019-05-04 12:00:59 - [TEST_STEP][PASSED] - Statement - assert true: null

2019-05-04 12:00:59 - [TEST_STEP][PASSED] - delay: Delayed 3 second(s)

2019-05-04 12:01:02 - [MESSAGE][PASSED] - Delayed 3 second(s)

2019-05-04 12:01:02 - [TEST_STEP][PASSED] - Statement - If (com.kms.katalon.core.webui.keyword.WebUiBuiltInKeywords.verifyElementPresent(com.kms.katalon.core.testobject.ObjectRepository.findTestObject(Page_BugsUI Edit Product/update_icon_version), 0)): null

2019-05-04 12:01:02 - [MESSAGE][WARNING] - Timeout '0' is invalid. Using default page load timeout: '30'

2019-05-04 12:01:02 - [MESSAGE][PASSED] - Object 'Object Repository/Page_BugsUI Edit Product/update_icon_version' is present

2019-05-04 12:01:02 - [TEST_STEP][PASSED] - click: Object: 'Object Repository/Page_BugsUI Edit Product/update_icon_version' is clicked on

2019-05-04 12:01:02 - [MESSAGE][PASSED] - Object: 'Object Repository/Page_BugsUI Edit Product/update_icon_version' is clicked on

2019-05-04 12:01:02 - [TEST_STEP][PASSED] - Statement - If (com.kms.katalon.core.webui.keyword.WebUiBuiltInKeywords.verifyElementPresent(com.kms.katalon.core.testobject.ObjectRepository.findTestObject(Page_BugsUI Edit Product/div_Nothing to update), 0)): null

2019-05-04 12:01:02 - [MESSAGE][WARNING] - Timeout '0' is invalid. Using default page load timeout: '30'

2019-05-04 12:01:02 - [MESSAGE][PASSED] - Object 'Object Repository/Page_BugsUI Edit Product/div_Nothing to update' is present

2019-05-04 12:01:02 - [TEST_STEP][PASSED] - Statement - nothingToUpdate = com.kms.katalon.core.webui.keyword.WebUiBuiltInKeywords.getText(com.kms.katalon.core.testobject.ObjectRepository.findTestObject(Page_BugsUI Edit Product/div_Nothing to update)): Text of object 'Object Repository/Page_BugsUI Edit Product/div_Nothing to update' is: 'Nothing to update.'

2019-05-04 12:01:02 - [MESSAGE][PASSED] - Text of object 'Object Repository/Page_BugsUI Edit Product/div_Nothing to update' is: 'Nothing to update.'

2019-05-04 12:01:02 - [TEST_STEP][PASSED] - Statement - If (nothingToUpdate.equals("Nothing to update.")): null

2019-05-04 12:01:02 - [TEST_STEP][PASSED] - Statement - assert true: null

2019-05-04 12:01:02 - [TEST_STEP][PASSED] - Statement - If (com.kms.katalon.core.webui.keyword.WebUiBuiltInKeywords.verifyElementPresent(com.kms.katalon.core.testobject.ObjectRepository.findTestObject(Page_BugsUI Edit Product/button_AddNewRow_version), 0)): Object: 'Object Repository/Page_BugsUI Edit Product/button_AddNewRow_version' is clicked on

2019-05-04 12:01:02 - [MESSAGE][WARNING] - Timeout '0' is invalid. Using default page load timeout: '30'

2019-05-04 12:01:02 - [MESSAGE][PASSED] - Object 'Object Repository/Page_BugsUI Edit Product/button_AddNewRow_version' is present

2019-05-04 12:01:02 - [TEST_STEP][PASSED] - click: Object: 'Object Repository/Page_BugsUI Edit Product/button_AddNewRow_version' is clicked on

2019-05-04 12:01:03 - [MESSAGE][PASSED] - Object: 'Object Repository/Page_BugsUI Edit Product/button_AddNewRow_version' is clicked on

2019-05-04 12:01:03 - [TEST_STEP][PASSED] - setText: Text 'V7' is set on object 'Object Repository/Page_BugsUI Edit Product/input_versionName'

2019-05-04 12:01:03 - [MESSAGE][PASSED] - Text 'V7' is set on object 'Object Repository/Page_BugsUI Edit Product/input_versionName'

2019-05-04 12:01:03 - [TEST_STEP][PASSED] - Statement - If (com.kms.katalon.core.webui.keyword.WebUiBuiltInKeywords.verifyElementPresent(com.kms.katalon.core.testobject.ObjectRepository.findTestObject(Page_BugsUI Edit Product/button_Add_version), 0)): Object: 'Object Repository/Page_BugsUI Edit Product/button_Add_version' is clicked on

2019-05-04 12:01:03 - [MESSAGE][WARNING] - Timeout '0' is invalid. Using default page load timeout: '30'

2019-05-04 12:01:03 - [MESSAGE][PASSED] - Object 'Object Repository/Page_BugsUI Edit Product/button_Add_version' is present

2019-05-04 12:01:03 - [TEST_STEP][PASSED] - click: Object: 'Object Repository/Page_BugsUI Edit Product/button_Add_version' is clicked on

2019-05-04 12:01:03 - [MESSAGE][PASSED] - Object: 'Object Repository/Page_BugsUI Edit Product/button_Add_version' is clicked on

2019-05-04 12:01:03 - [TEST_STEP][PASSED] - Statement - If (com.kms.katalon.core.webui.keyword.WebUiBuiltInKeywords.verifyElementPresent(com.kms.katalon.core.testobject.ObjectRepository.findTestObject(Page_BugsUI Edit Product/div_Version_added), 0)): null

2019-05-04 12:01:03 - [MESSAGE][WARNING] - Timeout '0' is invalid. Using default page load timeout: '30'

2019-05-04 12:01:04 - [MESSAGE][PASSED] - Object 'Object Repository/Page_BugsUI Edit Product/div_Version_added' is present

2019-05-04 12:01:04 - [TEST_STEP][PASSED] - Statement - versionAddedSuccessMsg = com.kms.katalon.core.webui.keyword.WebUiBuiltInKeywords.getText(com.kms.katalon.core.testobject.ObjectRepository.findTestObject(Page_BugsUI Edit Product/div_Version_added)): Text of object 'Object Repository/Page_BugsUI Edit Product/div_Version_added' is: 'Version has been added successfully.'

2019-05-04 12:01:04 - [MESSAGE][PASSED] - Text of object 'Object Repository/Page_BugsUI Edit Product/div_Version_added' is: 'Version has been added successfully.'

2019-05-04 12:01:04 - [TEST_STEP][PASSED] - Statement - If (versionAddedSuccessMsg.equals("Version has been added successfully.")): null

2019-05-04 12:01:04 - [TEST_STEP][PASSED] - Statement - assert true: null

2019-05-04 12:01:04 - [TEST_STEP][PASSED] - delay: Delayed 3 second(s)

2019-05-04 12:01:07 - [MESSAGE][PASSED] - Delayed 3 second(s)

2019-05-04 12:01:07 - [TEST_STEP][PASSED] - clearText: Text of object 'Object Repository/Page_BugsUI Edit Product/input_versionName' is cleared

2019-05-04 12:01:07 - [MESSAGE][PASSED] - Text of object 'Object Repository/Page_BugsUI Edit Product/input_versionName' is cleared

2019-05-04 12:01:07 - [TEST_STEP][PASSED] - setText: Text 'V5' is set on object 'Object Repository/Page_BugsUI Edit Product/input_versionName'

2019-05-04 12:01:07 - [MESSAGE][PASSED] - Text 'V5' is set on object 'Object Repository/Page_BugsUI Edit Product/input_versionName'

2019-05-04 12:01:07 - [TEST_STEP][PASSED] - click: Object: 'Object Repository/Page_BugsUI Edit Product/update_icon_version' is clicked on

2019-05-04 12:01:08 - [MESSAGE][PASSED] - Object: 'Object Repository/Page_BugsUI Edit Product/update_icon_version' is clicked on

2019-05-04 12:01:08 - [TEST_STEP][PASSED] - delay: Delayed 3 second(s)

2019-05-04 12:01:11 - [MESSAGE][PASSED] - Delayed 3 second(s)

2019-05-04 12:01:11 - [TEST_STEP][PASSED] - Statement - If (com.kms.katalon.core.webui.keyword.WebUiBuiltInKeywords.verifyElementPresent(com.kms.katalon.core.testobject.ObjectRepository.findTestObject(Page_BugsUI Edit Product/div_Version_updated), 0)): null

2019-05-04 12:01:11 - [MESSAGE][WARNING] - Timeout '0' is invalid. Using default page load timeout: '30'

2019-05-04 12:01:11 - [MESSAGE][PASSED] - Object 'Object Repository/Page_BugsUI Edit Product/div_Version_updated' is present

2019-05-04 12:01:11 - [TEST_STEP][PASSED] - Statement - versionUpdatedMsg = com.kms.katalon.core.webui.keyword.WebUiBuiltInKeywords.getText(com.kms.katalon.core.testobject.ObjectRepository.findTestObject(Page_BugsUI Edit Product/div_Version_updated)): Text of object 'Object Repository/Page_BugsUI Edit Product/div_Version_updated' is: 'Version has been updated successfully.'

2019-05-04 12:01:11 - [MESSAGE][PASSED] - Text of object 'Object Repository/Page_BugsUI Edit Product/div_Version_updated' is: 'Version has been updated successfully.'

2019-05-04 12:01:11 - [TEST_STEP][PASSED] - Statement - If (versionUpdatedMsg.equals("Version has been updated successfully.")): null

2019-05-04 12:01:11 - [TEST_STEP][PASSED] - Statement - assert true: null

2019-05-04 12:01:11 - [TEST_STEP][PASSED] - delay: Delayed 2 second(s)

2019-05-04 12:01:13 - [MESSAGE][PASSED] - Delayed 2 second(s)

2019-05-04 12:01:13 - [TEST_STEP][PASSED] - Statement - versionName = com.kms.katalon.core.webui.keyword.WebUiBuiltInKeywords.getAttribute(com.kms.katalon.core.testobject.ObjectRepository.findTestObject(Page_BugsUI Edit Product/input_versionName), "value"): Attribute 'value' of object 'Object Repository/Page_BugsUI Edit Product/input_versionName' is: 'V5'

2019-05-04 12:01:13 - [MESSAGE][PASSED] - Attribute 'value' of object 'Object Repository/Page_BugsUI Edit Product/input_versionName' is: 'V5'

2019-05-04 12:01:13 - [TEST_STEP][PASSED] - Statement - If (versionName.equals("V5")): null

2019-05-04 12:01:13 - [TEST_STEP][PASSED] - Statement - assert true: null

2019-05-04 12:01:13 - [TEST_STEP][PASSED] - Statement - If (com.kms.katalon.core.webui.keyword.WebUiBuiltInKeywords.verifyElementPresent(com.kms.katalon.core.testobject.ObjectRepository.findTestObject(Page_BugsUI Edit Product/delete_icon_version), 0)): Object: 'Object Repository/Page_BugsUI Edit Product/delete_icon_version' is clicked on

2019-05-04 12:01:13 - [MESSAGE][WARNING] - Timeout '0' is invalid. Using default page load timeout: '30'

2019-05-04 12:01:13 - [MESSAGE][PASSED] - Object 'Object Repository/Page_BugsUI Edit Product/delete_icon_version' is present

2019-05-04 12:01:13 - [TEST_STEP][PASSED] - click: Object: 'Object Repository/Page_BugsUI Edit Product/delete_icon_version' is clicked on

2019-05-04 12:01:13 - [MESSAGE][PASSED] - Object: 'Object Repository/Page_BugsUI Edit Product/delete_icon_version' is clicked on

2019-05-04 12:01:13 - [TEST_STEP][PASSED] - delay: Delayed 3 second(s)

2019-05-04 12:01:16 - [MESSAGE][PASSED] - Delayed 3 second(s)

2019-05-04 12:01:16 - [TEST_STEP][PASSED] - reusable.editPage.deleteVersion: reusable.editPage.deleteVersion is PASSED

2019-05-04 12:01:16 - [MESSAGE][WARNING] - Timeout '0' is invalid. Using default page load timeout: '30'

2019-05-04 12:01:16 - [MESSAGE][PASSED] - Object 'Object Repository/Page_BugsUI Edit Product/confirmDeleteProduct_popup' is present

2019-05-04 12:01:16 - [MESSAGE][WARNING] - Timeout '0' is invalid. Using default page load timeout: '30'

2019-05-04 12:01:16 - [MESSAGE][PASSED] - Object 'Object Repository/Page_BugsUI Edit Product/button_version_Yes' is present

2019-05-04 12:01:16 - [MESSAGE][PASSED] - Object: 'Object Repository/Page_BugsUI Edit Product/button_version_Yes' is clicked on

2019-05-04 12:01:16 - [MESSAGE][PASSED] - reusable.editPage.deleteVersion is PASSED

2019-05-04 12:01:16 - [TEST_STEP][PASSED] - Statement - If (com.kms.katalon.core.webui.keyword.WebUiBuiltInKeywords.verifyElementPresent(com.kms.katalon.core.testobject.ObjectRepository.findTestObject(Page_BugsUI Edit Product/div_Version_deleted), 0)): null

2019-05-04 12:01:16 - [MESSAGE][WARNING] - Timeout '0' is invalid. Using default page load timeout: '30'

2019-05-04 12:01:17 - [MESSAGE][PASSED] - Object 'Object Repository/Page_BugsUI Edit Product/div_Version_deleted' is present

2019-05-04 12:01:17 - [TEST_STEP][PASSED] - Statement - versionDeletedSuccessMsg = com.kms.katalon.core.webui.keyword.WebUiBuiltInKeywords.getText(com.kms.katalon.core.testobject.ObjectRepository.findTestObject(Page_BugsUI Edit Product/div_Version_deleted)): Text of object 'Object Repository/Page_BugsUI Edit Product/div_Version_deleted' is: 'Version has been deleted successfully.'

2019-05-04 12:01:17 - [MESSAGE][PASSED] - Text of object 'Object Repository/Page_BugsUI Edit Product/div_Version_deleted' is: 'Version has been deleted successfully.'

2019-05-04 12:01:17 - [TEST_STEP][PASSED] - Statement - If (versionDeletedSuccessMsg.equals("Version has been deleted successfully.")): null

2019-05-04 12:01:17 - [TEST_STEP][PASSED] - Statement - assert true: null

2019-05-04 12:01:17 - [TEST_STEP][PASSED] - delay: Delayed 3 second(s)

2019-05-04 12:01:20 - [MESSAGE][PASSED] - Delayed 3 second(s)

2019-05-04 12:01:20 - [TEST_STEP][PASSED] - clearText: Text of object 'Object Repository/Page_BugsUI Edit Product/input_versionName' is cleared

2019-05-04 12:01:20 - [MESSAGE][PASSED] - Text of object 'Object Repository/Page_BugsUI Edit Product/input_versionName' is cleared

2019-05-04 12:01:20 - [TEST_STEP][PASSED] - setText: Text '1' is set on object 'Object Repository/Page_BugsUI Edit Product/input_versionName'

2019-05-04 12:01:20 - [MESSAGE][PASSED] - Text '1' is set on object 'Object Repository/Page_BugsUI Edit Product/input_versionName'

2019-05-04 12:01:20 - [TEST_STEP][PASSED] - click: Object: 'Object Repository/Page_BugsUI Edit Product/update_icon_version' is clicked on

2019-05-04 12:01:21 - [MESSAGE][PASSED] - Object: 'Object Repository/Page_BugsUI Edit Product/update_icon_version' is clicked on

2019-05-04 12:01:21 - [TEST_STEP][PASSED] - delay: Delayed 4 second(s)

2019-05-04 12:01:25 - [MESSAGE][PASSED] - Delayed 4 second(s)]]></system-out>
         <system-err><![CDATA[]]></system-err>
      </testcase>
      <testcase name="Test Cases/Edit_Product/closedForBugEntery_UpdateProduct" classname="Test Cases/Edit_Product/closedForBugEntery_UpdateProduct" status="PASSED">
         <system-out><![CDATA[2019-05-04 12:01:25 - [TEST_CASE][PASSED] - Test Cases/Edit_Product/closedForBugEntery_UpdateProduct: Test Cases/Edit_Product/closedForBugEntery_UpdateProduct

2019-05-04 12:01:25 - [TEST_STEP][PASSED] - scrollToElement: Scroll to object 'Object Repository/Page_BugsUI Edit Product/input_newName' successfully

2019-05-04 12:01:25 - [MESSAGE][PASSED] - Scroll to object 'Object Repository/Page_BugsUI Edit Product/input_newName' successfully

2019-05-04 12:01:25 - [TEST_STEP][PASSED] - clearText: Text of object 'Object Repository/Page_BugsUI Edit Product/textarea_description' is cleared

2019-05-04 12:01:25 - [MESSAGE][PASSED] - Text of object 'Object Repository/Page_BugsUI Edit Product/textarea_description' is cleared

2019-05-04 12:01:25 - [TEST_STEP][PASSED] - setText: Text 'Editing Description' is set on object 'Object Repository/Page_BugsUI Edit Product/textarea_description'

2019-05-04 12:01:25 - [MESSAGE][PASSED] - Text 'Editing Description' is set on object 'Object Repository/Page_BugsUI Edit Product/textarea_description'

2019-05-04 12:01:25 - [TEST_STEP][PASSED] - delay: Delayed 2 second(s)

2019-05-04 12:01:27 - [MESSAGE][PASSED] - Delayed 2 second(s)

2019-05-04 12:01:27 - [TEST_STEP][PASSED] - Statement - If (com.kms.katalon.core.webui.keyword.WebUiBuiltInKeywords.verifyElementClickable(com.kms.katalon.core.testobject.ObjectRepository.findTestObject(Page_BugsUI Edit Product/button_update_product))): Object: 'Object Repository/Page_BugsUI Edit Product/button_update_product' is clicked on

2019-05-04 12:01:27 - [MESSAGE][PASSED] - Object 'Object Repository/Page_BugsUI Edit Product/button_update_product' is clickable

2019-05-04 12:01:27 - [TEST_STEP][PASSED] - click: Object: 'Object Repository/Page_BugsUI Edit Product/button_update_product' is clicked on

2019-05-04 12:01:28 - [MESSAGE][PASSED] - Object: 'Object Repository/Page_BugsUI Edit Product/button_update_product' is clicked on

2019-05-04 12:01:28 - [TEST_STEP][PASSED] - delay: Delayed 2 second(s)

2019-05-04 12:01:30 - [MESSAGE][PASSED] - Delayed 2 second(s)

2019-05-04 12:01:30 - [TEST_STEP][PASSED] - reusable.editPage.selectProduct: reusable.editPage.selectProduct is PASSED

2019-05-04 12:01:30 - [MESSAGE][PASSED] - Text 'Software' is set on object 'Object Repository/Page_BugsUI Edit Product/div_Choose Classification'

2019-05-04 12:01:32 - [MESSAGE][PASSED] - Delayed 2 second(s)

2019-05-04 12:01:32 - [MESSAGE][PASSED] - Object: 'Object Repository/Page_BugsUI Edit Product/span_Software' is clicked on

2019-05-04 12:01:32 - [MESSAGE][PASSED] - Text '1-Auto-edit' is set on object 'Object Repository/Page_BugsUI Edit Product/div_Choose Product'

2019-05-04 12:01:34 - [MESSAGE][PASSED] - Delayed 2 second(s)

2019-05-04 12:01:34 - [MESSAGE][PASSED] - Object: 'Object Repository/Page_BugsUI Edit Product/span_1-Auto-edit' is clicked on

2019-05-04 12:01:36 - [MESSAGE][PASSED] - Delayed 2 second(s)

2019-05-04 12:01:36 - [MESSAGE][PASSED] - reusable.editPage.selectProduct is PASSED

2019-05-04 12:01:36 - [TEST_STEP][PASSED] - Statement - productDesc = com.kms.katalon.core.webui.keyword.WebUiBuiltInKeywords.getAttribute(com.kms.katalon.core.testobject.ObjectRepository.findTestObject(Page_BugsUI Edit Product/textarea_description), "value"): Attribute 'value' of object 'Object Repository/Page_BugsUI Edit Product/textarea_description' is: 'Editing Description'

2019-05-04 12:01:36 - [MESSAGE][PASSED] - Attribute 'value' of object 'Object Repository/Page_BugsUI Edit Product/textarea_description' is: 'Editing Description'

2019-05-04 12:01:36 - [TEST_STEP][PASSED] - Statement - If (productDesc.equals("Editing Description")): null

2019-05-04 12:01:36 - [TEST_STEP][PASSED] - Statement - assert true: null

2019-05-04 12:01:36 - [TEST_STEP][PASSED] - clearText: Text of object 'Object Repository/Page_BugsUI Edit Product/textarea_description' is cleared

2019-05-04 12:01:36 - [MESSAGE][PASSED] - Text of object 'Object Repository/Page_BugsUI Edit Product/textarea_description' is cleared

2019-05-04 12:01:36 - [TEST_STEP][PASSED] - setText: Text 'Product for Automation' is set on object 'Object Repository/Page_BugsUI Edit Product/textarea_description'

2019-05-04 12:01:37 - [MESSAGE][PASSED] - Text 'Product for Automation' is set on object 'Object Repository/Page_BugsUI Edit Product/textarea_description'

2019-05-04 12:01:37 - [TEST_STEP][PASSED] - delay: Delayed 2 second(s)

2019-05-04 12:01:39 - [MESSAGE][PASSED] - Delayed 2 second(s)

2019-05-04 12:01:39 - [TEST_STEP][PASSED] - Statement - If (com.kms.katalon.core.webui.keyword.WebUiBuiltInKeywords.verifyElementClickable(com.kms.katalon.core.testobject.ObjectRepository.findTestObject(Page_BugsUI Edit Product/button_update_product))): Object: 'Object Repository/Page_BugsUI Edit Product/button_update_product' is clicked on

2019-05-04 12:01:39 - [MESSAGE][PASSED] - Object 'Object Repository/Page_BugsUI Edit Product/button_update_product' is clickable

2019-05-04 12:01:39 - [TEST_STEP][PASSED] - click: Object: 'Object Repository/Page_BugsUI Edit Product/button_update_product' is clicked on

2019-05-04 12:01:39 - [MESSAGE][PASSED] - Object: 'Object Repository/Page_BugsUI Edit Product/button_update_product' is clicked on

2019-05-04 12:01:39 - [TEST_STEP][PASSED] - delay: Delayed 2 second(s)

2019-05-04 12:01:41 - [MESSAGE][PASSED] - Delayed 2 second(s)

2019-05-04 12:01:41 - [TEST_STEP][PASSED] - closeBrowser: Browser is closed

2019-05-04 12:01:42 - [MESSAGE][PASSED] - Browser is closed]]></system-out>
         <system-err><![CDATA[]]></system-err>
      </testcase>
      <testcase name="Test Cases/NewBugCreation/Creating_bug" classname="Test Cases/NewBugCreation/Creating_bug" status="PASSED">
         <system-out><![CDATA[2019-05-04 12:01:42 - [TEST_CASE][PASSED] - Test Cases/NewBugCreation/Creating_bug: Test Cases/NewBugCreation/Creating_bug

2019-05-04 12:01:42 - [TEST_STEP][PASSED] - openBrowser: Browser is opened with url: ''

2019-05-04 12:01:44 - [MESSAGE][PASSED] - Browser is opened with url: ''

2019-05-04 12:01:44 - [TEST_STEP][PASSED] - navigateToUrl: Navigate to 'https://le-bugsui.staging.corp.arista.io/dashboard' successfully

2019-05-04 12:01:57 - [MESSAGE][PASSED] - Navigate to 'https://le-bugsui.staging.corp.arista.io/dashboard' successfully

2019-05-04 12:01:57 - [TEST_STEP][PASSED] - delay: Delayed 3 second(s)

2019-05-04 12:02:00 - [MESSAGE][PASSED] - Delayed 3 second(s)

2019-05-04 12:02:00 - [TEST_STEP][PASSED] - reusable.loginBugZillaUI.login: reusable.loginBugZillaUI.login is PASSED

2019-05-04 12:02:01 - [MESSAGE][PASSED] - Current window maximized

2019-05-04 12:02:01 - [MESSAGE][PASSED] - Text 'knagendra-ext' is set on object 'Object Repository/Page_BugsUI/input_username'

2019-05-04 12:02:01 - [MESSAGE][PASSED] - Text 'Kum1!@#$%^&*()ar' is set on object 'Object Repository/Page_BugsUI/input_password'

2019-05-04 12:02:01 - [MESSAGE][PASSED] - Object 'Object Repository/Page_BugsUI/button_Login' is clickable

2019-05-04 12:02:01 - [MESSAGE][PASSED] - Object: 'Object Repository/Page_BugsUI/button_Login' is clicked on

2019-05-04 12:02:01 - [MESSAGE][PASSED] - reusable.loginBugZillaUI.login is PASSED

2019-05-04 12:02:01 - [TEST_STEP][PASSED] - delay: Delayed 4 second(s)

2019-05-04 12:02:05 - [MESSAGE][PASSED] - Delayed 4 second(s)

2019-05-04 12:02:05 - [TEST_STEP][PASSED] - Statement - If (com.kms.katalon.core.webui.keyword.WebUiBuiltInKeywords.verifyElementPresent(com.kms.katalon.core.testobject.ObjectRepository.findTestObject(Page_BugsUI Dashboard/span_Dashboard), 0)): Object: 'Object Repository/Page_BugsUI Dashboard/a_New Bug' is clicked on

2019-05-04 12:02:05 - [MESSAGE][WARNING] - Timeout '0' is invalid. Using default page load timeout: '30'

2019-05-04 12:02:05 - [MESSAGE][PASSED] - Object 'Object Repository/Page_BugsUI Dashboard/span_Dashboard' is present

2019-05-04 12:02:05 - [TEST_STEP][PASSED] - Statement - If (com.kms.katalon.core.webui.keyword.WebUiBuiltInKeywords.verifyElementPresent(com.kms.katalon.core.testobject.ObjectRepository.findTestObject(Page_BugsUI Dashboard/a_New Bug), 3)): Object: 'Object Repository/Page_BugsUI Dashboard/a_New Bug' is clicked on

2019-05-04 12:02:05 - [MESSAGE][PASSED] - Object 'Object Repository/Page_BugsUI Dashboard/a_New Bug' is present

2019-05-04 12:02:05 - [TEST_STEP][PASSED] - click: Object: 'Object Repository/Page_BugsUI Dashboard/a_New Bug' is clicked on

2019-05-04 12:02:05 - [MESSAGE][PASSED] - Object: 'Object Repository/Page_BugsUI Dashboard/a_New Bug' is clicked on

2019-05-04 12:02:05 - [TEST_STEP][PASSED] - delay: Delayed 3 second(s)

2019-05-04 12:02:08 - [MESSAGE][PASSED] - Delayed 3 second(s)

2019-05-04 12:02:08 - [TEST_STEP][PASSED] - verifyElementPresent: Object 'Object Repository/Page_BugsUI New Bug/span_Raise New Bug' is present

2019-05-04 12:02:08 - [MESSAGE][WARNING] - Timeout '0' is invalid. Using default page load timeout: '30'

2019-05-04 12:02:09 - [MESSAGE][PASSED] - Object 'Object Repository/Page_BugsUI New Bug/span_Raise New Bug' is present

2019-05-04 12:02:09 - [TEST_STEP][PASSED] - setText: Text 'Software' is set on object 'Object Repository/Page_BugsUI New Bug/div_Choose Classification'

2019-05-04 12:02:10 - [MESSAGE][PASSED] - Text 'Software' is set on object 'Object Repository/Page_BugsUI New Bug/div_Choose Classification'

2019-05-04 12:02:10 - [TEST_STEP][PASSED] - delay: Delayed 2 second(s)

2019-05-04 12:02:12 - [MESSAGE][PASSED] - Delayed 2 second(s)

2019-05-04 12:02:12 - [TEST_STEP][PASSED] - click: Object: 'Object Repository/Page_BugsUI New Bug/span_Software' is clicked on

2019-05-04 12:02:12 - [MESSAGE][PASSED] - Object: 'Object Repository/Page_BugsUI New Bug/span_Software' is clicked on

2019-05-04 12:02:12 - [TEST_STEP][PASSED] - setText: Text 'BugsUITest' is set on object 'Object Repository/Page_BugsUI New Bug/div_Choose Package'

2019-05-04 12:02:12 - [MESSAGE][PASSED] - Text 'BugsUITest' is set on object 'Object Repository/Page_BugsUI New Bug/div_Choose Package'

2019-05-04 12:02:12 - [TEST_STEP][PASSED] - delay: Delayed 2 second(s)

2019-05-04 12:02:14 - [MESSAGE][PASSED] - Delayed 2 second(s)

2019-05-04 12:02:14 - [TEST_STEP][PASSED] - click: Object: 'Object Repository/Page_BugsUI New Bug/span_BugsUITest' is clicked on

2019-05-04 12:02:14 - [MESSAGE][PASSED] - Object: 'Object Repository/Page_BugsUI New Bug/span_BugsUITest' is clicked on

2019-05-04 12:02:14 - [TEST_STEP][PASSED] - setText: Text 'main12' is set on object 'Object Repository/Page_BugsUI New Bug/div_Choose PackageVersion'

2019-05-04 12:02:15 - [MESSAGE][PASSED] - Text 'main12' is set on object 'Object Repository/Page_BugsUI New Bug/div_Choose PackageVersion'

2019-05-04 12:02:15 - [TEST_STEP][PASSED] - delay: Delayed 3 second(s)

2019-05-04 12:02:18 - [MESSAGE][PASSED] - Delayed 3 second(s)

2019-05-04 12:02:18 - [TEST_STEP][PASSED] - click: Object: 'Object Repository/Page_BugsUI New Bug/span_main12_pckgVrsion' is clicked on

2019-05-04 12:02:18 - [MESSAGE][PASSED] - Object: 'Object Repository/Page_BugsUI New Bug/span_main12_pckgVrsion' is clicked on

2019-05-04 12:02:18 - [TEST_STEP][PASSED] - setText: Text 'Test automation bug' is set on object 'Object Repository/Page_BugsUI New Bug/input_summary'

2019-05-04 12:02:18 - [MESSAGE][PASSED] - Text 'Test automation bug' is set on object 'Object Repository/Page_BugsUI New Bug/input_summary'

2019-05-04 12:02:18 - [TEST_STEP][PASSED] - delay: Delayed 2 second(s)

2019-05-04 12:02:20 - [MESSAGE][PASSED] - Delayed 2 second(s)

2019-05-04 12:02:20 - [TEST_STEP][PASSED] - setText: Text 'This bug is created for automation purpose' is set on object 'Object Repository/Page_BugsUI New Bug/textarea_description'

2019-05-04 12:02:21 - [MESSAGE][PASSED] - Text 'This bug is created for automation purpose' is set on object 'Object Repository/Page_BugsUI New Bug/textarea_description'

2019-05-04 12:02:21 - [TEST_STEP][PASSED] - delay: Delayed 3 second(s)

2019-05-04 12:02:24 - [MESSAGE][PASSED] - Delayed 3 second(s)

2019-05-04 12:02:24 - [TEST_STEP][PASSED] - scrollToElement: Scroll to object 'Object Repository/Page_BugsUI New Bug/button_Raise New Bug' successfully

2019-05-04 12:02:24 - [MESSAGE][PASSED] - Scroll to object 'Object Repository/Page_BugsUI New Bug/button_Raise New Bug' successfully

2019-05-04 12:02:24 - [TEST_STEP][PASSED] - verifyElementNotClickable: Object 'Object Repository/Page_BugsUI New Bug/input_reporter' is NOT clickable

2019-05-04 12:02:24 - [MESSAGE][PASSED] - Object 'Object Repository/Page_BugsUI New Bug/input_reporter' is NOT clickable

2019-05-04 12:02:24 - [TEST_STEP][PASSED] - Statement - defaultReporterName = com.kms.katalon.core.webui.keyword.WebUiBuiltInKeywords.getAttribute(com.kms.katalon.core.testobject.ObjectRepository.findTestObject(Page_BugsUI New Bug/input_reporter), "value"): Attribute 'value' of object 'Object Repository/Page_BugsUI New Bug/input_reporter' is: 'kumar Nagendra1 (kumar.nagendra@happiestminds.com)'

2019-05-04 12:02:24 - [MESSAGE][PASSED] - Attribute 'value' of object 'Object Repository/Page_BugsUI New Bug/input_reporter' is: 'kumar Nagendra1 (kumar.nagendra@happiestminds.com)'

2019-05-04 12:02:24 - [TEST_STEP][PASSED] - Statement - If (defaultReporterName.equals("kumar Nagendra1 (kumar.nagendra@happiestminds.com)")): null

2019-05-04 12:02:24 - [TEST_STEP][PASSED] - Statement - assert true: null

2019-05-04 12:02:24 - [TEST_STEP][PASSED] - Statement - If (com.kms.katalon.core.webui.keyword.WebUiBuiltInKeywords.verifyElementPresent(com.kms.katalon.core.testobject.ObjectRepository.findTestObject(Page_BugsUI New Bug/button_Raise New Bug), 0)): Object: 'Object Repository/Page_BugsUI New Bug/button_Raise New Bug' is clicked on

2019-05-04 12:02:24 - [MESSAGE][WARNING] - Timeout '0' is invalid. Using default page load timeout: '30'

2019-05-04 12:02:24 - [MESSAGE][PASSED] - Object 'Object Repository/Page_BugsUI New Bug/button_Raise New Bug' is present

2019-05-04 12:02:24 - [TEST_STEP][PASSED] - click: Object: 'Object Repository/Page_BugsUI New Bug/button_Raise New Bug' is clicked on

2019-05-04 12:02:24 - [MESSAGE][PASSED] - Object: 'Object Repository/Page_BugsUI New Bug/button_Raise New Bug' is clicked on

2019-05-04 12:02:24 - [TEST_STEP][PASSED] - delay: Delayed 2 second(s)

2019-05-04 12:02:26 - [MESSAGE][PASSED] - Delayed 2 second(s)

2019-05-04 12:02:26 - [TEST_STEP][PASSED] - closeBrowser: Browser is closed

2019-05-04 12:02:27 - [MESSAGE][PASSED] - Browser is closed]]></system-out>
         <system-err><![CDATA[]]></system-err>
      </testcase>
      <system-out><![CDATA[2019-05-04 11:57:05 - [TEST_SUITE][PASSED] - SmokeSuite: Test Cases/NewBugCreation/Creating_bug]]></system-out>
      <system-err><![CDATA[]]></system-err>
   </testsuite>
</testsuites>
