<?xml version="1.0" encoding="UTF-8"?>
<testsuites name="BugPageGeneralTab" time="85" tests="2" failures="0" errors="0">
   <testsuite name="BugPageGeneralTab" tests="2" failures="0" errors="0" time="85" timestamp="2019-05-06 15:59:11" hostname="Kumar.nagendra - HMECL001948.happiestminds.com" id="Test Suites/BugPageGeneralTab">
      <properties>
         <property name="deviceName" value=""/>
         <property name="devicePlatform" value=""/>
         <property name="logFolder" value="C:\\New-Bugzilla-Application\\Automation\\New_Bugzilla-UI-V2\\Reports\\BugPageGeneralTab\\20190506_155909"/>
         <property name="logFiles" value="C:\\New-Bugzilla-Application\\Automation\\New_Bugzilla-UI-V2\\Reports\\BugPageGeneralTab\\20190506_155909\\execution0.log"/>
         <property name="attachments" value=""/>
         <property name="hostName" value="Kumar.nagendra - HMECL001948.happiestminds.com"/>
         <property name="os" value="Windows 10 64bit"/>
         <property name="katalonVersion" value="6.1.3.3"/>
         <property name="browser" value="Chrome 74.0.3729.131"/>
         <property name="hostAddress" value="10.95.75.221"/>
         <property name="sessionId" value="4c85027d8aa36e2343b5405f6ad4d9ae"/>
         <property name="seleniumVersion" value="3.7.1"/>
         <property name="proxyInformation" value="ProxyInformation{proxyOption=NO_PROXY, proxyServerType=HTTP, password=, proxyServerAddress=, proxyServerPort=0}"/>
         <property name="platform" value="Windows 10"/>
      </properties>
      <testcase name="Test Cases/BugPage/verify_commit_for_bugPage" classname="Test Cases/BugPage/verify_commit_for_bugPage" status="PASSED">
         <system-out><![CDATA[2019-05-06 15:59:12 - [TEST_CASE][PASSED] - Test Cases/BugPage/verify_commit_for_bugPage: Test Cases/BugPage/verify_commit_for_bugPage

2019-05-06 15:59:12 - [TEST_STEP][PASSED] - openBrowser(""): Browser is opened with url: ''

2019-05-06 15:59:13 - [MESSAGE][INFO] - Starting 'Chrome' driver

2019-05-06 15:59:13 - [MESSAGE][INFO] - Action delay is set to 0 seconds

2019-05-06 15:59:16 - [MESSAGE][PASSED] - Browser is opened with url: ''

2019-05-06 15:59:16 - [TEST_STEP][PASSED] - navigateToUrl(applicationUrl): Navigate to 'https://le-bugsui.staging.corp.arista.io/dashboard' successfully

2019-05-06 15:59:29 - [MESSAGE][PASSED] - Navigate to 'https://le-bugsui.staging.corp.arista.io/dashboard' successfully

2019-05-06 15:59:29 - [TEST_STEP][PASSED] - delay(3): Delayed 3 second(s)

2019-05-06 15:59:32 - [MESSAGE][PASSED] - Delayed 3 second(s)

2019-05-06 15:59:32 - [TEST_STEP][PASSED] - reusable.loginBugZillaUI.login(): reusable.loginBugZillaUI.login is PASSED

2019-05-06 15:59:32 - [MESSAGE][PASSED] - Current window maximized

2019-05-06 15:59:32 - [MESSAGE][PASSED] - Text 'knagendra-ext' is set on object 'Object Repository/Page_BugsUI/input_username'

2019-05-06 15:59:32 - [MESSAGE][PASSED] - Text 'Kum1!@#$%^&*()ar' is set on object 'Object Repository/Page_BugsUI/input_password'

2019-05-06 15:59:32 - [MESSAGE][PASSED] - Object 'Object Repository/Page_BugsUI/button_Login' is clickable

2019-05-06 15:59:32 - [MESSAGE][PASSED] - Object: 'Object Repository/Page_BugsUI/button_Login' is clicked on

2019-05-06 15:59:32 - [MESSAGE][PASSED] - reusable.loginBugZillaUI.login is PASSED

2019-05-06 15:59:32 - [TEST_STEP][PASSED] - delay(4): Delayed 4 second(s)

2019-05-06 15:59:36 - [MESSAGE][PASSED] - Delayed 4 second(s)

2019-05-06 15:59:36 - [TEST_STEP][PASSED] - verifyElementPresent(findTestObject("Page_BugsUI Dashboard/span_Dashboard"), 0): Object 'Object Repository/Page_BugsUI Dashboard/span_Dashboard' is present

2019-05-06 15:59:36 - [MESSAGE][WARNING] - Timeout '0' is invalid. Using default page load timeout: '30'

2019-05-06 15:59:37 - [MESSAGE][PASSED] - Object 'Object Repository/Page_BugsUI Dashboard/span_Dashboard' is present

2019-05-06 15:59:37 - [TEST_STEP][PASSED] - if (verifyElementPresent(findTestObject("Page_BugsUI Dashboard/input_Edit_search"), 0)): Object: 'Object Repository/Page_BugsUI Dashboard/span_search_buttonIcon' is clicked on

2019-05-06 15:59:37 - [MESSAGE][WARNING] - Timeout '0' is invalid. Using default page load timeout: '30'

2019-05-06 15:59:37 - [MESSAGE][PASSED] - Object 'Object Repository/Page_BugsUI Dashboard/input_Edit_search' is present

2019-05-06 15:59:37 - [TEST_STEP][PASSED] - setText(findTestObject("Page_BugsUI Dashboard/input_Edit_search"), "255666"): Text '255666' is set on object 'Object Repository/Page_BugsUI Dashboard/input_Edit_search'

2019-05-06 15:59:37 - [MESSAGE][PASSED] - Text '255666' is set on object 'Object Repository/Page_BugsUI Dashboard/input_Edit_search'

2019-05-06 15:59:37 - [TEST_STEP][PASSED] - delay(1): Delayed 1 second(s)

2019-05-06 15:59:38 - [MESSAGE][PASSED] - Delayed 1 second(s)

2019-05-06 15:59:38 - [TEST_STEP][PASSED] - click(findTestObject("Page_BugsUI Dashboard/span_search_buttonIcon")): Object: 'Object Repository/Page_BugsUI Dashboard/span_search_buttonIcon' is clicked on

2019-05-06 15:59:38 - [MESSAGE][PASSED] - Object: 'Object Repository/Page_BugsUI Dashboard/span_search_buttonIcon' is clicked on

2019-05-06 15:59:38 - [TEST_STEP][PASSED] - delay(20): Delayed 20 second(s)

2019-05-06 15:59:58 - [MESSAGE][PASSED] - Delayed 20 second(s)

2019-05-06 15:59:58 - [TEST_STEP][PASSED] - if (verifyElementPresent(findTestObject("Page_BugsUI New Bug/label_Bug 255666"), 0)): null

2019-05-06 15:59:58 - [MESSAGE][WARNING] - Timeout '0' is invalid. Using default page load timeout: '30'

2019-05-06 15:59:58 - [MESSAGE][PASSED] - Object 'Object Repository/Page_BugsUI New Bug/label_Bug 255666' is present

2019-05-06 15:59:58 - [TEST_STEP][PASSED] - bugNo = getText(findTestObject("Page_BugsUI New Bug/label_Bug 255666")): Text of object 'Object Repository/Page_BugsUI New Bug/label_Bug 255666' is: 'Bug# 255666:'

2019-05-06 15:59:58 - [MESSAGE][PASSED] - Text of object 'Object Repository/Page_BugsUI New Bug/label_Bug 255666' is: 'Bug# 255666:'

2019-05-06 15:59:58 - [TEST_STEP][PASSED] - if (bugNo.contains("255666")): null

2019-05-06 15:59:58 - [TEST_STEP][PASSED] - assert true: null

2019-05-06 15:59:58 - [TEST_STEP][PASSED] - verifyElementPresent(findTestObject("Page_BugsUI New Bug/bugInfo_accordion"), 0): Object 'Object Repository/Page_BugsUI New Bug/bugInfo_accordion' is present

2019-05-06 15:59:58 - [MESSAGE][WARNING] - Timeout '0' is invalid. Using default page load timeout: '30'

2019-05-06 15:59:58 - [MESSAGE][PASSED] - Object 'Object Repository/Page_BugsUI New Bug/bugInfo_accordion' is present

2019-05-06 15:59:58 - [TEST_STEP][PASSED] - isBugInfoAccordionExpanded = getAttribute(findTestObject("Page_BugsUI New Bug/bugInfo_accordion"), "aria-expanded"): Attribute 'aria-expanded' of object 'Object Repository/Page_BugsUI New Bug/bugInfo_accordion' is: 'false'

2019-05-06 15:59:58 - [MESSAGE][PASSED] - Attribute 'aria-expanded' of object 'Object Repository/Page_BugsUI New Bug/bugInfo_accordion' is: 'false'

2019-05-06 15:59:58 - [TEST_STEP][PASSED] - if (isBugInfoAccordionExpanded.equals("false")): null

2019-05-06 15:59:58 - [TEST_STEP][PASSED] - click(findTestObject("Page_BugsUI New Bug/bugInfo_accordion")): Object: 'Object Repository/Page_BugsUI New Bug/bugInfo_accordion' is clicked on

2019-05-06 15:59:58 - [MESSAGE][PASSED] - Object: 'Object Repository/Page_BugsUI New Bug/bugInfo_accordion' is clicked on

2019-05-06 15:59:58 - [TEST_STEP][PASSED] - delay(2): Delayed 2 second(s)

2019-05-06 16:00:00 - [MESSAGE][PASSED] - Delayed 2 second(s)

2019-05-06 16:00:00 - [TEST_STEP][PASSED] - if (verifyElementPresent(findTestObject("Page_BugsUI New Bug/input_BugAlias"), 0)): null

2019-05-06 16:00:00 - [MESSAGE][WARNING] - Timeout '0' is invalid. Using default page load timeout: '30'

2019-05-06 16:00:00 - [MESSAGE][PASSED] - Object 'Object Repository/Page_BugsUI New Bug/input_BugAlias' is present

2019-05-06 16:00:00 - [TEST_STEP][PASSED] - setText(findTestObject("Page_BugsUI New Bug/input_BugAlias"), "123Test"): Text '123Test' is set on object 'Object Repository/Page_BugsUI New Bug/input_BugAlias'

2019-05-06 16:00:01 - [MESSAGE][PASSED] - Text '123Test' is set on object 'Object Repository/Page_BugsUI New Bug/input_BugAlias'

2019-05-06 16:00:01 - [TEST_STEP][PASSED] - delay(1): Delayed 1 second(s)

2019-05-06 16:00:02 - [MESSAGE][PASSED] - Delayed 1 second(s)

2019-05-06 16:00:02 - [TEST_STEP][PASSED] - if (verifyElementClickable(findTestObject("Page_BugsUI New Bug/topButton_Commit"))): Object: 'Object Repository/Page_BugsUI New Bug/topButton_Commit' is clicked on

2019-05-06 16:00:02 - [MESSAGE][PASSED] - Object 'Object Repository/Page_BugsUI New Bug/topButton_Commit' is clickable

2019-05-06 16:00:02 - [TEST_STEP][PASSED] - click(findTestObject("Page_BugsUI New Bug/topButton_Commit")): Object: 'Object Repository/Page_BugsUI New Bug/topButton_Commit' is clicked on

2019-05-06 16:00:02 - [MESSAGE][PASSED] - Object: 'Object Repository/Page_BugsUI New Bug/topButton_Commit' is clicked on

2019-05-06 16:00:02 - [TEST_STEP][PASSED] - delay(2): Delayed 2 second(s)

2019-05-06 16:00:04 - [MESSAGE][PASSED] - Delayed 2 second(s)

2019-05-06 16:00:04 - [TEST_STEP][PASSED] - if (verifyElementPresent(findTestObject("Page_BugsUI New Bug/div_Bugdetails_updated_success"), 0)): null

2019-05-06 16:00:04 - [MESSAGE][WARNING] - Timeout '0' is invalid. Using default page load timeout: '30'

2019-05-06 16:00:04 - [MESSAGE][PASSED] - Object 'Object Repository/Page_BugsUI New Bug/div_Bugdetails_updated_success' is present

2019-05-06 16:00:04 - [TEST_STEP][PASSED] - bugNo = getText(findTestObject("Page_BugsUI New Bug/div_Bugdetails_updated_success")): Text of object 'Object Repository/Page_BugsUI New Bug/div_Bugdetails_updated_success' is: 'Bug details updated successfully.'

2019-05-06 16:00:04 - [MESSAGE][PASSED] - Text of object 'Object Repository/Page_BugsUI New Bug/div_Bugdetails_updated_success' is: 'Bug details updated successfully.'

2019-05-06 16:00:04 - [TEST_STEP][PASSED] - if (bugNo.equals("Bug details updated successfully.")): null

2019-05-06 16:00:04 - [TEST_STEP][PASSED] - assert true: null

2019-05-06 16:00:04 - [TEST_STEP][PASSED] - delay(3): Delayed 3 second(s)

2019-05-06 16:00:07 - [MESSAGE][PASSED] - Delayed 3 second(s)

2019-05-06 16:00:07 - [TEST_STEP][PASSED] - aliasName = getAttribute(findTestObject("Page_BugsUI New Bug/input_BugAlias"), "value"): Attribute 'value' of object 'Object Repository/Page_BugsUI New Bug/input_BugAlias' is: '123Test'

2019-05-06 16:00:07 - [MESSAGE][PASSED] - Attribute 'value' of object 'Object Repository/Page_BugsUI New Bug/input_BugAlias' is: '123Test'

2019-05-06 16:00:07 - [TEST_STEP][PASSED] - if (aliasName.equals("123Test")): null

2019-05-06 16:00:07 - [TEST_STEP][PASSED] - assert true: null

2019-05-06 16:00:07 - [TEST_STEP][PASSED] - delay(3): Delayed 3 second(s)

2019-05-06 16:00:10 - [MESSAGE][PASSED] - Delayed 3 second(s)

2019-05-06 16:00:10 - [TEST_STEP][PASSED] - clearText(findTestObject("Page_BugsUI New Bug/input_BugAlias")): Text of object 'Object Repository/Page_BugsUI New Bug/input_BugAlias' is cleared

2019-05-06 16:00:10 - [MESSAGE][PASSED] - Text of object 'Object Repository/Page_BugsUI New Bug/input_BugAlias' is cleared

2019-05-06 16:00:10 - [TEST_STEP][PASSED] - setText(findTestObject("Page_BugsUI New Bug/input_BugAlias"), "test987"): Text 'test987' is set on object 'Object Repository/Page_BugsUI New Bug/input_BugAlias'

2019-05-06 16:00:10 - [MESSAGE][PASSED] - Text 'test987' is set on object 'Object Repository/Page_BugsUI New Bug/input_BugAlias'

2019-05-06 16:00:10 - [TEST_STEP][PASSED] - delay(3): Delayed 3 second(s)

2019-05-06 16:00:13 - [MESSAGE][PASSED] - Delayed 3 second(s)

2019-05-06 16:00:13 - [TEST_STEP][PASSED] - if (verifyElementClickable(findTestObject("Page_BugsUI New Bug/topButton_Commit"))): Object: 'Object Repository/Page_BugsUI New Bug/topButton_Commit' is clicked on

2019-05-06 16:00:13 - [MESSAGE][PASSED] - Object 'Object Repository/Page_BugsUI New Bug/topButton_Commit' is clickable

2019-05-06 16:00:13 - [TEST_STEP][PASSED] - click(findTestObject("Page_BugsUI New Bug/topButton_Commit")): Object: 'Object Repository/Page_BugsUI New Bug/topButton_Commit' is clicked on

2019-05-06 16:00:13 - [MESSAGE][PASSED] - Object: 'Object Repository/Page_BugsUI New Bug/topButton_Commit' is clicked on

2019-05-06 16:00:13 - [TEST_STEP][PASSED] - delay(3): Delayed 3 second(s)

2019-05-06 16:00:16 - [MESSAGE][PASSED] - Delayed 3 second(s)]]></system-out>
         <system-err><![CDATA[]]></system-err>
      </testcase>
      <testcase name="Test Cases/BugPage/verify_addingComments" classname="Test Cases/BugPage/verify_addingComments" status="PASSED">
         <system-out><![CDATA[2019-05-06 16:00:16 - [TEST_CASE][PASSED] - Test Cases/BugPage/verify_addingComments: Test Cases/BugPage/verify_addingComments

2019-05-06 16:00:17 - [TEST_STEP][PASSED] - delay(2): Delayed 2 second(s)

2019-05-06 16:00:19 - [MESSAGE][PASSED] - Delayed 2 second(s)

2019-05-06 16:00:19 - [TEST_STEP][PASSED] - scrollToElement(findTestObject("Page_BugsUI New Bug/select_commentOrder_dropdown"), 0): Scroll to object 'Object Repository/Page_BugsUI New Bug/select_commentOrder_dropdown' successfully

2019-05-06 16:00:19 - [MESSAGE][WARNING] - Timeout '0' is invalid. Using default page load timeout: '30'

2019-05-06 16:00:19 - [MESSAGE][PASSED] - Scroll to object 'Object Repository/Page_BugsUI New Bug/select_commentOrder_dropdown' successfully

2019-05-06 16:00:19 - [TEST_STEP][PASSED] - delay(2): Delayed 2 second(s)

2019-05-06 16:00:21 - [MESSAGE][PASSED] - Delayed 2 second(s)

2019-05-06 16:00:21 - [TEST_STEP][PASSED] - setText(findTestObject("Page_BugsUI New Bug/textarea_Add Comment"), "Testing comment for Automation"): Text 'Testing comment for Automation' is set on object 'Object Repository/Page_BugsUI New Bug/textarea_Add Comment'

2019-05-06 16:00:21 - [MESSAGE][PASSED] - Text 'Testing comment for Automation' is set on object 'Object Repository/Page_BugsUI New Bug/textarea_Add Comment'

2019-05-06 16:00:21 - [TEST_STEP][PASSED] - delay(3): Delayed 3 second(s)

2019-05-06 16:00:24 - [MESSAGE][PASSED] - Delayed 3 second(s)

2019-05-06 16:00:24 - [TEST_STEP][PASSED] - if (verifyElementClickable(findTestObject("Page_BugsUI New Bug/bottom_button_Commit"))): Object: 'Object Repository/Page_BugsUI New Bug/bottom_button_Commit' is clicked on

2019-05-06 16:00:24 - [MESSAGE][PASSED] - Object 'Object Repository/Page_BugsUI New Bug/bottom_button_Commit' is clickable

2019-05-06 16:00:24 - [TEST_STEP][PASSED] - click(findTestObject("Page_BugsUI New Bug/bottom_button_Commit")): Object: 'Object Repository/Page_BugsUI New Bug/bottom_button_Commit' is clicked on

2019-05-06 16:00:25 - [MESSAGE][PASSED] - Object: 'Object Repository/Page_BugsUI New Bug/bottom_button_Commit' is clicked on

2019-05-06 16:00:25 - [TEST_STEP][PASSED] - delay(2): Delayed 2 second(s)

2019-05-06 16:00:27 - [MESSAGE][PASSED] - Delayed 2 second(s)

2019-05-06 16:00:27 - [TEST_STEP][PASSED] - if (verifyElementPresent(findTestObject("Page_BugsUI New Bug/div_Bugdetails_updated_success"), 0)): null

2019-05-06 16:00:27 - [MESSAGE][WARNING] - Timeout '0' is invalid. Using default page load timeout: '30'

2019-05-06 16:00:27 - [MESSAGE][PASSED] - Object 'Object Repository/Page_BugsUI New Bug/div_Bugdetails_updated_success' is present

2019-05-06 16:00:27 - [TEST_STEP][PASSED] - bugNo = getText(findTestObject("Page_BugsUI New Bug/div_Bugdetails_updated_success")): Text of object 'Object Repository/Page_BugsUI New Bug/div_Bugdetails_updated_success' is: 'Bug details updated successfully.'

2019-05-06 16:00:27 - [MESSAGE][PASSED] - Text of object 'Object Repository/Page_BugsUI New Bug/div_Bugdetails_updated_success' is: 'Bug details updated successfully.'

2019-05-06 16:00:27 - [TEST_STEP][PASSED] - if (bugNo.equals("Bug details updated successfully.")): null

2019-05-06 16:00:27 - [TEST_STEP][PASSED] - assert true: null

2019-05-06 16:00:27 - [TEST_STEP][PASSED] - delay(2): Delayed 2 second(s)

2019-05-06 16:00:29 - [MESSAGE][PASSED] - Delayed 2 second(s)

2019-05-06 16:00:29 - [TEST_STEP][PASSED] - scrollToElement(findTestObject("Page_BugsUI New Bug/logs_accordion"), 0): Scroll to object 'Object Repository/Page_BugsUI New Bug/logs_accordion' successfully

2019-05-06 16:00:29 - [MESSAGE][WARNING] - Timeout '0' is invalid. Using default page load timeout: '30'

2019-05-06 16:00:29 - [MESSAGE][PASSED] - Scroll to object 'Object Repository/Page_BugsUI New Bug/logs_accordion' successfully

2019-05-06 16:00:29 - [TEST_STEP][PASSED] - delay(2): Delayed 2 second(s)

2019-05-06 16:00:31 - [MESSAGE][PASSED] - Delayed 2 second(s)

2019-05-06 16:00:31 - [TEST_STEP][PASSED] - if (verifyElementPresent(findTestObject("Page_BugsUI New Bug/select_commentOrder_dropdown"), 0)): All options with value 'desc' are selected in object 'Object Repository/Page_BugsUI New Bug/select_commentOrder_dropdown' 

2019-05-06 16:00:31 - [MESSAGE][WARNING] - Timeout '0' is invalid. Using default page load timeout: '30'

2019-05-06 16:00:31 - [MESSAGE][PASSED] - Object 'Object Repository/Page_BugsUI New Bug/select_commentOrder_dropdown' is present

2019-05-06 16:00:31 - [TEST_STEP][PASSED] - selectOptionByValue(findTestObject("Page_BugsUI New Bug/select_commentOrder_dropdown"), "desc", false): All options with value 'desc' are selected in object 'Object Repository/Page_BugsUI New Bug/select_commentOrder_dropdown' 

2019-05-06 16:00:31 - [MESSAGE][PASSED] - All options with value 'desc' are selected in object 'Object Repository/Page_BugsUI New Bug/select_commentOrder_dropdown' 

2019-05-06 16:00:31 - [TEST_STEP][PASSED] - delay(3): Delayed 3 second(s)

2019-05-06 16:00:34 - [MESSAGE][PASSED] - Delayed 3 second(s)

2019-05-06 16:00:34 - [TEST_STEP][PASSED] - if (verifyElementPresent(findTestObject("Page_BugsUI New Bug/latestComment"), 0)): null

2019-05-06 16:00:34 - [MESSAGE][WARNING] - Timeout '0' is invalid. Using default page load timeout: '30'

2019-05-06 16:00:34 - [MESSAGE][PASSED] - Object 'Object Repository/Page_BugsUI New Bug/latestComment' is present

2019-05-06 16:00:34 - [TEST_STEP][PASSED] - latestComment = getText(findTestObject("Page_BugsUI New Bug/latestComment")): Text of object 'Object Repository/Page_BugsUI New Bug/latestComment' is: 'Testing comment for Automation'

2019-05-06 16:00:34 - [MESSAGE][PASSED] - Text of object 'Object Repository/Page_BugsUI New Bug/latestComment' is: 'Testing comment for Automation'

2019-05-06 16:00:34 - [TEST_STEP][PASSED] - if (latestComment.equals("Testing comment for Automation")): null

2019-05-06 16:00:34 - [TEST_STEP][PASSED] - assert true: null

2019-05-06 16:00:34 - [TEST_STEP][PASSED] - delay(2): Delayed 2 second(s)

2019-05-06 16:00:36 - [MESSAGE][PASSED] - Delayed 2 second(s)

2019-05-06 16:00:36 - [TEST_STEP][PASSED] - closeBrowser(): Browser is closed

2019-05-06 16:00:37 - [MESSAGE][PASSED] - Browser is closed]]></system-out>
         <system-err><![CDATA[]]></system-err>
      </testcase>
      <system-out><![CDATA[2019-05-06 15:59:11 - [TEST_SUITE][PASSED] - BugPageGeneralTab: Test Cases/BugPage/verify_addingComments]]></system-out>
      <system-err><![CDATA[]]></system-err>
   </testsuite>
</testsuites>
