<?xml version="1.0" encoding="UTF-8"?>
<testsuites name="Cucumber_EditProduct_Suite" time="77" tests="2" failures="0" errors="0">
   <testsuite name="Cucumber_EditProduct_Suite" tests="2" failures="0" errors="0" time="77" timestamp="2019-05-14 15:06:25" hostname="Kumar.nagendra - HMECL001948.happiestminds.com" id="Test Suites/Cucumber_EditProduct_Suite">
      <properties>
         <property name="deviceName" value=""/>
         <property name="devicePlatform" value=""/>
         <property name="logFolder" value="C:\\New-Bugzilla-Application\\Automation\\New_Bugzilla-UI-V2\\Reports\\Cucumber_EditProduct_Suite\\20190514_150623"/>
         <property name="logFiles" value="C:\\New-Bugzilla-Application\\Automation\\New_Bugzilla-UI-V2\\Reports\\Cucumber_EditProduct_Suite\\20190514_150623\\execution0.log"/>
         <property name="attachments" value=""/>
         <property name="hostName" value="Kumar.nagendra - HMECL001948.happiestminds.com"/>
         <property name="os" value="Windows 10 64bit"/>
         <property name="katalonVersion" value="6.1.3.3"/>
         <property name="browser" value="Chrome 74.0.3729.131"/>
         <property name="hostAddress" value="10.95.75.221"/>
         <property name="sessionId" value="7053c7df82c3fb916e0a21c2c54dd272"/>
         <property name="seleniumVersion" value="3.7.1"/>
         <property name="proxyInformation" value="ProxyInformation{proxyOption=NO_PROXY, proxyServerType=HTTP, password=, proxyServerAddress=, proxyServerPort=0}"/>
         <property name="platform" value="Windows 10"/>
      </properties>
      <testcase name="Test Cases/BDD Cucumber TestCases/EditProductFields" classname="Test Cases/BDD Cucumber TestCases/EditProductFields" status="PASSED">
         <system-out><![CDATA[2019-05-14 15:06:26 - [TEST_CASE][PASSED] - Test Cases/BDD Cucumber TestCases/EditProductFields: Test Cases/BDD Cucumber TestCases/EditProductFields

2019-05-14 15:06:26 - [TEST_STEP][PASSED] - runFeatureFile("Include/features/BDD Cucumber Tests/Web UI Tests/Product Edit/EditProductFields.feature"): Feature file: 'Include/features/BDD Cucumber Tests/Web UI Tests/Product Edit/EditProductFields.feature' was passed

2019-05-14 15:06:26 - [MESSAGE][INFO] - Starting run keyword runFeatureFile: 'Include/features/BDD Cucumber Tests/Web UI Tests/Product Edit/EditProductFields.feature' and extract report to folder: 'C:\New-Bugzilla-Application\Automation\New_Bugzilla-UI-V2\Reports\Cucumber_EditProduct_Suite\20190514_150623/cucumber_report/1557826586633'...

2019-05-14 15:06:27 - [TEST_CASE][PASSED] - Start Test Case : SCENARIO Verify Edit product page fields: SCENARIO Verify Edit product page fields

2019-05-14 15:06:27 - [TEST_STEP][PASSED] - Product edit page loads: Product edit page loads

2019-05-14 15:06:27 - [MESSAGE][INFO] - Starting 'Chrome' driver

2019-05-14 15:06:27 - [MESSAGE][INFO] - Action delay is set to 0 seconds

2019-05-14 15:06:30 - [MESSAGE][PASSED] - Browser is opened with url: ''

2019-05-14 15:07:01 - [MESSAGE][PASSED] - Navigate to 'https://le-bugsui.staging.corp.arista.io/dashboard' successfully

2019-05-14 15:07:04 - [MESSAGE][PASSED] - Delayed 3 second(s)

2019-05-14 15:07:04 - [MESSAGE][PASSED] - Current window maximized

2019-05-14 15:07:06 - [MESSAGE][PASSED] - Delayed 2 second(s)

2019-05-14 15:07:06 - [MESSAGE][PASSED] - Text 'knagendra-ext' is set on object 'Object Repository/Page_BugsUI/input_username'

2019-05-14 15:07:06 - [MESSAGE][PASSED] - Text 'Kum1!@#$%^&*()ar' is set on object 'Object Repository/Page_BugsUI/input_password'

2019-05-14 15:07:06 - [MESSAGE][PASSED] - Object 'Object Repository/Page_BugsUI/button_Login' is clickable

2019-05-14 15:07:07 - [MESSAGE][PASSED] - Object: 'Object Repository/Page_BugsUI/button_Login' is clicked on

2019-05-14 15:07:10 - [MESSAGE][PASSED] - Delayed 4 second(s)

2019-05-14 15:07:11 - [MESSAGE][WARNING] - Timeout '0' is invalid. Using default page load timeout: '30'

2019-05-14 15:07:11 - [MESSAGE][PASSED] - Object 'Object Repository/Page_BugsUI Dashboard/span_Dashboard' is present

2019-05-14 15:07:11 - [MESSAGE][PASSED] - Object 'Object Repository/Page_BugsUI Dashboard/button_Product' is present

2019-05-14 15:07:11 - [MESSAGE][PASSED] - Object: 'Object Repository/Page_BugsUI Dashboard/button_Product' is clicked on

2019-05-14 15:07:13 - [MESSAGE][PASSED] - Delayed 2 second(s)

2019-05-14 15:07:13 - [MESSAGE][PASSED] - Object 'Object Repository/Page_BugsUI Dashboard/a_Edit' is present

2019-05-14 15:07:13 - [MESSAGE][PASSED] - Object: 'Object Repository/Page_BugsUI Dashboard/a_Edit' is clicked on

2019-05-14 15:07:13 - [MESSAGE][WARNING] - Timeout '0' is invalid. Using default page load timeout: '30'

2019-05-14 15:07:16 - [MESSAGE][PASSED] - Object 'Object Repository/Page_BugsUI Edit Product/span_Edit Product' is present

2019-05-14 15:07:16 - [MESSAGE][PASSED] - Text 'Software' is set on object 'Object Repository/Page_BugsUI Edit Product/div_Choose Classification'

2019-05-14 15:07:18 - [MESSAGE][PASSED] - Delayed 2 second(s)

2019-05-14 15:07:18 - [MESSAGE][PASSED] - Object: 'Object Repository/Page_BugsUI Edit Product/span_Software' is clicked on

2019-05-14 15:07:19 - [MESSAGE][PASSED] - Text '1-Auto-edit' is set on object 'Object Repository/Page_BugsUI Edit Product/div_Choose Product'

2019-05-14 15:07:21 - [MESSAGE][PASSED] - Delayed 2 second(s)

2019-05-14 15:07:21 - [MESSAGE][PASSED] - Object: 'Object Repository/Page_BugsUI Edit Product/span_1-Auto-edit' is clicked on

2019-05-14 15:07:23 - [MESSAGE][PASSED] - Delayed 2 second(s)

2019-05-14 15:07:23 - [MESSAGE][PASSED] - Product edit page loads

2019-05-14 15:07:23 - [TEST_STEP][PASSED] - verify product update button: verify product update button

2019-05-14 15:07:23 - [MESSAGE][WARNING] - Timeout '0' is invalid. Using default page load timeout: '30'

2019-05-14 15:07:23 - [MESSAGE][PASSED] - Object 'Object Repository/Page_BugsUI Edit Product/input_newName' is present

2019-05-14 15:07:23 - [MESSAGE][WARNING] - Timeout '0' is invalid. Using default page load timeout: '30'

2019-05-14 15:07:23 - [MESSAGE][PASSED] - Object 'Object Repository/Page_BugsUI Edit Product/textarea_description' is present

2019-05-14 15:07:23 - [MESSAGE][WARNING] - Timeout '0' is invalid. Using default page load timeout: '30'

2019-05-14 15:07:23 - [MESSAGE][PASSED] - Object 'Object Repository/Page_BugsUI Edit Product/div_closed_for_bug_entry' is present

2019-05-14 15:07:23 - [MESSAGE][PASSED] - verify product update button

2019-05-14 15:07:23 - [TEST_STEP][PASSED] - product update button should be disabled: product update button should be disabled

2019-05-14 15:07:23 - [MESSAGE][PASSED] - Object 'Object Repository/Page_BugsUI Edit Product/button_update_product' is NOT clickable

2019-05-14 15:07:23 - [MESSAGE][PASSED] - product update button should be disabled

2019-05-14 15:07:23 - [TEST_STEP][PASSED] - verify the fields of this edit page: verify the fields of this edit page

2019-05-14 15:07:23 - [MESSAGE][PASSED] - Scroll to object 'Object Repository/Page_BugsUI Edit Product/button_Delete Product' successfully

2019-05-14 15:07:23 - [MESSAGE][WARNING] - Timeout '0' is invalid. Using default page load timeout: '30'

2019-05-14 15:07:23 - [MESSAGE][PASSED] - Object 'Object Repository/Page_BugsUI Edit Product/div_Component Information' is present

2019-05-14 15:07:23 - [MESSAGE][WARNING] - Timeout '0' is invalid. Using default page load timeout: '30'

2019-05-14 15:07:23 - [MESSAGE][PASSED] - Object 'Object Repository/Page_BugsUI Edit Product/button_Refresh components' is present

2019-05-14 15:07:23 - [MESSAGE][WARNING] - Timeout '0' is invalid. Using default page load timeout: '30'

2019-05-14 15:07:23 - [MESSAGE][PASSED] - Object 'Object Repository/Page_BugsUI Edit Product/button_AddNewRow_Component' is present

2019-05-14 15:07:23 - [MESSAGE][WARNING] - Timeout '0' is invalid. Using default page load timeout: '30'

2019-05-14 15:07:23 - [MESSAGE][PASSED] - Object 'Object Repository/Page_BugsUI Edit Product/span_Version Information' is present

2019-05-14 15:07:23 - [MESSAGE][WARNING] - Timeout '0' is invalid. Using default page load timeout: '30'

2019-05-14 15:07:23 - [MESSAGE][PASSED] - Object 'Object Repository/Page_BugsUI Edit Product/button_Refresh versions' is present

2019-05-14 15:07:23 - [MESSAGE][WARNING] - Timeout '0' is invalid. Using default page load timeout: '30'

2019-05-14 15:07:23 - [MESSAGE][PASSED] - Object 'Object Repository/Page_BugsUI Edit Product/button_AddNewRow_version' is present

2019-05-14 15:07:25 - [MESSAGE][PASSED] - Delayed 2 second(s)

2019-05-14 15:07:25 - [MESSAGE][PASSED] - verify the fields of this edit page

2019-05-14 15:07:25 - [MESSAGE][PASSED] - Feature file: 'Include/features/BDD Cucumber Tests/Web UI Tests/Product Edit/EditProductFields.feature' was passed]]></system-out>
         <system-err><![CDATA[]]></system-err>
      </testcase>
      <testcase name="Test Cases/BDD Cucumber TestCases/UpdateProduct" classname="Test Cases/BDD Cucumber TestCases/UpdateProduct" status="PASSED">
         <system-out><![CDATA[2019-05-14 15:07:26 - [TEST_CASE][PASSED] - Test Cases/BDD Cucumber TestCases/UpdateProduct: Test Cases/BDD Cucumber TestCases/UpdateProduct

2019-05-14 15:07:26 - [TEST_STEP][PASSED] - runFeatureFile("Include/features/BDD Cucumber Tests/Web UI Tests/Product Edit/UpdateProduct.feature"): Feature file: 'Include/features/BDD Cucumber Tests/Web UI Tests/Product Edit/UpdateProduct.feature' was passed

2019-05-14 15:07:26 - [MESSAGE][INFO] - Starting run keyword runFeatureFile: 'Include/features/BDD Cucumber Tests/Web UI Tests/Product Edit/UpdateProduct.feature' and extract report to folder: 'C:\New-Bugzilla-Application\Automation\New_Bugzilla-UI-V2\Reports\Cucumber_EditProduct_Suite\20190514_150623/cucumber_report/1557826646238'...

2019-05-14 15:07:26 - [TEST_CASE][PASSED] - Start Test Case : SCENARIO Title of your scenario outline: SCENARIO Title of your scenario outline

2019-05-14 15:07:26 - [TEST_STEP][PASSED] - user in edit page: user in edit page

2019-05-14 15:07:26 - [MESSAGE][PASSED] - Scroll to object 'Object Repository/Page_BugsUI Edit Product/input_newName' successfully

2019-05-14 15:07:26 - [MESSAGE][PASSED] - user in edit page

2019-05-14 15:07:26 - [TEST_STEP][PASSED] - user modifies the product description and updates: user modifies the product description and updates

2019-05-14 15:07:26 - [MESSAGE][PASSED] - Text of object 'Object Repository/Page_BugsUI Edit Product/textarea_description' is cleared

2019-05-14 15:07:26 - [MESSAGE][PASSED] - Text 'Editing Description' is set on object 'Object Repository/Page_BugsUI Edit Product/textarea_description'

2019-05-14 15:07:28 - [MESSAGE][PASSED] - Delayed 2 second(s)

2019-05-14 15:07:28 - [MESSAGE][PASSED] - Object 'Object Repository/Page_BugsUI Edit Product/button_update_product' is clickable

2019-05-14 15:07:28 - [MESSAGE][PASSED] - Object: 'Object Repository/Page_BugsUI Edit Product/button_update_product' is clicked on

2019-05-14 15:07:30 - [MESSAGE][PASSED] - Delayed 2 second(s)

2019-05-14 15:07:30 - [MESSAGE][PASSED] - user modifies the product description and updates

2019-05-14 15:07:30 - [TEST_STEP][PASSED] - product should be update successfully: product should be update successfully

2019-05-14 15:07:31 - [MESSAGE][PASSED] - Text 'Software' is set on object 'Object Repository/Page_BugsUI Edit Product/div_Choose Classification'

2019-05-14 15:07:33 - [MESSAGE][PASSED] - Delayed 2 second(s)

2019-05-14 15:07:33 - [MESSAGE][PASSED] - Object: 'Object Repository/Page_BugsUI Edit Product/span_Software' is clicked on

2019-05-14 15:07:33 - [MESSAGE][PASSED] - Text '1-Auto-edit' is set on object 'Object Repository/Page_BugsUI Edit Product/div_Choose Product'

2019-05-14 15:07:35 - [MESSAGE][PASSED] - Delayed 2 second(s)

2019-05-14 15:07:35 - [MESSAGE][PASSED] - Object: 'Object Repository/Page_BugsUI Edit Product/span_1-Auto-edit' is clicked on

2019-05-14 15:07:37 - [MESSAGE][PASSED] - Delayed 2 second(s)

2019-05-14 15:07:37 - [MESSAGE][PASSED] - Attribute 'value' of object 'Object Repository/Page_BugsUI Edit Product/textarea_description' is: 'Editing Description'

2019-05-14 15:07:37 - [MESSAGE][PASSED] - Text of object 'Object Repository/Page_BugsUI Edit Product/textarea_description' is cleared

2019-05-14 15:07:38 - [MESSAGE][PASSED] - Text 'Product for Automation' is set on object 'Object Repository/Page_BugsUI Edit Product/textarea_description'

2019-05-14 15:07:40 - [MESSAGE][PASSED] - Delayed 2 second(s)

2019-05-14 15:07:40 - [MESSAGE][PASSED] - Object 'Object Repository/Page_BugsUI Edit Product/button_update_product' is clickable

2019-05-14 15:07:40 - [MESSAGE][PASSED] - Object: 'Object Repository/Page_BugsUI Edit Product/button_update_product' is clicked on

2019-05-14 15:07:42 - [MESSAGE][PASSED] - Delayed 2 second(s)

2019-05-14 15:07:43 - [MESSAGE][PASSED] - Browser is closed

2019-05-14 15:07:43 - [MESSAGE][PASSED] - product should be update successfully

2019-05-14 15:07:43 - [MESSAGE][PASSED] - Feature file: 'Include/features/BDD Cucumber Tests/Web UI Tests/Product Edit/UpdateProduct.feature' was passed]]></system-out>
         <system-err><![CDATA[]]></system-err>
      </testcase>
      <system-out><![CDATA[2019-05-14 15:06:25 - [TEST_SUITE][PASSED] - Cucumber_EditProduct_Suite: Test Cases/BDD Cucumber TestCases/UpdateProduct]]></system-out>
      <system-err><![CDATA[]]></system-err>
   </testsuite>
</testsuites>
