<?xml version="1.0" encoding="UTF-8"?>
<testsuites name="Edit_Product_Suite" time="142" tests="5" failures="1" errors="0">
   <testsuite name="Edit_Product_Suite" tests="5" failures="1" errors="0" time="142" timestamp="2019-05-09 14:14:33" hostname="Kumar.nagendra - HMECL001948.happiestminds.com" id="Test Suites/Edit_Product_Suite">
      <properties>
         <property name="deviceName" value=""/>
         <property name="devicePlatform" value=""/>
         <property name="logFolder" value="C:\\New-Bugzilla-Application\\Automation\\New_Bugzilla-UI-V2\\Reports\\Edit_Product_Suite\\20190509_141426"/>
         <property name="logFiles" value="C:\\New-Bugzilla-Application\\Automation\\New_Bugzilla-UI-V2\\Reports\\Edit_Product_Suite\\20190509_141426\\execution0.log"/>
         <property name="attachments" value=""/>
         <property name="hostName" value="Kumar.nagendra - HMECL001948.happiestminds.com"/>
         <property name="os" value="Windows 10 64bit"/>
         <property name="katalonVersion" value="6.1.3.3"/>
         <property name="browser" value="Chrome 74.0.3729.131"/>
         <property name="hostAddress" value="10.95.75.221"/>
         <property name="sessionId" value="7f1f81522cdcb11f45fca927216efae8"/>
         <property name="seleniumVersion" value="3.7.1"/>
         <property name="proxyInformation" value="ProxyInformation{proxyOption=NO_PROXY, proxyServerType=HTTP, password=, proxyServerAddress=, proxyServerPort=0}"/>
         <property name="platform" value="Windows 10"/>
      </properties>
      <testcase name="Test Cases/Edit_Product/Edit_product_fields" classname="Test Cases/Edit_Product/Edit_product_fields" status="PASSED">
         <system-out><![CDATA[2019-05-09 14:14:34 - [TEST_CASE][PASSED] - Test Cases/Edit_Product/Edit_product_fields: Test Cases/Edit_Product/Edit_product_fields

2019-05-09 14:14:35 - [TEST_STEP][PASSED] - openBrowser(""): Browser is opened with url: ''

2019-05-09 14:14:35 - [MESSAGE][INFO] - Starting 'Chrome' driver

2019-05-09 14:14:35 - [MESSAGE][INFO] - Action delay is set to 0 seconds

2019-05-09 14:14:39 - [MESSAGE][PASSED] - Browser is opened with url: ''

2019-05-09 14:14:39 - [TEST_STEP][PASSED] - navigateToUrl(applicationUrl): Navigate to 'https://le-bugsui.staging.corp.arista.io/dashboard' successfully

2019-05-09 14:15:05 - [MESSAGE][PASSED] - Navigate to 'https://le-bugsui.staging.corp.arista.io/dashboard' successfully

2019-05-09 14:15:05 - [TEST_STEP][PASSED] - delay(3): Delayed 3 second(s)

2019-05-09 14:15:08 - [MESSAGE][PASSED] - Delayed 3 second(s)

2019-05-09 14:15:08 - [TEST_STEP][PASSED] - maximizeWindow(): Current window maximized

2019-05-09 14:15:09 - [MESSAGE][PASSED] - Current window maximized

2019-05-09 14:15:09 - [TEST_STEP][PASSED] - delay(2): Delayed 2 second(s)

2019-05-09 14:15:11 - [MESSAGE][PASSED] - Delayed 2 second(s)

2019-05-09 14:15:11 - [TEST_STEP][PASSED] - setText(findTestObject("Page_BugsUI/input_username"), "knagendra-ext"): Text 'knagendra-ext' is set on object 'Object Repository/Page_BugsUI/input_username'

2019-05-09 14:15:11 - [MESSAGE][PASSED] - Text 'knagendra-ext' is set on object 'Object Repository/Page_BugsUI/input_username'

2019-05-09 14:15:11 - [TEST_STEP][PASSED] - setText(findTestObject("Page_BugsUI/input_password"), "Kum1!@#$%^&*()ar"): Text 'Kum1!@#$%^&*()ar' is set on object 'Object Repository/Page_BugsUI/input_password'

2019-05-09 14:15:11 - [MESSAGE][PASSED] - Text 'Kum1!@#$%^&*()ar' is set on object 'Object Repository/Page_BugsUI/input_password'

2019-05-09 14:15:11 - [TEST_STEP][PASSED] - if (verifyElementClickable(findTestObject("Page_BugsUI/button_Login"))): Object: 'Object Repository/Page_BugsUI/button_Login' is clicked on

2019-05-09 14:15:12 - [MESSAGE][PASSED] - Object 'Object Repository/Page_BugsUI/button_Login' is clickable

2019-05-09 14:15:12 - [TEST_STEP][PASSED] - click(findTestObject("Page_BugsUI/button_Login")): Object: 'Object Repository/Page_BugsUI/button_Login' is clicked on

2019-05-09 14:15:12 - [MESSAGE][PASSED] - Object: 'Object Repository/Page_BugsUI/button_Login' is clicked on

2019-05-09 14:15:12 - [TEST_STEP][PASSED] - delay(4): Delayed 4 second(s)

2019-05-09 14:15:16 - [MESSAGE][PASSED] - Delayed 4 second(s)

2019-05-09 14:15:16 - [TEST_STEP][PASSED] - if (verifyElementPresent(findTestObject("Page_BugsUI Dashboard/span_Dashboard"), 0)): null

2019-05-09 14:15:16 - [MESSAGE][WARNING] - Timeout '0' is invalid. Using default page load timeout: '30'

2019-05-09 14:15:16 - [MESSAGE][PASSED] - Object 'Object Repository/Page_BugsUI Dashboard/span_Dashboard' is present

2019-05-09 14:15:16 - [TEST_STEP][PASSED] - if (verifyElementPresent(findTestObject("Page_BugsUI Dashboard/button_Product"), 10)): null

2019-05-09 14:15:16 - [MESSAGE][PASSED] - Object 'Object Repository/Page_BugsUI Dashboard/button_Product' is present

2019-05-09 14:15:16 - [TEST_STEP][PASSED] - click(findTestObject("Page_BugsUI Dashboard/button_Product")): Object: 'Object Repository/Page_BugsUI Dashboard/button_Product' is clicked on

2019-05-09 14:15:16 - [MESSAGE][PASSED] - Object: 'Object Repository/Page_BugsUI Dashboard/button_Product' is clicked on

2019-05-09 14:15:16 - [TEST_STEP][PASSED] - delay(2): Delayed 2 second(s)

2019-05-09 14:15:18 - [MESSAGE][PASSED] - Delayed 2 second(s)

2019-05-09 14:15:18 - [TEST_STEP][PASSED] - if (verifyElementPresent(findTestObject("Page_BugsUI Dashboard/a_Edit"), 5)): Object: 'Object Repository/Page_BugsUI Dashboard/a_Edit' is clicked on

2019-05-09 14:15:18 - [MESSAGE][PASSED] - Object 'Object Repository/Page_BugsUI Dashboard/a_Edit' is present

2019-05-09 14:15:18 - [TEST_STEP][PASSED] - click(findTestObject("Page_BugsUI Dashboard/a_Edit")): Object: 'Object Repository/Page_BugsUI Dashboard/a_Edit' is clicked on

2019-05-09 14:15:18 - [MESSAGE][PASSED] - Object: 'Object Repository/Page_BugsUI Dashboard/a_Edit' is clicked on

2019-05-09 14:15:18 - [TEST_STEP][PASSED] - verifyElementPresent(findTestObject("Page_BugsUI Edit Product/span_Edit Product"), 0): Object 'Object Repository/Page_BugsUI Edit Product/span_Edit Product' is present

2019-05-09 14:15:18 - [MESSAGE][WARNING] - Timeout '0' is invalid. Using default page load timeout: '30'

2019-05-09 14:15:22 - [MESSAGE][PASSED] - Object 'Object Repository/Page_BugsUI Edit Product/span_Edit Product' is present

2019-05-09 14:15:22 - [TEST_STEP][PASSED] - reusable.editPage.selectProduct(): reusable.editPage.selectProduct is PASSED

2019-05-09 14:15:22 - [MESSAGE][PASSED] - Text 'Software' is set on object 'Object Repository/Page_BugsUI Edit Product/div_Choose Classification'

2019-05-09 14:15:24 - [MESSAGE][PASSED] - Delayed 2 second(s)

2019-05-09 14:15:24 - [MESSAGE][PASSED] - Object: 'Object Repository/Page_BugsUI Edit Product/span_Software' is clicked on

2019-05-09 14:15:24 - [MESSAGE][PASSED] - Text '1-Auto-edit' is set on object 'Object Repository/Page_BugsUI Edit Product/div_Choose Product'

2019-05-09 14:15:26 - [MESSAGE][PASSED] - Delayed 2 second(s)

2019-05-09 14:15:27 - [MESSAGE][PASSED] - Object: 'Object Repository/Page_BugsUI Edit Product/span_1-Auto-edit' is clicked on

2019-05-09 14:15:29 - [MESSAGE][PASSED] - Delayed 2 second(s)

2019-05-09 14:15:29 - [MESSAGE][PASSED] - reusable.editPage.selectProduct is PASSED

2019-05-09 14:15:29 - [TEST_STEP][PASSED] - verifyElementPresent(findTestObject("Page_BugsUI Edit Product/input_newName"), 0): Object 'Object Repository/Page_BugsUI Edit Product/input_newName' is present

2019-05-09 14:15:29 - [MESSAGE][WARNING] - Timeout '0' is invalid. Using default page load timeout: '30'

2019-05-09 14:15:29 - [MESSAGE][PASSED] - Object 'Object Repository/Page_BugsUI Edit Product/input_newName' is present

2019-05-09 14:15:29 - [TEST_STEP][PASSED] - verifyElementPresent(findTestObject("Page_BugsUI Edit Product/textarea_description"), 0): Object 'Object Repository/Page_BugsUI Edit Product/textarea_description' is present

2019-05-09 14:15:29 - [MESSAGE][WARNING] - Timeout '0' is invalid. Using default page load timeout: '30'

2019-05-09 14:15:29 - [MESSAGE][PASSED] - Object 'Object Repository/Page_BugsUI Edit Product/textarea_description' is present

2019-05-09 14:15:29 - [TEST_STEP][PASSED] - verifyElementPresent(findTestObject("Page_BugsUI Edit Product/div_closed_for_bug_entry"), 0): Object 'Object Repository/Page_BugsUI Edit Product/div_closed_for_bug_entry' is present

2019-05-09 14:15:29 - [MESSAGE][WARNING] - Timeout '0' is invalid. Using default page load timeout: '30'

2019-05-09 14:15:29 - [MESSAGE][PASSED] - Object 'Object Repository/Page_BugsUI Edit Product/div_closed_for_bug_entry' is present

2019-05-09 14:15:29 - [TEST_STEP][PASSED] - if (verifyElementNotClickable(findTestObject("Page_BugsUI Edit Product/button_update_product"))): null

2019-05-09 14:15:29 - [MESSAGE][PASSED] - Object 'Object Repository/Page_BugsUI Edit Product/button_update_product' is NOT clickable

2019-05-09 14:15:29 - [TEST_STEP][PASSED] - assert true: null

2019-05-09 14:15:29 - [TEST_STEP][PASSED] - scrollToElement(findTestObject("Page_BugsUI Edit Product/button_Delete Product"), 2): Scroll to object 'Object Repository/Page_BugsUI Edit Product/button_Delete Product' successfully

2019-05-09 14:15:29 - [MESSAGE][PASSED] - Scroll to object 'Object Repository/Page_BugsUI Edit Product/button_Delete Product' successfully

2019-05-09 14:15:29 - [TEST_STEP][PASSED] - verifyElementPresent(findTestObject("Page_BugsUI Edit Product/div_Component Information"), 0): Object 'Object Repository/Page_BugsUI Edit Product/div_Component Information' is present

2019-05-09 14:15:29 - [MESSAGE][WARNING] - Timeout '0' is invalid. Using default page load timeout: '30'

2019-05-09 14:15:29 - [MESSAGE][PASSED] - Object 'Object Repository/Page_BugsUI Edit Product/div_Component Information' is present

2019-05-09 14:15:29 - [TEST_STEP][PASSED] - verifyElementPresent(findTestObject("Page_BugsUI Edit Product/button_Refresh components"), 0): Object 'Object Repository/Page_BugsUI Edit Product/button_Refresh components' is present

2019-05-09 14:15:29 - [MESSAGE][WARNING] - Timeout '0' is invalid. Using default page load timeout: '30'

2019-05-09 14:15:29 - [MESSAGE][PASSED] - Object 'Object Repository/Page_BugsUI Edit Product/button_Refresh components' is present

2019-05-09 14:15:29 - [TEST_STEP][PASSED] - verifyElementPresent(findTestObject("Page_BugsUI Edit Product/button_AddNewRow_Component"), 0): Object 'Object Repository/Page_BugsUI Edit Product/button_AddNewRow_Component' is present

2019-05-09 14:15:29 - [MESSAGE][WARNING] - Timeout '0' is invalid. Using default page load timeout: '30'

2019-05-09 14:15:29 - [MESSAGE][PASSED] - Object 'Object Repository/Page_BugsUI Edit Product/button_AddNewRow_Component' is present

2019-05-09 14:15:29 - [TEST_STEP][PASSED] - verifyElementPresent(findTestObject("Page_BugsUI Edit Product/span_Version Information"), 0): Object 'Object Repository/Page_BugsUI Edit Product/span_Version Information' is present

2019-05-09 14:15:29 - [MESSAGE][WARNING] - Timeout '0' is invalid. Using default page load timeout: '30'

2019-05-09 14:15:29 - [MESSAGE][PASSED] - Object 'Object Repository/Page_BugsUI Edit Product/span_Version Information' is present

2019-05-09 14:15:29 - [TEST_STEP][PASSED] - verifyElementPresent(findTestObject("Page_BugsUI Edit Product/button_Refresh versions"), 0): Object 'Object Repository/Page_BugsUI Edit Product/button_Refresh versions' is present

2019-05-09 14:15:29 - [MESSAGE][WARNING] - Timeout '0' is invalid. Using default page load timeout: '30'

2019-05-09 14:15:29 - [MESSAGE][PASSED] - Object 'Object Repository/Page_BugsUI Edit Product/button_Refresh versions' is present

2019-05-09 14:15:29 - [TEST_STEP][PASSED] - verifyElementPresent(findTestObject("Page_BugsUI Edit Product/button_AddNewRow_version"), 0): Object 'Object Repository/Page_BugsUI Edit Product/button_AddNewRow_version' is present

2019-05-09 14:15:29 - [MESSAGE][WARNING] - Timeout '0' is invalid. Using default page load timeout: '30'

2019-05-09 14:15:29 - [MESSAGE][PASSED] - Object 'Object Repository/Page_BugsUI Edit Product/button_AddNewRow_version' is present

2019-05-09 14:15:29 - [TEST_STEP][PASSED] - delay(2): Delayed 2 second(s)

2019-05-09 14:15:31 - [MESSAGE][PASSED] - Delayed 2 second(s)]]></system-out>
         <system-err><![CDATA[]]></system-err>
      </testcase>
      <testcase name="Test Cases/Edit_Product/verify_values_prepopulated" classname="Test Cases/Edit_Product/verify_values_prepopulated" status="PASSED">
         <system-out><![CDATA[2019-05-09 14:15:31 - [TEST_CASE][PASSED] - Test Cases/Edit_Product/verify_values_prepopulated: Test Cases/Edit_Product/verify_values_prepopulated

2019-05-09 14:15:31 - [TEST_STEP][PASSED] - scrollToElement(findTestObject("Page_BugsUI Edit Product/input_newName"), 1): Scroll to object 'Object Repository/Page_BugsUI Edit Product/input_newName' successfully

2019-05-09 14:15:32 - [MESSAGE][PASSED] - Scroll to object 'Object Repository/Page_BugsUI Edit Product/input_newName' successfully

2019-05-09 14:15:32 - [TEST_STEP][PASSED] - productName = getAttribute(findTestObject("Page_BugsUI Edit Product/input_newName"), "value"): Attribute 'value' of object 'Object Repository/Page_BugsUI Edit Product/input_newName' is: '1-Auto-edit'

2019-05-09 14:15:32 - [MESSAGE][PASSED] - Attribute 'value' of object 'Object Repository/Page_BugsUI Edit Product/input_newName' is: '1-Auto-edit'

2019-05-09 14:15:32 - [TEST_STEP][PASSED] - productDescription = getAttribute(findTestObject("Page_BugsUI Edit Product/textarea_description"), "value"): Attribute 'value' of object 'Object Repository/Page_BugsUI Edit Product/textarea_description' is: 'Product for Automation'

2019-05-09 14:15:32 - [MESSAGE][PASSED] - Attribute 'value' of object 'Object Repository/Page_BugsUI Edit Product/textarea_description' is: 'Product for Automation'

2019-05-09 14:15:32 - [TEST_STEP][PASSED] - if (productName.equals("1-Auto-edit")): null

2019-05-09 14:15:32 - [TEST_STEP][PASSED] - assert true: null

2019-05-09 14:15:32 - [TEST_STEP][PASSED] - if (!(productDescription.isEmpty())): null

2019-05-09 14:15:32 - [TEST_STEP][PASSED] - assert true: null

2019-05-09 14:15:32 - [TEST_STEP][PASSED] - verifyElementNotClickable(findTestObject("Page_BugsUI Edit Product/unknown_Component")): Object 'Object Repository/Page_BugsUI Edit Product/unknown_Component' is NOT clickable

2019-05-09 14:15:32 - [MESSAGE][PASSED] - Object 'Object Repository/Page_BugsUI Edit Product/unknown_Component' is NOT clickable

2019-05-09 14:15:32 - [TEST_STEP][PASSED] - unkownComponentName = getAttribute(findTestObject("Page_BugsUI Edit Product/unknown_Component"), "value"): Attribute 'value' of object 'Object Repository/Page_BugsUI Edit Product/unknown_Component' is: 'Unknown'

2019-05-09 14:15:32 - [MESSAGE][PASSED] - Attribute 'value' of object 'Object Repository/Page_BugsUI Edit Product/unknown_Component' is: 'Unknown'

2019-05-09 14:15:32 - [TEST_STEP][PASSED] - if (unkownComponentName.equals("Unknown")): null

2019-05-09 14:15:32 - [TEST_STEP][PASSED] - assert true: null

2019-05-09 14:15:32 - [TEST_STEP][PASSED] - unkownComponentDesc = getAttribute(findTestObject("Page_BugsUI Edit Product/unkown_description"), "value"): Attribute 'value' of object 'Object Repository/Page_BugsUI Edit Product/unkown_description' is: 'unknown'

2019-05-09 14:15:32 - [MESSAGE][PASSED] - Attribute 'value' of object 'Object Repository/Page_BugsUI Edit Product/unkown_description' is: 'unknown'

2019-05-09 14:15:32 - [TEST_STEP][PASSED] - unkownComponentDefaultAsignee = getAttribute(findTestObject("Page_BugsUI Edit Product/unkown_defaultAssignee"), "value"): Attribute 'value' of object 'Object Repository/Page_BugsUI Edit Product/unkown_defaultAssignee' is: 'kumar.nagendra@happiestminds.com'

2019-05-09 14:15:32 - [MESSAGE][PASSED] - Attribute 'value' of object 'Object Repository/Page_BugsUI Edit Product/unkown_defaultAssignee' is: 'kumar.nagendra@happiestminds.com'

2019-05-09 14:15:32 - [TEST_STEP][PASSED] - if (!(unkownComponentDesc.isEmpty()) && !(unkownComponentDefaultAsignee.isEmpty())): null

2019-05-09 14:15:32 - [TEST_STEP][PASSED] - assert true: null

2019-05-09 14:15:32 - [TEST_STEP][PASSED] - delay(2): Delayed 2 second(s)

2019-05-09 14:15:34 - [MESSAGE][PASSED] - Delayed 2 second(s)]]></system-out>
         <system-err><![CDATA[]]></system-err>
      </testcase>
      <testcase name="Test Cases/Edit_Product/default_UnknownComponent" classname="Test Cases/Edit_Product/default_UnknownComponent" status="PASSED">
         <system-out><![CDATA[2019-05-09 14:15:34 - [TEST_CASE][PASSED] - Test Cases/Edit_Product/default_UnknownComponent: Test Cases/Edit_Product/default_UnknownComponent

2019-05-09 14:15:34 - [TEST_STEP][PASSED] - if (verifyElementPresent(findTestObject("Page_BugsUI Edit Product/delete_icon_unknownCompnent"), 0)): Object: 'Object Repository/Page_BugsUI Edit Product/delete_icon_unknownCompnent' is clicked on

2019-05-09 14:15:34 - [MESSAGE][WARNING] - Timeout '0' is invalid. Using default page load timeout: '30'

2019-05-09 14:15:34 - [MESSAGE][PASSED] - Object 'Object Repository/Page_BugsUI Edit Product/delete_icon_unknownCompnent' is present

2019-05-09 14:15:34 - [TEST_STEP][PASSED] - click(findTestObject("Page_BugsUI Edit Product/delete_icon_unknownCompnent")): Object: 'Object Repository/Page_BugsUI Edit Product/delete_icon_unknownCompnent' is clicked on

2019-05-09 14:15:34 - [MESSAGE][PASSED] - Object: 'Object Repository/Page_BugsUI Edit Product/delete_icon_unknownCompnent' is clicked on

2019-05-09 14:15:34 - [TEST_STEP][PASSED] - delay(2): Delayed 2 second(s)

2019-05-09 14:15:36 - [MESSAGE][PASSED] - Delayed 2 second(s)

2019-05-09 14:15:36 - [TEST_STEP][PASSED] - if (verifyElementPresent(findTestObject("Page_BugsUI Edit Product/confirmDeleteProduct_popup"), 0)): null

2019-05-09 14:15:36 - [MESSAGE][WARNING] - Timeout '0' is invalid. Using default page load timeout: '30'

2019-05-09 14:15:36 - [MESSAGE][PASSED] - Object 'Object Repository/Page_BugsUI Edit Product/confirmDeleteProduct_popup' is present

2019-05-09 14:15:36 - [TEST_STEP][PASSED] - if (verifyElementPresent(findTestObject("Page_BugsUI Edit Product/button_component_Yes"), 0)): Object: 'Object Repository/Page_BugsUI Edit Product/button_component_Yes' is clicked on

2019-05-09 14:15:36 - [MESSAGE][WARNING] - Timeout '0' is invalid. Using default page load timeout: '30'

2019-05-09 14:15:36 - [MESSAGE][PASSED] - Object 'Object Repository/Page_BugsUI Edit Product/button_component_Yes' is present

2019-05-09 14:15:36 - [TEST_STEP][PASSED] - click(findTestObject("Page_BugsUI Edit Product/button_component_Yes")): Object: 'Object Repository/Page_BugsUI Edit Product/button_component_Yes' is clicked on

2019-05-09 14:15:37 - [MESSAGE][PASSED] - Object: 'Object Repository/Page_BugsUI Edit Product/button_component_Yes' is clicked on

2019-05-09 14:15:37 - [TEST_STEP][PASSED] - delay(2): Delayed 2 second(s)

2019-05-09 14:15:39 - [MESSAGE][PASSED] - Delayed 2 second(s)

2019-05-09 14:15:39 - [TEST_STEP][PASSED] - if (verifyElementPresent(findTestObject("Page_BugsUI Edit Product/div_Product_atleast_1_component"), 0)): null

2019-05-09 14:15:39 - [MESSAGE][WARNING] - Timeout '0' is invalid. Using default page load timeout: '30'

2019-05-09 14:15:39 - [MESSAGE][PASSED] - Object 'Object Repository/Page_BugsUI Edit Product/div_Product_atleast_1_component' is present

2019-05-09 14:15:39 - [TEST_STEP][PASSED] - warningMessage = getText(findTestObject("Page_BugsUI Edit Product/div_Product_atleast_1_component")): Text of object 'Object Repository/Page_BugsUI Edit Product/div_Product_atleast_1_component' is: 'Product must have at least 1 component.'

2019-05-09 14:15:39 - [MESSAGE][PASSED] - Text of object 'Object Repository/Page_BugsUI Edit Product/div_Product_atleast_1_component' is: 'Product must have at least 1 component.'

2019-05-09 14:15:39 - [TEST_STEP][PASSED] - if (warningMessage.equals("Product must have at least 1 component.")): null

2019-05-09 14:15:39 - [TEST_STEP][PASSED] - assert true: null

2019-05-09 14:15:39 - [TEST_STEP][PASSED] - delay(3): Delayed 3 second(s)

2019-05-09 14:15:42 - [MESSAGE][PASSED] - Delayed 3 second(s)

2019-05-09 14:15:42 - [TEST_STEP][PASSED] - if (verifyElementPresent(findTestObject("Page_BugsUI Edit Product/update_icon_unknownComponent"), 0)): null

2019-05-09 14:15:42 - [MESSAGE][WARNING] - Timeout '0' is invalid. Using default page load timeout: '30'

2019-05-09 14:15:42 - [MESSAGE][PASSED] - Object 'Object Repository/Page_BugsUI Edit Product/update_icon_unknownComponent' is present

2019-05-09 14:15:42 - [TEST_STEP][PASSED] - click(findTestObject("Page_BugsUI Edit Product/update_icon_unknownComponent")): Object: 'Object Repository/Page_BugsUI Edit Product/update_icon_unknownComponent' is clicked on

2019-05-09 14:15:42 - [MESSAGE][PASSED] - Object: 'Object Repository/Page_BugsUI Edit Product/update_icon_unknownComponent' is clicked on

2019-05-09 14:15:42 - [TEST_STEP][PASSED] - if (verifyElementPresent(findTestObject("Page_BugsUI Edit Product/div_Nothing to update"), 0)): null

2019-05-09 14:15:42 - [MESSAGE][WARNING] - Timeout '0' is invalid. Using default page load timeout: '30'

2019-05-09 14:15:42 - [MESSAGE][PASSED] - Object 'Object Repository/Page_BugsUI Edit Product/div_Nothing to update' is present

2019-05-09 14:15:42 - [TEST_STEP][PASSED] - nothingToUpdate = getText(findTestObject("Page_BugsUI Edit Product/div_Nothing to update")): Text of object 'Object Repository/Page_BugsUI Edit Product/div_Nothing to update' is: 'Nothing to update.'

2019-05-09 14:15:42 - [MESSAGE][PASSED] - Text of object 'Object Repository/Page_BugsUI Edit Product/div_Nothing to update' is: 'Nothing to update.'

2019-05-09 14:15:42 - [TEST_STEP][PASSED] - if (nothingToUpdate.equals("Nothing to update.")): null

2019-05-09 14:15:42 - [TEST_STEP][PASSED] - assert true: null

2019-05-09 14:15:42 - [TEST_STEP][PASSED] - clearText(findTestObject("Page_BugsUI Edit Product/unkown_description")): Text of object 'Object Repository/Page_BugsUI Edit Product/unkown_description' is cleared

2019-05-09 14:15:42 - [MESSAGE][PASSED] - Text of object 'Object Repository/Page_BugsUI Edit Product/unkown_description' is cleared

2019-05-09 14:15:42 - [TEST_STEP][PASSED] - setText(findTestObject("Page_BugsUI Edit Product/unkown_description"), "unknown1234"): Text 'unknown1234' is set on object 'Object Repository/Page_BugsUI Edit Product/unkown_description'

2019-05-09 14:15:43 - [MESSAGE][PASSED] - Text 'unknown1234' is set on object 'Object Repository/Page_BugsUI Edit Product/unkown_description'

2019-05-09 14:15:43 - [TEST_STEP][PASSED] - clearText(findTestObject("Page_BugsUI Edit Product/unkown_defaultAssignee")): Text of object 'Object Repository/Page_BugsUI Edit Product/unkown_defaultAssignee' is cleared

2019-05-09 14:15:43 - [MESSAGE][PASSED] - Text of object 'Object Repository/Page_BugsUI Edit Product/unkown_defaultAssignee' is cleared

2019-05-09 14:15:43 - [TEST_STEP][PASSED] - setText(findTestObject("Page_BugsUI Edit Product/unkown_defaultAssignee"), "divya.r@happiestminds.com"): Text 'divya.r@happiestminds.com' is set on object 'Object Repository/Page_BugsUI Edit Product/unkown_defaultAssignee'

2019-05-09 14:15:43 - [MESSAGE][PASSED] - Text 'divya.r@happiestminds.com' is set on object 'Object Repository/Page_BugsUI Edit Product/unkown_defaultAssignee'

2019-05-09 14:15:43 - [TEST_STEP][PASSED] - click(findTestObject("Page_BugsUI Edit Product/update_icon_unknownComponent")): Object: 'Object Repository/Page_BugsUI Edit Product/update_icon_unknownComponent' is clicked on

2019-05-09 14:15:43 - [MESSAGE][PASSED] - Object: 'Object Repository/Page_BugsUI Edit Product/update_icon_unknownComponent' is clicked on

2019-05-09 14:15:43 - [TEST_STEP][PASSED] - if (verifyElementPresent(findTestObject("Page_BugsUI Edit Product/div_Component has been updated"), 0)): null

2019-05-09 14:15:43 - [MESSAGE][WARNING] - Timeout '0' is invalid. Using default page load timeout: '30'

2019-05-09 14:15:44 - [MESSAGE][PASSED] - Object 'Object Repository/Page_BugsUI Edit Product/div_Component has been updated' is present

2019-05-09 14:15:44 - [TEST_STEP][PASSED] - componentUpdatedMsg = getText(findTestObject("Page_BugsUI Edit Product/div_Component has been updated")): Text of object 'Object Repository/Page_BugsUI Edit Product/div_Component has been updated' is: 'Component has been updated successfully.'

2019-05-09 14:15:44 - [MESSAGE][PASSED] - Text of object 'Object Repository/Page_BugsUI Edit Product/div_Component has been updated' is: 'Component has been updated successfully.'

2019-05-09 14:15:44 - [TEST_STEP][PASSED] - if (componentUpdatedMsg.equals("Component has been updated successfully.")): null

2019-05-09 14:15:44 - [TEST_STEP][PASSED] - assert true: null

2019-05-09 14:15:44 - [TEST_STEP][PASSED] - delay(4): Delayed 4 second(s)

2019-05-09 14:15:48 - [MESSAGE][PASSED] - Delayed 4 second(s)

2019-05-09 14:15:48 - [TEST_STEP][PASSED] - reusable.editPage.resetUnkownComponent(): reusable.editPage.resetUnkownComponent is PASSED

2019-05-09 14:15:48 - [MESSAGE][PASSED] - Text of object 'Object Repository/Page_BugsUI Edit Product/unkown_description' is cleared

2019-05-09 14:15:48 - [MESSAGE][PASSED] - Text 'unknown' is set on object 'Object Repository/Page_BugsUI Edit Product/unkown_description'

2019-05-09 14:15:48 - [MESSAGE][PASSED] - Text of object 'Object Repository/Page_BugsUI Edit Product/unkown_defaultAssignee' is cleared

2019-05-09 14:15:49 - [MESSAGE][PASSED] - Text 'kumar.nagendra@happiestminds.com' is set on object 'Object Repository/Page_BugsUI Edit Product/unkown_defaultAssignee'

2019-05-09 14:15:49 - [MESSAGE][PASSED] - Object: 'Object Repository/Page_BugsUI Edit Product/update_icon_unknownComponent' is clicked on

2019-05-09 14:15:51 - [MESSAGE][PASSED] - Delayed 2 second(s)

2019-05-09 14:15:51 - [MESSAGE][PASSED] - reusable.editPage.resetUnkownComponent is PASSED

2019-05-09 14:15:51 - [TEST_STEP][PASSED] - delay(3): Delayed 3 second(s)

2019-05-09 14:15:54 - [MESSAGE][PASSED] - Delayed 3 second(s)]]></system-out>
         <system-err><![CDATA[]]></system-err>
      </testcase>
      <testcase name="Test Cases/Edit_Product/component_section" classname="Test Cases/Edit_Product/component_section" status="FAILED">
         <failure type="FAILED" message="Test Cases/Edit_Product/component_section FAILED.
Reason:
Assertion failed: 

assert false


	at component_section.run(component_section:114)
	at com.kms.katalon.core.main.ScriptEngine.run(ScriptEngine.java:194)
	at com.kms.katalon.core.main.ScriptEngine.runScriptAsRawText(ScriptEngine.java:119)
	at com.kms.katalon.core.main.TestCaseExecutor.runScript(TestCaseExecutor.java:336)
	at com.kms.katalon.core.main.TestCaseExecutor.doExecute(TestCaseExecutor.java:327)
	at com.kms.katalon.core.main.TestCaseExecutor.processExecutionPhase(TestCaseExecutor.java:306)
	at com.kms.katalon.core.main.TestCaseExecutor.accessMainPhase(TestCaseExecutor.java:298)
	at com.kms.katalon.core.main.TestCaseExecutor.execute(TestCaseExecutor.java:232)
	at com.kms.katalon.core.main.TestSuiteExecutor.accessTestCaseMainPhase(TestSuiteExecutor.java:129)
	at com.kms.katalon.core.main.TestSuiteExecutor.accessTestSuiteMainPhase(TestSuiteExecutor.java:112)
	at com.kms.katalon.core.main.TestSuiteExecutor.execute(TestSuiteExecutor.java:81)
	at com.kms.katalon.core.main.TestCaseMain.startTestSuite(TestCaseMain.java:157)
	at com.kms.katalon.core.main.TestCaseMain$startTestSuite$0.call(Unknown Source)
	at TempTestSuite1557391466130.run(TempTestSuite1557391466130.groovy:35)
"/>
         <system-out><![CDATA[2019-05-09 14:15:54 - [TEST_CASE][FAILED] - Test Cases/Edit_Product/component_section: Test Cases/Edit_Product/component_section FAILED.
Reason:
Assertion failed: 

assert false


	at component_section.run(component_section:114)
	at com.kms.katalon.core.main.ScriptEngine.run(ScriptEngine.java:194)
	at com.kms.katalon.core.main.ScriptEngine.runScriptAsRawText(ScriptEngine.java:119)
	at com.kms.katalon.core.main.TestCaseExecutor.runScript(TestCaseExecutor.java:336)
	at com.kms.katalon.core.main.TestCaseExecutor.doExecute(TestCaseExecutor.java:327)
	at com.kms.katalon.core.main.TestCaseExecutor.processExecutionPhase(TestCaseExecutor.java:306)
	at com.kms.katalon.core.main.TestCaseExecutor.accessMainPhase(TestCaseExecutor.java:298)
	at com.kms.katalon.core.main.TestCaseExecutor.execute(TestCaseExecutor.java:232)
	at com.kms.katalon.core.main.TestSuiteExecutor.accessTestCaseMainPhase(TestSuiteExecutor.java:129)
	at com.kms.katalon.core.main.TestSuiteExecutor.accessTestSuiteMainPhase(TestSuiteExecutor.java:112)
	at com.kms.katalon.core.main.TestSuiteExecutor.execute(TestSuiteExecutor.java:81)
	at com.kms.katalon.core.main.TestCaseMain.startTestSuite(TestCaseMain.java:157)
	at com.kms.katalon.core.main.TestCaseMain$startTestSuite$0.call(Unknown Source)
	at TempTestSuite1557391466130.run(TempTestSuite1557391466130.groovy:35)


2019-05-09 14:15:54 - [TEST_STEP][PASSED] - if (verifyElementPresent(findTestObject("Page_BugsUI Edit Product/button_AddNewRow_Component"), 0)): Object: 'Object Repository/Page_BugsUI Edit Product/button_AddNewRow_Component' is clicked on

2019-05-09 14:15:54 - [MESSAGE][WARNING] - Timeout '0' is invalid. Using default page load timeout: '30'

2019-05-09 14:15:54 - [MESSAGE][PASSED] - Object 'Object Repository/Page_BugsUI Edit Product/button_AddNewRow_Component' is present

2019-05-09 14:15:54 - [TEST_STEP][PASSED] - click(findTestObject("Page_BugsUI Edit Product/button_AddNewRow_Component")): Object: 'Object Repository/Page_BugsUI Edit Product/button_AddNewRow_Component' is clicked on

2019-05-09 14:15:54 - [MESSAGE][PASSED] - Object: 'Object Repository/Page_BugsUI Edit Product/button_AddNewRow_Component' is clicked on

2019-05-09 14:15:54 - [TEST_STEP][PASSED] - setText(findTestObject("Page_BugsUI Edit Product/unkown_description"), "C1 description"): Text 'C1 description' is set on object 'Object Repository/Page_BugsUI Edit Product/unkown_description'

2019-05-09 14:15:54 - [MESSAGE][PASSED] - Text 'C1 description' is set on object 'Object Repository/Page_BugsUI Edit Product/unkown_description'

2019-05-09 14:15:54 - [TEST_STEP][PASSED] - if (verifyElementPresent(findTestObject("Page_BugsUI Edit Product/button_Add_component"), 0)): Object: 'Object Repository/Page_BugsUI Edit Product/button_Add_component' is clicked on

2019-05-09 14:15:55 - [MESSAGE][WARNING] - Timeout '0' is invalid. Using default page load timeout: '30'

2019-05-09 14:15:55 - [MESSAGE][PASSED] - Object 'Object Repository/Page_BugsUI Edit Product/button_Add_component' is present

2019-05-09 14:15:55 - [TEST_STEP][PASSED] - click(findTestObject("Page_BugsUI Edit Product/button_Add_component")): Object: 'Object Repository/Page_BugsUI Edit Product/button_Add_component' is clicked on

2019-05-09 14:15:55 - [MESSAGE][PASSED] - Object: 'Object Repository/Page_BugsUI Edit Product/button_Add_component' is clicked on

2019-05-09 14:15:55 - [TEST_STEP][PASSED] - if (verifyElementPresent(findTestObject("Page_BugsUI Edit Product/div_Name_Email_required"), 0)): null

2019-05-09 14:15:55 - [MESSAGE][WARNING] - Timeout '0' is invalid. Using default page load timeout: '30'

2019-05-09 14:15:55 - [MESSAGE][PASSED] - Object 'Object Repository/Page_BugsUI Edit Product/div_Name_Email_required' is present

2019-05-09 14:15:55 - [TEST_STEP][PASSED] - componentNameEmailReqMsg = getText(findTestObject("Page_BugsUI Edit Product/div_Name_Email_required")): Text of object 'Object Repository/Page_BugsUI Edit Product/div_Name_Email_required' is: 'Name is required, Email is required'

2019-05-09 14:15:55 - [MESSAGE][PASSED] - Text of object 'Object Repository/Page_BugsUI Edit Product/div_Name_Email_required' is: 'Name is required, Email is required'

2019-05-09 14:15:55 - [TEST_STEP][PASSED] - if (componentNameEmailReqMsg.equals("Name is required, Email is required")): null

2019-05-09 14:15:55 - [TEST_STEP][PASSED] - assert true: null

2019-05-09 14:15:55 - [TEST_STEP][PASSED] - delay(2): Delayed 2 second(s)

2019-05-09 14:15:57 - [MESSAGE][PASSED] - Delayed 2 second(s)

2019-05-09 14:15:57 - [TEST_STEP][PASSED] - setText(findTestObject("Page_BugsUI Edit Product/unknown_Component"), "C1"): Text 'C1' is set on object 'Object Repository/Page_BugsUI Edit Product/unknown_Component'

2019-05-09 14:15:57 - [MESSAGE][PASSED] - Text 'C1' is set on object 'Object Repository/Page_BugsUI Edit Product/unknown_Component'

2019-05-09 14:15:57 - [TEST_STEP][PASSED] - setText(findTestObject("Page_BugsUI Edit Product/unkown_defaultAssignee"), "kumar.nagendra@happiestminds.com"): Text 'kumar.nagendra@happiestminds.com' is set on object 'Object Repository/Page_BugsUI Edit Product/unkown_defaultAssignee'

2019-05-09 14:15:58 - [MESSAGE][PASSED] - Text 'kumar.nagendra@happiestminds.com' is set on object 'Object Repository/Page_BugsUI Edit Product/unkown_defaultAssignee'

2019-05-09 14:15:58 - [TEST_STEP][PASSED] - if (verifyElementPresent(findTestObject("Page_BugsUI Edit Product/button_Add_component"), 0)): Object: 'Object Repository/Page_BugsUI Edit Product/button_Add_component' is clicked on

2019-05-09 14:15:58 - [MESSAGE][WARNING] - Timeout '0' is invalid. Using default page load timeout: '30'

2019-05-09 14:15:58 - [MESSAGE][PASSED] - Object 'Object Repository/Page_BugsUI Edit Product/button_Add_component' is present

2019-05-09 14:15:58 - [TEST_STEP][PASSED] - click(findTestObject("Page_BugsUI Edit Product/button_Add_component")): Object: 'Object Repository/Page_BugsUI Edit Product/button_Add_component' is clicked on

2019-05-09 14:15:58 - [MESSAGE][PASSED] - Object: 'Object Repository/Page_BugsUI Edit Product/button_Add_component' is clicked on

2019-05-09 14:15:58 - [TEST_STEP][PASSED] - if (verifyElementPresent(findTestObject("Page_BugsUI Edit Product/div_Component_added"), 0)): null

2019-05-09 14:15:58 - [MESSAGE][WARNING] - Timeout '0' is invalid. Using default page load timeout: '30'

2019-05-09 14:15:59 - [MESSAGE][PASSED] - Object 'Object Repository/Page_BugsUI Edit Product/div_Component_added' is present

2019-05-09 14:15:59 - [TEST_STEP][PASSED] - componentAddedSuccessMsg = getText(findTestObject("Page_BugsUI Edit Product/div_Component_added")): Text of object 'Object Repository/Page_BugsUI Edit Product/div_Component_added' is: 'Component has been added successfully.'

2019-05-09 14:15:59 - [MESSAGE][PASSED] - Text of object 'Object Repository/Page_BugsUI Edit Product/div_Component_added' is: 'Component has been added successfully.'

2019-05-09 14:15:59 - [TEST_STEP][PASSED] - if (componentAddedSuccessMsg.equals("Component has been added successfully.")): null

2019-05-09 14:15:59 - [TEST_STEP][PASSED] - assert true: null

2019-05-09 14:15:59 - [TEST_STEP][PASSED] - delay(3): Delayed 3 second(s)

2019-05-09 14:16:02 - [MESSAGE][PASSED] - Delayed 3 second(s)

2019-05-09 14:16:02 - [TEST_STEP][PASSED] - compName = getAttribute(findTestObject("Page_BugsUI Edit Product/unknown_Component"), "value"): Attribute 'value' of object 'Object Repository/Page_BugsUI Edit Product/unknown_Component' is: 'C1'

2019-05-09 14:16:02 - [MESSAGE][PASSED] - Attribute 'value' of object 'Object Repository/Page_BugsUI Edit Product/unknown_Component' is: 'C1'

2019-05-09 14:16:02 - [TEST_STEP][PASSED] - if (compName.equals("C1")): null

2019-05-09 14:16:02 - [TEST_STEP][PASSED] - assert true: null

2019-05-09 14:16:02 - [TEST_STEP][PASSED] - delay(3): Delayed 3 second(s)

2019-05-09 14:16:05 - [MESSAGE][PASSED] - Delayed 3 second(s)

2019-05-09 14:16:05 - [TEST_STEP][PASSED] - if (verifyElementPresent(findTestObject("Page_BugsUI Edit Product/delete_icon_unknownCompnent"), 0)): Object: 'Object Repository/Page_BugsUI Edit Product/delete_icon_unknownCompnent' is clicked on

2019-05-09 14:16:05 - [MESSAGE][WARNING] - Timeout '0' is invalid. Using default page load timeout: '30'

2019-05-09 14:16:05 - [MESSAGE][PASSED] - Object 'Object Repository/Page_BugsUI Edit Product/delete_icon_unknownCompnent' is present

2019-05-09 14:16:05 - [TEST_STEP][PASSED] - click(findTestObject("Page_BugsUI Edit Product/delete_icon_unknownCompnent")): Object: 'Object Repository/Page_BugsUI Edit Product/delete_icon_unknownCompnent' is clicked on

2019-05-09 14:16:05 - [MESSAGE][PASSED] - Object: 'Object Repository/Page_BugsUI Edit Product/delete_icon_unknownCompnent' is clicked on

2019-05-09 14:16:05 - [TEST_STEP][PASSED] - reusable.editPage.deleteComponent(): reusable.editPage.deleteComponent is PASSED

2019-05-09 14:16:05 - [MESSAGE][WARNING] - Timeout '0' is invalid. Using default page load timeout: '30'

2019-05-09 14:16:05 - [MESSAGE][PASSED] - Object 'Object Repository/Page_BugsUI Edit Product/confirmDeleteProduct_popup' is present

2019-05-09 14:16:05 - [MESSAGE][WARNING] - Timeout '0' is invalid. Using default page load timeout: '30'

2019-05-09 14:16:05 - [MESSAGE][PASSED] - Object 'Object Repository/Page_BugsUI Edit Product/button_component_Yes' is present

2019-05-09 14:16:05 - [MESSAGE][PASSED] - Object: 'Object Repository/Page_BugsUI Edit Product/button_component_Yes' is clicked on

2019-05-09 14:16:05 - [MESSAGE][PASSED] - reusable.editPage.deleteComponent is PASSED

2019-05-09 14:16:05 - [TEST_STEP][PASSED] - if (verifyElementPresent(findTestObject("Page_BugsUI Edit Product/div_Component_deleted"), 0)): null

2019-05-09 14:16:05 - [MESSAGE][WARNING] - Timeout '0' is invalid. Using default page load timeout: '30'

2019-05-09 14:16:07 - [MESSAGE][PASSED] - Object 'Object Repository/Page_BugsUI Edit Product/div_Component_deleted' is present

2019-05-09 14:16:07 - [TEST_STEP][PASSED] - componentDeletedSuccessMsg = getText(findTestObject("Page_BugsUI Edit Product/div_Component_deleted")): Text of object 'Object Repository/Page_BugsUI Edit Product/div_Component_deleted' is: 'Component has been deleted successfully.'

2019-05-09 14:16:07 - [MESSAGE][PASSED] - Text of object 'Object Repository/Page_BugsUI Edit Product/div_Component_deleted' is: 'Component has been deleted successfully.'

2019-05-09 14:16:07 - [TEST_STEP][PASSED] - if (componentDeletedSuccessMsg.equals("Component has been deleted successfully.")): null

2019-05-09 14:16:07 - [TEST_STEP][PASSED] - assert true: null

2019-05-09 14:16:07 - [TEST_STEP][PASSED] - delay(2): Delayed 2 second(s)

2019-05-09 14:16:09 - [MESSAGE][PASSED] - Delayed 2 second(s)

2019-05-09 14:16:09 - [TEST_STEP][PASSED] - if (!(getAttribute(findTestObject("Page_BugsUI Edit Product/unknown_Component"), "value").equals("C1"))): Attribute 'value' of object 'Object Repository/Page_BugsUI Edit Product/unknown_Component' is: 'C1'

2019-05-09 14:16:09 - [MESSAGE][PASSED] - Attribute 'value' of object 'Object Repository/Page_BugsUI Edit Product/unknown_Component' is: 'C1'

2019-05-09 14:16:09 - [TEST_STEP][PASSED] - else: null

2019-05-09 14:16:09 - [TEST_STEP][PASSED] - assert false: null]]></system-out>
         <system-err><![CDATA[2019-05-09 14:15:54 - [TEST_CASE][FAILED] - Test Cases/Edit_Product/component_section: Test Cases/Edit_Product/component_section FAILED.
Reason:
Assertion failed: 

assert false


	at component_section.run(component_section:114)
	at com.kms.katalon.core.main.ScriptEngine.run(ScriptEngine.java:194)
	at com.kms.katalon.core.main.ScriptEngine.runScriptAsRawText(ScriptEngine.java:119)
	at com.kms.katalon.core.main.TestCaseExecutor.runScript(TestCaseExecutor.java:336)
	at com.kms.katalon.core.main.TestCaseExecutor.doExecute(TestCaseExecutor.java:327)
	at com.kms.katalon.core.main.TestCaseExecutor.processExecutionPhase(TestCaseExecutor.java:306)
	at com.kms.katalon.core.main.TestCaseExecutor.accessMainPhase(TestCaseExecutor.java:298)
	at com.kms.katalon.core.main.TestCaseExecutor.execute(TestCaseExecutor.java:232)
	at com.kms.katalon.core.main.TestSuiteExecutor.accessTestCaseMainPhase(TestSuiteExecutor.java:129)
	at com.kms.katalon.core.main.TestSuiteExecutor.accessTestSuiteMainPhase(TestSuiteExecutor.java:112)
	at com.kms.katalon.core.main.TestSuiteExecutor.execute(TestSuiteExecutor.java:81)
	at com.kms.katalon.core.main.TestCaseMain.startTestSuite(TestCaseMain.java:157)
	at com.kms.katalon.core.main.TestCaseMain$startTestSuite$0.call(Unknown Source)
	at TempTestSuite1557391466130.run(TempTestSuite1557391466130.groovy:35)]]></system-err>
      </testcase>
      <testcase name="Test Cases/Edit_Product/version_section" classname="Test Cases/Edit_Product/version_section" status="PASSED">
         <system-out><![CDATA[2019-05-09 14:16:09 - [TEST_CASE][PASSED] - Test Cases/Edit_Product/version_section: Test Cases/Edit_Product/version_section

2019-05-09 14:16:09 - [TEST_STEP][PASSED] - if (verifyElementPresent(findTestObject("Page_BugsUI Edit Product/delete_icon_version"), 0)): Object: 'Object Repository/Page_BugsUI Edit Product/delete_icon_version' is clicked on

2019-05-09 14:16:09 - [MESSAGE][WARNING] - Timeout '0' is invalid. Using default page load timeout: '30'

2019-05-09 14:16:09 - [MESSAGE][PASSED] - Object 'Object Repository/Page_BugsUI Edit Product/delete_icon_version' is present

2019-05-09 14:16:09 - [TEST_STEP][PASSED] - click(findTestObject("Page_BugsUI Edit Product/delete_icon_version")): Object: 'Object Repository/Page_BugsUI Edit Product/delete_icon_version' is clicked on

2019-05-09 14:16:09 - [MESSAGE][PASSED] - Object: 'Object Repository/Page_BugsUI Edit Product/delete_icon_version' is clicked on

2019-05-09 14:16:09 - [TEST_STEP][PASSED] - delay(2): Delayed 2 second(s)

2019-05-09 14:16:11 - [MESSAGE][PASSED] - Delayed 2 second(s)

2019-05-09 14:16:11 - [TEST_STEP][PASSED] - reusable.editPage.deleteVersion(): reusable.editPage.deleteVersion is PASSED

2019-05-09 14:16:11 - [MESSAGE][WARNING] - Timeout '0' is invalid. Using default page load timeout: '30'

2019-05-09 14:16:11 - [MESSAGE][PASSED] - Object 'Object Repository/Page_BugsUI Edit Product/confirmDeleteProduct_popup' is present

2019-05-09 14:16:11 - [MESSAGE][WARNING] - Timeout '0' is invalid. Using default page load timeout: '30'

2019-05-09 14:16:11 - [MESSAGE][PASSED] - Object 'Object Repository/Page_BugsUI Edit Product/button_version_Yes' is present

2019-05-09 14:16:11 - [MESSAGE][PASSED] - Object: 'Object Repository/Page_BugsUI Edit Product/button_version_Yes' is clicked on

2019-05-09 14:16:11 - [MESSAGE][PASSED] - reusable.editPage.deleteVersion is PASSED

2019-05-09 14:16:11 - [TEST_STEP][PASSED] - delay(2): Delayed 2 second(s)

2019-05-09 14:16:13 - [MESSAGE][PASSED] - Delayed 2 second(s)

2019-05-09 14:16:13 - [TEST_STEP][PASSED] - if (verifyElementPresent(findTestObject("Page_BugsUI Edit Product/div_Product_atleast_1_version"), 0)): null

2019-05-09 14:16:13 - [MESSAGE][WARNING] - Timeout '0' is invalid. Using default page load timeout: '30'

2019-05-09 14:16:14 - [MESSAGE][PASSED] - Object 'Object Repository/Page_BugsUI Edit Product/div_Product_atleast_1_version' is present

2019-05-09 14:16:14 - [TEST_STEP][PASSED] - warningMessage = getText(findTestObject("Page_BugsUI Edit Product/div_Product_atleast_1_version")): Text of object 'Object Repository/Page_BugsUI Edit Product/div_Product_atleast_1_version' is: 'Product must have atleast 1 version.'

2019-05-09 14:16:14 - [MESSAGE][PASSED] - Text of object 'Object Repository/Page_BugsUI Edit Product/div_Product_atleast_1_version' is: 'Product must have atleast 1 version.'

2019-05-09 14:16:14 - [TEST_STEP][PASSED] - if (warningMessage.equals("Product must have atleast 1 version.")): null

2019-05-09 14:16:14 - [TEST_STEP][PASSED] - assert true: null

2019-05-09 14:16:14 - [TEST_STEP][PASSED] - delay(3): Delayed 3 second(s)

2019-05-09 14:16:17 - [MESSAGE][PASSED] - Delayed 3 second(s)

2019-05-09 14:16:17 - [TEST_STEP][PASSED] - if (verifyElementPresent(findTestObject("Page_BugsUI Edit Product/update_icon_version"), 0)): null

2019-05-09 14:16:17 - [MESSAGE][WARNING] - Timeout '0' is invalid. Using default page load timeout: '30'

2019-05-09 14:16:17 - [MESSAGE][PASSED] - Object 'Object Repository/Page_BugsUI Edit Product/update_icon_version' is present

2019-05-09 14:16:17 - [TEST_STEP][PASSED] - click(findTestObject("Page_BugsUI Edit Product/update_icon_version")): Object: 'Object Repository/Page_BugsUI Edit Product/update_icon_version' is clicked on

2019-05-09 14:16:17 - [MESSAGE][PASSED] - Object: 'Object Repository/Page_BugsUI Edit Product/update_icon_version' is clicked on

2019-05-09 14:16:17 - [TEST_STEP][PASSED] - if (verifyElementPresent(findTestObject("Page_BugsUI Edit Product/div_Nothing to update"), 0)): null

2019-05-09 14:16:17 - [MESSAGE][WARNING] - Timeout '0' is invalid. Using default page load timeout: '30'

2019-05-09 14:16:17 - [MESSAGE][PASSED] - Object 'Object Repository/Page_BugsUI Edit Product/div_Nothing to update' is present

2019-05-09 14:16:17 - [TEST_STEP][PASSED] - nothingToUpdate = getText(findTestObject("Page_BugsUI Edit Product/div_Nothing to update")): Text of object 'Object Repository/Page_BugsUI Edit Product/div_Nothing to update' is: 'Nothing to update.'

2019-05-09 14:16:17 - [MESSAGE][PASSED] - Text of object 'Object Repository/Page_BugsUI Edit Product/div_Nothing to update' is: 'Nothing to update.'

2019-05-09 14:16:17 - [TEST_STEP][PASSED] - if (nothingToUpdate.equals("Nothing to update.")): null

2019-05-09 14:16:17 - [TEST_STEP][PASSED] - assert true: null

2019-05-09 14:16:17 - [TEST_STEP][PASSED] - if (verifyElementPresent(findTestObject("Page_BugsUI Edit Product/button_AddNewRow_version"), 0)): Object: 'Object Repository/Page_BugsUI Edit Product/button_AddNewRow_version' is clicked on

2019-05-09 14:16:17 - [MESSAGE][WARNING] - Timeout '0' is invalid. Using default page load timeout: '30'

2019-05-09 14:16:17 - [MESSAGE][PASSED] - Object 'Object Repository/Page_BugsUI Edit Product/button_AddNewRow_version' is present

2019-05-09 14:16:17 - [TEST_STEP][PASSED] - click(findTestObject("Page_BugsUI Edit Product/button_AddNewRow_version")): Object: 'Object Repository/Page_BugsUI Edit Product/button_AddNewRow_version' is clicked on

2019-05-09 14:16:17 - [MESSAGE][PASSED] - Object: 'Object Repository/Page_BugsUI Edit Product/button_AddNewRow_version' is clicked on

2019-05-09 14:16:17 - [TEST_STEP][PASSED] - setText(findTestObject("Page_BugsUI Edit Product/input_versionName"), "V7"): Text 'V7' is set on object 'Object Repository/Page_BugsUI Edit Product/input_versionName'

2019-05-09 14:16:17 - [MESSAGE][PASSED] - Text 'V7' is set on object 'Object Repository/Page_BugsUI Edit Product/input_versionName'

2019-05-09 14:16:17 - [TEST_STEP][PASSED] - if (verifyElementPresent(findTestObject("Page_BugsUI Edit Product/button_Add_version"), 0)): Object: 'Object Repository/Page_BugsUI Edit Product/button_Add_version' is clicked on

2019-05-09 14:16:17 - [MESSAGE][WARNING] - Timeout '0' is invalid. Using default page load timeout: '30'

2019-05-09 14:16:17 - [MESSAGE][PASSED] - Object 'Object Repository/Page_BugsUI Edit Product/button_Add_version' is present

2019-05-09 14:16:17 - [TEST_STEP][PASSED] - click(findTestObject("Page_BugsUI Edit Product/button_Add_version")): Object: 'Object Repository/Page_BugsUI Edit Product/button_Add_version' is clicked on

2019-05-09 14:16:17 - [MESSAGE][PASSED] - Object: 'Object Repository/Page_BugsUI Edit Product/button_Add_version' is clicked on

2019-05-09 14:16:17 - [TEST_STEP][PASSED] - if (verifyElementPresent(findTestObject("Page_BugsUI Edit Product/div_Version_added"), 0)): null

2019-05-09 14:16:17 - [MESSAGE][WARNING] - Timeout '0' is invalid. Using default page load timeout: '30'

2019-05-09 14:16:18 - [MESSAGE][PASSED] - Object 'Object Repository/Page_BugsUI Edit Product/div_Version_added' is present

2019-05-09 14:16:18 - [TEST_STEP][PASSED] - versionAddedSuccessMsg = getText(findTestObject("Page_BugsUI Edit Product/div_Version_added")): Text of object 'Object Repository/Page_BugsUI Edit Product/div_Version_added' is: 'Version has been added successfully.'

2019-05-09 14:16:18 - [MESSAGE][PASSED] - Text of object 'Object Repository/Page_BugsUI Edit Product/div_Version_added' is: 'Version has been added successfully.'

2019-05-09 14:16:18 - [TEST_STEP][PASSED] - if (versionAddedSuccessMsg.equals("Version has been added successfully.")): null

2019-05-09 14:16:18 - [TEST_STEP][PASSED] - assert true: null

2019-05-09 14:16:18 - [TEST_STEP][PASSED] - delay(3): Delayed 3 second(s)

2019-05-09 14:16:21 - [MESSAGE][PASSED] - Delayed 3 second(s)

2019-05-09 14:16:21 - [TEST_STEP][PASSED] - clearText(findTestObject("Page_BugsUI Edit Product/input_versionName")): Text of object 'Object Repository/Page_BugsUI Edit Product/input_versionName' is cleared

2019-05-09 14:16:21 - [MESSAGE][PASSED] - Text of object 'Object Repository/Page_BugsUI Edit Product/input_versionName' is cleared

2019-05-09 14:16:21 - [TEST_STEP][PASSED] - setText(findTestObject("Page_BugsUI Edit Product/input_versionName"), "V5"): Text 'V5' is set on object 'Object Repository/Page_BugsUI Edit Product/input_versionName'

2019-05-09 14:16:21 - [MESSAGE][PASSED] - Text 'V5' is set on object 'Object Repository/Page_BugsUI Edit Product/input_versionName'

2019-05-09 14:16:21 - [TEST_STEP][PASSED] - click(findTestObject("Page_BugsUI Edit Product/update_icon_version")): Object: 'Object Repository/Page_BugsUI Edit Product/update_icon_version' is clicked on

2019-05-09 14:16:21 - [MESSAGE][PASSED] - Object: 'Object Repository/Page_BugsUI Edit Product/update_icon_version' is clicked on

2019-05-09 14:16:21 - [TEST_STEP][PASSED] - delay(3): Delayed 3 second(s)

2019-05-09 14:16:24 - [MESSAGE][PASSED] - Delayed 3 second(s)

2019-05-09 14:16:24 - [TEST_STEP][PASSED] - if (verifyElementPresent(findTestObject("Page_BugsUI Edit Product/div_Version_updated"), 0)): null

2019-05-09 14:16:24 - [MESSAGE][WARNING] - Timeout '0' is invalid. Using default page load timeout: '30'

2019-05-09 14:16:24 - [MESSAGE][PASSED] - Object 'Object Repository/Page_BugsUI Edit Product/div_Version_updated' is present

2019-05-09 14:16:24 - [TEST_STEP][PASSED] - versionUpdatedMsg = getText(findTestObject("Page_BugsUI Edit Product/div_Version_updated")): Text of object 'Object Repository/Page_BugsUI Edit Product/div_Version_updated' is: 'Version has been updated successfully.'

2019-05-09 14:16:24 - [MESSAGE][PASSED] - Text of object 'Object Repository/Page_BugsUI Edit Product/div_Version_updated' is: 'Version has been updated successfully.'

2019-05-09 14:16:24 - [TEST_STEP][PASSED] - if (versionUpdatedMsg.equals("Version has been updated successfully.")): null

2019-05-09 14:16:24 - [TEST_STEP][PASSED] - assert true: null

2019-05-09 14:16:24 - [TEST_STEP][PASSED] - delay(2): Delayed 2 second(s)

2019-05-09 14:16:26 - [MESSAGE][PASSED] - Delayed 2 second(s)

2019-05-09 14:16:26 - [TEST_STEP][PASSED] - versionName = getAttribute(findTestObject("Page_BugsUI Edit Product/input_versionName"), "value"): Attribute 'value' of object 'Object Repository/Page_BugsUI Edit Product/input_versionName' is: 'V5'

2019-05-09 14:16:26 - [MESSAGE][PASSED] - Attribute 'value' of object 'Object Repository/Page_BugsUI Edit Product/input_versionName' is: 'V5'

2019-05-09 14:16:26 - [TEST_STEP][PASSED] - if (versionName.equals("V5")): null

2019-05-09 14:16:26 - [TEST_STEP][PASSED] - assert true: null

2019-05-09 14:16:26 - [TEST_STEP][PASSED] - if (verifyElementPresent(findTestObject("Page_BugsUI Edit Product/delete_icon_version"), 0)): Object: 'Object Repository/Page_BugsUI Edit Product/delete_icon_version' is clicked on

2019-05-09 14:16:26 - [MESSAGE][WARNING] - Timeout '0' is invalid. Using default page load timeout: '30'

2019-05-09 14:16:26 - [MESSAGE][PASSED] - Object 'Object Repository/Page_BugsUI Edit Product/delete_icon_version' is present

2019-05-09 14:16:26 - [TEST_STEP][PASSED] - click(findTestObject("Page_BugsUI Edit Product/delete_icon_version")): Object: 'Object Repository/Page_BugsUI Edit Product/delete_icon_version' is clicked on

2019-05-09 14:16:27 - [MESSAGE][PASSED] - Object: 'Object Repository/Page_BugsUI Edit Product/delete_icon_version' is clicked on

2019-05-09 14:16:27 - [TEST_STEP][PASSED] - delay(3): Delayed 3 second(s)

2019-05-09 14:16:30 - [MESSAGE][PASSED] - Delayed 3 second(s)

2019-05-09 14:16:30 - [TEST_STEP][PASSED] - reusable.editPage.deleteVersion(): reusable.editPage.deleteVersion is PASSED

2019-05-09 14:16:30 - [MESSAGE][WARNING] - Timeout '0' is invalid. Using default page load timeout: '30'

2019-05-09 14:16:30 - [MESSAGE][PASSED] - Object 'Object Repository/Page_BugsUI Edit Product/confirmDeleteProduct_popup' is present

2019-05-09 14:16:30 - [MESSAGE][WARNING] - Timeout '0' is invalid. Using default page load timeout: '30'

2019-05-09 14:16:30 - [MESSAGE][PASSED] - Object 'Object Repository/Page_BugsUI Edit Product/button_version_Yes' is present

2019-05-09 14:16:30 - [MESSAGE][PASSED] - Object: 'Object Repository/Page_BugsUI Edit Product/button_version_Yes' is clicked on

2019-05-09 14:16:30 - [MESSAGE][PASSED] - reusable.editPage.deleteVersion is PASSED

2019-05-09 14:16:30 - [TEST_STEP][PASSED] - if (verifyElementPresent(findTestObject("Page_BugsUI Edit Product/div_Version_deleted"), 0)): null

2019-05-09 14:16:30 - [MESSAGE][WARNING] - Timeout '0' is invalid. Using default page load timeout: '30'

2019-05-09 14:16:30 - [MESSAGE][PASSED] - Object 'Object Repository/Page_BugsUI Edit Product/div_Version_deleted' is present

2019-05-09 14:16:30 - [TEST_STEP][PASSED] - versionDeletedSuccessMsg = getText(findTestObject("Page_BugsUI Edit Product/div_Version_deleted")): Text of object 'Object Repository/Page_BugsUI Edit Product/div_Version_deleted' is: 'Version has been deleted successfully.'

2019-05-09 14:16:30 - [MESSAGE][PASSED] - Text of object 'Object Repository/Page_BugsUI Edit Product/div_Version_deleted' is: 'Version has been deleted successfully.'

2019-05-09 14:16:30 - [TEST_STEP][PASSED] - if (versionDeletedSuccessMsg.equals("Version has been deleted successfully.")): null

2019-05-09 14:16:30 - [TEST_STEP][PASSED] - assert true: null

2019-05-09 14:16:30 - [TEST_STEP][PASSED] - delay(3): Delayed 3 second(s)

2019-05-09 14:16:33 - [MESSAGE][PASSED] - Delayed 3 second(s)

2019-05-09 14:16:33 - [TEST_STEP][PASSED] - clearText(findTestObject("Page_BugsUI Edit Product/input_versionName")): Text of object 'Object Repository/Page_BugsUI Edit Product/input_versionName' is cleared

2019-05-09 14:16:34 - [MESSAGE][PASSED] - Text of object 'Object Repository/Page_BugsUI Edit Product/input_versionName' is cleared

2019-05-09 14:16:34 - [TEST_STEP][PASSED] - setText(findTestObject("Page_BugsUI Edit Product/input_versionName"), "1"): Text '1' is set on object 'Object Repository/Page_BugsUI Edit Product/input_versionName'

2019-05-09 14:16:34 - [MESSAGE][PASSED] - Text '1' is set on object 'Object Repository/Page_BugsUI Edit Product/input_versionName'

2019-05-09 14:16:34 - [TEST_STEP][PASSED] - click(findTestObject("Page_BugsUI Edit Product/update_icon_version")): Object: 'Object Repository/Page_BugsUI Edit Product/update_icon_version' is clicked on

2019-05-09 14:16:34 - [MESSAGE][PASSED] - Object: 'Object Repository/Page_BugsUI Edit Product/update_icon_version' is clicked on

2019-05-09 14:16:34 - [TEST_STEP][PASSED] - delay(4): Delayed 4 second(s)

2019-05-09 14:16:38 - [MESSAGE][PASSED] - Delayed 4 second(s)]]></system-out>
         <system-err><![CDATA[]]></system-err>
      </testcase>
      <testcase name="Test Cases/Edit_Product/closedForBugEntery_UpdateProduct" classname="Test Cases/Edit_Product/closedForBugEntery_UpdateProduct" status="PASSED">
         <system-out><![CDATA[2019-05-09 14:16:38 - [TEST_CASE][PASSED] - Test Cases/Edit_Product/closedForBugEntery_UpdateProduct: Test Cases/Edit_Product/closedForBugEntery_UpdateProduct

2019-05-09 14:16:38 - [TEST_STEP][PASSED] - scrollToElement(findTestObject("Page_BugsUI Edit Product/input_newName"), 2): Scroll to object 'Object Repository/Page_BugsUI Edit Product/input_newName' successfully

2019-05-09 14:16:38 - [MESSAGE][PASSED] - Scroll to object 'Object Repository/Page_BugsUI Edit Product/input_newName' successfully

2019-05-09 14:16:38 - [TEST_STEP][PASSED] - clearText(findTestObject("Page_BugsUI Edit Product/textarea_description")): Text of object 'Object Repository/Page_BugsUI Edit Product/textarea_description' is cleared

2019-05-09 14:16:38 - [MESSAGE][PASSED] - Text of object 'Object Repository/Page_BugsUI Edit Product/textarea_description' is cleared

2019-05-09 14:16:38 - [TEST_STEP][PASSED] - setText(findTestObject("Page_BugsUI Edit Product/textarea_description"), "Editing Description"): Text 'Editing Description' is set on object 'Object Repository/Page_BugsUI Edit Product/textarea_description'

2019-05-09 14:16:39 - [MESSAGE][PASSED] - Text 'Editing Description' is set on object 'Object Repository/Page_BugsUI Edit Product/textarea_description'

2019-05-09 14:16:39 - [TEST_STEP][PASSED] - delay(2): Delayed 2 second(s)

2019-05-09 14:16:41 - [MESSAGE][PASSED] - Delayed 2 second(s)

2019-05-09 14:16:41 - [TEST_STEP][PASSED] - if (verifyElementClickable(findTestObject("Page_BugsUI Edit Product/button_update_product"))): Object: 'Object Repository/Page_BugsUI Edit Product/button_update_product' is clicked on

2019-05-09 14:16:41 - [MESSAGE][PASSED] - Object 'Object Repository/Page_BugsUI Edit Product/button_update_product' is clickable

2019-05-09 14:16:41 - [TEST_STEP][PASSED] - click(findTestObject("Page_BugsUI Edit Product/button_update_product")): Object: 'Object Repository/Page_BugsUI Edit Product/button_update_product' is clicked on

2019-05-09 14:16:41 - [MESSAGE][PASSED] - Object: 'Object Repository/Page_BugsUI Edit Product/button_update_product' is clicked on

2019-05-09 14:16:41 - [TEST_STEP][PASSED] - delay(2): Delayed 2 second(s)

2019-05-09 14:16:43 - [MESSAGE][PASSED] - Delayed 2 second(s)

2019-05-09 14:16:43 - [TEST_STEP][PASSED] - reusable.editPage.selectProduct(): reusable.editPage.selectProduct is PASSED

2019-05-09 14:16:43 - [MESSAGE][PASSED] - Text 'Software' is set on object 'Object Repository/Page_BugsUI Edit Product/div_Choose Classification'

2019-05-09 14:16:45 - [MESSAGE][PASSED] - Delayed 2 second(s)

2019-05-09 14:16:45 - [MESSAGE][PASSED] - Object: 'Object Repository/Page_BugsUI Edit Product/span_Software' is clicked on

2019-05-09 14:16:46 - [MESSAGE][PASSED] - Text '1-Auto-edit' is set on object 'Object Repository/Page_BugsUI Edit Product/div_Choose Product'

2019-05-09 14:16:48 - [MESSAGE][PASSED] - Delayed 2 second(s)

2019-05-09 14:16:48 - [MESSAGE][PASSED] - Object: 'Object Repository/Page_BugsUI Edit Product/span_1-Auto-edit' is clicked on

2019-05-09 14:16:50 - [MESSAGE][PASSED] - Delayed 2 second(s)

2019-05-09 14:16:50 - [MESSAGE][PASSED] - reusable.editPage.selectProduct is PASSED

2019-05-09 14:16:50 - [TEST_STEP][PASSED] - productDesc = getAttribute(findTestObject("Page_BugsUI Edit Product/textarea_description"), "value"): Attribute 'value' of object 'Object Repository/Page_BugsUI Edit Product/textarea_description' is: 'Editing Description'

2019-05-09 14:16:50 - [MESSAGE][PASSED] - Attribute 'value' of object 'Object Repository/Page_BugsUI Edit Product/textarea_description' is: 'Editing Description'

2019-05-09 14:16:50 - [TEST_STEP][PASSED] - if (productDesc.equals("Editing Description")): null

2019-05-09 14:16:50 - [TEST_STEP][PASSED] - assert true: null

2019-05-09 14:16:50 - [TEST_STEP][PASSED] - clearText(findTestObject("Page_BugsUI Edit Product/textarea_description")): Text of object 'Object Repository/Page_BugsUI Edit Product/textarea_description' is cleared

2019-05-09 14:16:50 - [MESSAGE][PASSED] - Text of object 'Object Repository/Page_BugsUI Edit Product/textarea_description' is cleared

2019-05-09 14:16:50 - [TEST_STEP][PASSED] - setText(findTestObject("Page_BugsUI Edit Product/textarea_description"), "Product for Automation"): Text 'Product for Automation' is set on object 'Object Repository/Page_BugsUI Edit Product/textarea_description'

2019-05-09 14:16:51 - [MESSAGE][PASSED] - Text 'Product for Automation' is set on object 'Object Repository/Page_BugsUI Edit Product/textarea_description'

2019-05-09 14:16:51 - [TEST_STEP][PASSED] - delay(2): Delayed 2 second(s)

2019-05-09 14:16:53 - [MESSAGE][PASSED] - Delayed 2 second(s)

2019-05-09 14:16:53 - [TEST_STEP][PASSED] - if (verifyElementClickable(findTestObject("Page_BugsUI Edit Product/button_update_product"))): Object: 'Object Repository/Page_BugsUI Edit Product/button_update_product' is clicked on

2019-05-09 14:16:53 - [MESSAGE][PASSED] - Object 'Object Repository/Page_BugsUI Edit Product/button_update_product' is clickable

2019-05-09 14:16:53 - [TEST_STEP][PASSED] - click(findTestObject("Page_BugsUI Edit Product/button_update_product")): Object: 'Object Repository/Page_BugsUI Edit Product/button_update_product' is clicked on

2019-05-09 14:16:53 - [MESSAGE][PASSED] - Object: 'Object Repository/Page_BugsUI Edit Product/button_update_product' is clicked on

2019-05-09 14:16:53 - [TEST_STEP][PASSED] - delay(2): Delayed 2 second(s)

2019-05-09 14:16:55 - [MESSAGE][PASSED] - Delayed 2 second(s)

2019-05-09 14:16:55 - [TEST_STEP][PASSED] - closeBrowser(): Browser is closed

2019-05-09 14:16:56 - [MESSAGE][PASSED] - Browser is closed]]></system-out>
         <system-err><![CDATA[]]></system-err>
      </testcase>
      <system-out><![CDATA[2019-05-09 14:14:33 - [TEST_SUITE][FAILED] - Edit_Product_Suite: Test Cases/Edit_Product/component_section FAILED.
Reason:
Assertion failed: 

assert false


	at component_section.run(component_section:114)
	at com.kms.katalon.core.main.ScriptEngine.run(ScriptEngine.java:194)
	at com.kms.katalon.core.main.ScriptEngine.runScriptAsRawText(ScriptEngine.java:119)
	at com.kms.katalon.core.main.TestCaseExecutor.runScript(TestCaseExecutor.java:336)
	at com.kms.katalon.core.main.TestCaseExecutor.doExecute(TestCaseExecutor.java:327)
	at com.kms.katalon.core.main.TestCaseExecutor.processExecutionPhase(TestCaseExecutor.java:306)
	at com.kms.katalon.core.main.TestCaseExecutor.accessMainPhase(TestCaseExecutor.java:298)
	at com.kms.katalon.core.main.TestCaseExecutor.execute(TestCaseExecutor.java:232)
	at com.kms.katalon.core.main.TestSuiteExecutor.accessTestCaseMainPhase(TestSuiteExecutor.java:129)
	at com.kms.katalon.core.main.TestSuiteExecutor.accessTestSuiteMainPhase(TestSuiteExecutor.java:112)
	at com.kms.katalon.core.main.TestSuiteExecutor.execute(TestSuiteExecutor.java:81)
	at com.kms.katalon.core.main.TestCaseMain.startTestSuite(TestCaseMain.java:157)
	at com.kms.katalon.core.main.TestCaseMain$startTestSuite$0.call(Unknown Source)
	at TempTestSuite1557391466130.run(TempTestSuite1557391466130.groovy:35)]]></system-out>
      <system-err><![CDATA[2019-05-09 14:14:33 - [TEST_SUITE][FAILED] - Edit_Product_Suite: Test Cases/Edit_Product/component_section FAILED.
Reason:
Assertion failed: 

assert false


	at component_section.run(component_section:114)
	at com.kms.katalon.core.main.ScriptEngine.run(ScriptEngine.java:194)
	at com.kms.katalon.core.main.ScriptEngine.runScriptAsRawText(ScriptEngine.java:119)
	at com.kms.katalon.core.main.TestCaseExecutor.runScript(TestCaseExecutor.java:336)
	at com.kms.katalon.core.main.TestCaseExecutor.doExecute(TestCaseExecutor.java:327)
	at com.kms.katalon.core.main.TestCaseExecutor.processExecutionPhase(TestCaseExecutor.java:306)
	at com.kms.katalon.core.main.TestCaseExecutor.accessMainPhase(TestCaseExecutor.java:298)
	at com.kms.katalon.core.main.TestCaseExecutor.execute(TestCaseExecutor.java:232)
	at com.kms.katalon.core.main.TestSuiteExecutor.accessTestCaseMainPhase(TestSuiteExecutor.java:129)
	at com.kms.katalon.core.main.TestSuiteExecutor.accessTestSuiteMainPhase(TestSuiteExecutor.java:112)
	at com.kms.katalon.core.main.TestSuiteExecutor.execute(TestSuiteExecutor.java:81)
	at com.kms.katalon.core.main.TestCaseMain.startTestSuite(TestCaseMain.java:157)
	at com.kms.katalon.core.main.TestCaseMain$startTestSuite$0.call(Unknown Source)
	at TempTestSuite1557391466130.run(TempTestSuite1557391466130.groovy:35)]]></system-err>
   </testsuite>
</testsuites>
