<?xml version="1.0" encoding="UTF-8"?>
<testsuites name="Cucumber_BugPage_Suite" time="94" tests="2" failures="0" errors="0">
   <testsuite name="Cucumber_BugPage_Suite" tests="2" failures="0" errors="0" time="94" timestamp="2019-05-14 16:50:38" hostname="Kumar.nagendra - HMECL001948.happiestminds.com" id="Test Suites/Cucumber_BugPage_Suite">
      <properties>
         <property name="deviceName" value=""/>
         <property name="devicePlatform" value=""/>
         <property name="logFolder" value="C:\\New-Bugzilla-Application\\Automation\\New_Bugzilla-UI-V2\\Reports\\Cucumber_BugPage_Suite\\20190514_165035"/>
         <property name="logFiles" value="C:\\New-Bugzilla-Application\\Automation\\New_Bugzilla-UI-V2\\Reports\\Cucumber_BugPage_Suite\\20190514_165035\\execution0.log"/>
         <property name="attachments" value=""/>
         <property name="hostName" value="Kumar.nagendra - HMECL001948.happiestminds.com"/>
         <property name="os" value="Windows 10 64bit"/>
         <property name="katalonVersion" value="6.1.3.3"/>
         <property name="browser" value="Chrome 74.0.3729.131"/>
         <property name="hostAddress" value="10.95.75.221"/>
         <property name="sessionId" value="4201994ec3442f851be651fd152404df"/>
         <property name="seleniumVersion" value="3.7.1"/>
         <property name="proxyInformation" value="ProxyInformation{proxyOption=NO_PROXY, proxyServerType=HTTP, password=, proxyServerAddress=, proxyServerPort=0}"/>
         <property name="platform" value="Windows 10"/>
      </properties>
      <testcase name="Test Cases/BDD Cucumber TestCases/VerifyCommitForBugPage" classname="Test Cases/BDD Cucumber TestCases/VerifyCommitForBugPage" status="PASSED">
         <system-out><![CDATA[2019-05-14 16:50:38 - [TEST_CASE][PASSED] - Test Cases/BDD Cucumber TestCases/VerifyCommitForBugPage: Test Cases/BDD Cucumber TestCases/VerifyCommitForBugPage

2019-05-14 16:50:39 - [TEST_STEP][PASSED] - runFeatureFile("Include/features/BDD Cucumber Tests/Web UI Tests/Bug Details/verifyCommitForBugPage.feature"): Feature file: 'Include/features/BDD Cucumber Tests/Web UI Tests/Bug Details/verifyCommitForBugPage.feature' was passed

2019-05-14 16:50:39 - [MESSAGE][INFO] - Starting run keyword runFeatureFile: 'Include/features/BDD Cucumber Tests/Web UI Tests/Bug Details/verifyCommitForBugPage.feature' and extract report to folder: 'C:\New-Bugzilla-Application\Automation\New_Bugzilla-UI-V2\Reports\Cucumber_BugPage_Suite\20190514_165035/cucumber_report/1557832839140'...

2019-05-14 16:50:39 - [TEST_CASE][PASSED] - Start Test Case : SCENARIO Verify Commit for Bug page: SCENARIO Verify Commit for Bug page

2019-05-14 16:50:39 - [TEST_STEP][PASSED] - User present in bug page: User present in bug page

2019-05-14 16:50:40 - [MESSAGE][INFO] - Starting 'Chrome' driver

2019-05-14 16:50:40 - [MESSAGE][INFO] - Action delay is set to 0 seconds

2019-05-14 16:50:43 - [MESSAGE][PASSED] - Browser is opened with url: ''

2019-05-14 16:51:05 - [MESSAGE][PASSED] - Navigate to 'https://le-bugsui.staging.corp.arista.io/dashboard' successfully

2019-05-14 16:51:08 - [MESSAGE][PASSED] - Delayed 3 second(s)

2019-05-14 16:51:08 - [MESSAGE][PASSED] - Current window maximized

2019-05-14 16:51:08 - [MESSAGE][PASSED] - Text 'knagendra-ext' is set on object 'Object Repository/Page_BugsUI/input_username'

2019-05-14 16:51:08 - [MESSAGE][PASSED] - Text 'Kum1!@#$%^&*()ar' is set on object 'Object Repository/Page_BugsUI/input_password'

2019-05-14 16:51:08 - [MESSAGE][PASSED] - Object 'Object Repository/Page_BugsUI/button_Login' is clickable

2019-05-14 16:51:08 - [MESSAGE][PASSED] - Object: 'Object Repository/Page_BugsUI/button_Login' is clicked on

2019-05-14 16:51:12 - [MESSAGE][PASSED] - Delayed 4 second(s)

2019-05-14 16:51:13 - [MESSAGE][WARNING] - Timeout '0' is invalid. Using default page load timeout: '30'

2019-05-14 16:51:13 - [MESSAGE][PASSED] - Object 'Object Repository/Page_BugsUI Dashboard/span_Dashboard' is present

2019-05-14 16:51:13 - [MESSAGE][WARNING] - Timeout '0' is invalid. Using default page load timeout: '30'

2019-05-14 16:51:13 - [MESSAGE][PASSED] - Object 'Object Repository/Page_BugsUI Dashboard/input_Edit_search' is present

2019-05-14 16:51:13 - [MESSAGE][PASSED] - Text '255666' is set on object 'Object Repository/Page_BugsUI Dashboard/input_Edit_search'

2019-05-14 16:51:14 - [MESSAGE][PASSED] - Delayed 1 second(s)

2019-05-14 16:51:14 - [MESSAGE][PASSED] - Object: 'Object Repository/Page_BugsUI Dashboard/span_search_buttonIcon' is clicked on

2019-05-14 16:51:34 - [MESSAGE][PASSED] - Delayed 20 second(s)

2019-05-14 16:51:34 - [MESSAGE][WARNING] - Timeout '0' is invalid. Using default page load timeout: '30'

2019-05-14 16:51:34 - [MESSAGE][PASSED] - Object 'Object Repository/Page_BugsUI New Bug/label_Bug 255666' is present

2019-05-14 16:51:34 - [MESSAGE][PASSED] - Text of object 'Object Repository/Page_BugsUI New Bug/label_Bug 255666' is: 'Bug# 255666:'

2019-05-14 16:51:34 - [MESSAGE][PASSED] - User present in bug page

2019-05-14 16:51:34 - [TEST_STEP][PASSED] - Modify the bug page field and commit: Modify the bug page field and commit

2019-05-14 16:51:34 - [MESSAGE][WARNING] - Timeout '0' is invalid. Using default page load timeout: '30'

2019-05-14 16:51:34 - [MESSAGE][PASSED] - Object 'Object Repository/Page_BugsUI New Bug/bugInfo_accordion' is present

2019-05-14 16:51:34 - [MESSAGE][PASSED] - Attribute 'aria-expanded' of object 'Object Repository/Page_BugsUI New Bug/bugInfo_accordion' is: 'false'

2019-05-14 16:51:34 - [MESSAGE][PASSED] - Object: 'Object Repository/Page_BugsUI New Bug/bugInfo_accordion' is clicked on

2019-05-14 16:51:36 - [MESSAGE][PASSED] - Delayed 2 second(s)

2019-05-14 16:51:36 - [MESSAGE][WARNING] - Timeout '0' is invalid. Using default page load timeout: '30'

2019-05-14 16:51:36 - [MESSAGE][PASSED] - Object 'Object Repository/Page_BugsUI New Bug/input_BugAlias' is present

2019-05-14 16:51:36 - [MESSAGE][PASSED] - Text '123Test' is set on object 'Object Repository/Page_BugsUI New Bug/input_BugAlias'

2019-05-14 16:51:37 - [MESSAGE][PASSED] - Delayed 1 second(s)

2019-05-14 16:51:37 - [MESSAGE][PASSED] - Object 'Object Repository/Page_BugsUI New Bug/topButton_Commit' is clickable

2019-05-14 16:51:38 - [MESSAGE][PASSED] - Object: 'Object Repository/Page_BugsUI New Bug/topButton_Commit' is clicked on

2019-05-14 16:51:40 - [MESSAGE][PASSED] - Delayed 2 second(s)

2019-05-14 16:51:40 - [MESSAGE][PASSED] - Modify the bug page field and commit

2019-05-14 16:51:40 - [TEST_STEP][PASSED] - verify changes are commited successfully: verify changes are commited successfully

2019-05-14 16:51:40 - [MESSAGE][PASSED] - Object 'Object Repository/Page_BugsUI New Bug/div_Bugdetails_updated_success' is present

2019-05-14 16:51:40 - [MESSAGE][PASSED] - Text of object 'Object Repository/Page_BugsUI New Bug/div_Bugdetails_updated_success' is: 'Bug details updated successfully.'

2019-05-14 16:51:43 - [MESSAGE][PASSED] - Delayed 3 second(s)

2019-05-14 16:51:43 - [MESSAGE][PASSED] - Attribute 'value' of object 'Object Repository/Page_BugsUI New Bug/input_BugAlias' is: '123Test'

2019-05-14 16:51:46 - [MESSAGE][PASSED] - Delayed 3 second(s)

2019-05-14 16:51:46 - [MESSAGE][PASSED] - Text of object 'Object Repository/Page_BugsUI New Bug/input_BugAlias' is cleared

2019-05-14 16:51:46 - [MESSAGE][PASSED] - Text 'test987' is set on object 'Object Repository/Page_BugsUI New Bug/input_BugAlias'

2019-05-14 16:51:49 - [MESSAGE][PASSED] - Delayed 3 second(s)

2019-05-14 16:51:49 - [MESSAGE][PASSED] - Object 'Object Repository/Page_BugsUI New Bug/topButton_Commit' is clickable

2019-05-14 16:51:49 - [MESSAGE][PASSED] - Object: 'Object Repository/Page_BugsUI New Bug/topButton_Commit' is clicked on

2019-05-14 16:51:52 - [MESSAGE][PASSED] - Delayed 3 second(s)

2019-05-14 16:51:52 - [MESSAGE][PASSED] - verify changes are commited successfully

2019-05-14 16:51:52 - [MESSAGE][PASSED] - Feature file: 'Include/features/BDD Cucumber Tests/Web UI Tests/Bug Details/verifyCommitForBugPage.feature' was passed]]></system-out>
         <system-err><![CDATA[]]></system-err>
      </testcase>
      <testcase name="Test Cases/BDD Cucumber TestCases/VerifyAddingComments" classname="Test Cases/BDD Cucumber TestCases/VerifyAddingComments" status="PASSED">
         <system-out><![CDATA[2019-05-14 16:51:52 - [TEST_CASE][PASSED] - Test Cases/BDD Cucumber TestCases/VerifyAddingComments: Test Cases/BDD Cucumber TestCases/VerifyAddingComments

2019-05-14 16:51:53 - [TEST_STEP][PASSED] - runFeatureFile("Include/features/BDD Cucumber Tests/Web UI Tests/Bug Details/VerifyAddingComments.feature"): Feature file: 'Include/features/BDD Cucumber Tests/Web UI Tests/Bug Details/VerifyAddingComments.feature' was passed

2019-05-14 16:51:53 - [MESSAGE][INFO] - Starting run keyword runFeatureFile: 'Include/features/BDD Cucumber Tests/Web UI Tests/Bug Details/VerifyAddingComments.feature' and extract report to folder: 'C:\New-Bugzilla-Application\Automation\New_Bugzilla-UI-V2\Reports\Cucumber_BugPage_Suite\20190514_165035/cucumber_report/1557832913023'...

2019-05-14 16:51:53 - [TEST_CASE][PASSED] - Start Test Case : SCENARIO Verify adding comments: SCENARIO Verify adding comments

2019-05-14 16:51:53 - [TEST_STEP][PASSED] - User moves to comments section in Bug page: User moves to comments section in Bug page

2019-05-14 16:51:55 - [MESSAGE][PASSED] - Delayed 2 second(s)

2019-05-14 16:51:55 - [MESSAGE][WARNING] - Timeout '0' is invalid. Using default page load timeout: '30'

2019-05-14 16:51:55 - [MESSAGE][PASSED] - Scroll to object 'Object Repository/Page_BugsUI New Bug/select_commentOrder_dropdown' successfully

2019-05-14 16:51:57 - [MESSAGE][PASSED] - Delayed 2 second(s)

2019-05-14 16:51:57 - [MESSAGE][PASSED] - User moves to comments section in Bug page

2019-05-14 16:51:57 - [TEST_STEP][PASSED] - User enters comments: User enters comments

2019-05-14 16:51:57 - [MESSAGE][PASSED] - Text 'Testing comment for Automation' is set on object 'Object Repository/Page_BugsUI New Bug/textarea_Add Comment'

2019-05-14 16:52:00 - [MESSAGE][PASSED] - Delayed 3 second(s)

2019-05-14 16:52:00 - [MESSAGE][PASSED] - Object 'Object Repository/Page_BugsUI New Bug/bottom_button_Commit' is clickable

2019-05-14 16:52:00 - [MESSAGE][PASSED] - Object: 'Object Repository/Page_BugsUI New Bug/bottom_button_Commit' is clicked on

2019-05-14 16:52:02 - [MESSAGE][PASSED] - Delayed 2 second(s)

2019-05-14 16:52:02 - [MESSAGE][PASSED] - User enters comments

2019-05-14 16:52:02 - [TEST_STEP][PASSED] - Verify Comments  is added successfully: Verify Comments  is added successfully

2019-05-14 16:52:02 - [MESSAGE][WARNING] - Timeout '0' is invalid. Using default page load timeout: '30'

2019-05-14 16:52:02 - [MESSAGE][PASSED] - Object 'Object Repository/Page_BugsUI New Bug/div_Bugdetails_updated_success' is present

2019-05-14 16:52:02 - [MESSAGE][PASSED] - Text of object 'Object Repository/Page_BugsUI New Bug/div_Bugdetails_updated_success' is: 'Bug details updated successfully.'

2019-05-14 16:52:04 - [MESSAGE][PASSED] - Delayed 2 second(s)

2019-05-14 16:52:04 - [MESSAGE][WARNING] - Timeout '0' is invalid. Using default page load timeout: '30'

2019-05-14 16:52:05 - [MESSAGE][PASSED] - Scroll to object 'Object Repository/Page_BugsUI New Bug/logs_accordion' successfully

2019-05-14 16:52:07 - [MESSAGE][PASSED] - Delayed 2 second(s)

2019-05-14 16:52:07 - [MESSAGE][WARNING] - Timeout '0' is invalid. Using default page load timeout: '30'

2019-05-14 16:52:07 - [MESSAGE][PASSED] - Object 'Object Repository/Page_BugsUI New Bug/select_commentOrder_dropdown' is present

2019-05-14 16:52:07 - [MESSAGE][PASSED] - All options with value 'desc' are selected in object 'Object Repository/Page_BugsUI New Bug/select_commentOrder_dropdown' 

2019-05-14 16:52:10 - [MESSAGE][PASSED] - Delayed 3 second(s)

2019-05-14 16:52:10 - [MESSAGE][WARNING] - Timeout '0' is invalid. Using default page load timeout: '30'

2019-05-14 16:52:10 - [MESSAGE][PASSED] - Object 'Object Repository/Page_BugsUI New Bug/latestComment' is present

2019-05-14 16:52:10 - [MESSAGE][PASSED] - Text of object 'Object Repository/Page_BugsUI New Bug/latestComment' is: 'Testing comment for Automation'

2019-05-14 16:52:12 - [MESSAGE][PASSED] - Delayed 2 second(s)

2019-05-14 16:52:13 - [MESSAGE][PASSED] - Browser is closed

2019-05-14 16:52:13 - [MESSAGE][PASSED] - Verify Comments  is added successfully

2019-05-14 16:52:13 - [MESSAGE][PASSED] - Feature file: 'Include/features/BDD Cucumber Tests/Web UI Tests/Bug Details/VerifyAddingComments.feature' was passed]]></system-out>
         <system-err><![CDATA[]]></system-err>
      </testcase>
      <system-out><![CDATA[2019-05-14 16:50:38 - [TEST_SUITE][PASSED] - Cucumber_BugPage_Suite: Test Cases/BDD Cucumber TestCases/VerifyAddingComments]]></system-out>
      <system-err><![CDATA[]]></system-err>
   </testsuite>
</testsuites>
