<?xml version="1.0" encoding="UTF-8"?>
<testsuites name="CucumberSmoke" time="158" tests="3" failures="0" errors="0">
   <testsuite name="CucumberSmoke" tests="3" failures="0" errors="0" time="158" timestamp="2019-05-13 18:14:52" hostname="Kumar.nagendra - HMECL001948.happiestminds.com" id="Test Suites/CucumberSmoke">
      <properties>
         <property name="deviceName" value=""/>
         <property name="devicePlatform" value=""/>
         <property name="logFolder" value="C:\\New-Bugzilla-Application\\Automation\\New_Bugzilla-UI-V2\\Reports\\CucumberSmoke\\20190513_181449"/>
         <property name="logFiles" value="C:\\New-Bugzilla-Application\\Automation\\New_Bugzilla-UI-V2\\Reports\\CucumberSmoke\\20190513_181449\\execution0.log"/>
         <property name="attachments" value=""/>
         <property name="hostName" value="Kumar.nagendra - HMECL001948.happiestminds.com"/>
         <property name="os" value="Windows 10 64bit"/>
         <property name="katalonVersion" value="6.1.3.3"/>
         <property name="browser" value="Chrome 74.0.3729.131"/>
         <property name="hostAddress" value="10.95.75.221"/>
         <property name="sessionId" value="17550394e92910e8cb308654c77a20ee"/>
         <property name="seleniumVersion" value="3.7.1"/>
         <property name="proxyInformation" value="ProxyInformation{proxyOption=NO_PROXY, proxyServerType=HTTP, password=, proxyServerAddress=, proxyServerPort=0}"/>
         <property name="platform" value="Windows 10"/>
      </properties>
      <testcase name="Test Cases/BDD Cucumber TestCases/NewProductAdd" classname="Test Cases/BDD Cucumber TestCases/NewProductAdd" status="PASSED">
         <system-out><![CDATA[2019-05-13 18:14:52 - [TEST_CASE][PASSED] - Test Cases/BDD Cucumber TestCases/NewProductAdd: Test Cases/BDD Cucumber TestCases/NewProductAdd

2019-05-13 18:14:52 - [TEST_STEP][PASSED] - runFeatureFile("Include/features/BDD Cucumber Tests/Web UI Tests/Product Add/AddProduct.feature"): Feature file: 'Include/features/BDD Cucumber Tests/Web UI Tests/Product Add/AddProduct.feature' was passed

2019-05-13 18:14:52 - [MESSAGE][INFO] - Starting run keyword runFeatureFile: 'Include/features/BDD Cucumber Tests/Web UI Tests/Product Add/AddProduct.feature' and extract report to folder: 'C:\New-Bugzilla-Application\Automation\New_Bugzilla-UI-V2\Reports\CucumberSmoke\20190513_181449/cucumber_report/1557751492968'...

2019-05-13 18:14:54 - [TEST_CASE][PASSED] - Start Test Case : SCENARIO Login and click on Product Add Tab to go to Add page: SCENARIO Login and click on Product Add Tab to go to Add page

2019-05-13 18:14:54 - [TEST_STEP][PASSED] - navigate_to_application_url: navigate_to_application_url

2019-05-13 18:14:54 - [MESSAGE][INFO] - Starting 'Chrome' driver

2019-05-13 18:14:54 - [MESSAGE][INFO] - Action delay is set to 0 seconds

2019-05-13 18:14:57 - [MESSAGE][PASSED] - Browser is opened with url: ''

2019-05-13 18:15:45 - [MESSAGE][PASSED] - Navigate to 'https://le-bugsui.staging.corp.arista.io/dashboard' successfully

2019-05-13 18:15:48 - [MESSAGE][PASSED] - Delayed 3 second(s)

2019-05-13 18:15:48 - [MESSAGE][PASSED] - Current window maximized

2019-05-13 18:15:50 - [MESSAGE][PASSED] - Delayed 2 second(s)

2019-05-13 18:15:50 - [MESSAGE][PASSED] - navigate_to_application_url

2019-05-13 18:15:50 - [TEST_STEP][PASSED] - login_to_application_with_valid_credentials: login_to_application_with_valid_credentials

2019-05-13 18:15:51 - [MESSAGE][PASSED] - Text 'knagendra-ext' is set on object 'Object Repository/Page_BugsUI/input_username'

2019-05-13 18:15:51 - [MESSAGE][PASSED] - Text 'Kum1!@#$%^&*()ar' is set on object 'Object Repository/Page_BugsUI/input_password'

2019-05-13 18:15:51 - [MESSAGE][PASSED] - Object 'Object Repository/Page_BugsUI/button_Login' is clickable

2019-05-13 18:15:51 - [MESSAGE][PASSED] - Object: 'Object Repository/Page_BugsUI/button_Login' is clicked on

2019-05-13 18:15:57 - [MESSAGE][PASSED] - Delayed 6 second(s)

2019-05-13 18:15:57 - [MESSAGE][PASSED] - login_to_application_with_valid_credentials

2019-05-13 18:15:57 - [TEST_STEP][PASSED] - click_on_ProductAdd_Button: click_on_ProductAdd_Button

2019-05-13 18:15:57 - [MESSAGE][WARNING] - Timeout '0' is invalid. Using default page load timeout: '30'

2019-05-13 18:15:57 - [MESSAGE][PASSED] - Object 'Object Repository/Page_BugsUI Dashboard/span_Dashboard' is present

2019-05-13 18:15:57 - [MESSAGE][PASSED] - Object 'Object Repository/Page_BugsUI Dashboard/button_Product' is present

2019-05-13 18:15:57 - [MESSAGE][PASSED] - Object: 'Object Repository/Page_BugsUI Dashboard/button_Product' is clicked on

2019-05-13 18:15:59 - [MESSAGE][PASSED] - Delayed 2 second(s)

2019-05-13 18:15:59 - [MESSAGE][PASSED] - Object 'Object Repository/Page_BugsUI Dashboard/a_Add' is present

2019-05-13 18:16:00 - [MESSAGE][PASSED] - Object: 'Object Repository/Page_BugsUI Dashboard/a_Add' is clicked on

2019-05-13 18:16:03 - [MESSAGE][PASSED] - Delayed 3 second(s)

2019-05-13 18:16:03 - [MESSAGE][WARNING] - Timeout '0' is invalid. Using default page load timeout: '30'

2019-05-13 18:16:03 - [MESSAGE][PASSED] - Object 'Object Repository/Page_BugsUI Add Product/span_Add Product' is present

2019-05-13 18:16:03 - [MESSAGE][PASSED] - click_on_ProductAdd_Button

2019-05-13 18:16:03 - [TEST_STEP][PASSED] - verify the product add fields: verify the product add fields

2019-05-13 18:16:03 - [MESSAGE][PASSED] - Object 'Object Repository/Page_BugsUI Add Product/div_Choose Classification' is present

2019-05-13 18:16:03 - [MESSAGE][PASSED] - Object 'Object Repository/Page_BugsUI Add Product/input_name' is present

2019-05-13 18:16:03 - [MESSAGE][PASSED] - Object 'Object Repository/Page_BugsUI Add Product/textarea_description' is present

2019-05-13 18:16:03 - [MESSAGE][PASSED] - Object 'Object Repository/Page_BugsUI Add Product/checkbox_closedForBugEntry' is present

2019-05-13 18:16:03 - [MESSAGE][PASSED] - Object 'Object Repository/Page_BugsUI Add Product/input_version' is present

2019-05-13 18:16:03 - [MESSAGE][PASSED] - Object 'Object Repository/Page_BugsUI Add Product/input_component' is present

2019-05-13 18:16:03 - [MESSAGE][PASSED] - Object 'Object Repository/Page_BugsUI Add Product/div_Choose Assignee' is present

2019-05-13 18:16:03 - [MESSAGE][WARNING] - Timeout '0' is invalid. Using default page load timeout: '30'

2019-05-13 18:16:03 - [MESSAGE][PASSED] - Scroll to object 'Object Repository/Page_BugsUI Add Product/AddProduct_button' successfully

2019-05-13 18:16:04 - [MESSAGE][PASSED] - Delayed 1 second(s)

2019-05-13 18:16:04 - [MESSAGE][PASSED] - verify the product add fields

2019-05-13 18:16:04 - [TEST_STEP][PASSED] - verify if ProductAdd button is disabled: verify if ProductAdd button is disabled

2019-05-13 18:16:04 - [MESSAGE][PASSED] - Object 'Object Repository/Page_BugsUI Add Product/AddProduct_button' is NOT clickable

2019-05-13 18:16:04 - [MESSAGE][PASSED] - verify if ProductAdd button is disabled

2019-05-13 18:16:04 - [TEST_STEP][PASSED] - input all mandatory fields: input all mandatory fields

2019-05-13 18:16:04 - [MESSAGE][WARNING] - Timeout '0' is invalid. Using default page load timeout: '30'

2019-05-13 18:16:04 - [MESSAGE][PASSED] - Scroll to object 'Object Repository/Page_BugsUI Add Product/div_Choose Classification' successfully

2019-05-13 18:16:05 - [MESSAGE][PASSED] - Delayed 1 second(s)

2019-05-13 18:16:05 - [MESSAGE][PASSED] - Object: 'Object Repository/Page_BugsUI Add Product/div_Choose Classification' is clicked on

2019-05-13 18:16:07 - [MESSAGE][PASSED] - Delayed 2 second(s)

2019-05-13 18:16:07 - [MESSAGE][PASSED] - Object: 'Object Repository/Page_BugsUI Add Product/span_Software' is clicked on

2019-05-13 18:16:08 - [MESSAGE][PASSED] - Text '1-Automation-testing' is set on object 'Object Repository/Page_BugsUI Add Product/input_name'

2019-05-13 18:16:08 - [MESSAGE][PASSED] - Text '1-Automation-testing Description' is set on object 'Object Repository/Page_BugsUI Add Product/textarea_description'

2019-05-13 18:16:08 - [MESSAGE][PASSED] - Text '1' is set on object 'Object Repository/Page_BugsUI Add Product/input_version'

2019-05-13 18:16:08 - [MESSAGE][WARNING] - Timeout '0' is invalid. Using default page load timeout: '30'

2019-05-13 18:16:08 - [MESSAGE][PASSED] - Scroll to object 'Object Repository/Page_BugsUI Add Product/AddProduct_button' successfully

2019-05-13 18:16:09 - [MESSAGE][PASSED] - Delayed 1 second(s)

2019-05-13 18:16:09 - [MESSAGE][PASSED] - Object 'Object Repository/Page_BugsUI Add Product/AddProduct_button' is NOT clickable

2019-05-13 18:16:10 - [MESSAGE][PASSED] - Text 'kumar nagendra' is set on object 'Object Repository/Page_BugsUI Add Product/defaultAssigne_inputbox'

2019-05-13 18:16:11 - [MESSAGE][PASSED] - Object: 'Object Repository/Page_BugsUI Add Product/span_kumar.nagendra' is clicked on

2019-05-13 18:16:13 - [MESSAGE][PASSED] - Delayed 2 second(s)

2019-05-13 18:16:13 - [MESSAGE][PASSED] - input all mandatory fields

2019-05-13 18:16:13 - [TEST_STEP][PASSED] - verify Product Add button is enabled: verify Product Add button is enabled

2019-05-13 18:16:13 - [MESSAGE][PASSED] - Object 'Object Repository/Page_BugsUI Add Product/AddProduct_button' is clickable

2019-05-13 18:16:13 - [MESSAGE][PASSED] - Text 'Auto-1' is set on object 'Object Repository/Page_BugsUI Add Product/input_component'

2019-05-13 18:16:13 - [MESSAGE][PASSED] - Object 'Object Repository/Page_BugsUI Add Product/componentDescription' is present

2019-05-13 18:16:13 - [MESSAGE][PASSED] - Object 'Object Repository/Page_BugsUI Add Product/AddProduct_button' is NOT clickable

2019-05-13 18:16:14 - [MESSAGE][PASSED] - Text 'Auto-1 description' is set on object 'Object Repository/Page_BugsUI Add Product/componentDescription'

2019-05-13 18:16:14 - [MESSAGE][PASSED] - Scroll to object 'Object Repository/Page_BugsUI Add Product/AddProduct_button' successfully

2019-05-13 18:16:16 - [MESSAGE][PASSED] - Delayed 2 second(s)

2019-05-13 18:16:16 - [MESSAGE][PASSED] - Object 'Object Repository/Page_BugsUI Add Product/AddProduct_button' is clickable

2019-05-13 18:16:16 - [MESSAGE][PASSED] - verify Product Add button is enabled

2019-05-13 18:16:16 - [TEST_STEP][PASSED] - verify duplicate product cannot be created: verify duplicate product cannot be created

2019-05-13 18:16:16 - [MESSAGE][PASSED] - Text of object 'Object Repository/Page_BugsUI Add Product/input_name' is cleared

2019-05-13 18:16:16 - [MESSAGE][PASSED] - Text 'BugsUITest' is set on object 'Object Repository/Page_BugsUI Add Product/input_name'

2019-05-13 18:16:16 - [MESSAGE][PASSED] - Object: 'Object Repository/Page_BugsUI Add Product/AddProduct_button' is clicked on

2019-05-13 18:16:18 - [MESSAGE][PASSED] - Delayed 2 second(s)

2019-05-13 18:16:18 - [MESSAGE][PASSED] - Object 'Object Repository/Page_BugsUI Add Product/div_Product BugsUITest already' is present

2019-05-13 18:16:18 - [MESSAGE][PASSED] - Text of object 'Object Repository/Page_BugsUI Add Product/div_Product BugsUITest already' is: 'Product BugsUITest already exists.'

2019-05-13 18:16:18 - [MESSAGE][PASSED] - verify duplicate product cannot be created

2019-05-13 18:16:18 - [TEST_STEP][PASSED] - create a new valid product: create a new valid product

2019-05-13 18:16:18 - [MESSAGE][PASSED] - Text of object 'Object Repository/Page_BugsUI Add Product/input_name' is cleared

2019-05-13 18:16:19 - [MESSAGE][PASSED] - Text '1-Automation-testing' is set on object 'Object Repository/Page_BugsUI Add Product/input_name'

2019-05-13 18:16:19 - [MESSAGE][PASSED] - Object: 'Object Repository/Page_BugsUI Add Product/AddProduct_button' is clicked on

2019-05-13 18:16:20 - [MESSAGE][PASSED] - Delayed 1 second(s)

2019-05-13 18:16:20 - [MESSAGE][PASSED] - Object 'Object Repository/Page_BugsUI Add Product/div_Product_added_success' is present

2019-05-13 18:16:20 - [MESSAGE][PASSED] - Text of object 'Object Repository/Page_BugsUI Add Product/div_Product_added_success' is: 'Product has been added successfully.'

2019-05-13 18:16:22 - [MESSAGE][PASSED] - Delayed 2 second(s)

2019-05-13 18:16:22 - [MESSAGE][PASSED] - create a new valid product

2019-05-13 18:16:22 - [MESSAGE][PASSED] - Feature file: 'Include/features/BDD Cucumber Tests/Web UI Tests/Product Add/AddProduct.feature' was passed]]></system-out>
         <system-err><![CDATA[]]></system-err>
      </testcase>
      <testcase name="Test Cases/BDD Cucumber TestCases/AvailabilityOfAddedProduct" classname="Test Cases/BDD Cucumber TestCases/AvailabilityOfAddedProduct" status="PASSED">
         <system-out><![CDATA[2019-05-13 18:16:22 - [TEST_CASE][PASSED] - Test Cases/BDD Cucumber TestCases/AvailabilityOfAddedProduct: Test Cases/BDD Cucumber TestCases/AvailabilityOfAddedProduct

2019-05-13 18:16:22 - [TEST_STEP][PASSED] - runFeatureFile("Include/features/BDD Cucumber Tests/Web UI Tests/Product Add/AvailabilityOfAddedProduct.feature"): Feature file: 'Include/features/BDD Cucumber Tests/Web UI Tests/Product Add/AvailabilityOfAddedProduct.feature' was passed

2019-05-13 18:16:22 - [MESSAGE][INFO] - Starting run keyword runFeatureFile: 'Include/features/BDD Cucumber Tests/Web UI Tests/Product Add/AvailabilityOfAddedProduct.feature' and extract report to folder: 'C:\New-Bugzilla-Application\Automation\New_Bugzilla-UI-V2\Reports\CucumberSmoke\20190513_181449/cucumber_report/1557751582653'...

2019-05-13 18:16:22 - [TEST_CASE][PASSED] - Start Test Case : SCENARIO verification of newly added product in package dropdown: SCENARIO verification of newly added product in package dropdown

2019-05-13 18:16:22 - [TEST_STEP][PASSED] - user present in new bug page: user present in new bug page

2019-05-13 18:16:24 - [MESSAGE][PASSED] - Delayed 2 second(s)

2019-05-13 18:16:24 - [MESSAGE][WARNING] - Timeout '0' is invalid. Using default page load timeout: '30'

2019-05-13 18:16:24 - [MESSAGE][PASSED] - Object 'Object Repository/Page_BugsUI Dashboard/a_New Bug' is present

2019-05-13 18:16:24 - [MESSAGE][PASSED] - Object: 'Object Repository/Page_BugsUI Dashboard/a_New Bug' is clicked on

2019-05-13 18:16:27 - [MESSAGE][PASSED] - Delayed 3 second(s)

2019-05-13 18:16:27 - [MESSAGE][WARNING] - Timeout '0' is invalid. Using default page load timeout: '30'

2019-05-13 18:16:42 - [MESSAGE][PASSED] - Object 'Object Repository/Page_BugsUI New Bug/span_Raise New Bug' is present

2019-05-13 18:16:42 - [MESSAGE][PASSED] - user present in new bug page

2019-05-13 18:16:42 - [TEST_STEP][PASSED] - click on package dropdown: click on package dropdown

2019-05-13 18:16:42 - [MESSAGE][PASSED] - Text 'Software' is set on object 'Object Repository/Page_BugsUI New Bug/div_Choose Classification'

2019-05-13 18:16:44 - [MESSAGE][PASSED] - Delayed 2 second(s)

2019-05-13 18:16:44 - [MESSAGE][PASSED] - Object: 'Object Repository/Page_BugsUI New Bug/span_Software' is clicked on

2019-05-13 18:16:47 - [MESSAGE][PASSED] - Delayed 3 second(s)

2019-05-13 18:16:48 - [MESSAGE][PASSED] - Text '1-Automation-testing' is set on object 'Object Repository/Page_BugsUI New Bug/div_Choose Package'

2019-05-13 18:16:48 - [MESSAGE][PASSED] - click on package dropdown

2019-05-13 18:16:48 - [TEST_STEP][PASSED] - verify presence of newly added product: verify presence of newly added product

2019-05-13 18:16:48 - [MESSAGE][WARNING] - Timeout '0' is invalid. Using default page load timeout: '30'

2019-05-13 18:16:48 - [MESSAGE][PASSED] - Object 'Object Repository/Page_BugsUI New Bug/span_1-Automation-testing' is present

2019-05-13 18:16:48 - [MESSAGE][PASSED] - Object: 'Object Repository/Page_BugsUI New Bug/span_1-Automation-testing' is clicked on

2019-05-13 18:16:51 - [MESSAGE][PASSED] - Delayed 3 second(s)

2019-05-13 18:16:51 - [MESSAGE][PASSED] - verify presence of newly added product

2019-05-13 18:16:51 - [MESSAGE][PASSED] - Feature file: 'Include/features/BDD Cucumber Tests/Web UI Tests/Product Add/AvailabilityOfAddedProduct.feature' was passed]]></system-out>
         <system-err><![CDATA[]]></system-err>
      </testcase>
      <testcase name="Test Cases/BDD Cucumber TestCases/DeleteAddedProduct" classname="Test Cases/BDD Cucumber TestCases/DeleteAddedProduct" status="PASSED">
         <system-out><![CDATA[2019-05-13 18:16:51 - [TEST_CASE][PASSED] - Test Cases/BDD Cucumber TestCases/DeleteAddedProduct: Test Cases/BDD Cucumber TestCases/DeleteAddedProduct

2019-05-13 18:16:51 - [TEST_STEP][PASSED] - runFeatureFile("Include/features/BDD Cucumber Tests/Web UI Tests/Product Add/DeleteAddedProduct.feature"): Feature file: 'Include/features/BDD Cucumber Tests/Web UI Tests/Product Add/DeleteAddedProduct.feature' was passed

2019-05-13 18:16:51 - [MESSAGE][INFO] - Starting run keyword runFeatureFile: 'Include/features/BDD Cucumber Tests/Web UI Tests/Product Add/DeleteAddedProduct.feature' and extract report to folder: 'C:\New-Bugzilla-Application\Automation\New_Bugzilla-UI-V2\Reports\CucumberSmoke\20190513_181449/cucumber_report/1557751611995'...

2019-05-13 18:16:52 - [TEST_CASE][PASSED] - Start Test Case : SCENARIO Delete newly added product: SCENARIO Delete newly added product

2019-05-13 18:16:52 - [TEST_STEP][PASSED] - user present in product edit page: user present in product edit page

2019-05-13 18:16:52 - [MESSAGE][PASSED] - Object 'Object Repository/Page_BugsUI Dashboard/button_Product' is present

2019-05-13 18:16:52 - [MESSAGE][PASSED] - Object: 'Object Repository/Page_BugsUI Dashboard/button_Product' is clicked on

2019-05-13 18:16:54 - [MESSAGE][PASSED] - Delayed 2 second(s)

2019-05-13 18:16:54 - [MESSAGE][PASSED] - Object 'Object Repository/Page_BugsUI Dashboard/a_Edit' is present

2019-05-13 18:16:54 - [MESSAGE][PASSED] - Object: 'Object Repository/Page_BugsUI Dashboard/a_Edit' is clicked on

2019-05-13 18:16:58 - [MESSAGE][PASSED] - Delayed 4 second(s)

2019-05-13 18:16:58 - [MESSAGE][PASSED] - Alert is present after 7 second(s).

2019-05-13 18:16:58 - [MESSAGE][PASSED] - Alert accepted

2019-05-13 18:17:02 - [MESSAGE][PASSED] - Delayed 4 second(s)

2019-05-13 18:17:02 - [MESSAGE][WARNING] - Timeout '0' is invalid. Using default page load timeout: '30'

2019-05-13 18:17:02 - [MESSAGE][PASSED] - Object 'Object Repository/Page_BugsUI Edit Product/span_Edit Product' is present

2019-05-13 18:17:02 - [MESSAGE][PASSED] - Text 'Software' is set on object 'Object Repository/Page_BugsUI Edit Product/div_Choose Classification'

2019-05-13 18:17:04 - [MESSAGE][PASSED] - Delayed 2 second(s)

2019-05-13 18:17:04 - [MESSAGE][PASSED] - Object: 'Object Repository/Page_BugsUI Edit Product/span_Software' is clicked on

2019-05-13 18:17:05 - [MESSAGE][PASSED] - Text '1-Automation-testing' is set on object 'Object Repository/Page_BugsUI Edit Product/div_Choose Product'

2019-05-13 18:17:07 - [MESSAGE][PASSED] - Delayed 2 second(s)

2019-05-13 18:17:07 - [MESSAGE][PASSED] - Object: 'Object Repository/Page_BugsUI Edit Product/span_1-Automation-testing' is clicked on

2019-05-13 18:17:09 - [MESSAGE][PASSED] - Delayed 2 second(s)

2019-05-13 18:17:09 - [MESSAGE][PASSED] - Scroll to object 'Object Repository/Page_BugsUI Edit Product/button_Delete Product' successfully

2019-05-13 18:17:11 - [MESSAGE][PASSED] - Delayed 2 second(s)

2019-05-13 18:17:11 - [MESSAGE][PASSED] - user present in product edit page

2019-05-13 18:17:11 - [TEST_STEP][PASSED] - click delete product button: click delete product button

2019-05-13 18:17:11 - [MESSAGE][WARNING] - Timeout '0' is invalid. Using default page load timeout: '30'

2019-05-13 18:17:11 - [MESSAGE][PASSED] - Object 'Object Repository/Page_BugsUI Edit Product/button_Delete Product' is present

2019-05-13 18:17:16 - [MESSAGE][PASSED] - Delayed 5 second(s)

2019-05-13 18:17:16 - [MESSAGE][PASSED] - Object 'Object Repository/Page_BugsUI Edit Product/button_Delete Product' is clickable

2019-05-13 18:17:16 - [MESSAGE][PASSED] - Object: 'Object Repository/Page_BugsUI Edit Product/button_Delete Product' is clicked on

2019-05-13 18:17:19 - [MESSAGE][PASSED] - Delayed 3 second(s)

2019-05-13 18:17:19 - [MESSAGE][WARNING] - Timeout '0' is invalid. Using default page load timeout: '30'

2019-05-13 18:17:19 - [MESSAGE][PASSED] - Object 'Object Repository/Page_BugsUI Edit Product/confirmDeleteProduct_popup' is present

2019-05-13 18:17:19 - [MESSAGE][WARNING] - Timeout '0' is invalid. Using default page load timeout: '30'

2019-05-13 18:17:19 - [MESSAGE][PASSED] - Object 'Object Repository/Page_BugsUI Edit Product/button_No' is present

2019-05-13 18:17:19 - [MESSAGE][PASSED] - Object: 'Object Repository/Page_BugsUI Edit Product/button_No' is clicked on

2019-05-13 18:17:22 - [MESSAGE][PASSED] - Delayed 3 second(s)

2019-05-13 18:17:22 - [MESSAGE][WARNING] - Timeout '0' is invalid. Using default page load timeout: '30'

2019-05-13 18:17:22 - [MESSAGE][PASSED] - Object 'Object Repository/Page_BugsUI Edit Product/button_Delete Product' is present

2019-05-13 18:17:22 - [MESSAGE][PASSED] - Object: 'Object Repository/Page_BugsUI Edit Product/button_Delete Product' is clicked on

2019-05-13 18:17:25 - [MESSAGE][PASSED] - Delayed 3 second(s)

2019-05-13 18:17:25 - [MESSAGE][WARNING] - Timeout '0' is invalid. Using default page load timeout: '30'

2019-05-13 18:17:25 - [MESSAGE][PASSED] - Object 'Object Repository/Page_BugsUI Edit Product/confirmDeleteProduct_popup' is present

2019-05-13 18:17:25 - [MESSAGE][WARNING] - Timeout '0' is invalid. Using default page load timeout: '30'

2019-05-13 18:17:25 - [MESSAGE][PASSED] - Object 'Object Repository/Page_BugsUI Edit Product/button_deleteProduct_Yes' is present

2019-05-13 18:17:25 - [MESSAGE][PASSED] - Object: 'Object Repository/Page_BugsUI Edit Product/button_deleteProduct_Yes' is clicked on

2019-05-13 18:17:28 - [MESSAGE][PASSED] - Delayed 3 second(s)

2019-05-13 18:17:28 - [MESSAGE][PASSED] - click delete product button

2019-05-13 18:17:28 - [TEST_STEP][PASSED] - product is deleted: product is deleted

2019-05-13 18:17:28 - [MESSAGE][WARNING] - Timeout '0' is invalid. Using default page load timeout: '30'

2019-05-13 18:17:28 - [MESSAGE][PASSED] - Object 'Object Repository/Page_BugsUI Edit Product/div_Product has been deleted' is present

2019-05-13 18:17:29 - [MESSAGE][PASSED] - Text of object 'Object Repository/Page_BugsUI Edit Product/div_Product has been deleted' is: 'Product has been deleted successfully.'

2019-05-13 18:17:30 - [MESSAGE][PASSED] - Browser is closed

2019-05-13 18:17:30 - [MESSAGE][PASSED] - product is deleted

2019-05-13 18:17:30 - [MESSAGE][PASSED] - Feature file: 'Include/features/BDD Cucumber Tests/Web UI Tests/Product Add/DeleteAddedProduct.feature' was passed]]></system-out>
         <system-err><![CDATA[]]></system-err>
      </testcase>
      <system-out><![CDATA[2019-05-13 18:14:52 - [TEST_SUITE][PASSED] - CucumberSmoke: Test Cases/BDD Cucumber TestCases/DeleteAddedProduct]]></system-out>
      <system-err><![CDATA[]]></system-err>
   </testsuite>
</testsuites>
