<?xml version="1.0" encoding="UTF-8"?>
<testsuites name="SmokeSuite" time="246" tests="8" failures="0" errors="0">
   <testsuite name="SmokeSuite" tests="8" failures="0" errors="0" time="246" timestamp="2019-05-05 11:49:21" hostname="Kumar.nagendra - HMECL001948.happiestminds.com" id="Test Suites/SmokeSuite">
      <properties>
         <property name="deviceName" value=""/>
         <property name="devicePlatform" value=""/>
         <property name="logFolder" value="C:\\New-Bugzilla-Application\\New_Bugzilla-UI-V2\\Reports\\SmokeSuite\\20190505_114919"/>
         <property name="logFiles" value="C:\\New-Bugzilla-Application\\New_Bugzilla-UI-V2\\Reports\\SmokeSuite\\20190505_114919\\execution0.log"/>
         <property name="attachments" value=""/>
         <property name="hostName" value="Kumar.nagendra - HMECL001948.happiestminds.com"/>
         <property name="os" value="Windows 10 64bit"/>
         <property name="katalonVersion" value="5.3.0.1"/>
         <property name="browser" value="Chrome 74.0.3729.131"/>
         <property name="hostAddress" value="10.95.75.221"/>
         <property name="sessionId" value="990223c506205688a2a829e7ba811b61"/>
         <property name="seleniumVersion" value="3.7.1"/>
         <property name="proxyInformation" value="ProxyInformation{proxyOption=NO_PROXY, proxyServerType=HTTP, password=, proxyServerAddress=, proxyServerPort=0}"/>
         <property name="platform" value="Windows 10"/>
      </properties>
      <testcase name="Test Cases/Login/Bugzilla-LoginPage-Loads" classname="Test Cases/Login/Bugzilla-LoginPage-Loads" status="PASSED">
         <system-out><![CDATA[2019-05-05 11:49:21 - [TEST_CASE][PASSED] - Test Cases/Login/Bugzilla-LoginPage-Loads: Test Cases/Login/Bugzilla-LoginPage-Loads

2019-05-05 11:49:22 - [TEST_STEP][PASSED] - openBrowser: Browser is opened with url: ''

2019-05-05 11:49:24 - [MESSAGE][PASSED] - Browser is opened with url: ''

2019-05-05 11:49:24 - [TEST_STEP][PASSED] - navigateToUrl: Navigate to 'https://le-bugsui.staging.corp.arista.io/dashboard' successfully

2019-05-05 11:49:39 - [MESSAGE][PASSED] - Navigate to 'https://le-bugsui.staging.corp.arista.io/dashboard' successfully

2019-05-05 11:49:39 - [TEST_STEP][PASSED] - delay: Delayed 4 second(s)

2019-05-05 11:49:43 - [MESSAGE][PASSED] - Delayed 4 second(s)

2019-05-05 11:49:43 - [TEST_STEP][PASSED] - maximizeWindow: Current window maximized

2019-05-05 11:49:43 - [MESSAGE][PASSED] - Current window maximized

2019-05-05 11:49:43 - [TEST_STEP][PASSED] - delay: Delayed 2 second(s)

2019-05-05 11:49:45 - [MESSAGE][PASSED] - Delayed 2 second(s)

2019-05-05 11:49:45 - [TEST_STEP][PASSED] - verifyElementPresent: Object 'Object Repository/Page_BugsUI/input_username' is present

2019-05-05 11:49:45 - [MESSAGE][WARNING] - Timeout '0' is invalid. Using default page load timeout: '30'

2019-05-05 11:49:45 - [MESSAGE][PASSED] - Object 'Object Repository/Page_BugsUI/input_username' is present

2019-05-05 11:49:45 - [TEST_STEP][PASSED] - verifyElementPresent: Object 'Object Repository/Page_BugsUI/input_password' is present

2019-05-05 11:49:45 - [MESSAGE][WARNING] - Timeout '0' is invalid. Using default page load timeout: '30'

2019-05-05 11:49:45 - [MESSAGE][PASSED] - Object 'Object Repository/Page_BugsUI/input_password' is present

2019-05-05 11:49:45 - [TEST_STEP][PASSED] - verifyElementPresent: Object 'Object Repository/Page_BugsUI/checkbox_RememberMe' is present

2019-05-05 11:49:45 - [MESSAGE][WARNING] - Timeout '0' is invalid. Using default page load timeout: '30'

2019-05-05 11:49:45 - [MESSAGE][PASSED] - Object 'Object Repository/Page_BugsUI/checkbox_RememberMe' is present

2019-05-05 11:49:45 - [TEST_STEP][PASSED] - Statement - If (com.kms.katalon.core.webui.keyword.WebUiBuiltInKeywords.getText(com.kms.katalon.core.testobject.ObjectRepository.findTestObject(Page_BugsUI/label_rememberMe)).equals("Remember me")): null

2019-05-05 11:49:45 - [MESSAGE][PASSED] - Text of object 'Object Repository/Page_BugsUI/label_rememberMe' is: 'Remember me'

2019-05-05 11:49:45 - [TEST_STEP][PASSED] - Statement - assert true: null

2019-05-05 11:49:45 - [TEST_STEP][PASSED] - Statement - If (com.kms.katalon.core.webui.keyword.WebUiBuiltInKeywords.verifyElementNotClickable(com.kms.katalon.core.testobject.ObjectRepository.findTestObject(Page_BugsUI/button_Login))): null

2019-05-05 11:49:45 - [MESSAGE][PASSED] - Object 'Object Repository/Page_BugsUI/button_Login' is NOT clickable

2019-05-05 11:49:45 - [TEST_STEP][PASSED] - Statement - assert true: null

2019-05-05 11:49:45 - [TEST_STEP][PASSED] - closeBrowser: Browser is closed

2019-05-05 11:49:46 - [MESSAGE][PASSED] - Browser is closed]]></system-out>
         <system-err><![CDATA[]]></system-err>
      </testcase>
      <testcase name="Test Cases/Login/Valid_Login" classname="Test Cases/Login/Valid_Login" status="PASSED">
         <system-out><![CDATA[2019-05-05 11:49:46 - [TEST_CASE][PASSED] - Test Cases/Login/Valid_Login: Test Cases/Login/Valid_Login

2019-05-05 11:49:46 - [TEST_STEP][PASSED] - openBrowser: Browser is opened with url: ''

2019-05-05 11:49:48 - [MESSAGE][PASSED] - Browser is opened with url: ''

2019-05-05 11:49:48 - [TEST_STEP][PASSED] - navigateToUrl: Navigate to 'https://le-bugsui.staging.corp.arista.io/dashboard' successfully

2019-05-05 11:50:01 - [MESSAGE][PASSED] - Navigate to 'https://le-bugsui.staging.corp.arista.io/dashboard' successfully

2019-05-05 11:50:01 - [TEST_STEP][PASSED] - delay: Delayed 5 second(s)

2019-05-05 11:50:06 - [MESSAGE][PASSED] - Delayed 5 second(s)

2019-05-05 11:50:06 - [TEST_STEP][PASSED] - maximizeWindow: Current window maximized

2019-05-05 11:50:07 - [MESSAGE][PASSED] - Current window maximized

2019-05-05 11:50:07 - [TEST_STEP][PASSED] - delay: Delayed 2 second(s)

2019-05-05 11:50:09 - [MESSAGE][PASSED] - Delayed 2 second(s)

2019-05-05 11:50:09 - [TEST_STEP][PASSED] - setText: Text 'knagendra-ext' is set on object 'Object Repository/Page_BugsUI/input_username'

2019-05-05 11:50:09 - [MESSAGE][PASSED] - Text 'knagendra-ext' is set on object 'Object Repository/Page_BugsUI/input_username'

2019-05-05 11:50:09 - [TEST_STEP][PASSED] - setText: Text 'Kum1!@#$%^&*()ar' is set on object 'Object Repository/Page_BugsUI/input_password'

2019-05-05 11:50:09 - [MESSAGE][PASSED] - Text 'Kum1!@#$%^&*()ar' is set on object 'Object Repository/Page_BugsUI/input_password'

2019-05-05 11:50:09 - [TEST_STEP][PASSED] - Statement - If (com.kms.katalon.core.webui.keyword.WebUiBuiltInKeywords.verifyElementClickable(com.kms.katalon.core.testobject.ObjectRepository.findTestObject(Page_BugsUI/button_Login))): Object: 'Object Repository/Page_BugsUI/button_Login' is clicked on

2019-05-05 11:50:09 - [MESSAGE][PASSED] - Object 'Object Repository/Page_BugsUI/button_Login' is clickable

2019-05-05 11:50:09 - [TEST_STEP][PASSED] - click: Object: 'Object Repository/Page_BugsUI/button_Login' is clicked on

2019-05-05 11:50:09 - [MESSAGE][PASSED] - Object: 'Object Repository/Page_BugsUI/button_Login' is clicked on

2019-05-05 11:50:09 - [TEST_STEP][PASSED] - delay: Delayed 3 second(s)

2019-05-05 11:50:12 - [MESSAGE][PASSED] - Delayed 3 second(s)

2019-05-05 11:50:12 - [TEST_STEP][PASSED] - Statement - If (com.kms.katalon.core.webui.keyword.WebUiBuiltInKeywords.verifyElementPresent(com.kms.katalon.core.testobject.ObjectRepository.findTestObject(Page_BugsUI Dashboard/span_Dashboard), 0)): null

2019-05-05 11:50:12 - [MESSAGE][WARNING] - Timeout '0' is invalid. Using default page load timeout: '30'

2019-05-05 11:50:12 - [MESSAGE][PASSED] - Object 'Object Repository/Page_BugsUI Dashboard/span_Dashboard' is present

2019-05-05 11:50:12 - [TEST_STEP][PASSED] - Statement - assert true: null

2019-05-05 11:50:12 - [TEST_STEP][PASSED] - closeBrowser: Browser is closed

2019-05-05 11:50:13 - [MESSAGE][PASSED] - Browser is closed]]></system-out>
         <system-err><![CDATA[]]></system-err>
      </testcase>
      <testcase name="Test Cases/Add_Product/AddProductFields_verification" classname="Test Cases/Add_Product/AddProductFields_verification" status="PASSED">
         <system-out><![CDATA[2019-05-05 11:50:13 - [TEST_CASE][PASSED] - Test Cases/Add_Product/AddProductFields_verification: Test Cases/Add_Product/AddProductFields_verification

2019-05-05 11:50:13 - [TEST_STEP][PASSED] - openBrowser: Browser is opened with url: ''

2019-05-05 11:50:15 - [MESSAGE][PASSED] - Browser is opened with url: ''

2019-05-05 11:50:15 - [TEST_STEP][PASSED] - navigateToUrl: Navigate to 'https://le-bugsui.staging.corp.arista.io/dashboard' successfully

2019-05-05 11:50:28 - [MESSAGE][PASSED] - Navigate to 'https://le-bugsui.staging.corp.arista.io/dashboard' successfully

2019-05-05 11:50:28 - [TEST_STEP][PASSED] - delay: Delayed 3 second(s)

2019-05-05 11:50:31 - [MESSAGE][PASSED] - Delayed 3 second(s)

2019-05-05 11:50:31 - [TEST_STEP][PASSED] - maximizeWindow: Current window maximized

2019-05-05 11:50:31 - [MESSAGE][PASSED] - Current window maximized

2019-05-05 11:50:31 - [TEST_STEP][PASSED] - delay: Delayed 2 second(s)

2019-05-05 11:50:33 - [MESSAGE][PASSED] - Delayed 2 second(s)

2019-05-05 11:50:33 - [TEST_STEP][PASSED] - setText: Text 'knagendra-ext' is set on object 'Object Repository/Page_BugsUI/input_username'

2019-05-05 11:50:34 - [MESSAGE][PASSED] - Text 'knagendra-ext' is set on object 'Object Repository/Page_BugsUI/input_username'

2019-05-05 11:50:34 - [TEST_STEP][PASSED] - setText: Text 'Kum1!@#$%^&*()ar' is set on object 'Object Repository/Page_BugsUI/input_password'

2019-05-05 11:50:34 - [MESSAGE][PASSED] - Text 'Kum1!@#$%^&*()ar' is set on object 'Object Repository/Page_BugsUI/input_password'

2019-05-05 11:50:34 - [TEST_STEP][PASSED] - Statement - If (com.kms.katalon.core.webui.keyword.WebUiBuiltInKeywords.verifyElementClickable(com.kms.katalon.core.testobject.ObjectRepository.findTestObject(Page_BugsUI/button_Login))): Object: 'Object Repository/Page_BugsUI/button_Login' is clicked on

2019-05-05 11:50:34 - [MESSAGE][PASSED] - Object 'Object Repository/Page_BugsUI/button_Login' is clickable

2019-05-05 11:50:34 - [TEST_STEP][PASSED] - click: Object: 'Object Repository/Page_BugsUI/button_Login' is clicked on

2019-05-05 11:50:34 - [MESSAGE][PASSED] - Object: 'Object Repository/Page_BugsUI/button_Login' is clicked on

2019-05-05 11:50:34 - [TEST_STEP][PASSED] - delay: Delayed 6 second(s)

2019-05-05 11:50:40 - [MESSAGE][PASSED] - Delayed 6 second(s)

2019-05-05 11:50:40 - [TEST_STEP][PASSED] - Statement - If (com.kms.katalon.core.webui.keyword.WebUiBuiltInKeywords.verifyElementPresent(com.kms.katalon.core.testobject.ObjectRepository.findTestObject(Page_BugsUI Dashboard/span_Dashboard), 0)): Object: 'Object Repository/Page_BugsUI Dashboard/a_Add' is clicked on

2019-05-05 11:50:40 - [MESSAGE][WARNING] - Timeout '0' is invalid. Using default page load timeout: '30'

2019-05-05 11:50:40 - [MESSAGE][PASSED] - Object 'Object Repository/Page_BugsUI Dashboard/span_Dashboard' is present

2019-05-05 11:50:40 - [TEST_STEP][PASSED] - Statement - If (com.kms.katalon.core.webui.keyword.WebUiBuiltInKeywords.verifyElementPresent(com.kms.katalon.core.testobject.ObjectRepository.findTestObject(Page_BugsUI Dashboard/button_Product), 10)): Object: 'Object Repository/Page_BugsUI Dashboard/a_Add' is clicked on

2019-05-05 11:50:40 - [MESSAGE][PASSED] - Object 'Object Repository/Page_BugsUI Dashboard/button_Product' is present

2019-05-05 11:50:40 - [TEST_STEP][PASSED] - click: Object: 'Object Repository/Page_BugsUI Dashboard/button_Product' is clicked on

2019-05-05 11:50:40 - [MESSAGE][PASSED] - Object: 'Object Repository/Page_BugsUI Dashboard/button_Product' is clicked on

2019-05-05 11:50:40 - [TEST_STEP][PASSED] - delay: Delayed 2 second(s)

2019-05-05 11:50:42 - [MESSAGE][PASSED] - Delayed 2 second(s)

2019-05-05 11:50:42 - [TEST_STEP][PASSED] - Statement - If (com.kms.katalon.core.webui.keyword.WebUiBuiltInKeywords.verifyElementPresent(com.kms.katalon.core.testobject.ObjectRepository.findTestObject(Page_BugsUI Dashboard/a_Add), 5)): Object: 'Object Repository/Page_BugsUI Dashboard/a_Add' is clicked on

2019-05-05 11:50:42 - [MESSAGE][PASSED] - Object 'Object Repository/Page_BugsUI Dashboard/a_Add' is present

2019-05-05 11:50:42 - [TEST_STEP][PASSED] - click: Object: 'Object Repository/Page_BugsUI Dashboard/a_Add' is clicked on

2019-05-05 11:50:42 - [MESSAGE][PASSED] - Object: 'Object Repository/Page_BugsUI Dashboard/a_Add' is clicked on

2019-05-05 11:50:42 - [TEST_STEP][PASSED] - delay: Delayed 3 second(s)

2019-05-05 11:50:45 - [MESSAGE][PASSED] - Delayed 3 second(s)

2019-05-05 11:50:45 - [TEST_STEP][PASSED] - Statement - If (com.kms.katalon.core.webui.keyword.WebUiBuiltInKeywords.verifyElementPresent(com.kms.katalon.core.testobject.ObjectRepository.findTestObject(Page_BugsUI Add Product/span_Add Product), 0)): null

2019-05-05 11:50:45 - [MESSAGE][WARNING] - Timeout '0' is invalid. Using default page load timeout: '30'

2019-05-05 11:50:46 - [MESSAGE][PASSED] - Object 'Object Repository/Page_BugsUI Add Product/span_Add Product' is present

2019-05-05 11:50:46 - [TEST_STEP][PASSED] - Statement - assert true: null

2019-05-05 11:50:46 - [TEST_STEP][PASSED] - verifyElementPresent: Object 'Object Repository/Page_BugsUI Add Product/div_Choose Classification' is present

2019-05-05 11:50:46 - [MESSAGE][PASSED] - Object 'Object Repository/Page_BugsUI Add Product/div_Choose Classification' is present

2019-05-05 11:50:46 - [TEST_STEP][PASSED] - verifyElementPresent: Object 'Object Repository/Page_BugsUI Add Product/input_name' is present

2019-05-05 11:50:46 - [MESSAGE][PASSED] - Object 'Object Repository/Page_BugsUI Add Product/input_name' is present

2019-05-05 11:50:46 - [TEST_STEP][PASSED] - verifyElementPresent: Object 'Object Repository/Page_BugsUI Add Product/textarea_description' is present

2019-05-05 11:50:46 - [MESSAGE][PASSED] - Object 'Object Repository/Page_BugsUI Add Product/textarea_description' is present

2019-05-05 11:50:46 - [TEST_STEP][PASSED] - verifyElementPresent: Object 'Object Repository/Page_BugsUI Add Product/checkbox_closedForBugEntry' is present

2019-05-05 11:50:46 - [MESSAGE][PASSED] - Object 'Object Repository/Page_BugsUI Add Product/checkbox_closedForBugEntry' is present

2019-05-05 11:50:46 - [TEST_STEP][PASSED] - verifyElementPresent: Object 'Object Repository/Page_BugsUI Add Product/input_version' is present

2019-05-05 11:50:46 - [MESSAGE][PASSED] - Object 'Object Repository/Page_BugsUI Add Product/input_version' is present

2019-05-05 11:50:46 - [TEST_STEP][PASSED] - verifyElementPresent: Object 'Object Repository/Page_BugsUI Add Product/input_component' is present

2019-05-05 11:50:46 - [MESSAGE][PASSED] - Object 'Object Repository/Page_BugsUI Add Product/input_component' is present

2019-05-05 11:50:46 - [TEST_STEP][PASSED] - verifyElementPresent: Object 'Object Repository/Page_BugsUI Add Product/div_Choose Assignee' is present

2019-05-05 11:50:46 - [MESSAGE][PASSED] - Object 'Object Repository/Page_BugsUI Add Product/div_Choose Assignee' is present

2019-05-05 11:50:46 - [TEST_STEP][PASSED] - Statement - If (com.kms.katalon.core.webui.keyword.WebUiBuiltInKeywords.verifyElementNotClickable(com.kms.katalon.core.testobject.ObjectRepository.findTestObject(Page_BugsUI Add Product/AddProduct_button))): null

2019-05-05 11:50:46 - [MESSAGE][PASSED] - Object 'Object Repository/Page_BugsUI Add Product/AddProduct_button' is NOT clickable

2019-05-05 11:50:46 - [TEST_STEP][PASSED] - Statement - assert true: null

2019-05-05 11:50:46 - [TEST_STEP][PASSED] - click: Object: 'Object Repository/Page_BugsUI Add Product/div_Choose Classification' is clicked on

2019-05-05 11:50:46 - [MESSAGE][PASSED] - Object: 'Object Repository/Page_BugsUI Add Product/div_Choose Classification' is clicked on

2019-05-05 11:50:46 - [TEST_STEP][PASSED] - delay: Delayed 2 second(s)

2019-05-05 11:50:48 - [MESSAGE][PASSED] - Delayed 2 second(s)

2019-05-05 11:50:48 - [TEST_STEP][PASSED] - click: Object: 'Object Repository/Page_BugsUI Add Product/span_Software' is clicked on

2019-05-05 11:50:48 - [MESSAGE][PASSED] - Object: 'Object Repository/Page_BugsUI Add Product/span_Software' is clicked on

2019-05-05 11:50:48 - [TEST_STEP][PASSED] - setText: Text '1-Automation-testing' is set on object 'Object Repository/Page_BugsUI Add Product/input_name'

2019-05-05 11:50:48 - [MESSAGE][PASSED] - Text '1-Automation-testing' is set on object 'Object Repository/Page_BugsUI Add Product/input_name'

2019-05-05 11:50:48 - [TEST_STEP][PASSED] - setText: Text '1-Automation-testing Description' is set on object 'Object Repository/Page_BugsUI Add Product/textarea_description'

2019-05-05 11:50:49 - [MESSAGE][PASSED] - Text '1-Automation-testing Description' is set on object 'Object Repository/Page_BugsUI Add Product/textarea_description'

2019-05-05 11:50:49 - [TEST_STEP][PASSED] - setText: Text '1' is set on object 'Object Repository/Page_BugsUI Add Product/input_version'

2019-05-05 11:50:49 - [MESSAGE][PASSED] - Text '1' is set on object 'Object Repository/Page_BugsUI Add Product/input_version'

2019-05-05 11:50:49 - [TEST_STEP][PASSED] - Statement - If (com.kms.katalon.core.webui.keyword.WebUiBuiltInKeywords.verifyElementNotClickable(com.kms.katalon.core.testobject.ObjectRepository.findTestObject(Page_BugsUI Add Product/AddProduct_button))): null

2019-05-05 11:50:49 - [MESSAGE][PASSED] - Object 'Object Repository/Page_BugsUI Add Product/AddProduct_button' is NOT clickable

2019-05-05 11:50:49 - [TEST_STEP][PASSED] - Statement - assert true: null

2019-05-05 11:50:49 - [TEST_STEP][PASSED] - setText: Text 'kumar nagendra' is set on object 'Object Repository/Page_BugsUI Add Product/defaultAssigne_inputbox'

2019-05-05 11:50:49 - [MESSAGE][PASSED] - Text 'kumar nagendra' is set on object 'Object Repository/Page_BugsUI Add Product/defaultAssigne_inputbox'

2019-05-05 11:50:49 - [TEST_STEP][PASSED] - click: Object: 'Object Repository/Page_BugsUI Add Product/span_kumar.nagendra' is clicked on

2019-05-05 11:50:50 - [MESSAGE][PASSED] - Object: 'Object Repository/Page_BugsUI Add Product/span_kumar.nagendra' is clicked on

2019-05-05 11:50:50 - [TEST_STEP][PASSED] - delay: Delayed 2 second(s)

2019-05-05 11:50:52 - [MESSAGE][PASSED] - Delayed 2 second(s)

2019-05-05 11:50:52 - [TEST_STEP][PASSED] - Statement - If (com.kms.katalon.core.webui.keyword.WebUiBuiltInKeywords.verifyElementClickable(com.kms.katalon.core.testobject.ObjectRepository.findTestObject(Page_BugsUI Add Product/AddProduct_button))): null

2019-05-05 11:50:52 - [MESSAGE][PASSED] - Object 'Object Repository/Page_BugsUI Add Product/AddProduct_button' is clickable

2019-05-05 11:50:52 - [TEST_STEP][PASSED] - Statement - assert true: null

2019-05-05 11:50:52 - [TEST_STEP][PASSED] - setText: Text 'Auto-1' is set on object 'Object Repository/Page_BugsUI Add Product/input_component'

2019-05-05 11:50:52 - [MESSAGE][PASSED] - Text 'Auto-1' is set on object 'Object Repository/Page_BugsUI Add Product/input_component'

2019-05-05 11:50:52 - [TEST_STEP][PASSED] - verifyElementPresent: Object 'Object Repository/Page_BugsUI Add Product/componentDescription' is present

2019-05-05 11:50:52 - [MESSAGE][PASSED] - Object 'Object Repository/Page_BugsUI Add Product/componentDescription' is present

2019-05-05 11:50:52 - [TEST_STEP][PASSED] - Statement - If (com.kms.katalon.core.webui.keyword.WebUiBuiltInKeywords.verifyElementNotClickable(com.kms.katalon.core.testobject.ObjectRepository.findTestObject(Page_BugsUI Add Product/AddProduct_button))): null

2019-05-05 11:50:52 - [MESSAGE][PASSED] - Object 'Object Repository/Page_BugsUI Add Product/AddProduct_button' is NOT clickable

2019-05-05 11:50:52 - [TEST_STEP][PASSED] - Statement - assert true: null

2019-05-05 11:50:52 - [TEST_STEP][PASSED] - setText: Text 'Auto-1 description' is set on object 'Object Repository/Page_BugsUI Add Product/componentDescription'

2019-05-05 11:50:53 - [MESSAGE][PASSED] - Text 'Auto-1 description' is set on object 'Object Repository/Page_BugsUI Add Product/componentDescription'

2019-05-05 11:50:53 - [TEST_STEP][PASSED] - scrollToElement: Scroll to object 'Object Repository/Page_BugsUI Add Product/AddProduct_button' successfully

2019-05-05 11:50:53 - [MESSAGE][PASSED] - Scroll to object 'Object Repository/Page_BugsUI Add Product/AddProduct_button' successfully

2019-05-05 11:50:53 - [TEST_STEP][PASSED] - delay: Delayed 2 second(s)

2019-05-05 11:50:55 - [MESSAGE][PASSED] - Delayed 2 second(s)

2019-05-05 11:50:55 - [TEST_STEP][PASSED] - Statement - If (com.kms.katalon.core.webui.keyword.WebUiBuiltInKeywords.verifyElementClickable(com.kms.katalon.core.testobject.ObjectRepository.findTestObject(Page_BugsUI Add Product/AddProduct_button))): null

2019-05-05 11:50:55 - [MESSAGE][PASSED] - Object 'Object Repository/Page_BugsUI Add Product/AddProduct_button' is clickable

2019-05-05 11:50:55 - [TEST_STEP][PASSED] - Statement - assert true: null

2019-05-05 11:50:55 - [TEST_STEP][PASSED] - clearText: Text of object 'Object Repository/Page_BugsUI Add Product/input_name' is cleared

2019-05-05 11:50:55 - [MESSAGE][PASSED] - Text of object 'Object Repository/Page_BugsUI Add Product/input_name' is cleared

2019-05-05 11:50:55 - [TEST_STEP][PASSED] - setText: Text 'BugsUITest' is set on object 'Object Repository/Page_BugsUI Add Product/input_name'

2019-05-05 11:50:55 - [MESSAGE][PASSED] - Text 'BugsUITest' is set on object 'Object Repository/Page_BugsUI Add Product/input_name'

2019-05-05 11:50:55 - [TEST_STEP][PASSED] - click: Object: 'Object Repository/Page_BugsUI Add Product/AddProduct_button' is clicked on

2019-05-05 11:50:55 - [MESSAGE][PASSED] - Object: 'Object Repository/Page_BugsUI Add Product/AddProduct_button' is clicked on

2019-05-05 11:50:55 - [TEST_STEP][PASSED] - delay: Delayed 2 second(s)

2019-05-05 11:50:57 - [MESSAGE][PASSED] - Delayed 2 second(s)

2019-05-05 11:50:57 - [TEST_STEP][PASSED] - verifyElementPresent: Object 'Object Repository/Page_BugsUI Add Product/div_Product BugsUITest already' is present

2019-05-05 11:50:57 - [MESSAGE][PASSED] - Object 'Object Repository/Page_BugsUI Add Product/div_Product BugsUITest already' is present

2019-05-05 11:50:57 - [TEST_STEP][PASSED] - Statement - text = com.kms.katalon.core.webui.keyword.WebUiBuiltInKeywords.getText(com.kms.katalon.core.testobject.ObjectRepository.findTestObject(Page_BugsUI Add Product/div_Product BugsUITest already)): Text of object 'Object Repository/Page_BugsUI Add Product/div_Product BugsUITest already' is: 'Product BugsUITest already exists.'

2019-05-05 11:50:57 - [MESSAGE][PASSED] - Text of object 'Object Repository/Page_BugsUI Add Product/div_Product BugsUITest already' is: 'Product BugsUITest already exists.'

2019-05-05 11:50:57 - [TEST_STEP][PASSED] - Statement - If (text.equals("Product BugsUITest already exists.")): null

2019-05-05 11:50:57 - [TEST_STEP][PASSED] - Statement - assert true: null

2019-05-05 11:50:57 - [TEST_STEP][PASSED] - clearText: Text of object 'Object Repository/Page_BugsUI Add Product/input_name' is cleared

2019-05-05 11:50:57 - [MESSAGE][PASSED] - Text of object 'Object Repository/Page_BugsUI Add Product/input_name' is cleared

2019-05-05 11:50:57 - [TEST_STEP][PASSED] - setText: Text '1-Automation-testing' is set on object 'Object Repository/Page_BugsUI Add Product/input_name'

2019-05-05 11:50:58 - [MESSAGE][PASSED] - Text '1-Automation-testing' is set on object 'Object Repository/Page_BugsUI Add Product/input_name'

2019-05-05 11:50:58 - [TEST_STEP][PASSED] - click: Object: 'Object Repository/Page_BugsUI Add Product/AddProduct_button' is clicked on

2019-05-05 11:50:58 - [MESSAGE][PASSED] - Object: 'Object Repository/Page_BugsUI Add Product/AddProduct_button' is clicked on

2019-05-05 11:50:58 - [TEST_STEP][PASSED] - delay: Delayed 3 second(s)

2019-05-05 11:51:01 - [MESSAGE][PASSED] - Delayed 3 second(s)

2019-05-05 11:51:01 - [TEST_STEP][PASSED] - verifyElementPresent: Object 'Object Repository/Page_BugsUI Add Product/div_Product_added_success' is present

2019-05-05 11:51:01 - [MESSAGE][PASSED] - Object 'Object Repository/Page_BugsUI Add Product/div_Product_added_success' is present

2019-05-05 11:51:01 - [TEST_STEP][PASSED] - Statement - successMsg = com.kms.katalon.core.webui.keyword.WebUiBuiltInKeywords.getText(com.kms.katalon.core.testobject.ObjectRepository.findTestObject(Page_BugsUI Add Product/div_Product_added_success)): Text of object 'Object Repository/Page_BugsUI Add Product/div_Product_added_success' is: 'Product has been added successfully.'

2019-05-05 11:51:01 - [MESSAGE][PASSED] - Text of object 'Object Repository/Page_BugsUI Add Product/div_Product_added_success' is: 'Product has been added successfully.'

2019-05-05 11:51:01 - [TEST_STEP][PASSED] - Statement - If (successMsg.equals("Product has been added successfully.")): null

2019-05-05 11:51:01 - [TEST_STEP][PASSED] - Statement - assert true: null

2019-05-05 11:51:01 - [TEST_STEP][PASSED] - delay: Delayed 2 second(s)

2019-05-05 11:51:03 - [MESSAGE][PASSED] - Delayed 2 second(s)]]></system-out>
         <system-err><![CDATA[]]></system-err>
      </testcase>
      <testcase name="Test Cases/Add_Product/AddedProductAvailability" classname="Test Cases/Add_Product/AddedProductAvailability" status="PASSED">
         <system-out><![CDATA[2019-05-05 11:51:03 - [TEST_CASE][PASSED] - Test Cases/Add_Product/AddedProductAvailability: Test Cases/Add_Product/AddedProductAvailability

2019-05-05 11:51:03 - [TEST_STEP][PASSED] - delay: Delayed 2 second(s)

2019-05-05 11:51:05 - [MESSAGE][PASSED] - Delayed 2 second(s)

2019-05-05 11:51:05 - [TEST_STEP][PASSED] - Statement - If (com.kms.katalon.core.webui.keyword.WebUiBuiltInKeywords.verifyElementPresent(com.kms.katalon.core.testobject.ObjectRepository.findTestObject(Page_BugsUI Dashboard/a_New Bug), 0)): Object: 'Object Repository/Page_BugsUI Dashboard/a_New Bug' is clicked on

2019-05-05 11:51:05 - [MESSAGE][WARNING] - Timeout '0' is invalid. Using default page load timeout: '30'

2019-05-05 11:51:05 - [MESSAGE][PASSED] - Object 'Object Repository/Page_BugsUI Dashboard/a_New Bug' is present

2019-05-05 11:51:05 - [TEST_STEP][PASSED] - click: Object: 'Object Repository/Page_BugsUI Dashboard/a_New Bug' is clicked on

2019-05-05 11:51:05 - [MESSAGE][PASSED] - Object: 'Object Repository/Page_BugsUI Dashboard/a_New Bug' is clicked on

2019-05-05 11:51:05 - [TEST_STEP][PASSED] - delay: Delayed 3 second(s)

2019-05-05 11:51:08 - [MESSAGE][PASSED] - Delayed 3 second(s)

2019-05-05 11:51:08 - [TEST_STEP][PASSED] - verifyElementPresent: Object 'Object Repository/Page_BugsUI New Bug/span_Raise New Bug' is present

2019-05-05 11:51:08 - [MESSAGE][WARNING] - Timeout '0' is invalid. Using default page load timeout: '30'

2019-05-05 11:51:09 - [MESSAGE][PASSED] - Object 'Object Repository/Page_BugsUI New Bug/span_Raise New Bug' is present

2019-05-05 11:51:09 - [TEST_STEP][PASSED] - setText: Text 'Software' is set on object 'Object Repository/Page_BugsUI New Bug/div_Choose Classification'

2019-05-05 11:51:09 - [MESSAGE][PASSED] - Text 'Software' is set on object 'Object Repository/Page_BugsUI New Bug/div_Choose Classification'

2019-05-05 11:51:09 - [TEST_STEP][PASSED] - delay: Delayed 2 second(s)

2019-05-05 11:51:11 - [MESSAGE][PASSED] - Delayed 2 second(s)

2019-05-05 11:51:11 - [TEST_STEP][PASSED] - click: Object: 'Object Repository/Page_BugsUI New Bug/span_Software' is clicked on

2019-05-05 11:51:12 - [MESSAGE][PASSED] - Object: 'Object Repository/Page_BugsUI New Bug/span_Software' is clicked on

2019-05-05 11:51:12 - [TEST_STEP][PASSED] - delay: Delayed 3 second(s)

2019-05-05 11:51:15 - [MESSAGE][PASSED] - Delayed 3 second(s)

2019-05-05 11:51:15 - [TEST_STEP][PASSED] - setText: Text '1-Automation-testing' is set on object 'Object Repository/Page_BugsUI New Bug/div_Choose Package'

2019-05-05 11:51:15 - [MESSAGE][PASSED] - Text '1-Automation-testing' is set on object 'Object Repository/Page_BugsUI New Bug/div_Choose Package'

2019-05-05 11:51:15 - [TEST_STEP][PASSED] - Statement - If (com.kms.katalon.core.webui.keyword.WebUiBuiltInKeywords.verifyElementPresent(com.kms.katalon.core.testobject.ObjectRepository.findTestObject(Page_BugsUI New Bug/span_1-Automation-testing), 0)): null

2019-05-05 11:51:15 - [MESSAGE][WARNING] - Timeout '0' is invalid. Using default page load timeout: '30'

2019-05-05 11:51:15 - [MESSAGE][PASSED] - Object 'Object Repository/Page_BugsUI New Bug/span_1-Automation-testing' is present

2019-05-05 11:51:15 - [TEST_STEP][PASSED] - click: Object: 'Object Repository/Page_BugsUI New Bug/span_1-Automation-testing' is clicked on

2019-05-05 11:51:15 - [MESSAGE][PASSED] - Object: 'Object Repository/Page_BugsUI New Bug/span_1-Automation-testing' is clicked on

2019-05-05 11:51:15 - [TEST_STEP][PASSED] - Statement - assert true: null

2019-05-05 11:51:15 - [TEST_STEP][PASSED] - delay: Delayed 3 second(s)

2019-05-05 11:51:18 - [MESSAGE][PASSED] - Delayed 3 second(s)]]></system-out>
         <system-err><![CDATA[]]></system-err>
      </testcase>
      <testcase name="Test Cases/Add_Product/Delete_added_product" classname="Test Cases/Add_Product/Delete_added_product" status="PASSED">
         <system-out><![CDATA[2019-05-05 11:51:18 - [TEST_CASE][PASSED] - Test Cases/Add_Product/Delete_added_product: Test Cases/Add_Product/Delete_added_product

2019-05-05 11:51:19 - [TEST_STEP][PASSED] - Statement - If (com.kms.katalon.core.webui.keyword.WebUiBuiltInKeywords.verifyElementPresent(com.kms.katalon.core.testobject.ObjectRepository.findTestObject(Page_BugsUI Dashboard/button_Product), 10)): Object: 'Object Repository/Page_BugsUI Dashboard/a_Edit' is clicked on

2019-05-05 11:51:19 - [MESSAGE][PASSED] - Object 'Object Repository/Page_BugsUI Dashboard/button_Product' is present

2019-05-05 11:51:19 - [TEST_STEP][PASSED] - click: Object: 'Object Repository/Page_BugsUI Dashboard/button_Product' is clicked on

2019-05-05 11:51:19 - [MESSAGE][PASSED] - Object: 'Object Repository/Page_BugsUI Dashboard/button_Product' is clicked on

2019-05-05 11:51:19 - [TEST_STEP][PASSED] - delay: Delayed 2 second(s)

2019-05-05 11:51:21 - [MESSAGE][PASSED] - Delayed 2 second(s)

2019-05-05 11:51:21 - [TEST_STEP][PASSED] - Statement - If (com.kms.katalon.core.webui.keyword.WebUiBuiltInKeywords.verifyElementPresent(com.kms.katalon.core.testobject.ObjectRepository.findTestObject(Page_BugsUI Dashboard/a_Edit), 5)): Object: 'Object Repository/Page_BugsUI Dashboard/a_Edit' is clicked on

2019-05-05 11:51:21 - [MESSAGE][PASSED] - Object 'Object Repository/Page_BugsUI Dashboard/a_Edit' is present

2019-05-05 11:51:21 - [TEST_STEP][PASSED] - click: Object: 'Object Repository/Page_BugsUI Dashboard/a_Edit' is clicked on

2019-05-05 11:51:21 - [MESSAGE][PASSED] - Object: 'Object Repository/Page_BugsUI Dashboard/a_Edit' is clicked on

2019-05-05 11:51:21 - [TEST_STEP][PASSED] - delay: Delayed 2 second(s)

2019-05-05 11:51:23 - [MESSAGE][PASSED] - Delayed 2 second(s)

2019-05-05 11:51:23 - [TEST_STEP][PASSED] - acceptAlert: Alert accepted

2019-05-05 11:51:23 - [MESSAGE][PASSED] - Alert accepted

2019-05-05 11:51:23 - [TEST_STEP][PASSED] - delay: Delayed 2 second(s)

2019-05-05 11:51:25 - [MESSAGE][PASSED] - Delayed 2 second(s)

2019-05-05 11:51:25 - [TEST_STEP][PASSED] - verifyElementPresent: Object 'Object Repository/Page_BugsUI Edit Product/span_Edit Product' is present

2019-05-05 11:51:25 - [MESSAGE][WARNING] - Timeout '0' is invalid. Using default page load timeout: '30'

2019-05-05 11:51:25 - [MESSAGE][PASSED] - Object 'Object Repository/Page_BugsUI Edit Product/span_Edit Product' is present

2019-05-05 11:51:25 - [TEST_STEP][PASSED] - setText: Text 'Software' is set on object 'Object Repository/Page_BugsUI Edit Product/div_Choose Classification'

2019-05-05 11:51:25 - [MESSAGE][PASSED] - Text 'Software' is set on object 'Object Repository/Page_BugsUI Edit Product/div_Choose Classification'

2019-05-05 11:51:25 - [TEST_STEP][PASSED] - delay: Delayed 2 second(s)

2019-05-05 11:51:27 - [MESSAGE][PASSED] - Delayed 2 second(s)

2019-05-05 11:51:27 - [TEST_STEP][PASSED] - click: Object: 'Object Repository/Page_BugsUI Edit Product/span_Software' is clicked on

2019-05-05 11:51:27 - [MESSAGE][PASSED] - Object: 'Object Repository/Page_BugsUI Edit Product/span_Software' is clicked on

2019-05-05 11:51:27 - [TEST_STEP][PASSED] - setText: Text '1-Automation-testing' is set on object 'Object Repository/Page_BugsUI Edit Product/div_Choose Product'

2019-05-05 11:51:28 - [MESSAGE][PASSED] - Text '1-Automation-testing' is set on object 'Object Repository/Page_BugsUI Edit Product/div_Choose Product'

2019-05-05 11:51:28 - [TEST_STEP][PASSED] - delay: Delayed 2 second(s)

2019-05-05 11:51:30 - [MESSAGE][PASSED] - Delayed 2 second(s)

2019-05-05 11:51:30 - [TEST_STEP][PASSED] - click: Object: 'Object Repository/Page_BugsUI Edit Product/span_1-Automation-testing' is clicked on

2019-05-05 11:51:30 - [MESSAGE][PASSED] - Object: 'Object Repository/Page_BugsUI Edit Product/span_1-Automation-testing' is clicked on

2019-05-05 11:51:30 - [TEST_STEP][PASSED] - scrollToElement: Scroll to object 'Object Repository/Page_BugsUI Edit Product/button_Delete Product' successfully

2019-05-05 11:51:30 - [MESSAGE][PASSED] - Scroll to object 'Object Repository/Page_BugsUI Edit Product/button_Delete Product' successfully

2019-05-05 11:51:30 - [TEST_STEP][PASSED] - Statement - If (com.kms.katalon.core.webui.keyword.WebUiBuiltInKeywords.verifyElementPresent(com.kms.katalon.core.testobject.ObjectRepository.findTestObject(Page_BugsUI Edit Product/button_Delete Product), 0)): Object: 'Object Repository/Page_BugsUI Edit Product/button_Delete Product' is clicked on

2019-05-05 11:51:30 - [MESSAGE][WARNING] - Timeout '0' is invalid. Using default page load timeout: '30'

2019-05-05 11:51:30 - [MESSAGE][PASSED] - Object 'Object Repository/Page_BugsUI Edit Product/button_Delete Product' is present

2019-05-05 11:51:30 - [TEST_STEP][PASSED] - delay: Delayed 5 second(s)

2019-05-05 11:51:35 - [MESSAGE][PASSED] - Delayed 5 second(s)

2019-05-05 11:51:35 - [TEST_STEP][PASSED] - Statement - If (com.kms.katalon.core.webui.keyword.WebUiBuiltInKeywords.verifyElementClickable(com.kms.katalon.core.testobject.ObjectRepository.findTestObject(Page_BugsUI Edit Product/button_Delete Product))): Object: 'Object Repository/Page_BugsUI Edit Product/button_Delete Product' is clicked on

2019-05-05 11:51:35 - [MESSAGE][PASSED] - Object 'Object Repository/Page_BugsUI Edit Product/button_Delete Product' is clickable

2019-05-05 11:51:35 - [TEST_STEP][PASSED] - click: Object: 'Object Repository/Page_BugsUI Edit Product/button_Delete Product' is clicked on

2019-05-05 11:51:35 - [MESSAGE][PASSED] - Object: 'Object Repository/Page_BugsUI Edit Product/button_Delete Product' is clicked on

2019-05-05 11:51:35 - [TEST_STEP][PASSED] - delay: Delayed 3 second(s)

2019-05-05 11:51:38 - [MESSAGE][PASSED] - Delayed 3 second(s)

2019-05-05 11:51:38 - [TEST_STEP][PASSED] - Statement - If (com.kms.katalon.core.webui.keyword.WebUiBuiltInKeywords.verifyElementPresent(com.kms.katalon.core.testobject.ObjectRepository.findTestObject(Page_BugsUI Edit Product/confirmDeleteProduct_popup), 0)): Object: 'Object Repository/Page_BugsUI Edit Product/button_No' is clicked on

2019-05-05 11:51:38 - [MESSAGE][WARNING] - Timeout '0' is invalid. Using default page load timeout: '30'

2019-05-05 11:51:38 - [MESSAGE][PASSED] - Object 'Object Repository/Page_BugsUI Edit Product/confirmDeleteProduct_popup' is present

2019-05-05 11:51:38 - [TEST_STEP][PASSED] - Statement - If (com.kms.katalon.core.webui.keyword.WebUiBuiltInKeywords.verifyElementPresent(com.kms.katalon.core.testobject.ObjectRepository.findTestObject(Page_BugsUI Edit Product/button_No), 0)): Object: 'Object Repository/Page_BugsUI Edit Product/button_No' is clicked on

2019-05-05 11:51:38 - [MESSAGE][WARNING] - Timeout '0' is invalid. Using default page load timeout: '30'

2019-05-05 11:51:38 - [MESSAGE][PASSED] - Object 'Object Repository/Page_BugsUI Edit Product/button_No' is present

2019-05-05 11:51:38 - [TEST_STEP][PASSED] - click: Object: 'Object Repository/Page_BugsUI Edit Product/button_No' is clicked on

2019-05-05 11:51:38 - [MESSAGE][PASSED] - Object: 'Object Repository/Page_BugsUI Edit Product/button_No' is clicked on

2019-05-05 11:51:38 - [TEST_STEP][PASSED] - delay: Delayed 3 second(s)

2019-05-05 11:51:41 - [MESSAGE][PASSED] - Delayed 3 second(s)

2019-05-05 11:51:41 - [TEST_STEP][PASSED] - verifyElementPresent: Object 'Object Repository/Page_BugsUI Edit Product/button_Delete Product' is present

2019-05-05 11:51:41 - [MESSAGE][WARNING] - Timeout '0' is invalid. Using default page load timeout: '30'

2019-05-05 11:51:41 - [MESSAGE][PASSED] - Object 'Object Repository/Page_BugsUI Edit Product/button_Delete Product' is present

2019-05-05 11:51:41 - [TEST_STEP][PASSED] - click: Object: 'Object Repository/Page_BugsUI Edit Product/button_Delete Product' is clicked on

2019-05-05 11:51:42 - [MESSAGE][PASSED] - Object: 'Object Repository/Page_BugsUI Edit Product/button_Delete Product' is clicked on

2019-05-05 11:51:42 - [TEST_STEP][PASSED] - delay: Delayed 3 second(s)

2019-05-05 11:51:45 - [MESSAGE][PASSED] - Delayed 3 second(s)

2019-05-05 11:51:45 - [TEST_STEP][PASSED] - Statement - If (com.kms.katalon.core.webui.keyword.WebUiBuiltInKeywords.verifyElementPresent(com.kms.katalon.core.testobject.ObjectRepository.findTestObject(Page_BugsUI Edit Product/confirmDeleteProduct_popup), 0)): Object: 'Object Repository/Page_BugsUI Edit Product/button_deleteProduct_Yes' is clicked on

2019-05-05 11:51:45 - [MESSAGE][WARNING] - Timeout '0' is invalid. Using default page load timeout: '30'

2019-05-05 11:51:45 - [MESSAGE][PASSED] - Object 'Object Repository/Page_BugsUI Edit Product/confirmDeleteProduct_popup' is present

2019-05-05 11:51:45 - [TEST_STEP][PASSED] - Statement - If (com.kms.katalon.core.webui.keyword.WebUiBuiltInKeywords.verifyElementPresent(com.kms.katalon.core.testobject.ObjectRepository.findTestObject(Page_BugsUI Edit Product/button_deleteProduct_Yes), 0)): Object: 'Object Repository/Page_BugsUI Edit Product/button_deleteProduct_Yes' is clicked on

2019-05-05 11:51:45 - [MESSAGE][WARNING] - Timeout '0' is invalid. Using default page load timeout: '30'

2019-05-05 11:51:45 - [MESSAGE][PASSED] - Object 'Object Repository/Page_BugsUI Edit Product/button_deleteProduct_Yes' is present

2019-05-05 11:51:45 - [TEST_STEP][PASSED] - click: Object: 'Object Repository/Page_BugsUI Edit Product/button_deleteProduct_Yes' is clicked on

2019-05-05 11:51:45 - [MESSAGE][PASSED] - Object: 'Object Repository/Page_BugsUI Edit Product/button_deleteProduct_Yes' is clicked on

2019-05-05 11:51:45 - [TEST_STEP][PASSED] - delay: Delayed 3 second(s)

2019-05-05 11:51:48 - [MESSAGE][PASSED] - Delayed 3 second(s)

2019-05-05 11:51:48 - [TEST_STEP][PASSED] - Statement - If (com.kms.katalon.core.webui.keyword.WebUiBuiltInKeywords.verifyElementPresent(com.kms.katalon.core.testobject.ObjectRepository.findTestObject(Page_BugsUI Edit Product/div_Product has been deleted), 0)): null

2019-05-05 11:51:48 - [MESSAGE][WARNING] - Timeout '0' is invalid. Using default page load timeout: '30'

2019-05-05 11:51:48 - [MESSAGE][PASSED] - Object 'Object Repository/Page_BugsUI Edit Product/div_Product has been deleted' is present

2019-05-05 11:51:48 - [TEST_STEP][PASSED] - Statement - text = com.kms.katalon.core.webui.keyword.WebUiBuiltInKeywords.getText(com.kms.katalon.core.testobject.ObjectRepository.findTestObject(Page_BugsUI Edit Product/div_Product has been deleted)): Text of object 'Object Repository/Page_BugsUI Edit Product/div_Product has been deleted' is: 'Product has been deleted successfully.'

2019-05-05 11:51:48 - [MESSAGE][PASSED] - Text of object 'Object Repository/Page_BugsUI Edit Product/div_Product has been deleted' is: 'Product has been deleted successfully.'

2019-05-05 11:51:48 - [TEST_STEP][PASSED] - Statement - If (text.equals("Product has been deleted successfully.")): null

2019-05-05 11:51:48 - [TEST_STEP][PASSED] - Statement - assert true: null

2019-05-05 11:51:48 - [TEST_STEP][PASSED] - closeBrowser: Browser is closed

2019-05-05 11:51:49 - [MESSAGE][PASSED] - Browser is closed]]></system-out>
         <system-err><![CDATA[]]></system-err>
      </testcase>
      <testcase name="Test Cases/Edit_Product/Edit_product_fields" classname="Test Cases/Edit_Product/Edit_product_fields" status="PASSED">
         <system-out><![CDATA[2019-05-05 11:51:49 - [TEST_CASE][PASSED] - Test Cases/Edit_Product/Edit_product_fields: Test Cases/Edit_Product/Edit_product_fields

2019-05-05 11:51:49 - [TEST_STEP][PASSED] - openBrowser: Browser is opened with url: ''

2019-05-05 11:51:50 - [MESSAGE][PASSED] - Browser is opened with url: ''

2019-05-05 11:51:50 - [TEST_STEP][PASSED] - navigateToUrl: Navigate to 'https://le-bugsui.staging.corp.arista.io/dashboard' successfully

2019-05-05 11:52:03 - [MESSAGE][PASSED] - Navigate to 'https://le-bugsui.staging.corp.arista.io/dashboard' successfully

2019-05-05 11:52:03 - [TEST_STEP][PASSED] - delay: Delayed 3 second(s)

2019-05-05 11:52:06 - [MESSAGE][PASSED] - Delayed 3 second(s)

2019-05-05 11:52:06 - [TEST_STEP][PASSED] - maximizeWindow: Current window maximized

2019-05-05 11:52:06 - [MESSAGE][PASSED] - Current window maximized

2019-05-05 11:52:06 - [TEST_STEP][PASSED] - delay: Delayed 2 second(s)

2019-05-05 11:52:08 - [MESSAGE][PASSED] - Delayed 2 second(s)

2019-05-05 11:52:08 - [TEST_STEP][PASSED] - setText: Text 'knagendra-ext' is set on object 'Object Repository/Page_BugsUI/input_username'

2019-05-05 11:52:08 - [MESSAGE][PASSED] - Text 'knagendra-ext' is set on object 'Object Repository/Page_BugsUI/input_username'

2019-05-05 11:52:08 - [TEST_STEP][PASSED] - setText: Text 'Kum1!@#$%^&*()ar' is set on object 'Object Repository/Page_BugsUI/input_password'

2019-05-05 11:52:08 - [MESSAGE][PASSED] - Text 'Kum1!@#$%^&*()ar' is set on object 'Object Repository/Page_BugsUI/input_password'

2019-05-05 11:52:08 - [TEST_STEP][PASSED] - Statement - If (com.kms.katalon.core.webui.keyword.WebUiBuiltInKeywords.verifyElementClickable(com.kms.katalon.core.testobject.ObjectRepository.findTestObject(Page_BugsUI/button_Login))): Object: 'Object Repository/Page_BugsUI/button_Login' is clicked on

2019-05-05 11:52:08 - [MESSAGE][PASSED] - Object 'Object Repository/Page_BugsUI/button_Login' is clickable

2019-05-05 11:52:08 - [TEST_STEP][PASSED] - click: Object: 'Object Repository/Page_BugsUI/button_Login' is clicked on

2019-05-05 11:52:08 - [MESSAGE][PASSED] - Object: 'Object Repository/Page_BugsUI/button_Login' is clicked on

2019-05-05 11:52:08 - [TEST_STEP][PASSED] - delay: Delayed 4 second(s)

2019-05-05 11:52:12 - [MESSAGE][PASSED] - Delayed 4 second(s)

2019-05-05 11:52:12 - [TEST_STEP][PASSED] - Statement - If (com.kms.katalon.core.webui.keyword.WebUiBuiltInKeywords.verifyElementPresent(com.kms.katalon.core.testobject.ObjectRepository.findTestObject(Page_BugsUI Dashboard/span_Dashboard), 0)): Object: 'Object Repository/Page_BugsUI Dashboard/a_Edit' is clicked on

2019-05-05 11:52:12 - [MESSAGE][WARNING] - Timeout '0' is invalid. Using default page load timeout: '30'

2019-05-05 11:52:12 - [MESSAGE][PASSED] - Object 'Object Repository/Page_BugsUI Dashboard/span_Dashboard' is present

2019-05-05 11:52:12 - [TEST_STEP][PASSED] - Statement - If (com.kms.katalon.core.webui.keyword.WebUiBuiltInKeywords.verifyElementPresent(com.kms.katalon.core.testobject.ObjectRepository.findTestObject(Page_BugsUI Dashboard/button_Product), 10)): Object: 'Object Repository/Page_BugsUI Dashboard/a_Edit' is clicked on

2019-05-05 11:52:12 - [MESSAGE][PASSED] - Object 'Object Repository/Page_BugsUI Dashboard/button_Product' is present

2019-05-05 11:52:12 - [TEST_STEP][PASSED] - click: Object: 'Object Repository/Page_BugsUI Dashboard/button_Product' is clicked on

2019-05-05 11:52:13 - [MESSAGE][PASSED] - Object: 'Object Repository/Page_BugsUI Dashboard/button_Product' is clicked on

2019-05-05 11:52:13 - [TEST_STEP][PASSED] - delay: Delayed 2 second(s)

2019-05-05 11:52:15 - [MESSAGE][PASSED] - Delayed 2 second(s)

2019-05-05 11:52:15 - [TEST_STEP][PASSED] - Statement - If (com.kms.katalon.core.webui.keyword.WebUiBuiltInKeywords.verifyElementPresent(com.kms.katalon.core.testobject.ObjectRepository.findTestObject(Page_BugsUI Dashboard/a_Edit), 5)): Object: 'Object Repository/Page_BugsUI Dashboard/a_Edit' is clicked on

2019-05-05 11:52:15 - [MESSAGE][PASSED] - Object 'Object Repository/Page_BugsUI Dashboard/a_Edit' is present

2019-05-05 11:52:15 - [TEST_STEP][PASSED] - click: Object: 'Object Repository/Page_BugsUI Dashboard/a_Edit' is clicked on

2019-05-05 11:52:15 - [MESSAGE][PASSED] - Object: 'Object Repository/Page_BugsUI Dashboard/a_Edit' is clicked on

2019-05-05 11:52:15 - [TEST_STEP][PASSED] - verifyElementPresent: Object 'Object Repository/Page_BugsUI Edit Product/span_Edit Product' is present

2019-05-05 11:52:15 - [MESSAGE][WARNING] - Timeout '0' is invalid. Using default page load timeout: '30'

2019-05-05 11:52:17 - [MESSAGE][PASSED] - Object 'Object Repository/Page_BugsUI Edit Product/span_Edit Product' is present

2019-05-05 11:52:17 - [TEST_STEP][PASSED] - reusable.editPage.selectProduct: reusable.editPage.selectProduct is PASSED

2019-05-05 11:52:17 - [MESSAGE][PASSED] - Text 'Software' is set on object 'Object Repository/Page_BugsUI Edit Product/div_Choose Classification'

2019-05-05 11:52:19 - [MESSAGE][PASSED] - Delayed 2 second(s)

2019-05-05 11:52:19 - [MESSAGE][PASSED] - Object: 'Object Repository/Page_BugsUI Edit Product/span_Software' is clicked on

2019-05-05 11:52:20 - [MESSAGE][PASSED] - Text '1-Auto-edit' is set on object 'Object Repository/Page_BugsUI Edit Product/div_Choose Product'

2019-05-05 11:52:22 - [MESSAGE][PASSED] - Delayed 2 second(s)

2019-05-05 11:52:22 - [MESSAGE][PASSED] - Object: 'Object Repository/Page_BugsUI Edit Product/span_1-Auto-edit' is clicked on

2019-05-05 11:52:24 - [MESSAGE][PASSED] - Delayed 2 second(s)

2019-05-05 11:52:24 - [MESSAGE][PASSED] - reusable.editPage.selectProduct is PASSED

2019-05-05 11:52:24 - [TEST_STEP][PASSED] - verifyElementPresent: Object 'Object Repository/Page_BugsUI Edit Product/input_newName' is present

2019-05-05 11:52:24 - [MESSAGE][WARNING] - Timeout '0' is invalid. Using default page load timeout: '30'

2019-05-05 11:52:24 - [MESSAGE][PASSED] - Object 'Object Repository/Page_BugsUI Edit Product/input_newName' is present

2019-05-05 11:52:24 - [TEST_STEP][PASSED] - verifyElementPresent: Object 'Object Repository/Page_BugsUI Edit Product/textarea_description' is present

2019-05-05 11:52:24 - [MESSAGE][WARNING] - Timeout '0' is invalid. Using default page load timeout: '30'

2019-05-05 11:52:24 - [MESSAGE][PASSED] - Object 'Object Repository/Page_BugsUI Edit Product/textarea_description' is present

2019-05-05 11:52:24 - [TEST_STEP][PASSED] - verifyElementPresent: Object 'Object Repository/Page_BugsUI Edit Product/div_closed_for_bug_entry' is present

2019-05-05 11:52:24 - [MESSAGE][WARNING] - Timeout '0' is invalid. Using default page load timeout: '30'

2019-05-05 11:52:24 - [MESSAGE][PASSED] - Object 'Object Repository/Page_BugsUI Edit Product/div_closed_for_bug_entry' is present

2019-05-05 11:52:24 - [TEST_STEP][PASSED] - Statement - If (com.kms.katalon.core.webui.keyword.WebUiBuiltInKeywords.verifyElementNotClickable(com.kms.katalon.core.testobject.ObjectRepository.findTestObject(Page_BugsUI Edit Product/button_update_product))): null

2019-05-05 11:52:24 - [MESSAGE][PASSED] - Object 'Object Repository/Page_BugsUI Edit Product/button_update_product' is NOT clickable

2019-05-05 11:52:24 - [TEST_STEP][PASSED] - Statement - assert true: null

2019-05-05 11:52:24 - [TEST_STEP][PASSED] - scrollToElement: Scroll to object 'Object Repository/Page_BugsUI Edit Product/button_Delete Product' successfully

2019-05-05 11:52:24 - [MESSAGE][PASSED] - Scroll to object 'Object Repository/Page_BugsUI Edit Product/button_Delete Product' successfully

2019-05-05 11:52:24 - [TEST_STEP][PASSED] - verifyElementPresent: Object 'Object Repository/Page_BugsUI Edit Product/div_Component Information' is present

2019-05-05 11:52:24 - [MESSAGE][WARNING] - Timeout '0' is invalid. Using default page load timeout: '30'

2019-05-05 11:52:24 - [MESSAGE][PASSED] - Object 'Object Repository/Page_BugsUI Edit Product/div_Component Information' is present

2019-05-05 11:52:24 - [TEST_STEP][PASSED] - verifyElementPresent: Object 'Object Repository/Page_BugsUI Edit Product/button_Refresh components' is present

2019-05-05 11:52:24 - [MESSAGE][WARNING] - Timeout '0' is invalid. Using default page load timeout: '30'

2019-05-05 11:52:24 - [MESSAGE][PASSED] - Object 'Object Repository/Page_BugsUI Edit Product/button_Refresh components' is present

2019-05-05 11:52:24 - [TEST_STEP][PASSED] - verifyElementPresent: Object 'Object Repository/Page_BugsUI Edit Product/button_AddNewRow_Component' is present

2019-05-05 11:52:24 - [MESSAGE][WARNING] - Timeout '0' is invalid. Using default page load timeout: '30'

2019-05-05 11:52:24 - [MESSAGE][PASSED] - Object 'Object Repository/Page_BugsUI Edit Product/button_AddNewRow_Component' is present

2019-05-05 11:52:24 - [TEST_STEP][PASSED] - verifyElementPresent: Object 'Object Repository/Page_BugsUI Edit Product/span_Version Information' is present

2019-05-05 11:52:24 - [MESSAGE][WARNING] - Timeout '0' is invalid. Using default page load timeout: '30'

2019-05-05 11:52:24 - [MESSAGE][PASSED] - Object 'Object Repository/Page_BugsUI Edit Product/span_Version Information' is present

2019-05-05 11:52:24 - [TEST_STEP][PASSED] - verifyElementPresent: Object 'Object Repository/Page_BugsUI Edit Product/button_Refresh versions' is present

2019-05-05 11:52:24 - [MESSAGE][WARNING] - Timeout '0' is invalid. Using default page load timeout: '30'

2019-05-05 11:52:24 - [MESSAGE][PASSED] - Object 'Object Repository/Page_BugsUI Edit Product/button_Refresh versions' is present

2019-05-05 11:52:24 - [TEST_STEP][PASSED] - verifyElementPresent: Object 'Object Repository/Page_BugsUI Edit Product/button_AddNewRow_version' is present

2019-05-05 11:52:24 - [MESSAGE][WARNING] - Timeout '0' is invalid. Using default page load timeout: '30'

2019-05-05 11:52:24 - [MESSAGE][PASSED] - Object 'Object Repository/Page_BugsUI Edit Product/button_AddNewRow_version' is present

2019-05-05 11:52:24 - [TEST_STEP][PASSED] - delay: Delayed 2 second(s)

2019-05-05 11:52:26 - [MESSAGE][PASSED] - Delayed 2 second(s)]]></system-out>
         <system-err><![CDATA[]]></system-err>
      </testcase>
      <testcase name="Test Cases/Edit_Product/closedForBugEntery_UpdateProduct" classname="Test Cases/Edit_Product/closedForBugEntery_UpdateProduct" status="PASSED">
         <system-out><![CDATA[2019-05-05 11:52:26 - [TEST_CASE][PASSED] - Test Cases/Edit_Product/closedForBugEntery_UpdateProduct: Test Cases/Edit_Product/closedForBugEntery_UpdateProduct

2019-05-05 11:52:26 - [TEST_STEP][PASSED] - scrollToElement: Scroll to object 'Object Repository/Page_BugsUI Edit Product/input_newName' successfully

2019-05-05 11:52:26 - [MESSAGE][PASSED] - Scroll to object 'Object Repository/Page_BugsUI Edit Product/input_newName' successfully

2019-05-05 11:52:26 - [TEST_STEP][PASSED] - clearText: Text of object 'Object Repository/Page_BugsUI Edit Product/textarea_description' is cleared

2019-05-05 11:52:26 - [MESSAGE][PASSED] - Text of object 'Object Repository/Page_BugsUI Edit Product/textarea_description' is cleared

2019-05-05 11:52:26 - [TEST_STEP][PASSED] - setText: Text 'Editing Description' is set on object 'Object Repository/Page_BugsUI Edit Product/textarea_description'

2019-05-05 11:52:27 - [MESSAGE][PASSED] - Text 'Editing Description' is set on object 'Object Repository/Page_BugsUI Edit Product/textarea_description'

2019-05-05 11:52:27 - [TEST_STEP][PASSED] - delay: Delayed 2 second(s)

2019-05-05 11:52:29 - [MESSAGE][PASSED] - Delayed 2 second(s)

2019-05-05 11:52:29 - [TEST_STEP][PASSED] - Statement - If (com.kms.katalon.core.webui.keyword.WebUiBuiltInKeywords.verifyElementClickable(com.kms.katalon.core.testobject.ObjectRepository.findTestObject(Page_BugsUI Edit Product/button_update_product))): Object: 'Object Repository/Page_BugsUI Edit Product/button_update_product' is clicked on

2019-05-05 11:52:29 - [MESSAGE][PASSED] - Object 'Object Repository/Page_BugsUI Edit Product/button_update_product' is clickable

2019-05-05 11:52:29 - [TEST_STEP][PASSED] - click: Object: 'Object Repository/Page_BugsUI Edit Product/button_update_product' is clicked on

2019-05-05 11:52:29 - [MESSAGE][PASSED] - Object: 'Object Repository/Page_BugsUI Edit Product/button_update_product' is clicked on

2019-05-05 11:52:29 - [TEST_STEP][PASSED] - delay: Delayed 2 second(s)

2019-05-05 11:52:31 - [MESSAGE][PASSED] - Delayed 2 second(s)

2019-05-05 11:52:31 - [TEST_STEP][PASSED] - reusable.editPage.selectProduct: reusable.editPage.selectProduct is PASSED

2019-05-05 11:52:31 - [MESSAGE][PASSED] - Text 'Software' is set on object 'Object Repository/Page_BugsUI Edit Product/div_Choose Classification'

2019-05-05 11:52:33 - [MESSAGE][PASSED] - Delayed 2 second(s)

2019-05-05 11:52:33 - [MESSAGE][PASSED] - Object: 'Object Repository/Page_BugsUI Edit Product/span_Software' is clicked on

2019-05-05 11:52:34 - [MESSAGE][PASSED] - Text '1-Auto-edit' is set on object 'Object Repository/Page_BugsUI Edit Product/div_Choose Product'

2019-05-05 11:52:36 - [MESSAGE][PASSED] - Delayed 2 second(s)

2019-05-05 11:52:36 - [MESSAGE][PASSED] - Object: 'Object Repository/Page_BugsUI Edit Product/span_1-Auto-edit' is clicked on

2019-05-05 11:52:38 - [MESSAGE][PASSED] - Delayed 2 second(s)

2019-05-05 11:52:38 - [MESSAGE][PASSED] - reusable.editPage.selectProduct is PASSED

2019-05-05 11:52:38 - [TEST_STEP][PASSED] - Statement - productDesc = com.kms.katalon.core.webui.keyword.WebUiBuiltInKeywords.getAttribute(com.kms.katalon.core.testobject.ObjectRepository.findTestObject(Page_BugsUI Edit Product/textarea_description), "value"): Attribute 'value' of object 'Object Repository/Page_BugsUI Edit Product/textarea_description' is: 'Editing Description'

2019-05-05 11:52:38 - [MESSAGE][PASSED] - Attribute 'value' of object 'Object Repository/Page_BugsUI Edit Product/textarea_description' is: 'Editing Description'

2019-05-05 11:52:38 - [TEST_STEP][PASSED] - Statement - If (productDesc.equals("Editing Description")): null

2019-05-05 11:52:38 - [TEST_STEP][PASSED] - Statement - assert true: null

2019-05-05 11:52:38 - [TEST_STEP][PASSED] - clearText: Text of object 'Object Repository/Page_BugsUI Edit Product/textarea_description' is cleared

2019-05-05 11:52:38 - [MESSAGE][PASSED] - Text of object 'Object Repository/Page_BugsUI Edit Product/textarea_description' is cleared

2019-05-05 11:52:38 - [TEST_STEP][PASSED] - setText: Text 'Product for Automation' is set on object 'Object Repository/Page_BugsUI Edit Product/textarea_description'

2019-05-05 11:52:38 - [MESSAGE][PASSED] - Text 'Product for Automation' is set on object 'Object Repository/Page_BugsUI Edit Product/textarea_description'

2019-05-05 11:52:38 - [TEST_STEP][PASSED] - delay: Delayed 2 second(s)

2019-05-05 11:52:40 - [MESSAGE][PASSED] - Delayed 2 second(s)

2019-05-05 11:52:40 - [TEST_STEP][PASSED] - Statement - If (com.kms.katalon.core.webui.keyword.WebUiBuiltInKeywords.verifyElementClickable(com.kms.katalon.core.testobject.ObjectRepository.findTestObject(Page_BugsUI Edit Product/button_update_product))): Object: 'Object Repository/Page_BugsUI Edit Product/button_update_product' is clicked on

2019-05-05 11:52:40 - [MESSAGE][PASSED] - Object 'Object Repository/Page_BugsUI Edit Product/button_update_product' is clickable

2019-05-05 11:52:40 - [TEST_STEP][PASSED] - click: Object: 'Object Repository/Page_BugsUI Edit Product/button_update_product' is clicked on

2019-05-05 11:52:40 - [MESSAGE][PASSED] - Object: 'Object Repository/Page_BugsUI Edit Product/button_update_product' is clicked on

2019-05-05 11:52:40 - [TEST_STEP][PASSED] - delay: Delayed 2 second(s)

2019-05-05 11:52:42 - [MESSAGE][PASSED] - Delayed 2 second(s)

2019-05-05 11:52:42 - [TEST_STEP][PASSED] - closeBrowser: Browser is closed

2019-05-05 11:52:43 - [MESSAGE][PASSED] - Browser is closed]]></system-out>
         <system-err><![CDATA[]]></system-err>
      </testcase>
      <testcase name="Test Cases/NewBugCreation/Creating_bug" classname="Test Cases/NewBugCreation/Creating_bug" status="PASSED">
         <system-out><![CDATA[2019-05-05 11:52:43 - [TEST_CASE][PASSED] - Test Cases/NewBugCreation/Creating_bug: Test Cases/NewBugCreation/Creating_bug

2019-05-05 11:52:43 - [TEST_STEP][PASSED] - openBrowser: Browser is opened with url: ''

2019-05-05 11:52:45 - [MESSAGE][PASSED] - Browser is opened with url: ''

2019-05-05 11:52:45 - [TEST_STEP][PASSED] - navigateToUrl: Navigate to 'https://le-bugsui.staging.corp.arista.io/dashboard' successfully

2019-05-05 11:52:57 - [MESSAGE][PASSED] - Navigate to 'https://le-bugsui.staging.corp.arista.io/dashboard' successfully

2019-05-05 11:52:57 - [TEST_STEP][PASSED] - delay: Delayed 3 second(s)

2019-05-05 11:53:00 - [MESSAGE][PASSED] - Delayed 3 second(s)

2019-05-05 11:53:00 - [TEST_STEP][PASSED] - reusable.loginBugZillaUI.login: reusable.loginBugZillaUI.login is PASSED

2019-05-05 11:53:00 - [MESSAGE][PASSED] - Current window maximized

2019-05-05 11:53:01 - [MESSAGE][PASSED] - Text 'knagendra-ext' is set on object 'Object Repository/Page_BugsUI/input_username'

2019-05-05 11:53:01 - [MESSAGE][PASSED] - Text 'Kum1!@#$%^&*()ar' is set on object 'Object Repository/Page_BugsUI/input_password'

2019-05-05 11:53:01 - [MESSAGE][PASSED] - Object 'Object Repository/Page_BugsUI/button_Login' is clickable

2019-05-05 11:53:01 - [MESSAGE][PASSED] - Object: 'Object Repository/Page_BugsUI/button_Login' is clicked on

2019-05-05 11:53:01 - [MESSAGE][PASSED] - reusable.loginBugZillaUI.login is PASSED

2019-05-05 11:53:01 - [TEST_STEP][PASSED] - delay: Delayed 4 second(s)

2019-05-05 11:53:05 - [MESSAGE][PASSED] - Delayed 4 second(s)

2019-05-05 11:53:05 - [TEST_STEP][PASSED] - Statement - If (com.kms.katalon.core.webui.keyword.WebUiBuiltInKeywords.verifyElementPresent(com.kms.katalon.core.testobject.ObjectRepository.findTestObject(Page_BugsUI Dashboard/span_Dashboard), 0)): Object: 'Object Repository/Page_BugsUI Dashboard/a_New Bug' is clicked on

2019-05-05 11:53:05 - [MESSAGE][WARNING] - Timeout '0' is invalid. Using default page load timeout: '30'

2019-05-05 11:53:05 - [MESSAGE][PASSED] - Object 'Object Repository/Page_BugsUI Dashboard/span_Dashboard' is present

2019-05-05 11:53:05 - [TEST_STEP][PASSED] - Statement - If (com.kms.katalon.core.webui.keyword.WebUiBuiltInKeywords.verifyElementPresent(com.kms.katalon.core.testobject.ObjectRepository.findTestObject(Page_BugsUI Dashboard/a_New Bug), 3)): Object: 'Object Repository/Page_BugsUI Dashboard/a_New Bug' is clicked on

2019-05-05 11:53:05 - [MESSAGE][PASSED] - Object 'Object Repository/Page_BugsUI Dashboard/a_New Bug' is present

2019-05-05 11:53:05 - [TEST_STEP][PASSED] - click: Object: 'Object Repository/Page_BugsUI Dashboard/a_New Bug' is clicked on

2019-05-05 11:53:05 - [MESSAGE][PASSED] - Object: 'Object Repository/Page_BugsUI Dashboard/a_New Bug' is clicked on

2019-05-05 11:53:05 - [TEST_STEP][PASSED] - delay: Delayed 3 second(s)

2019-05-05 11:53:08 - [MESSAGE][PASSED] - Delayed 3 second(s)

2019-05-05 11:53:08 - [TEST_STEP][PASSED] - verifyElementPresent: Object 'Object Repository/Page_BugsUI New Bug/span_Raise New Bug' is present

2019-05-05 11:53:08 - [MESSAGE][WARNING] - Timeout '0' is invalid. Using default page load timeout: '30'

2019-05-05 11:53:10 - [MESSAGE][PASSED] - Object 'Object Repository/Page_BugsUI New Bug/span_Raise New Bug' is present

2019-05-05 11:53:10 - [TEST_STEP][PASSED] - setText: Text 'Software' is set on object 'Object Repository/Page_BugsUI New Bug/div_Choose Classification'

2019-05-05 11:53:10 - [MESSAGE][PASSED] - Text 'Software' is set on object 'Object Repository/Page_BugsUI New Bug/div_Choose Classification'

2019-05-05 11:53:10 - [TEST_STEP][PASSED] - delay: Delayed 2 second(s)

2019-05-05 11:53:12 - [MESSAGE][PASSED] - Delayed 2 second(s)

2019-05-05 11:53:12 - [TEST_STEP][PASSED] - click: Object: 'Object Repository/Page_BugsUI New Bug/span_Software' is clicked on

2019-05-05 11:53:12 - [MESSAGE][PASSED] - Object: 'Object Repository/Page_BugsUI New Bug/span_Software' is clicked on

2019-05-05 11:53:12 - [TEST_STEP][PASSED] - setText: Text 'BugsUITest' is set on object 'Object Repository/Page_BugsUI New Bug/div_Choose Package'

2019-05-05 11:53:13 - [MESSAGE][PASSED] - Text 'BugsUITest' is set on object 'Object Repository/Page_BugsUI New Bug/div_Choose Package'

2019-05-05 11:53:13 - [TEST_STEP][PASSED] - delay: Delayed 2 second(s)

2019-05-05 11:53:15 - [MESSAGE][PASSED] - Delayed 2 second(s)

2019-05-05 11:53:15 - [TEST_STEP][PASSED] - click: Object: 'Object Repository/Page_BugsUI New Bug/span_BugsUITest' is clicked on

2019-05-05 11:53:15 - [MESSAGE][PASSED] - Object: 'Object Repository/Page_BugsUI New Bug/span_BugsUITest' is clicked on

2019-05-05 11:53:15 - [TEST_STEP][PASSED] - setText: Text 'main12' is set on object 'Object Repository/Page_BugsUI New Bug/div_Choose PackageVersion'

2019-05-05 11:53:15 - [MESSAGE][PASSED] - Text 'main12' is set on object 'Object Repository/Page_BugsUI New Bug/div_Choose PackageVersion'

2019-05-05 11:53:15 - [TEST_STEP][PASSED] - delay: Delayed 3 second(s)

2019-05-05 11:53:18 - [MESSAGE][PASSED] - Delayed 3 second(s)

2019-05-05 11:53:18 - [TEST_STEP][PASSED] - click: Object: 'Object Repository/Page_BugsUI New Bug/span_main12_pckgVrsion' is clicked on

2019-05-05 11:53:18 - [MESSAGE][PASSED] - Object: 'Object Repository/Page_BugsUI New Bug/span_main12_pckgVrsion' is clicked on

2019-05-05 11:53:18 - [TEST_STEP][PASSED] - setText: Text 'Test automation bug' is set on object 'Object Repository/Page_BugsUI New Bug/input_summary'

2019-05-05 11:53:19 - [MESSAGE][PASSED] - Text 'Test automation bug' is set on object 'Object Repository/Page_BugsUI New Bug/input_summary'

2019-05-05 11:53:19 - [TEST_STEP][PASSED] - delay: Delayed 2 second(s)

2019-05-05 11:53:21 - [MESSAGE][PASSED] - Delayed 2 second(s)

2019-05-05 11:53:21 - [TEST_STEP][PASSED] - setText: Text 'This bug is created for automation purpose' is set on object 'Object Repository/Page_BugsUI New Bug/textarea_description'

2019-05-05 11:53:21 - [MESSAGE][PASSED] - Text 'This bug is created for automation purpose' is set on object 'Object Repository/Page_BugsUI New Bug/textarea_description'

2019-05-05 11:53:21 - [TEST_STEP][PASSED] - delay: Delayed 3 second(s)

2019-05-05 11:53:24 - [MESSAGE][PASSED] - Delayed 3 second(s)

2019-05-05 11:53:24 - [TEST_STEP][PASSED] - scrollToElement: Scroll to object 'Object Repository/Page_BugsUI New Bug/button_Raise New Bug' successfully

2019-05-05 11:53:24 - [MESSAGE][PASSED] - Scroll to object 'Object Repository/Page_BugsUI New Bug/button_Raise New Bug' successfully

2019-05-05 11:53:24 - [TEST_STEP][PASSED] - verifyElementNotClickable: Object 'Object Repository/Page_BugsUI New Bug/input_reporter' is NOT clickable

2019-05-05 11:53:25 - [MESSAGE][PASSED] - Object 'Object Repository/Page_BugsUI New Bug/input_reporter' is NOT clickable

2019-05-05 11:53:25 - [TEST_STEP][PASSED] - Statement - defaultReporterName = com.kms.katalon.core.webui.keyword.WebUiBuiltInKeywords.getAttribute(com.kms.katalon.core.testobject.ObjectRepository.findTestObject(Page_BugsUI New Bug/input_reporter), "value"): Attribute 'value' of object 'Object Repository/Page_BugsUI New Bug/input_reporter' is: 'kumar Nagendra1 (kumar.nagendra@happiestminds.com)'

2019-05-05 11:53:25 - [MESSAGE][PASSED] - Attribute 'value' of object 'Object Repository/Page_BugsUI New Bug/input_reporter' is: 'kumar Nagendra1 (kumar.nagendra@happiestminds.com)'

2019-05-05 11:53:25 - [TEST_STEP][PASSED] - Statement - If (defaultReporterName.equals("kumar Nagendra1 (kumar.nagendra@happiestminds.com)")): null

2019-05-05 11:53:25 - [TEST_STEP][PASSED] - Statement - assert true: null

2019-05-05 11:53:25 - [TEST_STEP][PASSED] - Statement - If (com.kms.katalon.core.webui.keyword.WebUiBuiltInKeywords.verifyElementPresent(com.kms.katalon.core.testobject.ObjectRepository.findTestObject(Page_BugsUI New Bug/button_Raise New Bug), 0)): Object: 'Object Repository/Page_BugsUI New Bug/button_Raise New Bug' is clicked on

2019-05-05 11:53:25 - [MESSAGE][WARNING] - Timeout '0' is invalid. Using default page load timeout: '30'

2019-05-05 11:53:25 - [MESSAGE][PASSED] - Object 'Object Repository/Page_BugsUI New Bug/button_Raise New Bug' is present

2019-05-05 11:53:25 - [TEST_STEP][PASSED] - click: Object: 'Object Repository/Page_BugsUI New Bug/button_Raise New Bug' is clicked on

2019-05-05 11:53:25 - [MESSAGE][PASSED] - Object: 'Object Repository/Page_BugsUI New Bug/button_Raise New Bug' is clicked on

2019-05-05 11:53:25 - [TEST_STEP][PASSED] - delay: Delayed 2 second(s)

2019-05-05 11:53:27 - [MESSAGE][PASSED] - Delayed 2 second(s)

2019-05-05 11:53:27 - [TEST_STEP][PASSED] - closeBrowser: Browser is closed

2019-05-05 11:53:28 - [MESSAGE][PASSED] - Browser is closed]]></system-out>
         <system-err><![CDATA[]]></system-err>
      </testcase>
      <system-out><![CDATA[2019-05-05 11:49:21 - [TEST_SUITE][PASSED] - SmokeSuite: Test Cases/NewBugCreation/Creating_bug]]></system-out>
      <system-err><![CDATA[]]></system-err>
   </testsuite>
</testsuites>
