<?xml version="1.0" encoding="UTF-8"?>
<testsuites name="Login_suite" time="109" tests="2" failures="0" errors="0">
   <testsuite name="Login_suite" tests="2" failures="0" errors="0" time="109" timestamp="2019-05-08 15:32:20" hostname="Kumar.nagendra - HMECL001948.happiestminds.com" id="Test Suites/Login_suite">
      <properties>
         <property name="deviceName" value=""/>
         <property name="devicePlatform" value=""/>
         <property name="logFolder" value="C:\\New-Bugzilla-Application\\Automation\\New_Bugzilla-UI-V2\\Reports\\Login_suite\\20190508_153218"/>
         <property name="logFiles" value="C:\\New-Bugzilla-Application\\Automation\\New_Bugzilla-UI-V2\\Reports\\Login_suite\\20190508_153218\\execution0.log"/>
         <property name="attachments" value=""/>
         <property name="hostName" value="Kumar.nagendra - HMECL001948.happiestminds.com"/>
         <property name="os" value="Windows 10 64bit"/>
         <property name="katalonVersion" value="6.1.3.3"/>
         <property name="browser" value="Firefox 66.0"/>
         <property name="hostAddress" value="10.95.75.221"/>
         <property name="sessionId" value="72799551-93a1-4c79-99b1-9a496bb30736"/>
         <property name="seleniumVersion" value="3.7.1"/>
         <property name="proxyInformation" value="ProxyInformation{proxyOption=NO_PROXY, proxyServerType=HTTP, password=, proxyServerAddress=, proxyServerPort=0}"/>
         <property name="platform" value="Windows 10"/>
      </properties>
      <testcase name="Test Cases/Login/Bugzilla-LoginPage-Loads" classname="Test Cases/Login/Bugzilla-LoginPage-Loads" status="PASSED">
         <system-out><![CDATA[2019-05-08 15:32:21 - [TEST_CASE][PASSED] - Test Cases/Login/Bugzilla-LoginPage-Loads: Test Cases/Login/Bugzilla-LoginPage-Loads

2019-05-08 15:32:21 - [TEST_STEP][PASSED] - openBrowser(""): Browser is opened with url: ''

2019-05-08 15:32:22 - [MESSAGE][INFO] - Starting 'Firefox' driver

2019-05-08 15:32:22 - [MESSAGE][INFO] - Action delay is set to 0 seconds

2019-05-08 15:32:28 - [MESSAGE][PASSED] - Browser is opened with url: ''

2019-05-08 15:32:28 - [TEST_STEP][PASSED] - navigateToUrl(applicationUrl): Navigate to 'https://le-bugsui.staging.corp.arista.io/dashboard' successfully

2019-05-08 15:33:05 - [MESSAGE][PASSED] - Navigate to 'https://le-bugsui.staging.corp.arista.io/dashboard' successfully

2019-05-08 15:33:05 - [TEST_STEP][PASSED] - delay(4): Delayed 4 second(s)

2019-05-08 15:33:09 - [MESSAGE][PASSED] - Delayed 4 second(s)

2019-05-08 15:33:09 - [TEST_STEP][PASSED] - maximizeWindow(): Current window maximized

2019-05-08 15:33:10 - [MESSAGE][PASSED] - Current window maximized

2019-05-08 15:33:10 - [TEST_STEP][PASSED] - delay(2): Delayed 2 second(s)

2019-05-08 15:33:12 - [MESSAGE][PASSED] - Delayed 2 second(s)

2019-05-08 15:33:12 - [TEST_STEP][PASSED] - verifyElementPresent(findTestObject("Page_BugsUI/input_username"), 0): Object 'Object Repository/Page_BugsUI/input_username' is present

2019-05-08 15:33:12 - [MESSAGE][WARNING] - Timeout '0' is invalid. Using default page load timeout: '30'

2019-05-08 15:33:12 - [MESSAGE][PASSED] - Object 'Object Repository/Page_BugsUI/input_username' is present

2019-05-08 15:33:12 - [TEST_STEP][PASSED] - verifyElementPresent(findTestObject("Page_BugsUI/input_password"), 0): Object 'Object Repository/Page_BugsUI/input_password' is present

2019-05-08 15:33:12 - [MESSAGE][WARNING] - Timeout '0' is invalid. Using default page load timeout: '30'

2019-05-08 15:33:12 - [MESSAGE][PASSED] - Object 'Object Repository/Page_BugsUI/input_password' is present

2019-05-08 15:33:12 - [TEST_STEP][PASSED] - verifyElementPresent(findTestObject("Page_BugsUI/checkbox_RememberMe"), 0): Object 'Object Repository/Page_BugsUI/checkbox_RememberMe' is present

2019-05-08 15:33:12 - [MESSAGE][WARNING] - Timeout '0' is invalid. Using default page load timeout: '30'

2019-05-08 15:33:12 - [MESSAGE][PASSED] - Object 'Object Repository/Page_BugsUI/checkbox_RememberMe' is present

2019-05-08 15:33:12 - [TEST_STEP][PASSED] - if (getText(findTestObject("Page_BugsUI/label_rememberMe")).equals("Remember me")): null

2019-05-08 15:33:12 - [MESSAGE][PASSED] - Text of object 'Object Repository/Page_BugsUI/label_rememberMe' is: 'Remember me'

2019-05-08 15:33:12 - [TEST_STEP][PASSED] - assert true: null

2019-05-08 15:33:12 - [TEST_STEP][PASSED] - if (verifyElementNotClickable(findTestObject("Page_BugsUI/button_Login"))): null

2019-05-08 15:33:12 - [MESSAGE][PASSED] - Object 'Object Repository/Page_BugsUI/button_Login' is NOT clickable

2019-05-08 15:33:12 - [TEST_STEP][PASSED] - assert true: null

2019-05-08 15:33:12 - [TEST_STEP][PASSED] - closeBrowser(): Browser is closed

2019-05-08 15:33:13 - [MESSAGE][PASSED] - Browser is closed]]></system-out>
         <system-err><![CDATA[]]></system-err>
      </testcase>
      <testcase name="Test Cases/Login/Valid_Login" classname="Test Cases/Login/Valid_Login" status="PASSED">
         <system-out><![CDATA[2019-05-08 15:33:13 - [TEST_CASE][PASSED] - Test Cases/Login/Valid_Login: Test Cases/Login/Valid_Login

2019-05-08 15:33:14 - [TEST_STEP][PASSED] - openBrowser(""): Browser is opened with url: ''

2019-05-08 15:33:14 - [MESSAGE][INFO] - Starting 'Firefox' driver

2019-05-08 15:33:18 - [MESSAGE][PASSED] - Browser is opened with url: ''

2019-05-08 15:33:18 - [TEST_STEP][PASSED] - navigateToUrl(applicationUrl): Navigate to 'https://le-bugsui.staging.corp.arista.io/dashboard' successfully

2019-05-08 15:33:56 - [MESSAGE][PASSED] - Navigate to 'https://le-bugsui.staging.corp.arista.io/dashboard' successfully

2019-05-08 15:33:56 - [TEST_STEP][PASSED] - delay(5): Delayed 5 second(s)

2019-05-08 15:34:01 - [MESSAGE][PASSED] - Delayed 5 second(s)

2019-05-08 15:34:01 - [TEST_STEP][PASSED] - maximizeWindow(): Current window maximized

2019-05-08 15:34:02 - [MESSAGE][PASSED] - Current window maximized

2019-05-08 15:34:02 - [TEST_STEP][PASSED] - delay(2): Delayed 2 second(s)

2019-05-08 15:34:04 - [MESSAGE][PASSED] - Delayed 2 second(s)

2019-05-08 15:34:04 - [TEST_STEP][PASSED] - setText(findTestObject("Page_BugsUI/input_username"), "knagendra-ext"): Text 'knagendra-ext' is set on object 'Object Repository/Page_BugsUI/input_username'

2019-05-08 15:34:04 - [MESSAGE][PASSED] - Text 'knagendra-ext' is set on object 'Object Repository/Page_BugsUI/input_username'

2019-05-08 15:34:04 - [TEST_STEP][PASSED] - setText(findTestObject("Page_BugsUI/input_password"), "Kum1!@#$%^&*()ar"): Text 'Kum1!@#$%^&*()ar' is set on object 'Object Repository/Page_BugsUI/input_password'

2019-05-08 15:34:04 - [MESSAGE][PASSED] - Text 'Kum1!@#$%^&*()ar' is set on object 'Object Repository/Page_BugsUI/input_password'

2019-05-08 15:34:04 - [TEST_STEP][PASSED] - if (verifyElementClickable(findTestObject("Page_BugsUI/button_Login"))): Object: 'Object Repository/Page_BugsUI/button_Login' is clicked on

2019-05-08 15:34:04 - [MESSAGE][PASSED] - Object 'Object Repository/Page_BugsUI/button_Login' is clickable

2019-05-08 15:34:04 - [TEST_STEP][PASSED] - click(findTestObject("Page_BugsUI/button_Login")): Object: 'Object Repository/Page_BugsUI/button_Login' is clicked on

2019-05-08 15:34:04 - [MESSAGE][PASSED] - Object: 'Object Repository/Page_BugsUI/button_Login' is clicked on

2019-05-08 15:34:04 - [TEST_STEP][PASSED] - delay(3): Delayed 3 second(s)

2019-05-08 15:34:07 - [MESSAGE][PASSED] - Delayed 3 second(s)

2019-05-08 15:34:07 - [TEST_STEP][PASSED] - if (verifyElementPresent(findTestObject("Page_BugsUI Dashboard/span_Dashboard"), 0)): null

2019-05-08 15:34:07 - [MESSAGE][WARNING] - Timeout '0' is invalid. Using default page load timeout: '30'

2019-05-08 15:34:07 - [MESSAGE][PASSED] - Object 'Object Repository/Page_BugsUI Dashboard/span_Dashboard' is present

2019-05-08 15:34:07 - [TEST_STEP][PASSED] - assert true: null

2019-05-08 15:34:07 - [TEST_STEP][PASSED] - closeBrowser(): Browser is closed

2019-05-08 15:34:10 - [MESSAGE][PASSED] - Browser is closed]]></system-out>
         <system-err><![CDATA[]]></system-err>
      </testcase>
      <system-out><![CDATA[2019-05-08 15:32:20 - [TEST_SUITE][PASSED] - Login_suite: Test Cases/Login/Valid_Login]]></system-out>
      <system-err><![CDATA[]]></system-err>
   </testsuite>
</testsuites>
