<?xml version="1.0" encoding="UTF-8"?>
<testsuites name="Login_suite" time="53" tests="2" failures="0" errors="0">
   <testsuite name="Login_suite" tests="2" failures="0" errors="0" time="53" timestamp="2019-05-04 11:27:40" hostname="Kumar.nagendra - HMECL001948.happiestminds.com" id="Test Suites/Login_suite">
      <properties>
         <property name="deviceName" value=""/>
         <property name="devicePlatform" value=""/>
         <property name="logFolder" value="C:\\New-Bugzilla-Application\\New_Bugzilla-UI-V2\\Reports\\Login_suite\\20190504_112738"/>
         <property name="logFiles" value="C:\\New-Bugzilla-Application\\New_Bugzilla-UI-V2\\Reports\\Login_suite\\20190504_112738\\execution0.log"/>
         <property name="attachments" value=""/>
         <property name="hostName" value="Kumar.nagendra - HMECL001948.happiestminds.com"/>
         <property name="os" value="Windows 10 64bit"/>
         <property name="katalonVersion" value="5.3.0.1"/>
         <property name="browser" value="Chrome 73.0.3683.103"/>
         <property name="hostAddress" value="10.95.75.221"/>
         <property name="sessionId" value="761baf2206d0dba39d0013749fc620de"/>
         <property name="seleniumVersion" value="3.7.1"/>
         <property name="proxyInformation" value="ProxyInformation{proxyOption=NO_PROXY, proxyServerType=HTTP, password=, proxyServerAddress=, proxyServerPort=0}"/>
         <property name="platform" value="Windows 10"/>
      </properties>
      <testcase name="Test Cases/Login/Bugzilla-LoginPage-Loads" classname="Test Cases/Login/Bugzilla-LoginPage-Loads" status="PASSED">
         <system-out><![CDATA[2019-05-04 11:27:41 - [TEST_CASE][PASSED] - Test Cases/Login/Bugzilla-LoginPage-Loads: Test Cases/Login/Bugzilla-LoginPage-Loads

2019-05-04 11:27:41 - [TEST_STEP][PASSED] - openBrowser: Browser is opened with url: ''

2019-05-04 11:27:44 - [MESSAGE][PASSED] - Browser is opened with url: ''

2019-05-04 11:27:44 - [TEST_STEP][PASSED] - navigateToUrl: Navigate to 'https://le-bugsui.staging.corp.arista.io/dashboard' successfully

2019-05-04 11:27:59 - [MESSAGE][PASSED] - Navigate to 'https://le-bugsui.staging.corp.arista.io/dashboard' successfully

2019-05-04 11:27:59 - [TEST_STEP][PASSED] - delay: Delayed 4 second(s)

2019-05-04 11:28:03 - [MESSAGE][PASSED] - Delayed 4 second(s)

2019-05-04 11:28:03 - [TEST_STEP][PASSED] - maximizeWindow: Current window maximized

2019-05-04 11:28:04 - [MESSAGE][PASSED] - Current window maximized

2019-05-04 11:28:04 - [TEST_STEP][PASSED] - delay: Delayed 2 second(s)

2019-05-04 11:28:06 - [MESSAGE][PASSED] - Delayed 2 second(s)

2019-05-04 11:28:06 - [TEST_STEP][PASSED] - verifyElementPresent: Object 'Object Repository/Page_BugsUI/input_username' is present

2019-05-04 11:28:06 - [MESSAGE][WARNING] - Timeout '0' is invalid. Using default page load timeout: '30'

2019-05-04 11:28:06 - [MESSAGE][PASSED] - Object 'Object Repository/Page_BugsUI/input_username' is present

2019-05-04 11:28:06 - [TEST_STEP][PASSED] - verifyElementPresent: Object 'Object Repository/Page_BugsUI/input_password' is present

2019-05-04 11:28:06 - [MESSAGE][WARNING] - Timeout '0' is invalid. Using default page load timeout: '30'

2019-05-04 11:28:06 - [MESSAGE][PASSED] - Object 'Object Repository/Page_BugsUI/input_password' is present

2019-05-04 11:28:06 - [TEST_STEP][PASSED] - verifyElementPresent: Object 'Object Repository/Page_BugsUI/checkbox_RememberMe' is present

2019-05-04 11:28:06 - [MESSAGE][WARNING] - Timeout '0' is invalid. Using default page load timeout: '30'

2019-05-04 11:28:06 - [MESSAGE][PASSED] - Object 'Object Repository/Page_BugsUI/checkbox_RememberMe' is present

2019-05-04 11:28:06 - [TEST_STEP][PASSED] - Statement - If (com.kms.katalon.core.webui.keyword.WebUiBuiltInKeywords.getText(com.kms.katalon.core.testobject.ObjectRepository.findTestObject(Page_BugsUI/label_rememberMe)).equals("Remember me")): null

2019-05-04 11:28:06 - [MESSAGE][PASSED] - Text of object 'Object Repository/Page_BugsUI/label_rememberMe' is: 'Remember me'

2019-05-04 11:28:06 - [TEST_STEP][PASSED] - Statement - assert true: null

2019-05-04 11:28:06 - [TEST_STEP][PASSED] - Statement - If (com.kms.katalon.core.webui.keyword.WebUiBuiltInKeywords.verifyElementNotClickable(com.kms.katalon.core.testobject.ObjectRepository.findTestObject(Page_BugsUI/button_Login))): null

2019-05-04 11:28:06 - [MESSAGE][PASSED] - Object 'Object Repository/Page_BugsUI/button_Login' is NOT clickable

2019-05-04 11:28:06 - [TEST_STEP][PASSED] - Statement - assert true: null

2019-05-04 11:28:06 - [TEST_STEP][PASSED] - closeBrowser: Browser is closed

2019-05-04 11:28:07 - [MESSAGE][PASSED] - Browser is closed]]></system-out>
         <system-err><![CDATA[]]></system-err>
      </testcase>
      <testcase name="Test Cases/Login/Valid_Login" classname="Test Cases/Login/Valid_Login" status="PASSED">
         <system-out><![CDATA[2019-05-04 11:28:07 - [TEST_CASE][PASSED] - Test Cases/Login/Valid_Login: Test Cases/Login/Valid_Login

2019-05-04 11:28:07 - [TEST_STEP][PASSED] - openBrowser: Browser is opened with url: ''

2019-05-04 11:28:09 - [MESSAGE][PASSED] - Browser is opened with url: ''

2019-05-04 11:28:09 - [TEST_STEP][PASSED] - navigateToUrl: Navigate to 'https://le-bugsui.staging.corp.arista.io/dashboard' successfully

2019-05-04 11:28:22 - [MESSAGE][PASSED] - Navigate to 'https://le-bugsui.staging.corp.arista.io/dashboard' successfully

2019-05-04 11:28:22 - [TEST_STEP][PASSED] - delay: Delayed 5 second(s)

2019-05-04 11:28:27 - [MESSAGE][PASSED] - Delayed 5 second(s)

2019-05-04 11:28:27 - [TEST_STEP][PASSED] - maximizeWindow: Current window maximized

2019-05-04 11:28:27 - [MESSAGE][PASSED] - Current window maximized

2019-05-04 11:28:27 - [TEST_STEP][PASSED] - delay: Delayed 2 second(s)

2019-05-04 11:28:29 - [MESSAGE][PASSED] - Delayed 2 second(s)

2019-05-04 11:28:29 - [TEST_STEP][PASSED] - setText: Text 'knagendra-ext' is set on object 'Object Repository/Page_BugsUI/input_username'

2019-05-04 11:28:29 - [MESSAGE][PASSED] - Text 'knagendra-ext' is set on object 'Object Repository/Page_BugsUI/input_username'

2019-05-04 11:28:29 - [TEST_STEP][PASSED] - setText: Text 'Kum1!@#$%^&*()ar' is set on object 'Object Repository/Page_BugsUI/input_password'

2019-05-04 11:28:29 - [MESSAGE][PASSED] - Text 'Kum1!@#$%^&*()ar' is set on object 'Object Repository/Page_BugsUI/input_password'

2019-05-04 11:28:29 - [TEST_STEP][PASSED] - Statement - If (com.kms.katalon.core.webui.keyword.WebUiBuiltInKeywords.verifyElementClickable(com.kms.katalon.core.testobject.ObjectRepository.findTestObject(Page_BugsUI/button_Login))): Object: 'Object Repository/Page_BugsUI/button_Login' is clicked on

2019-05-04 11:28:30 - [MESSAGE][PASSED] - Object 'Object Repository/Page_BugsUI/button_Login' is clickable

2019-05-04 11:28:30 - [TEST_STEP][PASSED] - click: Object: 'Object Repository/Page_BugsUI/button_Login' is clicked on

2019-05-04 11:28:30 - [MESSAGE][PASSED] - Object: 'Object Repository/Page_BugsUI/button_Login' is clicked on

2019-05-04 11:28:30 - [TEST_STEP][PASSED] - delay: Delayed 3 second(s)

2019-05-04 11:28:33 - [MESSAGE][PASSED] - Delayed 3 second(s)

2019-05-04 11:28:33 - [TEST_STEP][PASSED] - Statement - If (com.kms.katalon.core.webui.keyword.WebUiBuiltInKeywords.verifyElementPresent(com.kms.katalon.core.testobject.ObjectRepository.findTestObject(Page_BugsUI Dashboard/span_Dashboard), 0)): null

2019-05-04 11:28:33 - [MESSAGE][WARNING] - Timeout '0' is invalid. Using default page load timeout: '30'

2019-05-04 11:28:33 - [MESSAGE][PASSED] - Object 'Object Repository/Page_BugsUI Dashboard/span_Dashboard' is present

2019-05-04 11:28:33 - [TEST_STEP][PASSED] - Statement - assert true: null

2019-05-04 11:28:33 - [TEST_STEP][PASSED] - closeBrowser: Browser is closed

2019-05-04 11:28:34 - [MESSAGE][PASSED] - Browser is closed]]></system-out>
         <system-err><![CDATA[]]></system-err>
      </testcase>
      <system-out><![CDATA[2019-05-04 11:27:40 - [TEST_SUITE][PASSED] - Login_suite: Test Cases/Login/Valid_Login]]></system-out>
      <system-err><![CDATA[]]></system-err>
   </testsuite>
</testsuites>
