<?xml version="1.0" encoding="UTF-8"?>
<testsuites name="Product_Add_Suite" time="115" tests="3" failures="0" errors="0">
   <testsuite name="Product_Add_Suite" tests="3" failures="0" errors="0" time="115" timestamp="2019-05-10 16:13:37" hostname="Kumar.nagendra - HMECL001948.happiestminds.com" id="Test Suites/Product_Add_Suite">
      <properties>
         <property name="deviceName" value=""/>
         <property name="devicePlatform" value=""/>
         <property name="logFolder" value="C:\\New-Bugzilla-Application\\Automation\\New_Bugzilla-UI-V2\\Reports\\Product_Add_Suite\\20190510_161334"/>
         <property name="logFiles" value="C:\\New-Bugzilla-Application\\Automation\\New_Bugzilla-UI-V2\\Reports\\Product_Add_Suite\\20190510_161334\\execution0.log"/>
         <property name="attachments" value=""/>
         <property name="hostName" value="Kumar.nagendra - HMECL001948.happiestminds.com"/>
         <property name="os" value="Windows 10 64bit"/>
         <property name="katalonVersion" value="6.1.3.3"/>
         <property name="browser" value="Firefox 66.0"/>
         <property name="hostAddress" value="10.95.75.221"/>
         <property name="sessionId" value="443b0f09-a144-486f-8de1-10193b675205"/>
         <property name="seleniumVersion" value="3.7.1"/>
         <property name="proxyInformation" value="ProxyInformation{proxyOption=NO_PROXY, proxyServerType=HTTP, password=, proxyServerAddress=, proxyServerPort=0}"/>
         <property name="platform" value="Windows 10"/>
      </properties>
      <testcase name="Test Cases/Add_Product/AddProductFields_verification" classname="Test Cases/Add_Product/AddProductFields_verification" status="PASSED">
         <system-out><![CDATA[2019-05-10 16:13:37 - [TEST_CASE][PASSED] - Test Cases/Add_Product/AddProductFields_verification: Test Cases/Add_Product/AddProductFields_verification

2019-05-10 16:13:38 - [TEST_STEP][PASSED] - openBrowser(""): Browser is opened with url: ''

2019-05-10 16:13:38 - [MESSAGE][INFO] - Starting 'Firefox' driver

2019-05-10 16:13:38 - [MESSAGE][INFO] - Action delay is set to 0 seconds

2019-05-10 16:13:43 - [MESSAGE][PASSED] - Browser is opened with url: ''

2019-05-10 16:13:43 - [TEST_STEP][PASSED] - navigateToUrl(applicationUrl): Navigate to 'https://le-bugsui.staging.corp.arista.io/dashboard' successfully

2019-05-10 16:14:00 - [MESSAGE][PASSED] - Navigate to 'https://le-bugsui.staging.corp.arista.io/dashboard' successfully

2019-05-10 16:14:00 - [TEST_STEP][PASSED] - delay(3): Delayed 3 second(s)

2019-05-10 16:14:04 - [MESSAGE][PASSED] - Delayed 3 second(s)

2019-05-10 16:14:04 - [TEST_STEP][PASSED] - maximizeWindow(): Current window maximized

2019-05-10 16:14:04 - [MESSAGE][PASSED] - Current window maximized

2019-05-10 16:14:04 - [TEST_STEP][PASSED] - delay(2): Delayed 2 second(s)

2019-05-10 16:14:06 - [MESSAGE][PASSED] - Delayed 2 second(s)

2019-05-10 16:14:06 - [TEST_STEP][PASSED] - setText(findTestObject("Page_BugsUI/input_username"), "knagendra-ext"): Text 'knagendra-ext' is set on object 'Object Repository/Page_BugsUI/input_username'

2019-05-10 16:14:06 - [MESSAGE][PASSED] - Text 'knagendra-ext' is set on object 'Object Repository/Page_BugsUI/input_username'

2019-05-10 16:14:06 - [TEST_STEP][PASSED] - setText(findTestObject("Page_BugsUI/input_password"), "Kum1!@#$%^&*()ar"): Text 'Kum1!@#$%^&*()ar' is set on object 'Object Repository/Page_BugsUI/input_password'

2019-05-10 16:14:06 - [MESSAGE][PASSED] - Text 'Kum1!@#$%^&*()ar' is set on object 'Object Repository/Page_BugsUI/input_password'

2019-05-10 16:14:06 - [TEST_STEP][PASSED] - if (verifyElementClickable(findTestObject("Page_BugsUI/button_Login"))): Object: 'Object Repository/Page_BugsUI/button_Login' is clicked on

2019-05-10 16:14:06 - [MESSAGE][PASSED] - Object 'Object Repository/Page_BugsUI/button_Login' is clickable

2019-05-10 16:14:06 - [TEST_STEP][PASSED] - click(findTestObject("Page_BugsUI/button_Login")): Object: 'Object Repository/Page_BugsUI/button_Login' is clicked on

2019-05-10 16:14:07 - [MESSAGE][PASSED] - Object: 'Object Repository/Page_BugsUI/button_Login' is clicked on

2019-05-10 16:14:07 - [TEST_STEP][PASSED] - delay(6): Delayed 6 second(s)

2019-05-10 16:14:13 - [MESSAGE][PASSED] - Delayed 6 second(s)

2019-05-10 16:14:13 - [TEST_STEP][PASSED] - if (verifyElementPresent(findTestObject("Page_BugsUI Dashboard/span_Dashboard"), 0)): null

2019-05-10 16:14:13 - [MESSAGE][WARNING] - Timeout '0' is invalid. Using default page load timeout: '30'

2019-05-10 16:14:13 - [MESSAGE][PASSED] - Object 'Object Repository/Page_BugsUI Dashboard/span_Dashboard' is present

2019-05-10 16:14:13 - [TEST_STEP][PASSED] - if (verifyElementPresent(findTestObject("Page_BugsUI Dashboard/button_Product"), 10)): null

2019-05-10 16:14:13 - [MESSAGE][PASSED] - Object 'Object Repository/Page_BugsUI Dashboard/button_Product' is present

2019-05-10 16:14:13 - [TEST_STEP][PASSED] - click(findTestObject("Page_BugsUI Dashboard/button_Product")): Object: 'Object Repository/Page_BugsUI Dashboard/button_Product' is clicked on

2019-05-10 16:14:13 - [MESSAGE][PASSED] - Object: 'Object Repository/Page_BugsUI Dashboard/button_Product' is clicked on

2019-05-10 16:14:13 - [TEST_STEP][PASSED] - delay(2): Delayed 2 second(s)

2019-05-10 16:14:15 - [MESSAGE][PASSED] - Delayed 2 second(s)

2019-05-10 16:14:15 - [TEST_STEP][PASSED] - if (verifyElementPresent(findTestObject("Page_BugsUI Dashboard/a_Add"), 5)): Object: 'Object Repository/Page_BugsUI Dashboard/a_Add' is clicked on

2019-05-10 16:14:15 - [MESSAGE][PASSED] - Object 'Object Repository/Page_BugsUI Dashboard/a_Add' is present

2019-05-10 16:14:15 - [TEST_STEP][PASSED] - click(findTestObject("Page_BugsUI Dashboard/a_Add")): Object: 'Object Repository/Page_BugsUI Dashboard/a_Add' is clicked on

2019-05-10 16:14:15 - [MESSAGE][PASSED] - Object: 'Object Repository/Page_BugsUI Dashboard/a_Add' is clicked on

2019-05-10 16:14:15 - [TEST_STEP][PASSED] - delay(3): Delayed 3 second(s)

2019-05-10 16:14:18 - [MESSAGE][PASSED] - Delayed 3 second(s)

2019-05-10 16:14:18 - [TEST_STEP][PASSED] - if (verifyElementPresent(findTestObject("Page_BugsUI Add Product/span_Add Product"), 0)): null

2019-05-10 16:14:18 - [MESSAGE][WARNING] - Timeout '0' is invalid. Using default page load timeout: '30'

2019-05-10 16:14:18 - [MESSAGE][PASSED] - Object 'Object Repository/Page_BugsUI Add Product/span_Add Product' is present

2019-05-10 16:14:18 - [TEST_STEP][PASSED] - assert true: null

2019-05-10 16:14:18 - [TEST_STEP][PASSED] - verifyElementPresent(findTestObject("Page_BugsUI Add Product/div_Choose Classification"), 1): Object 'Object Repository/Page_BugsUI Add Product/div_Choose Classification' is present

2019-05-10 16:14:18 - [MESSAGE][PASSED] - Object 'Object Repository/Page_BugsUI Add Product/div_Choose Classification' is present

2019-05-10 16:14:18 - [TEST_STEP][PASSED] - verifyElementPresent(findTestObject("Page_BugsUI Add Product/input_name"), 1): Object 'Object Repository/Page_BugsUI Add Product/input_name' is present

2019-05-10 16:14:18 - [MESSAGE][PASSED] - Object 'Object Repository/Page_BugsUI Add Product/input_name' is present

2019-05-10 16:14:18 - [TEST_STEP][PASSED] - verifyElementPresent(findTestObject("Page_BugsUI Add Product/textarea_description"), 1): Object 'Object Repository/Page_BugsUI Add Product/textarea_description' is present

2019-05-10 16:14:18 - [MESSAGE][PASSED] - Object 'Object Repository/Page_BugsUI Add Product/textarea_description' is present

2019-05-10 16:14:18 - [TEST_STEP][PASSED] - verifyElementPresent(findTestObject("Page_BugsUI Add Product/checkbox_closedForBugEntry"), 1): Object 'Object Repository/Page_BugsUI Add Product/checkbox_closedForBugEntry' is present

2019-05-10 16:14:18 - [MESSAGE][PASSED] - Object 'Object Repository/Page_BugsUI Add Product/checkbox_closedForBugEntry' is present

2019-05-10 16:14:18 - [TEST_STEP][PASSED] - verifyElementPresent(findTestObject("Page_BugsUI Add Product/input_version"), 1): Object 'Object Repository/Page_BugsUI Add Product/input_version' is present

2019-05-10 16:14:18 - [MESSAGE][PASSED] - Object 'Object Repository/Page_BugsUI Add Product/input_version' is present

2019-05-10 16:14:18 - [TEST_STEP][PASSED] - verifyElementPresent(findTestObject("Page_BugsUI Add Product/input_component"), 1): Object 'Object Repository/Page_BugsUI Add Product/input_component' is present

2019-05-10 16:14:18 - [MESSAGE][PASSED] - Object 'Object Repository/Page_BugsUI Add Product/input_component' is present

2019-05-10 16:14:18 - [TEST_STEP][PASSED] - verifyElementPresent(findTestObject("Page_BugsUI Add Product/div_Choose Assignee"), 1): Object 'Object Repository/Page_BugsUI Add Product/div_Choose Assignee' is present

2019-05-10 16:14:18 - [MESSAGE][PASSED] - Object 'Object Repository/Page_BugsUI Add Product/div_Choose Assignee' is present

2019-05-10 16:14:18 - [TEST_STEP][PASSED] - scrollToElement(findTestObject("Page_BugsUI Add Product/AddProduct_button"), 0): Scroll to object 'Object Repository/Page_BugsUI Add Product/AddProduct_button' successfully

2019-05-10 16:14:18 - [MESSAGE][WARNING] - Timeout '0' is invalid. Using default page load timeout: '30'

2019-05-10 16:14:18 - [MESSAGE][PASSED] - Scroll to object 'Object Repository/Page_BugsUI Add Product/AddProduct_button' successfully

2019-05-10 16:14:18 - [TEST_STEP][PASSED] - delay(1): Delayed 1 second(s)

2019-05-10 16:14:19 - [MESSAGE][PASSED] - Delayed 1 second(s)

2019-05-10 16:14:19 - [TEST_STEP][PASSED] - if (verifyElementNotClickable(findTestObject("Page_BugsUI Add Product/AddProduct_button"))): null

2019-05-10 16:14:19 - [MESSAGE][PASSED] - Object 'Object Repository/Page_BugsUI Add Product/AddProduct_button' is NOT clickable

2019-05-10 16:14:19 - [TEST_STEP][PASSED] - assert true: null

2019-05-10 16:14:19 - [TEST_STEP][PASSED] - scrollToElement(findTestObject("Page_BugsUI Add Product/div_Choose Classification"), 0): Scroll to object 'Object Repository/Page_BugsUI Add Product/div_Choose Classification' successfully

2019-05-10 16:14:19 - [MESSAGE][WARNING] - Timeout '0' is invalid. Using default page load timeout: '30'

2019-05-10 16:14:19 - [MESSAGE][PASSED] - Scroll to object 'Object Repository/Page_BugsUI Add Product/div_Choose Classification' successfully

2019-05-10 16:14:19 - [TEST_STEP][PASSED] - delay(1): Delayed 1 second(s)

2019-05-10 16:14:20 - [MESSAGE][PASSED] - Delayed 1 second(s)

2019-05-10 16:14:20 - [TEST_STEP][PASSED] - click(findTestObject("Page_BugsUI Add Product/div_Choose Classification")): Object: 'Object Repository/Page_BugsUI Add Product/div_Choose Classification' is clicked on

2019-05-10 16:14:21 - [MESSAGE][PASSED] - Object: 'Object Repository/Page_BugsUI Add Product/div_Choose Classification' is clicked on

2019-05-10 16:14:21 - [TEST_STEP][PASSED] - delay(2): Delayed 2 second(s)

2019-05-10 16:14:23 - [MESSAGE][PASSED] - Delayed 2 second(s)

2019-05-10 16:14:23 - [TEST_STEP][PASSED] - click(findTestObject("Page_BugsUI Add Product/span_Software")): Object: 'Object Repository/Page_BugsUI Add Product/span_Software' is clicked on

2019-05-10 16:14:23 - [MESSAGE][PASSED] - Object: 'Object Repository/Page_BugsUI Add Product/span_Software' is clicked on

2019-05-10 16:14:23 - [TEST_STEP][PASSED] - setText(findTestObject("Page_BugsUI Add Product/input_name"), "1-Automation-testing"): Text '1-Automation-testing' is set on object 'Object Repository/Page_BugsUI Add Product/input_name'

2019-05-10 16:14:23 - [MESSAGE][PASSED] - Text '1-Automation-testing' is set on object 'Object Repository/Page_BugsUI Add Product/input_name'

2019-05-10 16:14:23 - [TEST_STEP][PASSED] - setText(findTestObject("Page_BugsUI Add Product/textarea_description"), "1-Automation-testing Description"): Text '1-Automation-testing Description' is set on object 'Object Repository/Page_BugsUI Add Product/textarea_description'

2019-05-10 16:14:23 - [MESSAGE][PASSED] - Text '1-Automation-testing Description' is set on object 'Object Repository/Page_BugsUI Add Product/textarea_description'

2019-05-10 16:14:23 - [TEST_STEP][PASSED] - setText(findTestObject("Page_BugsUI Add Product/input_version"), "1"): Text '1' is set on object 'Object Repository/Page_BugsUI Add Product/input_version'

2019-05-10 16:14:23 - [MESSAGE][PASSED] - Text '1' is set on object 'Object Repository/Page_BugsUI Add Product/input_version'

2019-05-10 16:14:23 - [TEST_STEP][PASSED] - scrollToElement(findTestObject("Page_BugsUI Add Product/AddProduct_button"), 0): Scroll to object 'Object Repository/Page_BugsUI Add Product/AddProduct_button' successfully

2019-05-10 16:14:23 - [MESSAGE][WARNING] - Timeout '0' is invalid. Using default page load timeout: '30'

2019-05-10 16:14:23 - [MESSAGE][PASSED] - Scroll to object 'Object Repository/Page_BugsUI Add Product/AddProduct_button' successfully

2019-05-10 16:14:23 - [TEST_STEP][PASSED] - delay(1): Delayed 1 second(s)

2019-05-10 16:14:24 - [MESSAGE][PASSED] - Delayed 1 second(s)

2019-05-10 16:14:24 - [TEST_STEP][PASSED] - if (verifyElementNotClickable(findTestObject("Page_BugsUI Add Product/AddProduct_button"))): null

2019-05-10 16:14:24 - [MESSAGE][PASSED] - Object 'Object Repository/Page_BugsUI Add Product/AddProduct_button' is NOT clickable

2019-05-10 16:14:24 - [TEST_STEP][PASSED] - assert true: null

2019-05-10 16:14:24 - [TEST_STEP][PASSED] - setText(findTestObject("Page_BugsUI Add Product/defaultAssigne_inputbox"), "kumar nagendra"): Text 'kumar nagendra' is set on object 'Object Repository/Page_BugsUI Add Product/defaultAssigne_inputbox'

2019-05-10 16:14:25 - [MESSAGE][PASSED] - Text 'kumar nagendra' is set on object 'Object Repository/Page_BugsUI Add Product/defaultAssigne_inputbox'

2019-05-10 16:14:25 - [TEST_STEP][PASSED] - click(findTestObject("Page_BugsUI Add Product/span_kumar.nagendra")): Object: 'Object Repository/Page_BugsUI Add Product/span_kumar.nagendra' is clicked on

2019-05-10 16:14:26 - [MESSAGE][PASSED] - Object: 'Object Repository/Page_BugsUI Add Product/span_kumar.nagendra' is clicked on

2019-05-10 16:14:26 - [TEST_STEP][PASSED] - delay(2): Delayed 2 second(s)

2019-05-10 16:14:28 - [MESSAGE][PASSED] - Delayed 2 second(s)

2019-05-10 16:14:28 - [TEST_STEP][PASSED] - if (verifyElementClickable(findTestObject("Page_BugsUI Add Product/AddProduct_button"))): null

2019-05-10 16:14:28 - [MESSAGE][PASSED] - Object 'Object Repository/Page_BugsUI Add Product/AddProduct_button' is clickable

2019-05-10 16:14:28 - [TEST_STEP][PASSED] - assert true: null

2019-05-10 16:14:28 - [TEST_STEP][PASSED] - setText(findTestObject("Page_BugsUI Add Product/input_component"), "Auto-1"): Text 'Auto-1' is set on object 'Object Repository/Page_BugsUI Add Product/input_component'

2019-05-10 16:14:28 - [MESSAGE][PASSED] - Text 'Auto-1' is set on object 'Object Repository/Page_BugsUI Add Product/input_component'

2019-05-10 16:14:28 - [TEST_STEP][PASSED] - verifyElementPresent(findTestObject("Page_BugsUI Add Product/componentDescription"), 1): Object 'Object Repository/Page_BugsUI Add Product/componentDescription' is present

2019-05-10 16:14:28 - [MESSAGE][PASSED] - Object 'Object Repository/Page_BugsUI Add Product/componentDescription' is present

2019-05-10 16:14:28 - [TEST_STEP][PASSED] - if (verifyElementNotClickable(findTestObject("Page_BugsUI Add Product/AddProduct_button"))): null

2019-05-10 16:14:28 - [MESSAGE][PASSED] - Object 'Object Repository/Page_BugsUI Add Product/AddProduct_button' is NOT clickable

2019-05-10 16:14:28 - [TEST_STEP][PASSED] - assert true: null

2019-05-10 16:14:28 - [TEST_STEP][PASSED] - setText(findTestObject("Page_BugsUI Add Product/componentDescription"), "Auto-1 description"): Text 'Auto-1 description' is set on object 'Object Repository/Page_BugsUI Add Product/componentDescription'

2019-05-10 16:14:29 - [MESSAGE][PASSED] - Text 'Auto-1 description' is set on object 'Object Repository/Page_BugsUI Add Product/componentDescription'

2019-05-10 16:14:29 - [TEST_STEP][PASSED] - scrollToElement(findTestObject("Page_BugsUI Add Product/AddProduct_button"), 1): Scroll to object 'Object Repository/Page_BugsUI Add Product/AddProduct_button' successfully

2019-05-10 16:14:29 - [MESSAGE][PASSED] - Scroll to object 'Object Repository/Page_BugsUI Add Product/AddProduct_button' successfully

2019-05-10 16:14:29 - [TEST_STEP][PASSED] - delay(2): Delayed 2 second(s)

2019-05-10 16:14:31 - [MESSAGE][PASSED] - Delayed 2 second(s)

2019-05-10 16:14:31 - [TEST_STEP][PASSED] - if (verifyElementClickable(findTestObject("Page_BugsUI Add Product/AddProduct_button"))): null

2019-05-10 16:14:31 - [MESSAGE][PASSED] - Object 'Object Repository/Page_BugsUI Add Product/AddProduct_button' is clickable

2019-05-10 16:14:31 - [TEST_STEP][PASSED] - assert true: null

2019-05-10 16:14:31 - [TEST_STEP][PASSED] - clearText(findTestObject("Page_BugsUI Add Product/input_name")): Text of object 'Object Repository/Page_BugsUI Add Product/input_name' is cleared

2019-05-10 16:14:31 - [MESSAGE][PASSED] - Text of object 'Object Repository/Page_BugsUI Add Product/input_name' is cleared

2019-05-10 16:14:31 - [TEST_STEP][PASSED] - setText(findTestObject("Page_BugsUI Add Product/input_name"), "BugsUITest"): Text 'BugsUITest' is set on object 'Object Repository/Page_BugsUI Add Product/input_name'

2019-05-10 16:14:31 - [MESSAGE][PASSED] - Text 'BugsUITest' is set on object 'Object Repository/Page_BugsUI Add Product/input_name'

2019-05-10 16:14:31 - [TEST_STEP][PASSED] - click(findTestObject("Page_BugsUI Add Product/AddProduct_button")): Object: 'Object Repository/Page_BugsUI Add Product/AddProduct_button' is clicked on

2019-05-10 16:14:31 - [MESSAGE][PASSED] - Object: 'Object Repository/Page_BugsUI Add Product/AddProduct_button' is clicked on

2019-05-10 16:14:31 - [TEST_STEP][PASSED] - delay(2): Delayed 2 second(s)

2019-05-10 16:14:33 - [MESSAGE][PASSED] - Delayed 2 second(s)

2019-05-10 16:14:33 - [TEST_STEP][PASSED] - verifyElementPresent(findTestObject("Page_BugsUI Add Product/div_Product BugsUITest already"), 1): Object 'Object Repository/Page_BugsUI Add Product/div_Product BugsUITest already' is present

2019-05-10 16:14:33 - [MESSAGE][PASSED] - Object 'Object Repository/Page_BugsUI Add Product/div_Product BugsUITest already' is present

2019-05-10 16:14:33 - [TEST_STEP][PASSED] - text = getText(findTestObject("Page_BugsUI Add Product/div_Product BugsUITest already")): Text of object 'Object Repository/Page_BugsUI Add Product/div_Product BugsUITest already' is: 'Product BugsUITest already exists.'

2019-05-10 16:14:33 - [MESSAGE][PASSED] - Text of object 'Object Repository/Page_BugsUI Add Product/div_Product BugsUITest already' is: 'Product BugsUITest already exists.'

2019-05-10 16:14:33 - [TEST_STEP][PASSED] - if (text.equals("Product BugsUITest already exists.")): null

2019-05-10 16:14:33 - [TEST_STEP][PASSED] - assert true: null

2019-05-10 16:14:33 - [TEST_STEP][PASSED] - clearText(findTestObject("Page_BugsUI Add Product/input_name")): Text of object 'Object Repository/Page_BugsUI Add Product/input_name' is cleared

2019-05-10 16:14:33 - [MESSAGE][PASSED] - Text of object 'Object Repository/Page_BugsUI Add Product/input_name' is cleared

2019-05-10 16:14:33 - [TEST_STEP][PASSED] - setText(findTestObject("Page_BugsUI Add Product/input_name"), "1-Automation-testing"): Text '1-Automation-testing' is set on object 'Object Repository/Page_BugsUI Add Product/input_name'

2019-05-10 16:14:33 - [MESSAGE][PASSED] - Text '1-Automation-testing' is set on object 'Object Repository/Page_BugsUI Add Product/input_name'

2019-05-10 16:14:33 - [TEST_STEP][PASSED] - click(findTestObject("Page_BugsUI Add Product/AddProduct_button")): Object: 'Object Repository/Page_BugsUI Add Product/AddProduct_button' is clicked on

2019-05-10 16:14:34 - [MESSAGE][PASSED] - Object: 'Object Repository/Page_BugsUI Add Product/AddProduct_button' is clicked on

2019-05-10 16:14:34 - [TEST_STEP][PASSED] - delay(1): Delayed 1 second(s)

2019-05-10 16:14:35 - [MESSAGE][PASSED] - Delayed 1 second(s)

2019-05-10 16:14:35 - [TEST_STEP][PASSED] - verifyElementPresent(findTestObject("Page_BugsUI Add Product/div_Product_added_success"), 1): Object 'Object Repository/Page_BugsUI Add Product/div_Product_added_success' is present

2019-05-10 16:14:35 - [MESSAGE][PASSED] - Object 'Object Repository/Page_BugsUI Add Product/div_Product_added_success' is present

2019-05-10 16:14:35 - [TEST_STEP][PASSED] - successMsg = getText(findTestObject("Page_BugsUI Add Product/div_Product_added_success")): Text of object 'Object Repository/Page_BugsUI Add Product/div_Product_added_success' is: 'Product has been added successfully.'

2019-05-10 16:14:35 - [MESSAGE][PASSED] - Text of object 'Object Repository/Page_BugsUI Add Product/div_Product_added_success' is: 'Product has been added successfully.'

2019-05-10 16:14:35 - [TEST_STEP][PASSED] - if (successMsg.equals("Product has been added successfully.")): null

2019-05-10 16:14:35 - [TEST_STEP][PASSED] - assert true: null

2019-05-10 16:14:35 - [TEST_STEP][PASSED] - delay(2): Delayed 2 second(s)

2019-05-10 16:14:37 - [MESSAGE][PASSED] - Delayed 2 second(s)]]></system-out>
         <system-err><![CDATA[]]></system-err>
      </testcase>
      <testcase name="Test Cases/Add_Product/AddedProductAvailability" classname="Test Cases/Add_Product/AddedProductAvailability" status="PASSED">
         <system-out><![CDATA[2019-05-10 16:14:37 - [TEST_CASE][PASSED] - Test Cases/Add_Product/AddedProductAvailability: Test Cases/Add_Product/AddedProductAvailability

2019-05-10 16:14:37 - [TEST_STEP][PASSED] - delay(2): Delayed 2 second(s)

2019-05-10 16:14:39 - [MESSAGE][PASSED] - Delayed 2 second(s)

2019-05-10 16:14:39 - [TEST_STEP][PASSED] - if (verifyElementPresent(findTestObject("Page_BugsUI Dashboard/a_New Bug"), 0)): Object: 'Object Repository/Page_BugsUI Dashboard/a_New Bug' is clicked on

2019-05-10 16:14:39 - [MESSAGE][WARNING] - Timeout '0' is invalid. Using default page load timeout: '30'

2019-05-10 16:14:39 - [MESSAGE][PASSED] - Object 'Object Repository/Page_BugsUI Dashboard/a_New Bug' is present

2019-05-10 16:14:39 - [TEST_STEP][PASSED] - click(findTestObject("Page_BugsUI Dashboard/a_New Bug")): Object: 'Object Repository/Page_BugsUI Dashboard/a_New Bug' is clicked on

2019-05-10 16:14:39 - [MESSAGE][PASSED] - Object: 'Object Repository/Page_BugsUI Dashboard/a_New Bug' is clicked on

2019-05-10 16:14:39 - [TEST_STEP][PASSED] - delay(3): Delayed 3 second(s)

2019-05-10 16:14:42 - [MESSAGE][PASSED] - Delayed 3 second(s)

2019-05-10 16:14:42 - [TEST_STEP][PASSED] - verifyElementPresent(findTestObject("Page_BugsUI New Bug/span_Raise New Bug"), 0): Object 'Object Repository/Page_BugsUI New Bug/span_Raise New Bug' is present

2019-05-10 16:14:42 - [MESSAGE][WARNING] - Timeout '0' is invalid. Using default page load timeout: '30'

2019-05-10 16:14:43 - [MESSAGE][PASSED] - Object 'Object Repository/Page_BugsUI New Bug/span_Raise New Bug' is present

2019-05-10 16:14:43 - [TEST_STEP][PASSED] - setText(findTestObject("Page_BugsUI New Bug/div_Choose Classification"), "Software"): Text 'Software' is set on object 'Object Repository/Page_BugsUI New Bug/div_Choose Classification'

2019-05-10 16:14:44 - [MESSAGE][PASSED] - Text 'Software' is set on object 'Object Repository/Page_BugsUI New Bug/div_Choose Classification'

2019-05-10 16:14:44 - [TEST_STEP][PASSED] - delay(2): Delayed 2 second(s)

2019-05-10 16:14:46 - [MESSAGE][PASSED] - Delayed 2 second(s)

2019-05-10 16:14:46 - [TEST_STEP][PASSED] - click(findTestObject("Page_BugsUI New Bug/span_Software")): Object: 'Object Repository/Page_BugsUI New Bug/span_Software' is clicked on

2019-05-10 16:14:46 - [MESSAGE][PASSED] - Object: 'Object Repository/Page_BugsUI New Bug/span_Software' is clicked on

2019-05-10 16:14:46 - [TEST_STEP][PASSED] - delay(3): Delayed 3 second(s)

2019-05-10 16:14:49 - [MESSAGE][PASSED] - Delayed 3 second(s)

2019-05-10 16:14:49 - [TEST_STEP][PASSED] - setText(findTestObject("Page_BugsUI New Bug/div_Choose Package"), "1-Automation-testing"): Text '1-Automation-testing' is set on object 'Object Repository/Page_BugsUI New Bug/div_Choose Package'

2019-05-10 16:14:49 - [MESSAGE][PASSED] - Text '1-Automation-testing' is set on object 'Object Repository/Page_BugsUI New Bug/div_Choose Package'

2019-05-10 16:14:49 - [TEST_STEP][PASSED] - if (verifyElementPresent(findTestObject("Page_BugsUI New Bug/span_1-Automation-testing"), 0)): null

2019-05-10 16:14:49 - [MESSAGE][WARNING] - Timeout '0' is invalid. Using default page load timeout: '30'

2019-05-10 16:14:49 - [MESSAGE][PASSED] - Object 'Object Repository/Page_BugsUI New Bug/span_1-Automation-testing' is present

2019-05-10 16:14:49 - [TEST_STEP][PASSED] - click(findTestObject("Page_BugsUI New Bug/span_1-Automation-testing")): Object: 'Object Repository/Page_BugsUI New Bug/span_1-Automation-testing' is clicked on

2019-05-10 16:14:49 - [MESSAGE][PASSED] - Object: 'Object Repository/Page_BugsUI New Bug/span_1-Automation-testing' is clicked on

2019-05-10 16:14:49 - [TEST_STEP][PASSED] - assert true: null

2019-05-10 16:14:49 - [TEST_STEP][PASSED] - delay(3): Delayed 3 second(s)

2019-05-10 16:14:52 - [MESSAGE][PASSED] - Delayed 3 second(s)]]></system-out>
         <system-err><![CDATA[]]></system-err>
      </testcase>
      <testcase name="Test Cases/Add_Product/Delete_added_product" classname="Test Cases/Add_Product/Delete_added_product" status="PASSED">
         <system-out><![CDATA[2019-05-10 16:14:52 - [TEST_CASE][PASSED] - Test Cases/Add_Product/Delete_added_product: Test Cases/Add_Product/Delete_added_product

2019-05-10 16:14:53 - [TEST_STEP][PASSED] - if (verifyElementPresent(findTestObject("Page_BugsUI Dashboard/button_Product"), 10)): null

2019-05-10 16:14:53 - [MESSAGE][PASSED] - Object 'Object Repository/Page_BugsUI Dashboard/button_Product' is present

2019-05-10 16:14:53 - [TEST_STEP][PASSED] - click(findTestObject("Page_BugsUI Dashboard/button_Product")): Object: 'Object Repository/Page_BugsUI Dashboard/button_Product' is clicked on

2019-05-10 16:14:53 - [MESSAGE][PASSED] - Object: 'Object Repository/Page_BugsUI Dashboard/button_Product' is clicked on

2019-05-10 16:14:53 - [TEST_STEP][PASSED] - delay(2): Delayed 2 second(s)

2019-05-10 16:14:55 - [MESSAGE][PASSED] - Delayed 2 second(s)

2019-05-10 16:14:55 - [TEST_STEP][PASSED] - if (verifyElementPresent(findTestObject("Page_BugsUI Dashboard/a_Edit"), 5)): Object: 'Object Repository/Page_BugsUI Dashboard/a_Edit' is clicked on

2019-05-10 16:14:55 - [MESSAGE][PASSED] - Object 'Object Repository/Page_BugsUI Dashboard/a_Edit' is present

2019-05-10 16:14:55 - [TEST_STEP][PASSED] - click(findTestObject("Page_BugsUI Dashboard/a_Edit")): Object: 'Object Repository/Page_BugsUI Dashboard/a_Edit' is clicked on

2019-05-10 16:14:55 - [MESSAGE][PASSED] - Object: 'Object Repository/Page_BugsUI Dashboard/a_Edit' is clicked on

2019-05-10 16:14:55 - [TEST_STEP][PASSED] - delay(4): Delayed 4 second(s)

2019-05-10 16:14:59 - [MESSAGE][PASSED] - Delayed 4 second(s)

2019-05-10 16:14:59 - [TEST_STEP][PASSED] - if (verifyAlertPresent(7)): Alert accepted

2019-05-10 16:14:59 - [MESSAGE][PASSED] - Alert is present after 7 second(s).

2019-05-10 16:14:59 - [TEST_STEP][PASSED] - acceptAlert(): Alert accepted

2019-05-10 16:14:59 - [MESSAGE][PASSED] - Alert accepted

2019-05-10 16:14:59 - [TEST_STEP][PASSED] - delay(4): Delayed 4 second(s)

2019-05-10 16:15:03 - [MESSAGE][PASSED] - Delayed 4 second(s)

2019-05-10 16:15:03 - [TEST_STEP][PASSED] - verifyElementPresent(findTestObject("Page_BugsUI Edit Product/span_Edit Product"), 0): Object 'Object Repository/Page_BugsUI Edit Product/span_Edit Product' is present

2019-05-10 16:15:03 - [MESSAGE][WARNING] - Timeout '0' is invalid. Using default page load timeout: '30'

2019-05-10 16:15:03 - [MESSAGE][PASSED] - Object 'Object Repository/Page_BugsUI Edit Product/span_Edit Product' is present

2019-05-10 16:15:03 - [TEST_STEP][PASSED] - setText(findTestObject("Page_BugsUI Edit Product/div_Choose Classification"), "Software"): Text 'Software' is set on object 'Object Repository/Page_BugsUI Edit Product/div_Choose Classification'

2019-05-10 16:15:04 - [MESSAGE][PASSED] - Text 'Software' is set on object 'Object Repository/Page_BugsUI Edit Product/div_Choose Classification'

2019-05-10 16:15:04 - [TEST_STEP][PASSED] - delay(2): Delayed 2 second(s)

2019-05-10 16:15:06 - [MESSAGE][PASSED] - Delayed 2 second(s)

2019-05-10 16:15:06 - [TEST_STEP][PASSED] - click(findTestObject("Page_BugsUI Edit Product/span_Software")): Object: 'Object Repository/Page_BugsUI Edit Product/span_Software' is clicked on

2019-05-10 16:15:06 - [MESSAGE][PASSED] - Object: 'Object Repository/Page_BugsUI Edit Product/span_Software' is clicked on

2019-05-10 16:15:06 - [TEST_STEP][PASSED] - setText(findTestObject("Page_BugsUI Edit Product/div_Choose Product"), "1-Automation-testing"): Text '1-Automation-testing' is set on object 'Object Repository/Page_BugsUI Edit Product/div_Choose Product'

2019-05-10 16:15:06 - [MESSAGE][PASSED] - Text '1-Automation-testing' is set on object 'Object Repository/Page_BugsUI Edit Product/div_Choose Product'

2019-05-10 16:15:06 - [TEST_STEP][PASSED] - delay(2): Delayed 2 second(s)

2019-05-10 16:15:08 - [MESSAGE][PASSED] - Delayed 2 second(s)

2019-05-10 16:15:08 - [TEST_STEP][PASSED] - click(findTestObject("Page_BugsUI Edit Product/span_1-Automation-testing")): Object: 'Object Repository/Page_BugsUI Edit Product/span_1-Automation-testing' is clicked on

2019-05-10 16:15:09 - [MESSAGE][PASSED] - Object: 'Object Repository/Page_BugsUI Edit Product/span_1-Automation-testing' is clicked on

2019-05-10 16:15:09 - [TEST_STEP][PASSED] - delay(2): Delayed 2 second(s)

2019-05-10 16:15:11 - [MESSAGE][PASSED] - Delayed 2 second(s)

2019-05-10 16:15:11 - [TEST_STEP][PASSED] - scrollToElement(findTestObject("Page_BugsUI Edit Product/button_Delete Product"), 1): Scroll to object 'Object Repository/Page_BugsUI Edit Product/button_Delete Product' successfully

2019-05-10 16:15:11 - [MESSAGE][PASSED] - Scroll to object 'Object Repository/Page_BugsUI Edit Product/button_Delete Product' successfully

2019-05-10 16:15:11 - [TEST_STEP][PASSED] - delay(2): Delayed 2 second(s)

2019-05-10 16:15:13 - [MESSAGE][PASSED] - Delayed 2 second(s)

2019-05-10 16:15:13 - [TEST_STEP][PASSED] - if (verifyElementPresent(findTestObject("Page_BugsUI Edit Product/button_Delete Product"), 0)): null

2019-05-10 16:15:13 - [MESSAGE][WARNING] - Timeout '0' is invalid. Using default page load timeout: '30'

2019-05-10 16:15:13 - [MESSAGE][PASSED] - Object 'Object Repository/Page_BugsUI Edit Product/button_Delete Product' is present

2019-05-10 16:15:13 - [TEST_STEP][PASSED] - delay(5): Delayed 5 second(s)

2019-05-10 16:15:18 - [MESSAGE][PASSED] - Delayed 5 second(s)

2019-05-10 16:15:18 - [TEST_STEP][PASSED] - if (verifyElementClickable(findTestObject("Page_BugsUI Edit Product/button_Delete Product"))): Object: 'Object Repository/Page_BugsUI Edit Product/button_Delete Product' is clicked on

2019-05-10 16:15:18 - [MESSAGE][PASSED] - Object 'Object Repository/Page_BugsUI Edit Product/button_Delete Product' is clickable

2019-05-10 16:15:18 - [TEST_STEP][PASSED] - click(findTestObject("Page_BugsUI Edit Product/button_Delete Product")): Object: 'Object Repository/Page_BugsUI Edit Product/button_Delete Product' is clicked on

2019-05-10 16:15:18 - [MESSAGE][PASSED] - Object: 'Object Repository/Page_BugsUI Edit Product/button_Delete Product' is clicked on

2019-05-10 16:15:18 - [TEST_STEP][PASSED] - delay(3): Delayed 3 second(s)

2019-05-10 16:15:21 - [MESSAGE][PASSED] - Delayed 3 second(s)

2019-05-10 16:15:21 - [TEST_STEP][PASSED] - if (verifyElementPresent(findTestObject("Page_BugsUI Edit Product/confirmDeleteProduct_popup"), 0)): null

2019-05-10 16:15:21 - [MESSAGE][WARNING] - Timeout '0' is invalid. Using default page load timeout: '30'

2019-05-10 16:15:21 - [MESSAGE][PASSED] - Object 'Object Repository/Page_BugsUI Edit Product/confirmDeleteProduct_popup' is present

2019-05-10 16:15:21 - [TEST_STEP][PASSED] - if (verifyElementPresent(findTestObject("Page_BugsUI Edit Product/button_No"), 0)): Object: 'Object Repository/Page_BugsUI Edit Product/button_No' is clicked on

2019-05-10 16:15:21 - [MESSAGE][WARNING] - Timeout '0' is invalid. Using default page load timeout: '30'

2019-05-10 16:15:21 - [MESSAGE][PASSED] - Object 'Object Repository/Page_BugsUI Edit Product/button_No' is present

2019-05-10 16:15:21 - [TEST_STEP][PASSED] - click(findTestObject("Page_BugsUI Edit Product/button_No")): Object: 'Object Repository/Page_BugsUI Edit Product/button_No' is clicked on

2019-05-10 16:15:21 - [MESSAGE][PASSED] - Object: 'Object Repository/Page_BugsUI Edit Product/button_No' is clicked on

2019-05-10 16:15:21 - [TEST_STEP][PASSED] - delay(3): Delayed 3 second(s)

2019-05-10 16:15:24 - [MESSAGE][PASSED] - Delayed 3 second(s)

2019-05-10 16:15:24 - [TEST_STEP][PASSED] - verifyElementPresent(findTestObject("Page_BugsUI Edit Product/button_Delete Product"), 0): Object 'Object Repository/Page_BugsUI Edit Product/button_Delete Product' is present

2019-05-10 16:15:24 - [MESSAGE][WARNING] - Timeout '0' is invalid. Using default page load timeout: '30'

2019-05-10 16:15:24 - [MESSAGE][PASSED] - Object 'Object Repository/Page_BugsUI Edit Product/button_Delete Product' is present

2019-05-10 16:15:24 - [TEST_STEP][PASSED] - click(findTestObject("Page_BugsUI Edit Product/button_Delete Product")): Object: 'Object Repository/Page_BugsUI Edit Product/button_Delete Product' is clicked on

2019-05-10 16:15:25 - [MESSAGE][PASSED] - Object: 'Object Repository/Page_BugsUI Edit Product/button_Delete Product' is clicked on

2019-05-10 16:15:25 - [TEST_STEP][PASSED] - delay(3): Delayed 3 second(s)

2019-05-10 16:15:28 - [MESSAGE][PASSED] - Delayed 3 second(s)

2019-05-10 16:15:28 - [TEST_STEP][PASSED] - if (verifyElementPresent(findTestObject("Page_BugsUI Edit Product/confirmDeleteProduct_popup"), 0)): null

2019-05-10 16:15:28 - [MESSAGE][WARNING] - Timeout '0' is invalid. Using default page load timeout: '30'

2019-05-10 16:15:28 - [MESSAGE][PASSED] - Object 'Object Repository/Page_BugsUI Edit Product/confirmDeleteProduct_popup' is present

2019-05-10 16:15:28 - [TEST_STEP][PASSED] - if (verifyElementPresent(findTestObject("Page_BugsUI Edit Product/button_deleteProduct_Yes"), 0)): Object: 'Object Repository/Page_BugsUI Edit Product/button_deleteProduct_Yes' is clicked on

2019-05-10 16:15:28 - [MESSAGE][WARNING] - Timeout '0' is invalid. Using default page load timeout: '30'

2019-05-10 16:15:28 - [MESSAGE][PASSED] - Object 'Object Repository/Page_BugsUI Edit Product/button_deleteProduct_Yes' is present

2019-05-10 16:15:28 - [TEST_STEP][PASSED] - click(findTestObject("Page_BugsUI Edit Product/button_deleteProduct_Yes")): Object: 'Object Repository/Page_BugsUI Edit Product/button_deleteProduct_Yes' is clicked on

2019-05-10 16:15:28 - [MESSAGE][PASSED] - Object: 'Object Repository/Page_BugsUI Edit Product/button_deleteProduct_Yes' is clicked on

2019-05-10 16:15:28 - [TEST_STEP][PASSED] - delay(3): Delayed 3 second(s)

2019-05-10 16:15:31 - [MESSAGE][PASSED] - Delayed 3 second(s)

2019-05-10 16:15:31 - [TEST_STEP][PASSED] - if (verifyElementPresent(findTestObject("Page_BugsUI Edit Product/div_Product has been deleted"), 0)): null

2019-05-10 16:15:31 - [MESSAGE][WARNING] - Timeout '0' is invalid. Using default page load timeout: '30'

2019-05-10 16:15:31 - [MESSAGE][PASSED] - Object 'Object Repository/Page_BugsUI Edit Product/div_Product has been deleted' is present

2019-05-10 16:15:31 - [TEST_STEP][PASSED] - text = getText(findTestObject("Page_BugsUI Edit Product/div_Product has been deleted")): Text of object 'Object Repository/Page_BugsUI Edit Product/div_Product has been deleted' is: 'Product has been deleted successfully.'

2019-05-10 16:15:31 - [MESSAGE][PASSED] - Text of object 'Object Repository/Page_BugsUI Edit Product/div_Product has been deleted' is: 'Product has been deleted successfully.'

2019-05-10 16:15:31 - [TEST_STEP][PASSED] - if (text.equals("Product has been deleted successfully.")): null

2019-05-10 16:15:31 - [TEST_STEP][PASSED] - assert true: null

2019-05-10 16:15:31 - [TEST_STEP][PASSED] - closeBrowser(): Browser is closed

2019-05-10 16:15:32 - [MESSAGE][PASSED] - Browser is closed]]></system-out>
         <system-err><![CDATA[]]></system-err>
      </testcase>
      <system-out><![CDATA[2019-05-10 16:13:37 - [TEST_SUITE][PASSED] - Product_Add_Suite: Test Cases/Add_Product/Delete_added_product]]></system-out>
      <system-err><![CDATA[]]></system-err>
   </testsuite>
</testsuites>
