<?xml version="1.0" encoding="UTF-8"?>
<testsuites name="Cucumber_Login_Suite" time="91" tests="3" failures="0" errors="0">
   <testsuite name="Cucumber_Login_Suite" tests="3" failures="0" errors="0" time="91" timestamp="2019-05-15 12:35:24" hostname="Kumar.nagendra - HMECL001948.happiestminds.com" id="Test Suites/Cucumber_Login_Suite">
      <properties>
         <property name="deviceName" value=""/>
         <property name="devicePlatform" value=""/>
         <property name="logFolder" value="C:\\New-Bugzilla-Application\\Automation\\New_Bugzilla-UI-V2\\Reports\\Cucumber_Login_Suite\\20190515_123521"/>
         <property name="logFiles" value="C:\\New-Bugzilla-Application\\Automation\\New_Bugzilla-UI-V2\\Reports\\Cucumber_Login_Suite\\20190515_123521\\execution0.log"/>
         <property name="attachments" value=""/>
         <property name="hostName" value="Kumar.nagendra - HMECL001948.happiestminds.com"/>
         <property name="os" value="Windows 10 64bit"/>
         <property name="katalonVersion" value="6.1.3.3"/>
         <property name="browser" value="Chrome 74.0.3729.131"/>
         <property name="hostAddress" value="10.95.75.221"/>
         <property name="sessionId" value="a3d77a88e0b674f7a17aef80b51c0afa"/>
         <property name="seleniumVersion" value="3.7.1"/>
         <property name="proxyInformation" value="ProxyInformation{proxyOption=NO_PROXY, proxyServerType=HTTP, password=, proxyServerAddress=, proxyServerPort=0}"/>
         <property name="platform" value="Windows 10"/>
      </properties>
      <testcase name="Test Cases/BDD Cucumber TestCases/CaptureVersionOfApplication" classname="Test Cases/BDD Cucumber TestCases/CaptureVersionOfApplication" status="PASSED">
         <system-out><![CDATA[2019-05-15 12:35:25 - [TEST_CASE][PASSED] - Test Cases/BDD Cucumber TestCases/CaptureVersionOfApplication: Test Cases/BDD Cucumber TestCases/CaptureVersionOfApplication

2019-05-15 12:35:26 - [TEST_STEP][PASSED] - runFeatureFile("Include/features/BDD Cucumber Tests/Web UI Tests/Login/CaptureVersionOfApplication.feature"): Feature file: 'Include/features/BDD Cucumber Tests/Web UI Tests/Login/CaptureVersionOfApplication.feature' was passed

2019-05-15 12:35:26 - [MESSAGE][INFO] - Starting run keyword runFeatureFile: 'Include/features/BDD Cucumber Tests/Web UI Tests/Login/CaptureVersionOfApplication.feature' and extract report to folder: 'C:\New-Bugzilla-Application\Automation\New_Bugzilla-UI-V2\Reports\Cucumber_Login_Suite\20190515_123521/cucumber_report/1557903926076'...

2019-05-15 12:35:27 - [TEST_CASE][PASSED] - Start Test Case : SCENARIO Capture Version of Application: SCENARIO Capture Version of Application

2019-05-15 12:35:27 - [TEST_STEP][PASSED] - Url of the application: Url of the application

2019-05-15 12:35:27 - [MESSAGE][INFO] - Starting 'Chrome' driver

2019-05-15 12:35:27 - [MESSAGE][INFO] - Action delay is set to 0 seconds

2019-05-15 12:35:30 - [MESSAGE][PASSED] - Browser is opened with url: ''

2019-05-15 12:35:52 - [MESSAGE][PASSED] - Navigate to 'https://le-bugsui.staging.corp.arista.io/dashboard' successfully

2019-05-15 12:35:56 - [MESSAGE][PASSED] - Delayed 4 second(s)

2019-05-15 12:35:57 - [MESSAGE][PASSED] - Current window maximized

2019-05-15 12:35:59 - [MESSAGE][PASSED] - Delayed 2 second(s)

2019-05-15 12:35:59 - [MESSAGE][PASSED] - Url of the application

2019-05-15 12:35:59 - [TEST_STEP][PASSED] - Application loads: Application loads

2019-05-15 12:35:59 - [MESSAGE][WARNING] - Timeout '0' is invalid. Using default page load timeout: '30'

2019-05-15 12:35:59 - [MESSAGE][PASSED] - Object 'Object Repository/Page_BugsUI/input_username' is present

2019-05-15 12:35:59 - [MESSAGE][PASSED] - Application loads

2019-05-15 12:35:59 - [TEST_STEP][PASSED] - Capture current version of application: Capture current version of application

2019-05-15 12:35:59 - [MESSAGE][WARNING] - Timeout '0' is invalid. Using default page load timeout: '30'

2019-05-15 12:35:59 - [MESSAGE][PASSED] - Object 'Object Repository/Page_BugsUI/div_version' is present

2019-05-15 12:35:59 - [MESSAGE][PASSED] - Text of object 'Object Repository/Page_BugsUI/div_version' is: 'v 2.5.3'

2019-05-15 12:35:59 - [MESSAGE][INFO] - Version of the application is -  v 2.5.3

2019-05-15 12:36:00 - [MESSAGE][PASSED] - Browser is closed

2019-05-15 12:36:00 - [MESSAGE][PASSED] - Capture current version of application

2019-05-15 12:36:00 - [MESSAGE][PASSED] - Feature file: 'Include/features/BDD Cucumber Tests/Web UI Tests/Login/CaptureVersionOfApplication.feature' was passed]]></system-out>
         <system-err><![CDATA[]]></system-err>
      </testcase>
      <testcase name="Test Cases/BDD Cucumber TestCases/BugzillaApplicationLoads" classname="Test Cases/BDD Cucumber TestCases/BugzillaApplicationLoads" status="PASSED">
         <system-out><![CDATA[2019-05-15 12:36:00 - [TEST_CASE][PASSED] - Test Cases/BDD Cucumber TestCases/BugzillaApplicationLoads: Test Cases/BDD Cucumber TestCases/BugzillaApplicationLoads

2019-05-15 12:36:00 - [TEST_STEP][PASSED] - runFeatureFile("Include/features/BDD Cucumber Tests/Web UI Tests/Login/BugzillaApplicationLoads.feature"): Feature file: 'Include/features/BDD Cucumber Tests/Web UI Tests/Login/BugzillaApplicationLoads.feature' was passed

2019-05-15 12:36:00 - [MESSAGE][INFO] - Starting run keyword runFeatureFile: 'Include/features/BDD Cucumber Tests/Web UI Tests/Login/BugzillaApplicationLoads.feature' and extract report to folder: 'C:\New-Bugzilla-Application\Automation\New_Bugzilla-UI-V2\Reports\Cucumber_Login_Suite\20190515_123521/cucumber_report/1557903960636'...

2019-05-15 12:36:00 - [TEST_CASE][PASSED] - Start Test Case : SCENARIO verify if Bugzilla Application Loads: SCENARIO verify if Bugzilla Application Loads

2019-05-15 12:36:00 - [TEST_STEP][PASSED] - User enters application url: User enters application url

2019-05-15 12:36:00 - [MESSAGE][INFO] - Starting 'Chrome' driver

2019-05-15 12:36:02 - [MESSAGE][PASSED] - Browser is opened with url: ''

2019-05-15 12:36:15 - [MESSAGE][PASSED] - Navigate to 'https://le-bugsui.staging.corp.arista.io/dashboard' successfully

2019-05-15 12:36:19 - [MESSAGE][PASSED] - Delayed 4 second(s)

2019-05-15 12:36:19 - [MESSAGE][PASSED] - Current window maximized

2019-05-15 12:36:21 - [MESSAGE][PASSED] - Delayed 2 second(s)

2019-05-15 12:36:21 - [MESSAGE][PASSED] - User enters application url

2019-05-15 12:36:21 - [TEST_STEP][PASSED] - verify Application loads and its fields: verify Application loads and its fields

2019-05-15 12:36:21 - [MESSAGE][WARNING] - Timeout '0' is invalid. Using default page load timeout: '30'

2019-05-15 12:36:21 - [MESSAGE][PASSED] - Object 'Object Repository/Page_BugsUI/input_username' is present

2019-05-15 12:36:21 - [MESSAGE][WARNING] - Timeout '0' is invalid. Using default page load timeout: '30'

2019-05-15 12:36:21 - [MESSAGE][PASSED] - Object 'Object Repository/Page_BugsUI/input_password' is present

2019-05-15 12:36:21 - [MESSAGE][WARNING] - Timeout '0' is invalid. Using default page load timeout: '30'

2019-05-15 12:36:21 - [MESSAGE][PASSED] - Object 'Object Repository/Page_BugsUI/checkbox_RememberMe' is present

2019-05-15 12:36:21 - [MESSAGE][PASSED] - Text of object 'Object Repository/Page_BugsUI/label_rememberMe' is: 'Remember me'

2019-05-15 12:36:21 - [MESSAGE][PASSED] - verify Application loads and its fields

2019-05-15 12:36:21 - [TEST_STEP][PASSED] - verify the login button is disabled: verify the login button is disabled

2019-05-15 12:36:21 - [MESSAGE][PASSED] - Object 'Object Repository/Page_BugsUI/button_Login' is NOT clickable

2019-05-15 12:36:22 - [MESSAGE][PASSED] - Browser is closed

2019-05-15 12:36:22 - [MESSAGE][PASSED] - verify the login button is disabled

2019-05-15 12:36:22 - [MESSAGE][PASSED] - Feature file: 'Include/features/BDD Cucumber Tests/Web UI Tests/Login/BugzillaApplicationLoads.feature' was passed]]></system-out>
         <system-err><![CDATA[]]></system-err>
      </testcase>
      <testcase name="Test Cases/BDD Cucumber TestCases/ValidLogin" classname="Test Cases/BDD Cucumber TestCases/ValidLogin" status="PASSED">
         <system-out><![CDATA[2019-05-15 12:36:22 - [TEST_CASE][PASSED] - Test Cases/BDD Cucumber TestCases/ValidLogin: Test Cases/BDD Cucumber TestCases/ValidLogin

2019-05-15 12:36:22 - [TEST_STEP][PASSED] - runFeatureFile("Include/features/BDD Cucumber Tests/Web UI Tests/Login/ValidLogin.feature"): Feature file: 'Include/features/BDD Cucumber Tests/Web UI Tests/Login/ValidLogin.feature' was passed

2019-05-15 12:36:22 - [MESSAGE][INFO] - Starting run keyword runFeatureFile: 'Include/features/BDD Cucumber Tests/Web UI Tests/Login/ValidLogin.feature' and extract report to folder: 'C:\New-Bugzilla-Application\Automation\New_Bugzilla-UI-V2\Reports\Cucumber_Login_Suite\20190515_123521/cucumber_report/1557903982909'...

2019-05-15 12:36:23 - [TEST_CASE][PASSED] - Start Test Case : SCENARIO Valid Login: SCENARIO Valid Login

2019-05-15 12:36:23 - [TEST_STEP][PASSED] - Login page is loaded: Login page is loaded

2019-05-15 12:36:23 - [MESSAGE][INFO] - Starting 'Chrome' driver

2019-05-15 12:36:24 - [MESSAGE][PASSED] - Browser is opened with url: ''

2019-05-15 12:36:44 - [MESSAGE][PASSED] - Navigate to 'https://le-bugsui.staging.corp.arista.io/dashboard' successfully

2019-05-15 12:36:49 - [MESSAGE][PASSED] - Delayed 5 second(s)

2019-05-15 12:36:50 - [MESSAGE][PASSED] - Current window maximized

2019-05-15 12:36:52 - [MESSAGE][PASSED] - Delayed 2 second(s)

2019-05-15 12:36:52 - [MESSAGE][PASSED] - Login page is loaded

2019-05-15 12:36:52 - [TEST_STEP][PASSED] - user enters valid credentials: user enters valid credentials

2019-05-15 12:36:52 - [MESSAGE][PASSED] - Text 'knagendra-ext' is set on object 'Object Repository/Page_BugsUI/input_username'

2019-05-15 12:36:52 - [MESSAGE][PASSED] - Text 'Kum1!@#$%^&*()ar' is set on object 'Object Repository/Page_BugsUI/input_password'

2019-05-15 12:36:52 - [MESSAGE][PASSED] - Object 'Object Repository/Page_BugsUI/button_Login' is clickable

2019-05-15 12:36:52 - [MESSAGE][PASSED] - Object: 'Object Repository/Page_BugsUI/button_Login' is clicked on

2019-05-15 12:36:55 - [MESSAGE][PASSED] - Delayed 3 second(s)

2019-05-15 12:36:55 - [MESSAGE][PASSED] - user enters valid credentials

2019-05-15 12:36:55 - [TEST_STEP][PASSED] - user is able to login successfully: user is able to login successfully

2019-05-15 12:36:55 - [MESSAGE][WARNING] - Timeout '0' is invalid. Using default page load timeout: '30'

2019-05-15 12:36:55 - [MESSAGE][PASSED] - Object 'Object Repository/Page_BugsUI Dashboard/span_Dashboard' is present

2019-05-15 12:36:56 - [MESSAGE][PASSED] - Browser is closed

2019-05-15 12:36:56 - [MESSAGE][PASSED] - user is able to login successfully

2019-05-15 12:36:56 - [MESSAGE][PASSED] - Feature file: 'Include/features/BDD Cucumber Tests/Web UI Tests/Login/ValidLogin.feature' was passed]]></system-out>
         <system-err><![CDATA[]]></system-err>
      </testcase>
      <system-out><![CDATA[2019-05-15 12:35:24 - [TEST_SUITE][PASSED] - Cucumber_Login_Suite: Test Cases/BDD Cucumber TestCases/ValidLogin]]></system-out>
      <system-err><![CDATA[]]></system-err>
   </testsuite>
</testsuites>
