<?xml version="1.0" encoding="UTF-8"?>
<testsuites name="Edit_Product_Suite" time="136" tests="5" failures="0" errors="0">
   <testsuite name="Edit_Product_Suite" tests="5" failures="0" errors="0" time="136" timestamp="2019-05-02 12:26:46" hostname="Kumar.nagendra - HMECL001948.happiestminds.com" id="Test Suites/Edit_Product_Suite">
      <properties>
         <property name="deviceName" value=""/>
         <property name="devicePlatform" value=""/>
         <property name="logFolder" value="C:\\New-Bugzilla-Application\\New_Bugzilla-UI-V2\\Reports\\Edit_Product_Suite\\20190502_122645"/>
         <property name="logFiles" value="C:\\New-Bugzilla-Application\\New_Bugzilla-UI-V2\\Reports\\Edit_Product_Suite\\20190502_122645\\execution0.log"/>
         <property name="attachments" value=""/>
         <property name="hostName" value="Kumar.nagendra - HMECL001948.happiestminds.com"/>
         <property name="os" value="Windows 10 64bit"/>
         <property name="katalonVersion" value="5.3.0.1"/>
         <property name="browser" value="Chrome 73.0.3683.103"/>
         <property name="hostAddress" value="10.95.75.221"/>
         <property name="sessionId" value="e9d27f008b1dfce7d208feb0e469062a"/>
         <property name="seleniumVersion" value="3.7.1"/>
         <property name="proxyInformation" value="ProxyInformation{proxyOption=NO_PROXY, proxyServerType=HTTP, password=, proxyServerAddress=, proxyServerPort=0}"/>
         <property name="platform" value="Windows 10"/>
      </properties>
      <testcase name="Test Cases/Edit_Product/Edit_product_fields" classname="Test Cases/Edit_Product/Edit_product_fields" status="PASSED">
         <system-out><![CDATA[2019-05-02 12:26:47 - [TEST_CASE][PASSED] - Test Cases/Edit_Product/Edit_product_fields: Test Cases/Edit_Product/Edit_product_fields

2019-05-02 12:26:47 - [TEST_STEP][PASSED] - openBrowser: Browser is opened with url: ''

2019-05-02 12:26:50 - [MESSAGE][PASSED] - Browser is opened with url: ''

2019-05-02 12:26:50 - [TEST_STEP][PASSED] - navigateToUrl: Navigate to 'https://le-bugsui.staging.corp.arista.io/dashboard' successfully

2019-05-02 12:27:41 - [MESSAGE][PASSED] - Navigate to 'https://le-bugsui.staging.corp.arista.io/dashboard' successfully

2019-05-02 12:27:41 - [TEST_STEP][PASSED] - delay: Delayed 3 second(s)

2019-05-02 12:27:44 - [MESSAGE][PASSED] - Delayed 3 second(s)

2019-05-02 12:27:44 - [TEST_STEP][PASSED] - reusable.loginBugZillaUI.login: reusable.loginBugZillaUI.login is PASSED

2019-05-02 12:27:45 - [MESSAGE][PASSED] - Current window maximized

2019-05-02 12:27:45 - [MESSAGE][PASSED] - Text 'knagendra-ext' is set on object 'Object Repository/Page_BugsUI/input_username'

2019-05-02 12:27:45 - [MESSAGE][PASSED] - Text 'Kum1!@#$%^&*()ar' is set on object 'Object Repository/Page_BugsUI/input_password'

2019-05-02 12:27:45 - [MESSAGE][PASSED] - Object 'Object Repository/Page_BugsUI/button_Login' is clickable

2019-05-02 12:27:46 - [MESSAGE][PASSED] - Object: 'Object Repository/Page_BugsUI/button_Login' is clicked on

2019-05-02 12:27:46 - [MESSAGE][PASSED] - reusable.loginBugZillaUI.login is PASSED

2019-05-02 12:27:46 - [TEST_STEP][PASSED] - delay: Delayed 6 second(s)

2019-05-02 12:27:52 - [MESSAGE][PASSED] - Delayed 6 second(s)

2019-05-02 12:27:52 - [TEST_STEP][PASSED] - Statement - If (com.kms.katalon.core.webui.keyword.WebUiBuiltInKeywords.verifyElementPresent(com.kms.katalon.core.testobject.ObjectRepository.findTestObject(Page_BugsUI Dashboard/span_Dashboard), 0)): Object: 'Object Repository/Page_BugsUI Dashboard/a_Edit' is clicked on

2019-05-02 12:27:52 - [MESSAGE][WARNING] - Timeout '0' is invalid. Using default page load timeout: '30'

2019-05-02 12:27:52 - [MESSAGE][PASSED] - Object 'Object Repository/Page_BugsUI Dashboard/span_Dashboard' is present

2019-05-02 12:27:52 - [TEST_STEP][PASSED] - Statement - If (com.kms.katalon.core.webui.keyword.WebUiBuiltInKeywords.verifyElementPresent(com.kms.katalon.core.testobject.ObjectRepository.findTestObject(Page_BugsUI Dashboard/button_Product), 10)): Object: 'Object Repository/Page_BugsUI Dashboard/a_Edit' is clicked on

2019-05-02 12:27:52 - [MESSAGE][PASSED] - Object 'Object Repository/Page_BugsUI Dashboard/button_Product' is present

2019-05-02 12:27:52 - [TEST_STEP][PASSED] - click: Object: 'Object Repository/Page_BugsUI Dashboard/button_Product' is clicked on

2019-05-02 12:27:52 - [MESSAGE][PASSED] - Object: 'Object Repository/Page_BugsUI Dashboard/button_Product' is clicked on

2019-05-02 12:27:52 - [TEST_STEP][PASSED] - delay: Delayed 2 second(s)

2019-05-02 12:27:54 - [MESSAGE][PASSED] - Delayed 2 second(s)

2019-05-02 12:27:54 - [TEST_STEP][PASSED] - Statement - If (com.kms.katalon.core.webui.keyword.WebUiBuiltInKeywords.verifyElementPresent(com.kms.katalon.core.testobject.ObjectRepository.findTestObject(Page_BugsUI Dashboard/a_Edit), 5)): Object: 'Object Repository/Page_BugsUI Dashboard/a_Edit' is clicked on

2019-05-02 12:27:54 - [MESSAGE][PASSED] - Object 'Object Repository/Page_BugsUI Dashboard/a_Edit' is present

2019-05-02 12:27:54 - [TEST_STEP][PASSED] - click: Object: 'Object Repository/Page_BugsUI Dashboard/a_Edit' is clicked on

2019-05-02 12:27:54 - [MESSAGE][PASSED] - Object: 'Object Repository/Page_BugsUI Dashboard/a_Edit' is clicked on

2019-05-02 12:27:54 - [TEST_STEP][PASSED] - verifyElementPresent: Object 'Object Repository/Page_BugsUI Edit Product/span_Edit Product' is present

2019-05-02 12:27:54 - [MESSAGE][WARNING] - Timeout '0' is invalid. Using default page load timeout: '30'

2019-05-02 12:27:58 - [MESSAGE][PASSED] - Object 'Object Repository/Page_BugsUI Edit Product/span_Edit Product' is present

2019-05-02 12:27:58 - [TEST_STEP][PASSED] - reusable.editPage.selectProduct: reusable.editPage.selectProduct is PASSED

2019-05-02 12:27:58 - [MESSAGE][PASSED] - Text 'Software' is set on object 'Object Repository/Page_BugsUI Edit Product/div_Choose Classification'

2019-05-02 12:28:00 - [MESSAGE][PASSED] - Delayed 2 second(s)

2019-05-02 12:28:00 - [MESSAGE][PASSED] - Object: 'Object Repository/Page_BugsUI Edit Product/span_Software' is clicked on

2019-05-02 12:28:01 - [MESSAGE][PASSED] - Text '1-Auto-edit' is set on object 'Object Repository/Page_BugsUI Edit Product/div_Choose Product'

2019-05-02 12:28:03 - [MESSAGE][PASSED] - Delayed 2 second(s)

2019-05-02 12:28:03 - [MESSAGE][PASSED] - Object: 'Object Repository/Page_BugsUI Edit Product/span_1-Auto-edit' is clicked on

2019-05-02 12:28:05 - [MESSAGE][PASSED] - Delayed 2 second(s)

2019-05-02 12:28:05 - [MESSAGE][PASSED] - reusable.editPage.selectProduct is PASSED

2019-05-02 12:28:05 - [TEST_STEP][PASSED] - verifyElementPresent: Object 'Object Repository/Page_BugsUI Edit Product/input_newName' is present

2019-05-02 12:28:05 - [MESSAGE][WARNING] - Timeout '0' is invalid. Using default page load timeout: '30'

2019-05-02 12:28:05 - [MESSAGE][PASSED] - Object 'Object Repository/Page_BugsUI Edit Product/input_newName' is present

2019-05-02 12:28:05 - [TEST_STEP][PASSED] - verifyElementPresent: Object 'Object Repository/Page_BugsUI Edit Product/textarea_description' is present

2019-05-02 12:28:05 - [MESSAGE][WARNING] - Timeout '0' is invalid. Using default page load timeout: '30'

2019-05-02 12:28:05 - [MESSAGE][PASSED] - Object 'Object Repository/Page_BugsUI Edit Product/textarea_description' is present

2019-05-02 12:28:05 - [TEST_STEP][PASSED] - verifyElementPresent: Object 'Object Repository/Page_BugsUI Edit Product/div_closed_for_bug_entry' is present

2019-05-02 12:28:05 - [MESSAGE][WARNING] - Timeout '0' is invalid. Using default page load timeout: '30'

2019-05-02 12:28:05 - [MESSAGE][PASSED] - Object 'Object Repository/Page_BugsUI Edit Product/div_closed_for_bug_entry' is present

2019-05-02 12:28:05 - [TEST_STEP][PASSED] - Statement - If (com.kms.katalon.core.webui.keyword.WebUiBuiltInKeywords.verifyElementNotClickable(com.kms.katalon.core.testobject.ObjectRepository.findTestObject(Page_BugsUI Edit Product/button_update_product))): null

2019-05-02 12:28:05 - [MESSAGE][PASSED] - Object 'Object Repository/Page_BugsUI Edit Product/button_update_product' is NOT clickable

2019-05-02 12:28:05 - [TEST_STEP][PASSED] - Statement - assert true: null

2019-05-02 12:28:05 - [TEST_STEP][PASSED] - scrollToElement: Scroll to object 'Object Repository/Page_BugsUI Edit Product/button_Delete Product' successfully

2019-05-02 12:28:05 - [MESSAGE][PASSED] - Scroll to object 'Object Repository/Page_BugsUI Edit Product/button_Delete Product' successfully

2019-05-02 12:28:05 - [TEST_STEP][PASSED] - verifyElementPresent: Object 'Object Repository/Page_BugsUI Edit Product/div_Component Information' is present

2019-05-02 12:28:05 - [MESSAGE][WARNING] - Timeout '0' is invalid. Using default page load timeout: '30'

2019-05-02 12:28:05 - [MESSAGE][PASSED] - Object 'Object Repository/Page_BugsUI Edit Product/div_Component Information' is present

2019-05-02 12:28:05 - [TEST_STEP][PASSED] - verifyElementPresent: Object 'Object Repository/Page_BugsUI Edit Product/button_Refresh components' is present

2019-05-02 12:28:05 - [MESSAGE][WARNING] - Timeout '0' is invalid. Using default page load timeout: '30'

2019-05-02 12:28:05 - [MESSAGE][PASSED] - Object 'Object Repository/Page_BugsUI Edit Product/button_Refresh components' is present

2019-05-02 12:28:05 - [TEST_STEP][PASSED] - verifyElementPresent: Object 'Object Repository/Page_BugsUI Edit Product/button_AddNewRow_Component' is present

2019-05-02 12:28:05 - [MESSAGE][WARNING] - Timeout '0' is invalid. Using default page load timeout: '30'

2019-05-02 12:28:05 - [MESSAGE][PASSED] - Object 'Object Repository/Page_BugsUI Edit Product/button_AddNewRow_Component' is present

2019-05-02 12:28:05 - [TEST_STEP][PASSED] - verifyElementPresent: Object 'Object Repository/Page_BugsUI Edit Product/span_Version Information' is present

2019-05-02 12:28:05 - [MESSAGE][WARNING] - Timeout '0' is invalid. Using default page load timeout: '30'

2019-05-02 12:28:05 - [MESSAGE][PASSED] - Object 'Object Repository/Page_BugsUI Edit Product/span_Version Information' is present

2019-05-02 12:28:05 - [TEST_STEP][PASSED] - verifyElementPresent: Object 'Object Repository/Page_BugsUI Edit Product/button_Refresh versions' is present

2019-05-02 12:28:05 - [MESSAGE][WARNING] - Timeout '0' is invalid. Using default page load timeout: '30'

2019-05-02 12:28:05 - [MESSAGE][PASSED] - Object 'Object Repository/Page_BugsUI Edit Product/button_Refresh versions' is present

2019-05-02 12:28:05 - [TEST_STEP][PASSED] - verifyElementPresent: Object 'Object Repository/Page_BugsUI Edit Product/button_AddNewRow_version' is present

2019-05-02 12:28:05 - [MESSAGE][WARNING] - Timeout '0' is invalid. Using default page load timeout: '30'

2019-05-02 12:28:05 - [MESSAGE][PASSED] - Object 'Object Repository/Page_BugsUI Edit Product/button_AddNewRow_version' is present

2019-05-02 12:28:05 - [TEST_STEP][PASSED] - delay: Delayed 2 second(s)

2019-05-02 12:28:07 - [MESSAGE][PASSED] - Delayed 2 second(s)]]></system-out>
         <system-err><![CDATA[]]></system-err>
      </testcase>
      <testcase name="Test Cases/Edit_Product/verify_values_prepopulated" classname="Test Cases/Edit_Product/verify_values_prepopulated" status="PASSED">
         <system-out><![CDATA[2019-05-02 12:28:07 - [TEST_CASE][PASSED] - Test Cases/Edit_Product/verify_values_prepopulated: Test Cases/Edit_Product/verify_values_prepopulated

2019-05-02 12:28:08 - [TEST_STEP][PASSED] - scrollToElement: Scroll to object 'Object Repository/Page_BugsUI Edit Product/input_newName' successfully

2019-05-02 12:28:08 - [MESSAGE][PASSED] - Scroll to object 'Object Repository/Page_BugsUI Edit Product/input_newName' successfully

2019-05-02 12:28:08 - [TEST_STEP][PASSED] - Statement - productName = com.kms.katalon.core.webui.keyword.WebUiBuiltInKeywords.getAttribute(com.kms.katalon.core.testobject.ObjectRepository.findTestObject(Page_BugsUI Edit Product/input_newName), "value"): Attribute 'value' of object 'Object Repository/Page_BugsUI Edit Product/input_newName' is: '1-Auto-edit'

2019-05-02 12:28:08 - [MESSAGE][PASSED] - Attribute 'value' of object 'Object Repository/Page_BugsUI Edit Product/input_newName' is: '1-Auto-edit'

2019-05-02 12:28:08 - [TEST_STEP][PASSED] - Statement - productDescription = com.kms.katalon.core.webui.keyword.WebUiBuiltInKeywords.getAttribute(com.kms.katalon.core.testobject.ObjectRepository.findTestObject(Page_BugsUI Edit Product/textarea_description), "value"): Attribute 'value' of object 'Object Repository/Page_BugsUI Edit Product/textarea_description' is: 'This product created for Automation of Edit page functionalities.'

2019-05-02 12:28:08 - [MESSAGE][PASSED] - Attribute 'value' of object 'Object Repository/Page_BugsUI Edit Product/textarea_description' is: 'This product created for Automation of Edit page functionalities.'

2019-05-02 12:28:08 - [TEST_STEP][PASSED] - Statement - If (productName.equals("1-Auto-edit")): null

2019-05-02 12:28:08 - [TEST_STEP][PASSED] - Statement - assert true: null

2019-05-02 12:28:08 - [TEST_STEP][PASSED] - Statement - If (!(productDescription.isEmpty())): null

2019-05-02 12:28:08 - [TEST_STEP][PASSED] - Statement - assert true: null

2019-05-02 12:28:08 - [TEST_STEP][PASSED] - verifyElementNotClickable: Object 'Object Repository/Page_BugsUI Edit Product/unknown_Component' is NOT clickable

2019-05-02 12:28:08 - [MESSAGE][PASSED] - Object 'Object Repository/Page_BugsUI Edit Product/unknown_Component' is NOT clickable

2019-05-02 12:28:08 - [TEST_STEP][PASSED] - Statement - unkownComponentName = com.kms.katalon.core.webui.keyword.WebUiBuiltInKeywords.getAttribute(com.kms.katalon.core.testobject.ObjectRepository.findTestObject(Page_BugsUI Edit Product/unknown_Component), "value"): Attribute 'value' of object 'Object Repository/Page_BugsUI Edit Product/unknown_Component' is: 'Unknown'

2019-05-02 12:28:08 - [MESSAGE][PASSED] - Attribute 'value' of object 'Object Repository/Page_BugsUI Edit Product/unknown_Component' is: 'Unknown'

2019-05-02 12:28:08 - [TEST_STEP][PASSED] - Statement - If (unkownComponentName.equals("Unknown")): null

2019-05-02 12:28:08 - [TEST_STEP][PASSED] - Statement - assert true: null

2019-05-02 12:28:08 - [TEST_STEP][PASSED] - Statement - unkownComponentDesc = com.kms.katalon.core.webui.keyword.WebUiBuiltInKeywords.getAttribute(com.kms.katalon.core.testobject.ObjectRepository.findTestObject(Page_BugsUI Edit Product/unkown_description), "value"): Attribute 'value' of object 'Object Repository/Page_BugsUI Edit Product/unkown_description' is: 'unknown'

2019-05-02 12:28:08 - [MESSAGE][PASSED] - Attribute 'value' of object 'Object Repository/Page_BugsUI Edit Product/unkown_description' is: 'unknown'

2019-05-02 12:28:08 - [TEST_STEP][PASSED] - Statement - unkownComponentDefaultAsignee = com.kms.katalon.core.webui.keyword.WebUiBuiltInKeywords.getAttribute(com.kms.katalon.core.testobject.ObjectRepository.findTestObject(Page_BugsUI Edit Product/unkown_defaultAssignee), "value"): Attribute 'value' of object 'Object Repository/Page_BugsUI Edit Product/unkown_defaultAssignee' is: 'kumar.nagendra@happiestminds.com'

2019-05-02 12:28:08 - [MESSAGE][PASSED] - Attribute 'value' of object 'Object Repository/Page_BugsUI Edit Product/unkown_defaultAssignee' is: 'kumar.nagendra@happiestminds.com'

2019-05-02 12:28:08 - [TEST_STEP][PASSED] - Statement - If (!(unkownComponentDesc.isEmpty()) && !(unkownComponentDefaultAsignee.isEmpty())): null

2019-05-02 12:28:08 - [TEST_STEP][PASSED] - Statement - assert true: null

2019-05-02 12:28:08 - [TEST_STEP][PASSED] - delay: Delayed 2 second(s)

2019-05-02 12:28:10 - [MESSAGE][PASSED] - Delayed 2 second(s)]]></system-out>
         <system-err><![CDATA[]]></system-err>
      </testcase>
      <testcase name="Test Cases/Edit_Product/default_UnknownComponent" classname="Test Cases/Edit_Product/default_UnknownComponent" status="PASSED">
         <system-out><![CDATA[2019-05-02 12:28:10 - [TEST_CASE][PASSED] - Test Cases/Edit_Product/default_UnknownComponent: Test Cases/Edit_Product/default_UnknownComponent

2019-05-02 12:28:10 - [TEST_STEP][PASSED] - Statement - If (com.kms.katalon.core.webui.keyword.WebUiBuiltInKeywords.verifyElementPresent(com.kms.katalon.core.testobject.ObjectRepository.findTestObject(Page_BugsUI Edit Product/delete_icon_unknownCompnent), 0)): Object: 'Object Repository/Page_BugsUI Edit Product/delete_icon_unknownCompnent' is clicked on

2019-05-02 12:28:10 - [MESSAGE][WARNING] - Timeout '0' is invalid. Using default page load timeout: '30'

2019-05-02 12:28:10 - [MESSAGE][PASSED] - Object 'Object Repository/Page_BugsUI Edit Product/delete_icon_unknownCompnent' is present

2019-05-02 12:28:10 - [TEST_STEP][PASSED] - click: Object: 'Object Repository/Page_BugsUI Edit Product/delete_icon_unknownCompnent' is clicked on

2019-05-02 12:28:10 - [MESSAGE][PASSED] - Object: 'Object Repository/Page_BugsUI Edit Product/delete_icon_unknownCompnent' is clicked on

2019-05-02 12:28:10 - [TEST_STEP][PASSED] - delay: Delayed 2 second(s)

2019-05-02 12:28:12 - [MESSAGE][PASSED] - Delayed 2 second(s)

2019-05-02 12:28:12 - [TEST_STEP][PASSED] - Statement - If (com.kms.katalon.core.webui.keyword.WebUiBuiltInKeywords.verifyElementPresent(com.kms.katalon.core.testobject.ObjectRepository.findTestObject(Page_BugsUI Edit Product/confirmDeleteProduct_popup), 0)): Object: 'Object Repository/Page_BugsUI Edit Product/button_component_Yes' is clicked on

2019-05-02 12:28:12 - [MESSAGE][WARNING] - Timeout '0' is invalid. Using default page load timeout: '30'

2019-05-02 12:28:12 - [MESSAGE][PASSED] - Object 'Object Repository/Page_BugsUI Edit Product/confirmDeleteProduct_popup' is present

2019-05-02 12:28:12 - [TEST_STEP][PASSED] - Statement - If (com.kms.katalon.core.webui.keyword.WebUiBuiltInKeywords.verifyElementPresent(com.kms.katalon.core.testobject.ObjectRepository.findTestObject(Page_BugsUI Edit Product/button_component_Yes), 0)): Object: 'Object Repository/Page_BugsUI Edit Product/button_component_Yes' is clicked on

2019-05-02 12:28:12 - [MESSAGE][WARNING] - Timeout '0' is invalid. Using default page load timeout: '30'

2019-05-02 12:28:12 - [MESSAGE][PASSED] - Object 'Object Repository/Page_BugsUI Edit Product/button_component_Yes' is present

2019-05-02 12:28:12 - [TEST_STEP][PASSED] - click: Object: 'Object Repository/Page_BugsUI Edit Product/button_component_Yes' is clicked on

2019-05-02 12:28:13 - [MESSAGE][PASSED] - Object: 'Object Repository/Page_BugsUI Edit Product/button_component_Yes' is clicked on

2019-05-02 12:28:13 - [TEST_STEP][PASSED] - delay: Delayed 2 second(s)

2019-05-02 12:28:15 - [MESSAGE][PASSED] - Delayed 2 second(s)

2019-05-02 12:28:15 - [TEST_STEP][PASSED] - Statement - If (com.kms.katalon.core.webui.keyword.WebUiBuiltInKeywords.verifyElementPresent(com.kms.katalon.core.testobject.ObjectRepository.findTestObject(Page_BugsUI Edit Product/div_Product_atleast_1_component), 0)): null

2019-05-02 12:28:15 - [MESSAGE][WARNING] - Timeout '0' is invalid. Using default page load timeout: '30'

2019-05-02 12:28:15 - [MESSAGE][PASSED] - Object 'Object Repository/Page_BugsUI Edit Product/div_Product_atleast_1_component' is present

2019-05-02 12:28:15 - [TEST_STEP][PASSED] - Statement - warningMessage = com.kms.katalon.core.webui.keyword.WebUiBuiltInKeywords.getText(com.kms.katalon.core.testobject.ObjectRepository.findTestObject(Page_BugsUI Edit Product/div_Product_atleast_1_component)): Text of object 'Object Repository/Page_BugsUI Edit Product/div_Product_atleast_1_component' is: 'Product must have at least 1 component.'

2019-05-02 12:28:15 - [MESSAGE][PASSED] - Text of object 'Object Repository/Page_BugsUI Edit Product/div_Product_atleast_1_component' is: 'Product must have at least 1 component.'

2019-05-02 12:28:15 - [TEST_STEP][PASSED] - Statement - If (warningMessage.equals("Product must have at least 1 component.")): null

2019-05-02 12:28:15 - [TEST_STEP][PASSED] - Statement - assert true: null

2019-05-02 12:28:15 - [TEST_STEP][PASSED] - delay: Delayed 3 second(s)

2019-05-02 12:28:18 - [MESSAGE][PASSED] - Delayed 3 second(s)

2019-05-02 12:28:18 - [TEST_STEP][PASSED] - Statement - If (com.kms.katalon.core.webui.keyword.WebUiBuiltInKeywords.verifyElementPresent(com.kms.katalon.core.testobject.ObjectRepository.findTestObject(Page_BugsUI Edit Product/update_icon_unknownComponent), 0)): null

2019-05-02 12:28:18 - [MESSAGE][WARNING] - Timeout '0' is invalid. Using default page load timeout: '30'

2019-05-02 12:28:18 - [MESSAGE][PASSED] - Object 'Object Repository/Page_BugsUI Edit Product/update_icon_unknownComponent' is present

2019-05-02 12:28:18 - [TEST_STEP][PASSED] - click: Object: 'Object Repository/Page_BugsUI Edit Product/update_icon_unknownComponent' is clicked on

2019-05-02 12:28:18 - [MESSAGE][PASSED] - Object: 'Object Repository/Page_BugsUI Edit Product/update_icon_unknownComponent' is clicked on

2019-05-02 12:28:18 - [TEST_STEP][PASSED] - Statement - If (com.kms.katalon.core.webui.keyword.WebUiBuiltInKeywords.verifyElementPresent(com.kms.katalon.core.testobject.ObjectRepository.findTestObject(Page_BugsUI Edit Product/div_Nothing to update), 0)): null

2019-05-02 12:28:18 - [MESSAGE][WARNING] - Timeout '0' is invalid. Using default page load timeout: '30'

2019-05-02 12:28:18 - [MESSAGE][PASSED] - Object 'Object Repository/Page_BugsUI Edit Product/div_Nothing to update' is present

2019-05-02 12:28:18 - [TEST_STEP][PASSED] - Statement - nothingToUpdate = com.kms.katalon.core.webui.keyword.WebUiBuiltInKeywords.getText(com.kms.katalon.core.testobject.ObjectRepository.findTestObject(Page_BugsUI Edit Product/div_Nothing to update)): Text of object 'Object Repository/Page_BugsUI Edit Product/div_Nothing to update' is: 'Nothing to update.'

2019-05-02 12:28:18 - [MESSAGE][PASSED] - Text of object 'Object Repository/Page_BugsUI Edit Product/div_Nothing to update' is: 'Nothing to update.'

2019-05-02 12:28:18 - [TEST_STEP][PASSED] - Statement - If (nothingToUpdate.equals("Nothing to update.")): null

2019-05-02 12:28:18 - [TEST_STEP][PASSED] - Statement - assert true: null

2019-05-02 12:28:18 - [TEST_STEP][PASSED] - clearText: Text of object 'Object Repository/Page_BugsUI Edit Product/unkown_description' is cleared

2019-05-02 12:28:18 - [MESSAGE][PASSED] - Text of object 'Object Repository/Page_BugsUI Edit Product/unkown_description' is cleared

2019-05-02 12:28:18 - [TEST_STEP][PASSED] - setText: Text 'unknown1234' is set on object 'Object Repository/Page_BugsUI Edit Product/unkown_description'

2019-05-02 12:28:18 - [MESSAGE][PASSED] - Text 'unknown1234' is set on object 'Object Repository/Page_BugsUI Edit Product/unkown_description'

2019-05-02 12:28:18 - [TEST_STEP][PASSED] - clearText: Text of object 'Object Repository/Page_BugsUI Edit Product/unkown_defaultAssignee' is cleared

2019-05-02 12:28:18 - [MESSAGE][PASSED] - Text of object 'Object Repository/Page_BugsUI Edit Product/unkown_defaultAssignee' is cleared

2019-05-02 12:28:18 - [TEST_STEP][PASSED] - setText: Text 'divya.r@happiestminds.com' is set on object 'Object Repository/Page_BugsUI Edit Product/unkown_defaultAssignee'

2019-05-02 12:28:19 - [MESSAGE][PASSED] - Text 'divya.r@happiestminds.com' is set on object 'Object Repository/Page_BugsUI Edit Product/unkown_defaultAssignee'

2019-05-02 12:28:19 - [TEST_STEP][PASSED] - click: Object: 'Object Repository/Page_BugsUI Edit Product/update_icon_unknownComponent' is clicked on

2019-05-02 12:28:19 - [MESSAGE][PASSED] - Object: 'Object Repository/Page_BugsUI Edit Product/update_icon_unknownComponent' is clicked on

2019-05-02 12:28:19 - [TEST_STEP][PASSED] - Statement - If (com.kms.katalon.core.webui.keyword.WebUiBuiltInKeywords.verifyElementPresent(com.kms.katalon.core.testobject.ObjectRepository.findTestObject(Page_BugsUI Edit Product/div_Component has been updated), 0)): null

2019-05-02 12:28:19 - [MESSAGE][WARNING] - Timeout '0' is invalid. Using default page load timeout: '30'

2019-05-02 12:28:20 - [MESSAGE][PASSED] - Object 'Object Repository/Page_BugsUI Edit Product/div_Component has been updated' is present

2019-05-02 12:28:20 - [TEST_STEP][PASSED] - Statement - componentUpdatedMsg = com.kms.katalon.core.webui.keyword.WebUiBuiltInKeywords.getText(com.kms.katalon.core.testobject.ObjectRepository.findTestObject(Page_BugsUI Edit Product/div_Component has been updated)): Text of object 'Object Repository/Page_BugsUI Edit Product/div_Component has been updated' is: 'Component has been updated successfully.'

2019-05-02 12:28:20 - [MESSAGE][PASSED] - Text of object 'Object Repository/Page_BugsUI Edit Product/div_Component has been updated' is: 'Component has been updated successfully.'

2019-05-02 12:28:20 - [TEST_STEP][PASSED] - Statement - If (componentUpdatedMsg.equals("Component has been updated successfully.")): null

2019-05-02 12:28:20 - [TEST_STEP][PASSED] - Statement - assert true: null

2019-05-02 12:28:20 - [TEST_STEP][PASSED] - delay: Delayed 4 second(s)

2019-05-02 12:28:24 - [MESSAGE][PASSED] - Delayed 4 second(s)

2019-05-02 12:28:24 - [TEST_STEP][PASSED] - reusable.editPage.resetUnkownComponent: reusable.editPage.resetUnkownComponent is PASSED

2019-05-02 12:28:24 - [MESSAGE][PASSED] - Text of object 'Object Repository/Page_BugsUI Edit Product/unkown_description' is cleared

2019-05-02 12:28:24 - [MESSAGE][PASSED] - Text 'unknown' is set on object 'Object Repository/Page_BugsUI Edit Product/unkown_description'

2019-05-02 12:28:24 - [MESSAGE][PASSED] - Text of object 'Object Repository/Page_BugsUI Edit Product/unkown_defaultAssignee' is cleared

2019-05-02 12:28:24 - [MESSAGE][PASSED] - Text 'kumar.nagendra@happiestminds.com' is set on object 'Object Repository/Page_BugsUI Edit Product/unkown_defaultAssignee'

2019-05-02 12:28:25 - [MESSAGE][PASSED] - Object: 'Object Repository/Page_BugsUI Edit Product/update_icon_unknownComponent' is clicked on

2019-05-02 12:28:27 - [MESSAGE][PASSED] - Delayed 2 second(s)

2019-05-02 12:28:27 - [MESSAGE][PASSED] - reusable.editPage.resetUnkownComponent is PASSED

2019-05-02 12:28:27 - [TEST_STEP][PASSED] - delay: Delayed 3 second(s)

2019-05-02 12:28:30 - [MESSAGE][PASSED] - Delayed 3 second(s)]]></system-out>
         <system-err><![CDATA[]]></system-err>
      </testcase>
      <testcase name="Test Cases/Edit_Product/component_section" classname="Test Cases/Edit_Product/component_section" status="PASSED">
         <system-out><![CDATA[2019-05-02 12:28:30 - [TEST_CASE][PASSED] - Test Cases/Edit_Product/component_section: Test Cases/Edit_Product/component_section

2019-05-02 12:28:30 - [TEST_STEP][PASSED] - Statement - If (com.kms.katalon.core.webui.keyword.WebUiBuiltInKeywords.verifyElementPresent(com.kms.katalon.core.testobject.ObjectRepository.findTestObject(Page_BugsUI Edit Product/button_AddNewRow_Component), 0)): Object: 'Object Repository/Page_BugsUI Edit Product/button_AddNewRow_Component' is clicked on

2019-05-02 12:28:30 - [MESSAGE][WARNING] - Timeout '0' is invalid. Using default page load timeout: '30'

2019-05-02 12:28:30 - [MESSAGE][PASSED] - Object 'Object Repository/Page_BugsUI Edit Product/button_AddNewRow_Component' is present

2019-05-02 12:28:30 - [TEST_STEP][PASSED] - click: Object: 'Object Repository/Page_BugsUI Edit Product/button_AddNewRow_Component' is clicked on

2019-05-02 12:28:30 - [MESSAGE][PASSED] - Object: 'Object Repository/Page_BugsUI Edit Product/button_AddNewRow_Component' is clicked on

2019-05-02 12:28:30 - [TEST_STEP][PASSED] - setText: Text 'C1 description' is set on object 'Object Repository/Page_BugsUI Edit Product/unkown_description'

2019-05-02 12:28:30 - [MESSAGE][PASSED] - Text 'C1 description' is set on object 'Object Repository/Page_BugsUI Edit Product/unkown_description'

2019-05-02 12:28:30 - [TEST_STEP][PASSED] - Statement - If (com.kms.katalon.core.webui.keyword.WebUiBuiltInKeywords.verifyElementPresent(com.kms.katalon.core.testobject.ObjectRepository.findTestObject(Page_BugsUI Edit Product/button_Add_component), 0)): Object: 'Object Repository/Page_BugsUI Edit Product/button_Add_component' is clicked on

2019-05-02 12:28:30 - [MESSAGE][WARNING] - Timeout '0' is invalid. Using default page load timeout: '30'

2019-05-02 12:28:30 - [MESSAGE][PASSED] - Object 'Object Repository/Page_BugsUI Edit Product/button_Add_component' is present

2019-05-02 12:28:30 - [TEST_STEP][PASSED] - click: Object: 'Object Repository/Page_BugsUI Edit Product/button_Add_component' is clicked on

2019-05-02 12:28:30 - [MESSAGE][PASSED] - Object: 'Object Repository/Page_BugsUI Edit Product/button_Add_component' is clicked on

2019-05-02 12:28:30 - [TEST_STEP][PASSED] - Statement - If (com.kms.katalon.core.webui.keyword.WebUiBuiltInKeywords.verifyElementPresent(com.kms.katalon.core.testobject.ObjectRepository.findTestObject(Page_BugsUI Edit Product/div_Name_Email_required), 0)): null

2019-05-02 12:28:30 - [MESSAGE][WARNING] - Timeout '0' is invalid. Using default page load timeout: '30'

2019-05-02 12:28:31 - [MESSAGE][PASSED] - Object 'Object Repository/Page_BugsUI Edit Product/div_Name_Email_required' is present

2019-05-02 12:28:31 - [TEST_STEP][PASSED] - Statement - componentNameEmailReqMsg = com.kms.katalon.core.webui.keyword.WebUiBuiltInKeywords.getText(com.kms.katalon.core.testobject.ObjectRepository.findTestObject(Page_BugsUI Edit Product/div_Name_Email_required)): Text of object 'Object Repository/Page_BugsUI Edit Product/div_Name_Email_required' is: 'Name is required, Email is required'

2019-05-02 12:28:31 - [MESSAGE][PASSED] - Text of object 'Object Repository/Page_BugsUI Edit Product/div_Name_Email_required' is: 'Name is required, Email is required'

2019-05-02 12:28:31 - [TEST_STEP][PASSED] - Statement - If (componentNameEmailReqMsg.equals("Name is required, Email is required")): null

2019-05-02 12:28:31 - [TEST_STEP][PASSED] - Statement - assert true: null

2019-05-02 12:28:31 - [TEST_STEP][PASSED] - delay: Delayed 2 second(s)

2019-05-02 12:28:33 - [MESSAGE][PASSED] - Delayed 2 second(s)

2019-05-02 12:28:33 - [TEST_STEP][PASSED] - setText: Text 'Unknown' is set on object 'Object Repository/Page_BugsUI Edit Product/unkown_description'

2019-05-02 12:28:34 - [MESSAGE][PASSED] - Text 'Unknown' is set on object 'Object Repository/Page_BugsUI Edit Product/unkown_description'

2019-05-02 12:28:34 - [TEST_STEP][PASSED] - click: Object: 'Object Repository/Page_BugsUI Edit Product/button_Add_component' is clicked on

2019-05-02 12:28:34 - [MESSAGE][PASSED] - Object: 'Object Repository/Page_BugsUI Edit Product/button_Add_component' is clicked on

2019-05-02 12:28:34 - [TEST_STEP][PASSED] - delay: Delayed 2 second(s)

2019-05-02 12:28:36 - [MESSAGE][PASSED] - Delayed 2 second(s)

2019-05-02 12:28:36 - [TEST_STEP][PASSED] - setText: Text 'C1' is set on object 'Object Repository/Page_BugsUI Edit Product/unknown_Component'

2019-05-02 12:28:36 - [MESSAGE][PASSED] - Text 'C1' is set on object 'Object Repository/Page_BugsUI Edit Product/unknown_Component'

2019-05-02 12:28:36 - [TEST_STEP][PASSED] - setText: Text 'kumar.nagendra@happiestminds.com' is set on object 'Object Repository/Page_BugsUI Edit Product/unkown_defaultAssignee'

2019-05-02 12:28:36 - [MESSAGE][PASSED] - Text 'kumar.nagendra@happiestminds.com' is set on object 'Object Repository/Page_BugsUI Edit Product/unkown_defaultAssignee'

2019-05-02 12:28:36 - [TEST_STEP][PASSED] - Statement - If (com.kms.katalon.core.webui.keyword.WebUiBuiltInKeywords.verifyElementPresent(com.kms.katalon.core.testobject.ObjectRepository.findTestObject(Page_BugsUI Edit Product/button_Add_component), 0)): Object: 'Object Repository/Page_BugsUI Edit Product/button_Add_component' is clicked on

2019-05-02 12:28:36 - [MESSAGE][WARNING] - Timeout '0' is invalid. Using default page load timeout: '30'

2019-05-02 12:28:36 - [MESSAGE][PASSED] - Object 'Object Repository/Page_BugsUI Edit Product/button_Add_component' is present

2019-05-02 12:28:36 - [TEST_STEP][PASSED] - click: Object: 'Object Repository/Page_BugsUI Edit Product/button_Add_component' is clicked on

2019-05-02 12:28:37 - [MESSAGE][PASSED] - Object: 'Object Repository/Page_BugsUI Edit Product/button_Add_component' is clicked on

2019-05-02 12:28:37 - [TEST_STEP][PASSED] - Statement - If (com.kms.katalon.core.webui.keyword.WebUiBuiltInKeywords.verifyElementPresent(com.kms.katalon.core.testobject.ObjectRepository.findTestObject(Page_BugsUI Edit Product/div_Component_added), 0)): null

2019-05-02 12:28:37 - [MESSAGE][WARNING] - Timeout '0' is invalid. Using default page load timeout: '30'

2019-05-02 12:28:38 - [MESSAGE][PASSED] - Object 'Object Repository/Page_BugsUI Edit Product/div_Component_added' is present

2019-05-02 12:28:38 - [TEST_STEP][PASSED] - Statement - componentAddedSuccessMsg = com.kms.katalon.core.webui.keyword.WebUiBuiltInKeywords.getText(com.kms.katalon.core.testobject.ObjectRepository.findTestObject(Page_BugsUI Edit Product/div_Component_added)): Text of object 'Object Repository/Page_BugsUI Edit Product/div_Component_added' is: 'Component has been added successfully.'

2019-05-02 12:28:38 - [MESSAGE][PASSED] - Text of object 'Object Repository/Page_BugsUI Edit Product/div_Component_added' is: 'Component has been added successfully.'

2019-05-02 12:28:38 - [TEST_STEP][PASSED] - Statement - If (componentAddedSuccessMsg.equals("Component has been added successfully.")): null

2019-05-02 12:28:38 - [TEST_STEP][PASSED] - Statement - assert true: null

2019-05-02 12:28:38 - [TEST_STEP][PASSED] - delay: Delayed 3 second(s)

2019-05-02 12:28:41 - [MESSAGE][PASSED] - Delayed 3 second(s)

2019-05-02 12:28:41 - [TEST_STEP][PASSED] - Statement - compName = com.kms.katalon.core.webui.keyword.WebUiBuiltInKeywords.getAttribute(com.kms.katalon.core.testobject.ObjectRepository.findTestObject(Page_BugsUI Edit Product/unknown_Component), "value"): Attribute 'value' of object 'Object Repository/Page_BugsUI Edit Product/unknown_Component' is: 'C1'

2019-05-02 12:28:41 - [MESSAGE][PASSED] - Attribute 'value' of object 'Object Repository/Page_BugsUI Edit Product/unknown_Component' is: 'C1'

2019-05-02 12:28:41 - [TEST_STEP][PASSED] - Statement - If (compName.equals("C1")): null

2019-05-02 12:28:41 - [TEST_STEP][PASSED] - Statement - assert true: null

2019-05-02 12:28:41 - [TEST_STEP][PASSED] - delay: Delayed 3 second(s)

2019-05-02 12:28:44 - [MESSAGE][PASSED] - Delayed 3 second(s)

2019-05-02 12:28:44 - [TEST_STEP][PASSED] - Statement - If (com.kms.katalon.core.webui.keyword.WebUiBuiltInKeywords.verifyElementPresent(com.kms.katalon.core.testobject.ObjectRepository.findTestObject(Page_BugsUI Edit Product/delete_icon_unknownCompnent), 0)): Object: 'Object Repository/Page_BugsUI Edit Product/delete_icon_unknownCompnent' is clicked on

2019-05-02 12:28:44 - [MESSAGE][WARNING] - Timeout '0' is invalid. Using default page load timeout: '30'

2019-05-02 12:28:44 - [MESSAGE][PASSED] - Object 'Object Repository/Page_BugsUI Edit Product/delete_icon_unknownCompnent' is present

2019-05-02 12:28:44 - [TEST_STEP][PASSED] - click: Object: 'Object Repository/Page_BugsUI Edit Product/delete_icon_unknownCompnent' is clicked on

2019-05-02 12:28:45 - [MESSAGE][PASSED] - Object: 'Object Repository/Page_BugsUI Edit Product/delete_icon_unknownCompnent' is clicked on

2019-05-02 12:28:45 - [TEST_STEP][PASSED] - reusable.editPage.deleteComponent: reusable.editPage.deleteComponent is PASSED

2019-05-02 12:28:45 - [MESSAGE][WARNING] - Timeout '0' is invalid. Using default page load timeout: '30'

2019-05-02 12:28:45 - [MESSAGE][PASSED] - Object 'Object Repository/Page_BugsUI Edit Product/confirmDeleteProduct_popup' is present

2019-05-02 12:28:45 - [MESSAGE][WARNING] - Timeout '0' is invalid. Using default page load timeout: '30'

2019-05-02 12:28:45 - [MESSAGE][PASSED] - Object 'Object Repository/Page_BugsUI Edit Product/button_component_Yes' is present

2019-05-02 12:28:45 - [MESSAGE][PASSED] - Object: 'Object Repository/Page_BugsUI Edit Product/button_component_Yes' is clicked on

2019-05-02 12:28:45 - [MESSAGE][PASSED] - reusable.editPage.deleteComponent is PASSED

2019-05-02 12:28:45 - [TEST_STEP][PASSED] - Statement - If (com.kms.katalon.core.webui.keyword.WebUiBuiltInKeywords.verifyElementPresent(com.kms.katalon.core.testobject.ObjectRepository.findTestObject(Page_BugsUI Edit Product/div_Component_deleted), 0)): null

2019-05-02 12:28:45 - [MESSAGE][WARNING] - Timeout '0' is invalid. Using default page load timeout: '30'

2019-05-02 12:28:46 - [MESSAGE][PASSED] - Object 'Object Repository/Page_BugsUI Edit Product/div_Component_deleted' is present

2019-05-02 12:28:46 - [TEST_STEP][PASSED] - Statement - componentDeletedSuccessMsg = com.kms.katalon.core.webui.keyword.WebUiBuiltInKeywords.getText(com.kms.katalon.core.testobject.ObjectRepository.findTestObject(Page_BugsUI Edit Product/div_Component_deleted)): Text of object 'Object Repository/Page_BugsUI Edit Product/div_Component_deleted' is: 'Component has been deleted successfully.'

2019-05-02 12:28:46 - [MESSAGE][PASSED] - Text of object 'Object Repository/Page_BugsUI Edit Product/div_Component_deleted' is: 'Component has been deleted successfully.'

2019-05-02 12:28:46 - [TEST_STEP][PASSED] - Statement - If (componentDeletedSuccessMsg.equals("Component has been deleted successfully.")): null

2019-05-02 12:28:46 - [TEST_STEP][PASSED] - Statement - assert true: null

2019-05-02 12:28:46 - [TEST_STEP][PASSED] - delay: Delayed 2 second(s)

2019-05-02 12:28:48 - [MESSAGE][PASSED] - Delayed 2 second(s)

2019-05-02 12:28:48 - [TEST_STEP][PASSED] - Statement - If (!(com.kms.katalon.core.webui.keyword.WebUiBuiltInKeywords.getAttribute(com.kms.katalon.core.testobject.ObjectRepository.findTestObject(Page_BugsUI Edit Product/unknown_Component), "value").equals("C1"))): null

2019-05-02 12:28:48 - [MESSAGE][PASSED] - Attribute 'value' of object 'Object Repository/Page_BugsUI Edit Product/unknown_Component' is: 'Unknown'

2019-05-02 12:28:48 - [TEST_STEP][PASSED] - Statement - assert true: null

2019-05-02 12:28:48 - [TEST_STEP][PASSED] - delay: Delayed 3 second(s)

2019-05-02 12:28:51 - [MESSAGE][PASSED] - Delayed 3 second(s)]]></system-out>
         <system-err><![CDATA[]]></system-err>
      </testcase>
      <testcase name="Test Cases/Edit_Product/version_section" classname="Test Cases/Edit_Product/version_section" status="PASSED">
         <system-out><![CDATA[2019-05-02 12:28:51 - [TEST_CASE][PASSED] - Test Cases/Edit_Product/version_section: Test Cases/Edit_Product/version_section

2019-05-02 12:28:51 - [TEST_STEP][PASSED] - Statement - If (com.kms.katalon.core.webui.keyword.WebUiBuiltInKeywords.verifyElementPresent(com.kms.katalon.core.testobject.ObjectRepository.findTestObject(Page_BugsUI Edit Product/delete_icon_version), 0)): Object: 'Object Repository/Page_BugsUI Edit Product/delete_icon_version' is clicked on

2019-05-02 12:28:51 - [MESSAGE][WARNING] - Timeout '0' is invalid. Using default page load timeout: '30'

2019-05-02 12:28:51 - [MESSAGE][PASSED] - Object 'Object Repository/Page_BugsUI Edit Product/delete_icon_version' is present

2019-05-02 12:28:51 - [TEST_STEP][PASSED] - click: Object: 'Object Repository/Page_BugsUI Edit Product/delete_icon_version' is clicked on

2019-05-02 12:28:51 - [MESSAGE][PASSED] - Object: 'Object Repository/Page_BugsUI Edit Product/delete_icon_version' is clicked on

2019-05-02 12:28:51 - [TEST_STEP][PASSED] - delay: Delayed 2 second(s)

2019-05-02 12:28:53 - [MESSAGE][PASSED] - Delayed 2 second(s)

2019-05-02 12:28:53 - [TEST_STEP][PASSED] - Statement - If (com.kms.katalon.core.webui.keyword.WebUiBuiltInKeywords.verifyElementPresent(com.kms.katalon.core.testobject.ObjectRepository.findTestObject(Page_BugsUI Edit Product/confirmDeleteProduct_popup), 0)): Object: 'Object Repository/Page_BugsUI Edit Product/button_version_Yes' is clicked on

2019-05-02 12:28:53 - [MESSAGE][WARNING] - Timeout '0' is invalid. Using default page load timeout: '30'

2019-05-02 12:28:53 - [MESSAGE][PASSED] - Object 'Object Repository/Page_BugsUI Edit Product/confirmDeleteProduct_popup' is present

2019-05-02 12:28:53 - [TEST_STEP][PASSED] - Statement - If (com.kms.katalon.core.webui.keyword.WebUiBuiltInKeywords.verifyElementPresent(com.kms.katalon.core.testobject.ObjectRepository.findTestObject(Page_BugsUI Edit Product/button_version_Yes), 0)): Object: 'Object Repository/Page_BugsUI Edit Product/button_version_Yes' is clicked on

2019-05-02 12:28:53 - [MESSAGE][WARNING] - Timeout '0' is invalid. Using default page load timeout: '30'

2019-05-02 12:28:53 - [MESSAGE][PASSED] - Object 'Object Repository/Page_BugsUI Edit Product/button_version_Yes' is present

2019-05-02 12:28:53 - [TEST_STEP][PASSED] - click: Object: 'Object Repository/Page_BugsUI Edit Product/button_version_Yes' is clicked on

2019-05-02 12:28:54 - [MESSAGE][PASSED] - Object: 'Object Repository/Page_BugsUI Edit Product/button_version_Yes' is clicked on

2019-05-02 12:28:54 - [TEST_STEP][PASSED] - delay: Delayed 2 second(s)

2019-05-02 12:28:56 - [MESSAGE][PASSED] - Delayed 2 second(s)

2019-05-02 12:28:56 - [TEST_STEP][PASSED] - Statement - If (com.kms.katalon.core.webui.keyword.WebUiBuiltInKeywords.verifyElementPresent(com.kms.katalon.core.testobject.ObjectRepository.findTestObject(Page_BugsUI Edit Product/div_Product_atleast_1_version), 0)): null

2019-05-02 12:28:56 - [MESSAGE][WARNING] - Timeout '0' is invalid. Using default page load timeout: '30'

2019-05-02 12:28:56 - [MESSAGE][PASSED] - Object 'Object Repository/Page_BugsUI Edit Product/div_Product_atleast_1_version' is present

2019-05-02 12:28:56 - [TEST_STEP][PASSED] - Statement - warningMessage = com.kms.katalon.core.webui.keyword.WebUiBuiltInKeywords.getText(com.kms.katalon.core.testobject.ObjectRepository.findTestObject(Page_BugsUI Edit Product/div_Product_atleast_1_version)): Text of object 'Object Repository/Page_BugsUI Edit Product/div_Product_atleast_1_version' is: 'Product must have atleast 1 version.'

2019-05-02 12:28:56 - [MESSAGE][PASSED] - Text of object 'Object Repository/Page_BugsUI Edit Product/div_Product_atleast_1_version' is: 'Product must have atleast 1 version.'

2019-05-02 12:28:56 - [TEST_STEP][PASSED] - Statement - If (warningMessage.equals("Product must have atleast 1 version.")): null

2019-05-02 12:28:56 - [TEST_STEP][PASSED] - Statement - assert true: null

2019-05-02 12:28:56 - [TEST_STEP][PASSED] - delay: Delayed 3 second(s)

2019-05-02 12:28:59 - [MESSAGE][PASSED] - Delayed 3 second(s)

2019-05-02 12:28:59 - [TEST_STEP][PASSED] - Statement - If (com.kms.katalon.core.webui.keyword.WebUiBuiltInKeywords.verifyElementPresent(com.kms.katalon.core.testobject.ObjectRepository.findTestObject(Page_BugsUI Edit Product/update_icon_version), 0)): null

2019-05-02 12:28:59 - [MESSAGE][WARNING] - Timeout '0' is invalid. Using default page load timeout: '30'

2019-05-02 12:28:59 - [MESSAGE][PASSED] - Object 'Object Repository/Page_BugsUI Edit Product/update_icon_version' is present

2019-05-02 12:28:59 - [TEST_STEP][PASSED] - click: Object: 'Object Repository/Page_BugsUI Edit Product/update_icon_version' is clicked on

2019-05-02 12:28:59 - [MESSAGE][PASSED] - Object: 'Object Repository/Page_BugsUI Edit Product/update_icon_version' is clicked on

2019-05-02 12:28:59 - [TEST_STEP][PASSED] - Statement - If (com.kms.katalon.core.webui.keyword.WebUiBuiltInKeywords.verifyElementPresent(com.kms.katalon.core.testobject.ObjectRepository.findTestObject(Page_BugsUI Edit Product/div_Nothing to update), 0)): null

2019-05-02 12:28:59 - [MESSAGE][WARNING] - Timeout '0' is invalid. Using default page load timeout: '30'

2019-05-02 12:28:59 - [MESSAGE][PASSED] - Object 'Object Repository/Page_BugsUI Edit Product/div_Nothing to update' is present

2019-05-02 12:28:59 - [TEST_STEP][PASSED] - Statement - nothingToUpdate = com.kms.katalon.core.webui.keyword.WebUiBuiltInKeywords.getText(com.kms.katalon.core.testobject.ObjectRepository.findTestObject(Page_BugsUI Edit Product/div_Nothing to update)): Text of object 'Object Repository/Page_BugsUI Edit Product/div_Nothing to update' is: 'Nothing to update.'

2019-05-02 12:28:59 - [MESSAGE][PASSED] - Text of object 'Object Repository/Page_BugsUI Edit Product/div_Nothing to update' is: 'Nothing to update.'

2019-05-02 12:28:59 - [TEST_STEP][PASSED] - Statement - If (nothingToUpdate.equals("Nothing to update.")): null

2019-05-02 12:28:59 - [TEST_STEP][PASSED] - Statement - assert true: null

2019-05-02 12:28:59 - [TEST_STEP][PASSED] - clearText: Text of object 'Object Repository/Page_BugsUI Edit Product/input_versionName' is cleared

2019-05-02 12:28:59 - [MESSAGE][PASSED] - Text of object 'Object Repository/Page_BugsUI Edit Product/input_versionName' is cleared

2019-05-02 12:28:59 - [TEST_STEP][PASSED] - setText: Text 'V5' is set on object 'Object Repository/Page_BugsUI Edit Product/input_versionName'

2019-05-02 12:28:59 - [MESSAGE][PASSED] - Text 'V5' is set on object 'Object Repository/Page_BugsUI Edit Product/input_versionName'

2019-05-02 12:28:59 - [TEST_STEP][PASSED] - delay: Delayed 3 second(s)

2019-05-02 12:29:02 - [MESSAGE][PASSED] - Delayed 3 second(s)]]></system-out>
         <system-err><![CDATA[]]></system-err>
      </testcase>
      <system-out><![CDATA[2019-05-02 12:26:46 - [TEST_SUITE][PASSED] - Edit_Product_Suite: Test Cases/Edit_Product/version_section]]></system-out>
      <system-err><![CDATA[]]></system-err>
   </testsuite>
</testsuites>
